<?xml version="1.0" encoding="UTF-8"?>
<testsuite name="gov.usgs.earthquake.indexer.ExtentIndexTest" tests="1" skipped="0" failures="0" errors="0" timestamp="2019-08-05T22:07:20" hostname="igskcicgwsgm015" time="0.006">
  <properties/>
  <testcase name="addExistsTest" classname="gov.usgs.earthquake.indexer.ExtentIndexTest" time="0.006"/>
  <system-out><![CDATA[]]></system-out>
  <system-err><![CDATA[]]></system-err>
</testsuite>
