<?xml version="1.0" encoding="UTF-8"?>
<testsuite name="gov.usgs.earthquake.distribution.ProductKeyTest" tests="2" skipped="0" failures="0" errors="0" timestamp="2019-08-05T22:07:02" hostname="igskcicgwsgm015" time="0.134">
  <properties/>
  <testcase name="testDsaKey" classname="gov.usgs.earthquake.distribution.ProductKeyTest" time="0.016"/>
  <testcase name="testRsaKey" classname="gov.usgs.earthquake.distribution.ProductKeyTest" time="0.118"/>
  <system-out><![CDATA[]]></system-out>
  <system-err><![CDATA[]]></system-err>
</testsuite>
