<?xml version="1.0" encoding="UTF-8"?>
<testsuite name="gov.usgs.earthquake.dyfi.DYFIProductTest" tests="2" skipped="0" failures="0" errors="0" timestamp="2019-08-05T22:07:14" hostname="igskcicgwsgm015" time="0.007">
  <properties/>
  <testcase name="testProperties" classname="gov.usgs.earthquake.dyfi.DYFIProductTest" time="0.003"/>
  <testcase name="testBadProduct" classname="gov.usgs.earthquake.dyfi.DYFIProductTest" time="0.004"/>
  <system-out><![CDATA[]]></system-out>
  <system-err><![CDATA[]]></system-err>
</testsuite>
