<?xml version="1.0" encoding="UTF-8"?>
<testsuite name="gov.usgs.earthquake.indexer.ExtentSummaryTest" tests="2" skipped="0" failures="0" errors="0" timestamp="2019-08-05T22:07:20" hostname="igskcicgwsgm015" time="0.0">
  <properties/>
  <testcase name="constructTest" classname="gov.usgs.earthquake.indexer.ExtentSummaryTest" time="0.0"/>
  <testcase name="validTest" classname="gov.usgs.earthquake.indexer.ExtentSummaryTest" time="0.0"/>
  <system-out><![CDATA[]]></system-out>
  <system-err><![CDATA[]]></system-err>
</testsuite>
