<?xml version="1.0" encoding="UTF-8"?>
<testsuite name="gov.usgs.earthquake.indexer.EventTest" tests="5" skipped="0" failures="0" errors="0" timestamp="2019-08-05T22:07:20" hostname="igskcicgwsgm015" time="0.002">
  <properties/>
  <testcase name="testCopyConstructor" classname="gov.usgs.earthquake.indexer.EventTest" time="0.0"/>
  <testcase name="testPreferred" classname="gov.usgs.earthquake.indexer.EventTest" time="0.0"/>
  <testcase name="testSubEvents" classname="gov.usgs.earthquake.indexer.EventTest" time="0.001"/>
  <testcase name="testGetProducts" classname="gov.usgs.earthquake.indexer.EventTest" time="0.0"/>
  <testcase name="testPreferredProductProperties" classname="gov.usgs.earthquake.indexer.EventTest" time="0.001"/>
  <system-out><![CDATA[]]></system-out>
  <system-err><![CDATA[]]></system-err>
</testsuite>
