<?xml version="1.0" encoding="UTF-8"?>
<testsuite name="gov.usgs.earthquake.distribution.ExternalNotificationListenerTest" tests="3" skipped="0" failures="0" errors="0" timestamp="2019-08-05T22:06:45" hostname="igskcicgwsgm015" time="0.008">
  <properties/>
  <testcase name="testIncludeFilter" classname="gov.usgs.earthquake.distribution.ExternalNotificationListenerTest" time="0.002"/>
  <testcase name="testSplitCommand" classname="gov.usgs.earthquake.distribution.ExternalNotificationListenerTest" time="0.0"/>
  <testcase name="testExcludeFilter" classname="gov.usgs.earthquake.distribution.ExternalNotificationListenerTest" time="0.0"/>
  <system-out><![CDATA[]]></system-out>
  <system-err><![CDATA[FINE	thread=13	Digest='cFoxcbSbgcEQVcUnye+p8hLVzdw=' , 2ms
FINER	thread=13	[null] product type 'shakemap2' not included
FINE	thread=13	Digest='ykn3QCZonjglPolQKyOEQLAEquU=' , 2ms
FINE	thread=13	Digest='c3mAyRuCC7VkM1Da9aRc1ScIe7Q=' , 1ms
FINER	thread=13	[null] product type 'shakemap' excluded
]]></system-err>
</testsuite>
