<?xml version="1.0" encoding="UTF-8"?>
<testsuite name="gov.usgs.earthquake.distribution.SocketProductSenderTest" tests="4" skipped="0" failures="0" errors="0" timestamp="2019-08-05T22:07:08" hostname="igskcicgwsgm015" time="0.013">
  <properties/>
  <testcase name="testSendBinaryWithDeflate" classname="gov.usgs.earthquake.distribution.SocketProductSenderTest" time="0.004"/>
  <testcase name="testSendXmlNoDeflate" classname="gov.usgs.earthquake.distribution.SocketProductSenderTest" time="0.003"/>
  <testcase name="testSendXmlWithDeflate" classname="gov.usgs.earthquake.distribution.SocketProductSenderTest" time="0.004"/>
  <testcase name="testSendBinaryNoDeflate" classname="gov.usgs.earthquake.distribution.SocketProductSenderTest" time="0.002"/>
  <system-out><![CDATA[]]></system-out>
  <system-err><![CDATA[INFO	thread=13	[null] sending product to Socket[addr=localhost/127.0.0.1,port=1984,localport=49803]
INFO	thread=509	[null] accepted connection Socket[addr=/127.0.0.1,port=49803,localport=1984]
INFO	thread=509	received product from Socket[addr=/127.0.0.1,port=49803,localport=1984]
INFO	thread=13	[null] send complete Socket[addr=localhost/127.0.0.1,port=1984,localport=49803] response="received product"
INFO	thread=509	[null] closed connection Socket[addr=/127.0.0.1,port=49803,localport=1984]
INFO	thread=512	[null] accepted connection Socket[addr=/127.0.0.1,port=49804,localport=1984]
INFO	thread=13	[null] sending product to Socket[addr=localhost/127.0.0.1,port=1984,localport=49804]
INFO	thread=512	received product from Socket[addr=/127.0.0.1,port=49804,localport=1984]
INFO	thread=512	[null] closed connection Socket[addr=/127.0.0.1,port=49804,localport=1984]
INFO	thread=13	[null] send complete Socket[addr=localhost/127.0.0.1,port=1984,localport=49804] response="received product"
INFO	thread=515	[null] accepted connection Socket[addr=/127.0.0.1,port=49805,localport=1984]
INFO	thread=13	[null] sending product to Socket[addr=localhost/127.0.0.1,port=1984,localport=49805]
INFO	thread=515	received product from Socket[addr=/127.0.0.1,port=49805,localport=1984]
INFO	thread=515	[null] closed connection Socket[addr=/127.0.0.1,port=49805,localport=1984]
INFO	thread=13	[null] send complete Socket[addr=localhost/127.0.0.1,port=1984,localport=49805] response="received product"
INFO	thread=13	[null] sending product to Socket[addr=localhost/127.0.0.1,port=1984,localport=49806]
INFO	thread=518	[null] accepted connection Socket[addr=/127.0.0.1,port=49806,localport=1984]
INFO	thread=518	received product from Socket[addr=/127.0.0.1,port=49806,localport=1984]
INFO	thread=518	[null] closed connection Socket[addr=/127.0.0.1,port=49806,localport=1984]
INFO	thread=13	[null] send complete Socket[addr=localhost/127.0.0.1,port=1984,localport=49806] response="received product"
]]></system-err>
</testsuite>
