<?xml version="1.0" encoding="UTF-8"?>
<testsuite name="gov.usgs.earthquake.indexer.IndexerTest" tests="18" skipped="0" failures="0" errors="0" timestamp="2019-08-05T22:07:20" hostname="igskcicgwsgm015" time="7.993">
  <properties/>
  <testcase name="testPersistentTrump" classname="gov.usgs.earthquake.indexer.IndexerTest" time="0.474"/>
  <testcase name="onProductNewTest" classname="gov.usgs.earthquake.indexer.IndexerTest" time="0.128"/>
  <testcase name="testTrump" classname="gov.usgs.earthquake.indexer.IndexerTest" time="0.258"/>
  <testcase name="getModuleTest" classname="gov.usgs.earthquake.indexer.IndexerTest" time="0.009"/>
  <testcase name="onProductUnassociatedTest" classname="gov.usgs.earthquake.indexer.IndexerTest" time="0.066"/>
  <testcase name="mergeEventsFromSameSourceUsingAssociate" classname="gov.usgs.earthquake.indexer.IndexerTest" time="0.185"/>
  <testcase name="mergeEventsFromSameSourceByDeletingSecondCodeFromSameSource" classname="gov.usgs.earthquake.indexer.IndexerTest" time="0.24"/>
  <testcase name="indexCleanupThreadTest" classname="gov.usgs.earthquake.indexer.IndexerTest" time="2.516"/>
  <testcase name="eventArchiveIssue" classname="gov.usgs.earthquake.indexer.IndexerTest" time="2.206"/>
  <testcase name="mergeLocationsUsingAssociate" classname="gov.usgs.earthquake.indexer.IndexerTest" time="0.186"/>
  <testcase name="onProductMergeTest1" classname="gov.usgs.earthquake.indexer.IndexerTest" time="0.18"/>
  <testcase name="onProductMergeTest2" classname="gov.usgs.earthquake.indexer.IndexerTest" time="0.12"/>
  <testcase name="onProductUpdatedTest" classname="gov.usgs.earthquake.indexer.IndexerTest" time="0.131"/>
  <testcase name="testDelete" classname="gov.usgs.earthquake.indexer.IndexerTest" time="0.121"/>
  <testcase name="onProductSplitTest1" classname="gov.usgs.earthquake.indexer.IndexerTest" time="0.18"/>
  <testcase name="onProductSplitTest2" classname="gov.usgs.earthquake.indexer.IndexerTest" time="0.181"/>
  <testcase name="onProductSplitTest3" classname="gov.usgs.earthquake.indexer.IndexerTest" time="0.242"/>
  <testcase name="archivePolicySupersededProductTest" classname="gov.usgs.earthquake.indexer.IndexerTest" time="0.566"/>
  <system-out><![CDATA[IndexerEvent
     EVENT_ADDED :: null --> usone
IndexerEvent
     EVENT_UPDATED :: usone --> ciuno
IndexerEvent
     EVENT_UPDATED :: usone --> usone
IndexerEvent
     EVENT_UPDATED :: usone --> usone
IndexerEvent
     EVENT_UPDATED :: usone --> ciuno
IndexerEvent
     EVENT_UPDATED :: usone --> usone
IndexerEvent
     EVENT_UPDATED :: usone --> ciuno
IndexerEvent
     EVENT_ADDED :: null --> usabcd1234
IndexerEvent
     EVENT_UPDATED :: usabcd1234 --> usabcd1234
IndexerEvent
     EVENT_ADDED :: null --> usone
IndexerEvent
     EVENT_UPDATED :: usone --> scuno
IndexerEvent
     EVENT_UPDATED :: scuno --> usone
IndexerEvent
     EVENT_UPDATED :: usone --> scuno
IndexerEvent
     PRODUCT_ADDED :: null --> null
IndexerEvent
     EVENT_ADDED :: null --> ustestproduct-one
IndexerEvent
     EVENT_ADDED :: null --> ustestproduct-two
IndexerEvent
     EVENT_MERGED :: ustestproduct-one --> null
     EVENT_UPDATED :: ustestproduct-two --> ustestproduct-two
IndexerEvent
     EVENT_ADDED :: null --> usevent1
IndexerEvent
     EVENT_ADDED :: null --> usevent2
IndexerEvent
     EVENT_UPDATED :: usevent2 --> notusotherevent
IndexerEvent
     EVENT_MERGED :: usevent1 --> null
     EVENT_UPDATED :: notusotherevent --> notusotherevent
IndexerEvent
     EVENT_ADDED :: null --> usabcd1234
IndexerEvent
     EVENT_ARCHIVED :: usabcd1234 --> null
IndexerEvent
     EVENT_ADDED :: null --> nc71932931
IndexerEvent
     EVENT_UPDATED :: nc71932931 --> nc71932931
IndexerEvent
     EVENT_UPDATED :: nc71932931 --> nc71932931
IndexerEvent
     EVENT_ADDED :: null --> notustestproduct-one
IndexerEvent
     EVENT_ADDED :: null --> ustestproduct-two
IndexerEvent
     EVENT_MERGED :: notustestproduct-one --> null
     EVENT_UPDATED :: ustestproduct-two --> ustestproduct-two
IndexerEvent
     EVENT_ADDED :: null --> notustestproduct-one
IndexerEvent
     EVENT_ADDED :: null --> ustestproduct-two
IndexerEvent
     EVENT_MERGED :: notustestproduct-one --> null
     EVENT_UPDATED :: ustestproduct-two --> ustestproduct-two
IndexerEvent
     PRODUCT_ADDED :: null --> null
IndexerEvent
     EVENT_ADDED :: null --> ustestproduct-one
IndexerEvent
     EVENT_ADDED :: null --> usabcd1234
IndexerEvent
     EVENT_UPDATED :: usabcd1234 --> usabcd1234
IndexerEvent
     EVENT_ADDED :: null --> usone
IndexerEvent
     EVENT_DELETED :: usone --> usone
IndexerEvent
     EVENT_ADDED :: null --> usone
IndexerEvent
     EVENT_UPDATED :: usone --> ncuno
IndexerEvent
     EVENT_UPDATED :: ncuno --> ncuno
     EVENT_SPLIT :: null --> usone
IndexerEvent
     EVENT_ADDED :: null --> usone
IndexerEvent
     EVENT_UPDATED :: usone --> ncuno
IndexerEvent
     EVENT_UPDATED :: ncuno --> ncuno
     EVENT_SPLIT :: null --> usone
IndexerEvent
     EVENT_ADDED :: null --> usone
IndexerEvent
     EVENT_UPDATED :: usone --> usone
IndexerEvent
     EVENT_UPDATED :: usone --> usone
IndexerEvent
     EVENT_UPDATED :: usone --> usone
     EVENT_SPLIT :: null --> ciein
     EVENT_SPLIT :: null --> ncuno
IndexerEvent
     EVENT_ADDED :: null --> usabcd1234
IndexerEvent
     EVENT_UPDATED :: usabcd1234 --> usabcd1234
IndexerEvent
     EVENT_UPDATED :: usabcd1234 --> usabcd1234
IndexerEvent
     EVENT_ARCHIVED :: usabcd1234 --> null
]]></system-out>
  <system-err><![CDATA[
###
Mon Aug 05 16:07:20 MDT 2019
FINEST	thread=13	[null] storing product id=urn:usgs-product:us:testproduct:one:1565042840525
FINEST	thread=13	[null] acquiring write lock for product id=urn:usgs-product:us:testproduct:one:1565042840525
FINEST	thread=13	[null] acquired write lock for product id=urn:usgs-product:us:testproduct:one:1565042840525
FINEST	thread=13	[null] acquiring read lock for product id=urn:usgs-product:us:testproduct:one:1565042840525
FINEST	thread=13	[null] acquired read lock for product id=urn:usgs-product:us:testproduct:one:1565042840525
FINEST	thread=13	[null] releasing read lock for product id=urn:usgs-product:us:testproduct:one:1565042840525
FINEST	thread=13	[null] released read lock for product id=urn:usgs-product:us:testproduct:one:1565042840525
FINER	thread=13	[null] product stored id=urn:usgs-product:us:testproduct:one:1565042840525, status=UPDATE
FINEST	thread=13	[null] releasing write lock for product id=urn:usgs-product:us:testproduct:one:1565042840525
FINEST	thread=13	[null] released write lock for product id=urn:usgs-product:us:testproduct:one:1565042840525
FINEST	thread=13	[null] stored product id=urn:usgs-product:us:testproduct:one:1565042840525
FINER	thread=13	[null] summarizing product id=urn:usgs-product:us:testproduct:one:1565042840525
FINEST	thread=13	[null] beginning index transaction
FINER	thread=13	[null] finding previous version
FINEST	thread=13	[null] running query 
SELECT DISTINCT id FROM productSummary p WHERE p.id IS NOT NULL AND p.id = (SELECT id FROM productSummary ps WHERE ps.source='us' AND ps.type='testproduct' AND ps.code='one' AND ps.status <> 'DELETE' ORDER BY ps.updateTime DESC LIMIT 1) AND source='us' AND type='testproduct' AND code='one'
FINEST	thread=13	[null] query complete
FINER	thread=13	[null] finding previous event
FINEST	thread=13	Product Index Query
eventSearchType=SEARCH_EVENT_PRODUCTS
resultType=RESULT_TYPE_ALL
eventSource=us
eventSourceCode=one
FINEST	thread=13	Product Index Query
eventSearchType=SEARCH_EVENT_PREFERRED
resultType=RESULT_TYPE_ALL
minEventTime=Mon Aug 05 16:07:04 MDT 2019
maxEventTime=Mon Aug 05 16:07:36 MDT 2019
minEventLatitude=34.10007199424046075986183268469176255166530609130859375
maxEventLatitude=35.89992800575953924013816731530823744833469390869140625
minEventLongitude=-119.098609241146021986423875205218791961669921875
maxEventLongitude=-116.901390758853978013576124794781208038330078125
FINER	thread=13	[null] adding summary to index
FINEST	thread=13	[null] Added property eventsourcecode:one for product 1
FINEST	thread=13	[null] Added property eventtime:2019-08-05T22:07:20.525Z for product 1
FINEST	thread=13	[null] Added property eventsource:us for product 1
FINEST	thread=13	[null] Added property latitude:35.0 for product 1
FINEST	thread=13	[null] Added property longitude:-118.0 for product 1
FINEST	thread=13	[null] Added productSummary urn:usgs-product:us:testproduct:one:1565042840525, indexid=1 to product index
FINEST	thread=13	Added event id=1
FINEST	thread=13	[null] Added event to Product Index
FINER	thread=13	[null] Added associations event id=1, productSummary source=us, type=testproduct, code=one (id=1)
FINER	thread=13	[null] created event indexid=1
FINE	thread=13	Eventindexid=1, eventid=usone, latitude=35.0, longitude=-118.0, time=Mon Aug 05 16:07:20 MDT 2019, deleted=false
FINER	thread=13	Products in event
	status=UPDATE, id=urn:usgs-product:us:testproduct:one:1565042840525, eventid=usone, latitude=35.0, longitude=-118.0, time=Mon Aug 05 16:07:20 MDT 2019
FINER	thread=13	[null] checking for event merges
FINER	thread=13	[null] searching for unassociated products
FINER	thread=13	[null] search for unassociated products complete
FINER	thread=13	[null] updating event summary parameters
FINER	thread=13	[null] Updating event indexid=1
FINE	thread=13	Eventindexid=1, eventid=usone, latitude=35.0, longitude=-118.0, time=Mon Aug 05 16:07:20 MDT 2019, deleted=false
FINER	thread=13	Products in event
	status=UPDATE, id=urn:usgs-product:us:testproduct:one:1565042840525, eventid=usone, latitude=35.0, longitude=-118.0, time=Mon Aug 05 16:07:20 MDT 2019
FINEST	thread=13	[null] Updated event properties in Product Index
FINER	thread=13	[null] committing transaction
FINE	thread=13	[null] notifying listeners
INFO	thread=13	[null] indexed product id=urn:usgs-product:us:testproduct:one:1565042840525, status=UPDATE
EVENT_ADDED null => usone
FINEST	thread=772	[null] acquiring read lock for product id=urn:usgs-product:us:testproduct:one:1565042840525
FINEST	thread=772	[null] acquired read lock for product id=urn:usgs-product:us:testproduct:one:1565042840525
FINEST	thread=774	[null] acquiring read lock for product id=urn:usgs-product:us:testproduct:one:1565042840525
FINEST	thread=772	[null] releasing read lock for product id=urn:usgs-product:us:testproduct:one:1565042840525
FINEST	thread=772	[null] released read lock for product id=urn:usgs-product:us:testproduct:one:1565042840525
FINEST	thread=774	[null] acquired read lock for product id=urn:usgs-product:us:testproduct:one:1565042840525
FINEST	thread=774	[null] releasing read lock for product id=urn:usgs-product:us:testproduct:one:1565042840525
FINEST	thread=774	[null] released read lock for product id=urn:usgs-product:us:testproduct:one:1565042840525
FINER	thread=772	[DirectoryProductSource] Product does not have any  URLContent. Scraping directory for files.
FINER	thread=774	[DirectoryProductSource] Product does not have any  URLContent. Scraping directory for files.
FINEST	thread=774	[null] acquiring write lock for product id=urn:usgs-product:us:testproduct:one:1565042840525
FINEST	thread=772	[null] acquiring write lock for product id=urn:usgs-product:us:testproduct:one:1565042840525
FINEST	thread=774	[null] acquired write lock for product id=urn:usgs-product:us:testproduct:one:1565042840525
FINEST	thread=772	[null] acquired write lock for product id=urn:usgs-product:us:testproduct:one:1565042840525
FINEST	thread=774	[null] acquiring read lock for product id=urn:usgs-product:us:testproduct:one:1565042840525
FINEST	thread=772	[null] acquiring read lock for product id=urn:usgs-product:us:testproduct:one:1565042840525
FINEST	thread=774	[null] acquired read lock for product id=urn:usgs-product:us:testproduct:one:1565042840525
FINEST	thread=772	[null] acquired read lock for product id=urn:usgs-product:us:testproduct:one:1565042840525
FINEST	thread=772	[null] releasing read lock for product id=urn:usgs-product:us:testproduct:one:1565042840525
FINEST	thread=774	[null] releasing read lock for product id=urn:usgs-product:us:testproduct:one:1565042840525
FINEST	thread=772	[null] released read lock for product id=urn:usgs-product:us:testproduct:one:1565042840525
FINEST	thread=774	[null] released read lock for product id=urn:usgs-product:us:testproduct:one:1565042840525
WARNING	thread=774	[null] exception while storing product, removing incomplete product
java.io.IOException: Unable to create directory /Users/cbass/Projects/pdl/_test_storage_/testproduct/one/us/1565042840525
	at gov.usgs.util.StreamUtils.getOutputStream(StreamUtils.java:153)
	at gov.usgs.util.StreamUtils.getOutputStream(StreamUtils.java:183)
	at gov.usgs.earthquake.product.io.DirectoryProductHandler.onEndProduct(DirectoryProductHandler.java:68)
	at gov.usgs.earthquake.product.io.FilterProductHandler.onEndProduct(FilterProductHandler.java:71)
	at gov.usgs.earthquake.distribution.FileProductStorage$StorageProductOutput.onEndProduct(FileProductStorage.java:855)
	at gov.usgs.earthquake.product.io.ObjectProductSource.sendEndProduct(ObjectProductSource.java:166)
	at gov.usgs.earthquake.product.io.ObjectProductSource.streamTo(ObjectProductSource.java:62)
	at gov.usgs.earthquake.distribution.FileProductStorage.storeProductSource(FileProductStorage.java:693)
	at gov.usgs.earthquake.distribution.FileProductStorage.storeProduct(FileProductStorage.java:675)
	at gov.usgs.earthquake.indexer.ExternalIndexerListener.storeProduct(ExternalIndexerListener.java:196)
	at gov.usgs.earthquake.indexer.ExternalIndexerListener.onIndexerEvent(ExternalIndexerListener.java:131)
	at gov.usgs.earthquake.indexer.IndexerListenerCallable.call(IndexerListenerCallable.java:36)
	at gov.usgs.earthquake.indexer.IndexerListenerCallable.call(IndexerListenerCallable.java:12)
	at gov.usgs.util.ExecutorTask.run(ExecutorTask.java:183)
	at java.base/java.util.concurrent.Executors$RunnableAdapter.call(Executors.java:515)
	at java.base/java.util.concurrent.FutureTask.run(FutureTask.java:264)
	at java.base/java.util.concurrent.ThreadPoolExecutor.runWorker(ThreadPoolExecutor.java:1128)
	at java.base/java.util.concurrent.ThreadPoolExecutor$Worker.run(ThreadPoolExecutor.java:628)
	at java.base/java.lang.Thread.run(Thread.java:834)
FINEST	thread=774	[null] acquiring write lock for product id=urn:usgs-product:us:testproduct:one:1565042840525
FINEST	thread=774	[null] acquired write lock for product id=urn:usgs-product:us:testproduct:one:1565042840525
FINER	thread=772	[null] product stored id=urn:usgs-product:us:testproduct:one:1565042840525, status=UPDATE
FINEST	thread=772	[null] releasing write lock for product id=urn:usgs-product:us:testproduct:one:1565042840525
FINEST	thread=772	[null] released write lock for product id=urn:usgs-product:us:testproduct:one:1565042840525
FINEST	thread=772	[null] acquiring read lock for product id=urn:usgs-product:us:testproduct:one:1565042840525
FINEST	thread=772	[null] acquired read lock for product id=urn:usgs-product:us:testproduct:one:1565042840525
FINEST	thread=772	[null] releasing read lock for product id=urn:usgs-product:us:testproduct:one:1565042840525
FINEST	thread=772	[null] released read lock for product id=urn:usgs-product:us:testproduct:one:1565042840525
FINER	thread=774	[null] product removed, id=urn:usgs-product:us:testproduct:one:1565042840525
FINEST	thread=774	[null] releasing write lock for product id=urn:usgs-product:us:testproduct:one:1565042840525
FINEST	thread=774	[null] released write lock for product id=urn:usgs-product:us:testproduct:one:1565042840525
FINEST	thread=774	[null] releasing write lock for product id=urn:usgs-product:us:testproduct:one:1565042840525
FINEST	thread=774	[null] released write lock for product id=urn:usgs-product:us:testproduct:one:1565042840525
FINEST	thread=772	[null] acquiring read lock for product id=urn:usgs-product:us:testproduct:one:1565042840525
FINEST	thread=772	[null] acquired read lock for product id=urn:usgs-product:us:testproduct:one:1565042840525
FINEST	thread=772	[null] releasing read lock for product id=urn:usgs-product:us:testproduct:one:1565042840525
FINEST	thread=772	[null] released read lock for product id=urn:usgs-product:us:testproduct:one:1565042840525
WARNING	thread=774	[null] listener (null) threw exception, for product id=urn:usgs-product:us:testproduct:one:1565042840525
java.io.IOException: Unable to create directory /Users/cbass/Projects/pdl/_test_storage_/testproduct/one/us/1565042840525
	at gov.usgs.util.StreamUtils.getOutputStream(StreamUtils.java:153)
	at gov.usgs.util.StreamUtils.getOutputStream(StreamUtils.java:183)
	at gov.usgs.earthquake.product.io.DirectoryProductHandler.onEndProduct(DirectoryProductHandler.java:68)
	at gov.usgs.earthquake.product.io.FilterProductHandler.onEndProduct(FilterProductHandler.java:71)
	at gov.usgs.earthquake.distribution.FileProductStorage$StorageProductOutput.onEndProduct(FileProductStorage.java:855)
	at gov.usgs.earthquake.product.io.ObjectProductSource.sendEndProduct(ObjectProductSource.java:166)
	at gov.usgs.earthquake.product.io.ObjectProductSource.streamTo(ObjectProductSource.java:62)
	at gov.usgs.earthquake.distribution.FileProductStorage.storeProductSource(FileProductStorage.java:693)
	at gov.usgs.earthquake.distribution.FileProductStorage.storeProduct(FileProductStorage.java:675)
	at gov.usgs.earthquake.indexer.ExternalIndexerListener.storeProduct(ExternalIndexerListener.java:196)
	at gov.usgs.earthquake.indexer.ExternalIndexerListener.onIndexerEvent(ExternalIndexerListener.java:131)
	at gov.usgs.earthquake.indexer.IndexerListenerCallable.call(IndexerListenerCallable.java:36)
	at gov.usgs.earthquake.indexer.IndexerListenerCallable.call(IndexerListenerCallable.java:12)
	at gov.usgs.util.ExecutorTask.run(ExecutorTask.java:183)
	at java.base/java.util.concurrent.Executors$RunnableAdapter.call(Executors.java:515)
	at java.base/java.util.concurrent.FutureTask.run(FutureTask.java:264)
	at java.base/java.util.concurrent.ThreadPoolExecutor.runWorker(ThreadPoolExecutor.java:1128)
	at java.base/java.util.concurrent.ThreadPoolExecutor$Worker.run(ThreadPoolExecutor.java:628)
	at java.base/java.lang.Thread.run(Thread.java:834)
FINE	thread=774	Exception: Unable to create directory /Users/cbass/Projects/pdl/_test_storage_/testproduct/one/us/1565042840525 source=us, type=testproduct, code=one, updateTime=Mon Aug 05 16:07:20 MDT 2019
INFO	thread=772	[null] running command echo --preferred-eventid=usone --preferred-eventsource=us --preferred-eventsourcecode=one --eventids=usone --preferred-magnitude=null --preferred-latitude=35.0 --preferred-longitude=-118.0 --preferred-depth=null --preferred-eventtime=2019-08-05T22:07:20.525Z --type=testproduct --code=one --source=us --updateTime=2019-08-05T22:07:20.525Z --status=UPDATE --trackerURL=http://localhost/tracker "--property-eventsourcecode=one" "--property-eventtime=2019-08-05T22:07:20.525Z" "--property-eventsource=us" "--property-latitude=35.0" "--property-longitude=-118.0" --action=EVENT_ADDED
FINEST	thread=774	Tracker updates disabled, not sent
INFO	thread=774	Exception executing task
java.io.IOException: Unable to create directory /Users/cbass/Projects/pdl/_test_storage_/testproduct/one/us/1565042840525
	at gov.usgs.util.StreamUtils.getOutputStream(StreamUtils.java:153)
	at gov.usgs.util.StreamUtils.getOutputStream(StreamUtils.java:183)
	at gov.usgs.earthquake.product.io.DirectoryProductHandler.onEndProduct(DirectoryProductHandler.java:68)
	at gov.usgs.earthquake.product.io.FilterProductHandler.onEndProduct(FilterProductHandler.java:71)
	at gov.usgs.earthquake.distribution.FileProductStorage$StorageProductOutput.onEndProduct(FileProductStorage.java:855)
	at gov.usgs.earthquake.product.io.ObjectProductSource.sendEndProduct(ObjectProductSource.java:166)
	at gov.usgs.earthquake.product.io.ObjectProductSource.streamTo(ObjectProductSource.java:62)
	at gov.usgs.earthquake.distribution.FileProductStorage.storeProductSource(FileProductStorage.java:693)
	at gov.usgs.earthquake.distribution.FileProductStorage.storeProduct(FileProductStorage.java:675)
	at gov.usgs.earthquake.indexer.ExternalIndexerListener.storeProduct(ExternalIndexerListener.java:196)
	at gov.usgs.earthquake.indexer.ExternalIndexerListener.onIndexerEvent(ExternalIndexerListener.java:131)
	at gov.usgs.earthquake.indexer.IndexerListenerCallable.call(IndexerListenerCallable.java:36)
	at gov.usgs.earthquake.indexer.IndexerListenerCallable.call(IndexerListenerCallable.java:12)
	at gov.usgs.util.ExecutorTask.run(ExecutorTask.java:183)
	at java.base/java.util.concurrent.Executors$RunnableAdapter.call(Executors.java:515)
	at java.base/java.util.concurrent.FutureTask.run(FutureTask.java:264)
	at java.base/java.util.concurrent.ThreadPoolExecutor.runWorker(ThreadPoolExecutor.java:1128)
	at java.base/java.util.concurrent.ThreadPoolExecutor$Worker.run(ThreadPoolExecutor.java:628)
	at java.base/java.lang.Thread.run(Thread.java:834)
INFO	thread=772	[null] command 'echo --preferred-eventid=usone --preferred-eventsource=us --preferred-eventsourcecode=one --eventids=usone --preferred-magnitude=null --preferred-latitude=35.0 --preferred-longitude=-118.0 --preferred-depth=null --preferred-eventtime=2019-08-05T22:07:20.525Z --type=testproduct --code=one --source=us --updateTime=2019-08-05T22:07:20.525Z --status=UPDATE --trackerURL=http://localhost/tracker "--property-eventsourcecode=one" "--property-eventtime=2019-08-05T22:07:20.525Z" "--property-eventsource=us" "--property-latitude=35.0" "--property-longitude=-118.0" --action=EVENT_ADDED' exited with status '0'
FINEST	thread=13	[null] storing product id=urn:usgs-product:ci:testproduct:uno:1565042840587
FINEST	thread=13	[null] acquiring write lock for product id=urn:usgs-product:ci:testproduct:uno:1565042840587
FINEST	thread=13	[null] acquired write lock for product id=urn:usgs-product:ci:testproduct:uno:1565042840587
FINEST	thread=13	[null] acquiring read lock for product id=urn:usgs-product:ci:testproduct:uno:1565042840587
FINEST	thread=13	[null] acquired read lock for product id=urn:usgs-product:ci:testproduct:uno:1565042840587
FINEST	thread=13	[null] releasing read lock for product id=urn:usgs-product:ci:testproduct:uno:1565042840587
FINEST	thread=13	[null] released read lock for product id=urn:usgs-product:ci:testproduct:uno:1565042840587
FINER	thread=13	[null] product stored id=urn:usgs-product:ci:testproduct:uno:1565042840587, status=UPDATE
FINEST	thread=13	[null] releasing write lock for product id=urn:usgs-product:ci:testproduct:uno:1565042840587
FINEST	thread=13	[null] released write lock for product id=urn:usgs-product:ci:testproduct:uno:1565042840587
FINEST	thread=13	[null] stored product id=urn:usgs-product:ci:testproduct:uno:1565042840587
FINER	thread=13	[null] summarizing product id=urn:usgs-product:ci:testproduct:uno:1565042840587
FINEST	thread=13	[null] beginning index transaction
FINER	thread=13	[null] finding previous version
FINEST	thread=13	[null] running query 
SELECT DISTINCT id FROM productSummary p WHERE p.id IS NOT NULL AND p.id = (SELECT id FROM productSummary ps WHERE ps.source='ci' AND ps.type='testproduct' AND ps.code='uno' AND ps.status <> 'DELETE' ORDER BY ps.updateTime DESC LIMIT 1) AND source='ci' AND type='testproduct' AND code='uno'
FINEST	thread=13	[null] query complete
FINER	thread=13	[null] finding previous event
FINEST	thread=13	Product Index Query
eventSearchType=SEARCH_EVENT_PRODUCTS
resultType=RESULT_TYPE_ALL
eventSource=ci
eventSourceCode=uno
FINEST	thread=13	Product Index Query
eventSearchType=SEARCH_EVENT_PREFERRED
resultType=RESULT_TYPE_ALL
minEventTime=Mon Aug 05 16:07:04 MDT 2019
maxEventTime=Mon Aug 05 16:07:36 MDT 2019
minEventLatitude=34.10007199424046075986183268469176255166530609130859375
maxEventLatitude=35.89992800575953924013816731530823744833469390869140625
minEventLongitude=-119.098609241146021986423875205218791961669921875
maxEventLongitude=-116.901390758853978013576124794781208038330078125
FINER	thread=13	[null] adding summary to index
FINEST	thread=13	[null] Added property eventsourcecode:uno for product 2
FINEST	thread=13	[null] Added property eventtime:2019-08-05T22:07:20.525Z for product 2
FINEST	thread=13	[null] Added property eventsource:ci for product 2
FINEST	thread=13	[null] Added property latitude:35.0 for product 2
FINEST	thread=13	[null] Added property longitude:-118.0 for product 2
FINEST	thread=13	[null] Added productSummary urn:usgs-product:ci:testproduct:uno:1565042840587, indexid=2 to product index
FINER	thread=13	[null] found existing event indexid=1
FINE	thread=13	Eventindexid=1, eventid=usone, latitude=35.0, longitude=-118.0, time=Mon Aug 05 16:07:20 MDT 2019, deleted=false
FINER	thread=13	Products in event
	status=UPDATE, id=urn:usgs-product:us:testproduct:one:1565042840525, eventid=usone, latitude=35.0, longitude=-118.0, time=Mon Aug 05 16:07:20 MDT 2019
FINER	thread=13	[null] Added associations event id=1, productSummary source=ci, type=testproduct, code=uno (id=2)
FINER	thread=13	[null] checking for event splits
FINEST	thread=13	Product Index Query
eventSearchType=SEARCH_EVENT_PREFERRED
resultType=RESULT_TYPE_ALL
minEventTime=Mon Aug 05 16:07:04 MDT 2019
maxEventTime=Mon Aug 05 16:07:36 MDT 2019
minEventLatitude=34.10007199424046075986183268469176255166530609130859375
maxEventLatitude=35.89992800575953924013816731530823744833469390869140625
minEventLongitude=-119.098609241146021986423875205218791961669921875
maxEventLongitude=-116.901390758853978013576124794781208038330078125
FINER	thread=13	[null] checking for event merges
FINEST	thread=13	Product Index Query
eventSearchType=SEARCH_EVENT_PREFERRED
resultType=RESULT_TYPE_ALL
minEventTime=Mon Aug 05 16:07:04 MDT 2019
maxEventTime=Mon Aug 05 16:07:36 MDT 2019
minEventLatitude=34.10007199424046075986183268469176255166530609130859375
maxEventLatitude=35.89992800575953924013816731530823744833469390869140625
minEventLongitude=-119.098609241146021986423875205218791961669921875
maxEventLongitude=-116.901390758853978013576124794781208038330078125
FINER	thread=13	[null] searching for nearby events
FINER	thread=13	[null] search for nearby events complete
FINER	thread=13	[null] searching for unassociated products
FINER	thread=13	[null] search for unassociated products complete
FINER	thread=13	[null] updating event summary parameters
FINER	thread=13	[null] Updating event indexid=1
FINE	thread=13	Eventindexid=1, eventid=ciuno, latitude=35.0, longitude=-118.0, time=Mon Aug 05 16:07:20 MDT 2019, deleted=false
FINER	thread=13	Products in event
	status=UPDATE, id=urn:usgs-product:us:testproduct:one:1565042840525, eventid=usone, latitude=35.0, longitude=-118.0, time=Mon Aug 05 16:07:20 MDT 2019
	status=UPDATE, id=urn:usgs-product:ci:testproduct:uno:1565042840587, eventid=ciuno, latitude=35.0, longitude=-118.0, time=Mon Aug 05 16:07:20 MDT 2019
FINEST	thread=13	[null] Updated event properties in Product Index
FINER	thread=13	[null] committing transaction
FINE	thread=13	[null] notifying listeners
INFO	thread=13	[null] indexed product id=urn:usgs-product:ci:testproduct:uno:1565042840587, status=UPDATE
EVENT_UPDATED usone => ciuno
FINEST	thread=772	[null] acquiring read lock for product id=urn:usgs-product:ci:testproduct:uno:1565042840587
FINEST	thread=772	[null] acquired read lock for product id=urn:usgs-product:ci:testproduct:uno:1565042840587
FINEST	thread=772	[null] releasing read lock for product id=urn:usgs-product:ci:testproduct:uno:1565042840587
FINEST	thread=772	[null] released read lock for product id=urn:usgs-product:ci:testproduct:uno:1565042840587
FINEST	thread=774	[null] acquiring read lock for product id=urn:usgs-product:ci:testproduct:uno:1565042840587
FINEST	thread=774	[null] acquired read lock for product id=urn:usgs-product:ci:testproduct:uno:1565042840587
FINEST	thread=774	[null] releasing read lock for product id=urn:usgs-product:ci:testproduct:uno:1565042840587
FINEST	thread=774	[null] released read lock for product id=urn:usgs-product:ci:testproduct:uno:1565042840587
FINER	thread=772	[DirectoryProductSource] Product does not have any  URLContent. Scraping directory for files.
FINER	thread=774	[DirectoryProductSource] Product does not have any  URLContent. Scraping directory for files.
FINEST	thread=774	[null] acquiring write lock for product id=urn:usgs-product:ci:testproduct:uno:1565042840587
FINEST	thread=772	[null] acquiring write lock for product id=urn:usgs-product:ci:testproduct:uno:1565042840587
FINEST	thread=774	[null] acquired write lock for product id=urn:usgs-product:ci:testproduct:uno:1565042840587
FINEST	thread=774	[null] acquiring read lock for product id=urn:usgs-product:ci:testproduct:uno:1565042840587
FINEST	thread=772	[null] acquired write lock for product id=urn:usgs-product:ci:testproduct:uno:1565042840587
FINEST	thread=774	[null] acquired read lock for product id=urn:usgs-product:ci:testproduct:uno:1565042840587
FINEST	thread=772	[null] acquiring read lock for product id=urn:usgs-product:ci:testproduct:uno:1565042840587
FINEST	thread=772	[null] acquired read lock for product id=urn:usgs-product:ci:testproduct:uno:1565042840587
FINEST	thread=774	[null] releasing read lock for product id=urn:usgs-product:ci:testproduct:uno:1565042840587
FINEST	thread=772	[null] releasing read lock for product id=urn:usgs-product:ci:testproduct:uno:1565042840587
FINEST	thread=774	[null] released read lock for product id=urn:usgs-product:ci:testproduct:uno:1565042840587
FINEST	thread=772	[null] released read lock for product id=urn:usgs-product:ci:testproduct:uno:1565042840587
WARNING	thread=774	[null] exception while storing product, removing incomplete product
java.io.IOException: Unable to create directory /Users/cbass/Projects/pdl/_test_storage_/testproduct/uno/ci/1565042840587
	at gov.usgs.util.StreamUtils.getOutputStream(StreamUtils.java:153)
	at gov.usgs.util.StreamUtils.getOutputStream(StreamUtils.java:183)
	at gov.usgs.earthquake.product.io.DirectoryProductHandler.onEndProduct(DirectoryProductHandler.java:68)
	at gov.usgs.earthquake.product.io.FilterProductHandler.onEndProduct(FilterProductHandler.java:71)
	at gov.usgs.earthquake.distribution.FileProductStorage$StorageProductOutput.onEndProduct(FileProductStorage.java:855)
	at gov.usgs.earthquake.product.io.ObjectProductSource.sendEndProduct(ObjectProductSource.java:166)
	at gov.usgs.earthquake.product.io.ObjectProductSource.streamTo(ObjectProductSource.java:62)
	at gov.usgs.earthquake.distribution.FileProductStorage.storeProductSource(FileProductStorage.java:693)
	at gov.usgs.earthquake.distribution.FileProductStorage.storeProduct(FileProductStorage.java:675)
	at gov.usgs.earthquake.indexer.ExternalIndexerListener.storeProduct(ExternalIndexerListener.java:196)
	at gov.usgs.earthquake.indexer.ExternalIndexerListener.onIndexerEvent(ExternalIndexerListener.java:131)
	at gov.usgs.earthquake.indexer.IndexerListenerCallable.call(IndexerListenerCallable.java:36)
	at gov.usgs.earthquake.indexer.IndexerListenerCallable.call(IndexerListenerCallable.java:12)
	at gov.usgs.util.ExecutorTask.run(ExecutorTask.java:183)
	at java.base/java.util.concurrent.Executors$RunnableAdapter.call(Executors.java:515)
	at java.base/java.util.concurrent.FutureTask.run(FutureTask.java:264)
	at java.base/java.util.concurrent.ThreadPoolExecutor.runWorker(ThreadPoolExecutor.java:1128)
	at java.base/java.util.concurrent.ThreadPoolExecutor$Worker.run(ThreadPoolExecutor.java:628)
	at java.base/java.lang.Thread.run(Thread.java:834)
FINER	thread=772	[null] product stored id=urn:usgs-product:ci:testproduct:uno:1565042840587, status=UPDATE
FINEST	thread=774	[null] acquiring write lock for product id=urn:usgs-product:ci:testproduct:uno:1565042840587
FINEST	thread=772	[null] releasing write lock for product id=urn:usgs-product:ci:testproduct:uno:1565042840587
FINEST	thread=774	[null] acquired write lock for product id=urn:usgs-product:ci:testproduct:uno:1565042840587
FINEST	thread=772	[null] released write lock for product id=urn:usgs-product:ci:testproduct:uno:1565042840587
FINEST	thread=772	[null] acquiring read lock for product id=urn:usgs-product:ci:testproduct:uno:1565042840587
FINEST	thread=772	[null] acquired read lock for product id=urn:usgs-product:ci:testproduct:uno:1565042840587
FINEST	thread=772	[null] releasing read lock for product id=urn:usgs-product:ci:testproduct:uno:1565042840587
FINEST	thread=772	[null] released read lock for product id=urn:usgs-product:ci:testproduct:uno:1565042840587
FINER	thread=774	[null] product removed, id=urn:usgs-product:ci:testproduct:uno:1565042840587
FINEST	thread=774	[null] releasing write lock for product id=urn:usgs-product:ci:testproduct:uno:1565042840587
FINEST	thread=774	[null] released write lock for product id=urn:usgs-product:ci:testproduct:uno:1565042840587
FINEST	thread=774	[null] releasing write lock for product id=urn:usgs-product:ci:testproduct:uno:1565042840587
FINEST	thread=774	[null] released write lock for product id=urn:usgs-product:ci:testproduct:uno:1565042840587
WARNING	thread=774	[null] listener (null) threw exception, for product id=urn:usgs-product:ci:testproduct:uno:1565042840587
java.io.IOException: Unable to create directory /Users/cbass/Projects/pdl/_test_storage_/testproduct/uno/ci/1565042840587
	at gov.usgs.util.StreamUtils.getOutputStream(StreamUtils.java:153)
	at gov.usgs.util.StreamUtils.getOutputStream(StreamUtils.java:183)
	at gov.usgs.earthquake.product.io.DirectoryProductHandler.onEndProduct(DirectoryProductHandler.java:68)
	at gov.usgs.earthquake.product.io.FilterProductHandler.onEndProduct(FilterProductHandler.java:71)
	at gov.usgs.earthquake.distribution.FileProductStorage$StorageProductOutput.onEndProduct(FileProductStorage.java:855)
	at gov.usgs.earthquake.product.io.ObjectProductSource.sendEndProduct(ObjectProductSource.java:166)
	at gov.usgs.earthquake.product.io.ObjectProductSource.streamTo(ObjectProductSource.java:62)
	at gov.usgs.earthquake.distribution.FileProductStorage.storeProductSource(FileProductStorage.java:693)
	at gov.usgs.earthquake.distribution.FileProductStorage.storeProduct(FileProductStorage.java:675)
	at gov.usgs.earthquake.indexer.ExternalIndexerListener.storeProduct(ExternalIndexerListener.java:196)
	at gov.usgs.earthquake.indexer.ExternalIndexerListener.onIndexerEvent(ExternalIndexerListener.java:131)
	at gov.usgs.earthquake.indexer.IndexerListenerCallable.call(IndexerListenerCallable.java:36)
	at gov.usgs.earthquake.indexer.IndexerListenerCallable.call(IndexerListenerCallable.java:12)
	at gov.usgs.util.ExecutorTask.run(ExecutorTask.java:183)
	at java.base/java.util.concurrent.Executors$RunnableAdapter.call(Executors.java:515)
	at java.base/java.util.concurrent.FutureTask.run(FutureTask.java:264)
	at java.base/java.util.concurrent.ThreadPoolExecutor.runWorker(ThreadPoolExecutor.java:1128)
	at java.base/java.util.concurrent.ThreadPoolExecutor$Worker.run(ThreadPoolExecutor.java:628)
	at java.base/java.lang.Thread.run(Thread.java:834)
FINE	thread=774	Exception: Unable to create directory /Users/cbass/Projects/pdl/_test_storage_/testproduct/uno/ci/1565042840587 source=ci, type=testproduct, code=uno, updateTime=Mon Aug 05 16:07:20 MDT 2019
FINEST	thread=774	Tracker updates disabled, not sent
INFO	thread=774	Exception executing task
java.io.IOException: Unable to create directory /Users/cbass/Projects/pdl/_test_storage_/testproduct/uno/ci/1565042840587
	at gov.usgs.util.StreamUtils.getOutputStream(StreamUtils.java:153)
	at gov.usgs.util.StreamUtils.getOutputStream(StreamUtils.java:183)
	at gov.usgs.earthquake.product.io.DirectoryProductHandler.onEndProduct(DirectoryProductHandler.java:68)
	at gov.usgs.earthquake.product.io.FilterProductHandler.onEndProduct(FilterProductHandler.java:71)
	at gov.usgs.earthquake.distribution.FileProductStorage$StorageProductOutput.onEndProduct(FileProductStorage.java:855)
	at gov.usgs.earthquake.product.io.ObjectProductSource.sendEndProduct(ObjectProductSource.java:166)
	at gov.usgs.earthquake.product.io.ObjectProductSource.streamTo(ObjectProductSource.java:62)
	at gov.usgs.earthquake.distribution.FileProductStorage.storeProductSource(FileProductStorage.java:693)
	at gov.usgs.earthquake.distribution.FileProductStorage.storeProduct(FileProductStorage.java:675)
	at gov.usgs.earthquake.indexer.ExternalIndexerListener.storeProduct(ExternalIndexerListener.java:196)
	at gov.usgs.earthquake.indexer.ExternalIndexerListener.onIndexerEvent(ExternalIndexerListener.java:131)
	at gov.usgs.earthquake.indexer.IndexerListenerCallable.call(IndexerListenerCallable.java:36)
	at gov.usgs.earthquake.indexer.IndexerListenerCallable.call(IndexerListenerCallable.java:12)
	at gov.usgs.util.ExecutorTask.run(ExecutorTask.java:183)
	at java.base/java.util.concurrent.Executors$RunnableAdapter.call(Executors.java:515)
	at java.base/java.util.concurrent.FutureTask.run(FutureTask.java:264)
	at java.base/java.util.concurrent.ThreadPoolExecutor.runWorker(ThreadPoolExecutor.java:1128)
	at java.base/java.util.concurrent.ThreadPoolExecutor$Worker.run(ThreadPoolExecutor.java:628)
	at java.base/java.lang.Thread.run(Thread.java:834)
FINER	thread=772	[DirectoryProductSource] Product does not have any  URLContent. Scraping directory for files.
WARNING	thread=772	[null] listener (null) threw exception, for product id=urn:usgs-product:ci:testproduct:uno:1565042840587
java.lang.NullPointerException
	at gov.usgs.earthquake.product.FileContent.getDirectoryContents(FileContent.java:181)
	at gov.usgs.earthquake.product.FileContent.getDirectoryContents(FileContent.java:158)
	at gov.usgs.earthquake.product.io.DirectoryProductSource.streamTo(DirectoryProductSource.java:91)
	at gov.usgs.earthquake.product.io.ObjectProductHandler.getProduct(ObjectProductHandler.java:172)
	at gov.usgs.earthquake.distribution.FileProductStorage.getProduct(FileProductStorage.java:465)
	at gov.usgs.earthquake.indexer.ExternalIndexerListener.storeProduct(ExternalIndexerListener.java:197)
	at gov.usgs.earthquake.indexer.ExternalIndexerListener.onIndexerEvent(ExternalIndexerListener.java:131)
	at gov.usgs.earthquake.indexer.IndexerListenerCallable.call(IndexerListenerCallable.java:36)
	at gov.usgs.earthquake.indexer.IndexerListenerCallable.call(IndexerListenerCallable.java:12)
	at gov.usgs.util.ExecutorTask.run(ExecutorTask.java:183)
	at java.base/java.util.concurrent.Executors$RunnableAdapter.call(Executors.java:515)
	at java.base/java.util.concurrent.FutureTask.run(FutureTask.java:264)
	at java.base/java.util.concurrent.ThreadPoolExecutor.runWorker(ThreadPoolExecutor.java:1128)
	at java.base/java.util.concurrent.ThreadPoolExecutor$Worker.run(ThreadPoolExecutor.java:628)
	at java.base/java.lang.Thread.run(Thread.java:834)
FINE	thread=772	Exception: null source=ci, type=testproduct, code=uno, updateTime=Mon Aug 05 16:07:20 MDT 2019
FINEST	thread=772	Tracker updates disabled, not sent
INFO	thread=772	Exception executing task
java.lang.NullPointerException
	at gov.usgs.earthquake.product.FileContent.getDirectoryContents(FileContent.java:181)
	at gov.usgs.earthquake.product.FileContent.getDirectoryContents(FileContent.java:158)
	at gov.usgs.earthquake.product.io.DirectoryProductSource.streamTo(DirectoryProductSource.java:91)
	at gov.usgs.earthquake.product.io.ObjectProductHandler.getProduct(ObjectProductHandler.java:172)
	at gov.usgs.earthquake.distribution.FileProductStorage.getProduct(FileProductStorage.java:465)
	at gov.usgs.earthquake.indexer.ExternalIndexerListener.storeProduct(ExternalIndexerListener.java:197)
	at gov.usgs.earthquake.indexer.ExternalIndexerListener.onIndexerEvent(ExternalIndexerListener.java:131)
	at gov.usgs.earthquake.indexer.IndexerListenerCallable.call(IndexerListenerCallable.java:36)
	at gov.usgs.earthquake.indexer.IndexerListenerCallable.call(IndexerListenerCallable.java:12)
	at gov.usgs.util.ExecutorTask.run(ExecutorTask.java:183)
	at java.base/java.util.concurrent.Executors$RunnableAdapter.call(Executors.java:515)
	at java.base/java.util.concurrent.FutureTask.run(FutureTask.java:264)
	at java.base/java.util.concurrent.ThreadPoolExecutor.runWorker(ThreadPoolExecutor.java:1128)
	at java.base/java.util.concurrent.ThreadPoolExecutor$Worker.run(ThreadPoolExecutor.java:628)
	at java.base/java.lang.Thread.run(Thread.java:834)
FINEST	thread=13	[null] storing product id=urn:usgs-product:admin:trump-testproduct:us-testproduct-one:1565042840653
FINEST	thread=13	[null] acquiring write lock for product id=urn:usgs-product:admin:trump-testproduct:us-testproduct-one:1565042840653
FINEST	thread=13	[null] acquired write lock for product id=urn:usgs-product:admin:trump-testproduct:us-testproduct-one:1565042840653
FINEST	thread=13	[null] acquiring read lock for product id=urn:usgs-product:admin:trump-testproduct:us-testproduct-one:1565042840653
FINEST	thread=13	[null] acquired read lock for product id=urn:usgs-product:admin:trump-testproduct:us-testproduct-one:1565042840653
FINEST	thread=13	[null] releasing read lock for product id=urn:usgs-product:admin:trump-testproduct:us-testproduct-one:1565042840653
FINEST	thread=13	[null] released read lock for product id=urn:usgs-product:admin:trump-testproduct:us-testproduct-one:1565042840653
FINER	thread=13	[null] product stored id=urn:usgs-product:admin:trump-testproduct:us-testproduct-one:1565042840653, status=UPDATE
FINEST	thread=13	[null] releasing write lock for product id=urn:usgs-product:admin:trump-testproduct:us-testproduct-one:1565042840653
FINEST	thread=13	[null] released write lock for product id=urn:usgs-product:admin:trump-testproduct:us-testproduct-one:1565042840653
FINEST	thread=13	[null] stored product id=urn:usgs-product:admin:trump-testproduct:us-testproduct-one:1565042840653
FINER	thread=13	[null] summarizing product id=urn:usgs-product:admin:trump-testproduct:us-testproduct-one:1565042840653
FINEST	thread=13	[null] beginning index transaction
FINER	thread=13	[null] finding previous version
FINEST	thread=13	[null] running query 
SELECT DISTINCT id FROM productSummary p WHERE p.id IS NOT NULL AND p.id = (SELECT id FROM productSummary ps WHERE ps.source='admin' AND ps.type='trump-testproduct' AND ps.code='us-testproduct-one' AND ps.status <> 'DELETE' ORDER BY ps.updateTime DESC LIMIT 1) AND source='admin' AND type='trump-testproduct' AND code='us-testproduct-one'
FINEST	thread=13	[null] query complete
FINER	thread=13	[null] finding previous event
FINEST	thread=13	Product Index Query
eventSearchType=SEARCH_EVENT_PRODUCTS
resultType=RESULT_TYPE_ALL
eventSource=us
eventSourceCode=one
FINER	thread=13	[null] adding summary to index
FINEST	thread=13	[null] Added property trump-source:us for product 3
FINEST	thread=13	[null] Added property trump-code:one for product 3
FINEST	thread=13	[null] Added property eventsourcecode:one for product 3
FINEST	thread=13	[null] Added property eventsource:us for product 3
FINEST	thread=13	[null] Added productSummary urn:usgs-product:admin:trump-testproduct:us-testproduct-one:1565042840653, indexid=3 to product index
FINER	thread=13	[null] found existing event indexid=1
FINE	thread=13	Eventindexid=1, eventid=ciuno, latitude=35.0, longitude=-118.0, time=Mon Aug 05 16:07:20 MDT 2019, deleted=false
FINER	thread=13	Products in event
	status=UPDATE, id=urn:usgs-product:us:testproduct:one:1565042840525, eventid=usone, latitude=35.0, longitude=-118.0, time=Mon Aug 05 16:07:20 MDT 2019
	status=UPDATE, id=urn:usgs-product:ci:testproduct:uno:1565042840587, eventid=ciuno, latitude=35.0, longitude=-118.0, time=Mon Aug 05 16:07:20 MDT 2019
FINER	thread=13	[null] Added associations event id=1, productSummary source=admin, type=trump-testproduct, code=us-testproduct-one (id=3)
FINER	thread=13	[null] checking for event splits
FINEST	thread=13	Product Index Query
eventSearchType=SEARCH_EVENT_PREFERRED
resultType=RESULT_TYPE_ALL
minEventTime=Mon Aug 05 16:07:04 MDT 2019
maxEventTime=Mon Aug 05 16:07:36 MDT 2019
minEventLatitude=34.10007199424046075986183268469176255166530609130859375
maxEventLatitude=35.89992800575953924013816731530823744833469390869140625
minEventLongitude=-119.098609241146021986423875205218791961669921875
maxEventLongitude=-116.901390758853978013576124794781208038330078125
FINER	thread=13	[null] checking for event merges
FINEST	thread=13	Product Index Query
eventSearchType=SEARCH_EVENT_PREFERRED
resultType=RESULT_TYPE_ALL
minEventTime=Mon Aug 05 16:07:04 MDT 2019
maxEventTime=Mon Aug 05 16:07:36 MDT 2019
minEventLatitude=34.10007199424046075986183268469176255166530609130859375
maxEventLatitude=35.89992800575953924013816731530823744833469390869140625
minEventLongitude=-119.098609241146021986423875205218791961669921875
maxEventLongitude=-116.901390758853978013576124794781208038330078125
FINER	thread=13	[null] searching for nearby events
FINER	thread=13	[null] search for nearby events complete
FINER	thread=13	[null] searching for unassociated products
FINER	thread=13	[null] search for unassociated products complete
INFO	thread=13	Setting product preferred weight urn:usgs-product:us:testproduct:one:1565042840525, weight 6 (old) => 100000000 (new)
FINER	thread=13	[null] Removed associations event id=1, productSummary source=us, type=testproduct, code=one (id=1)
FINEST	thread=13	[null] Removed productSummary id=1
FINEST	thread=13	[null] Added property latitude:35.0 for product 4
FINEST	thread=13	[null] Added property eventsourcecode:one for product 4
FINEST	thread=13	[null] Added property eventtime:2019-08-05T22:07:20.525Z for product 4
FINEST	thread=13	[null] Added property eventsource:us for product 4
FINEST	thread=13	[null] Added property longitude:-118.0 for product 4
FINEST	thread=13	[null] Added productSummary urn:usgs-product:us:testproduct:one:1565042840525, indexid=4 to product index
FINER	thread=13	[null] Added associations event id=1, productSummary source=us, type=testproduct, code=one (id=4)
FINER	thread=13	[null] updating event summary parameters
FINER	thread=13	[null] Updating event indexid=1
FINE	thread=13	Eventindexid=1, eventid=usone, latitude=35.0, longitude=-118.0, time=Mon Aug 05 16:07:20 MDT 2019, deleted=false
FINER	thread=13	Products in event
	status=UPDATE, id=urn:usgs-product:ci:testproduct:uno:1565042840587, eventid=ciuno, latitude=35.0, longitude=-118.0, time=Mon Aug 05 16:07:20 MDT 2019
	status=UPDATE, id=urn:usgs-product:us:testproduct:one:1565042840525, eventid=usone, latitude=35.0, longitude=-118.0, time=Mon Aug 05 16:07:20 MDT 2019
	status=UPDATE, id=urn:usgs-product:admin:trump-testproduct:us-testproduct-one:1565042840653, eventid=usone, latitude=null, longitude=null, time=null
FINEST	thread=13	[null] Updated event properties in Product Index
FINER	thread=13	[null] committing transaction
FINE	thread=13	[null] notifying listeners
INFO	thread=13	[null] indexed product id=urn:usgs-product:admin:trump-testproduct:us-testproduct-one:1565042840653, status=UPDATE
EVENT_UPDATED usone => usone
FINEST	thread=772	[null] acquiring read lock for product id=urn:usgs-product:admin:trump-testproduct:us-testproduct-one:1565042840653
FINEST	thread=772	[null] acquired read lock for product id=urn:usgs-product:admin:trump-testproduct:us-testproduct-one:1565042840653
FINEST	thread=772	[null] releasing read lock for product id=urn:usgs-product:admin:trump-testproduct:us-testproduct-one:1565042840653
FINEST	thread=772	[null] released read lock for product id=urn:usgs-product:admin:trump-testproduct:us-testproduct-one:1565042840653
FINER	thread=772	[DirectoryProductSource] Product does not have any  URLContent. Scraping directory for files.
FINEST	thread=772	[null] acquiring write lock for product id=urn:usgs-product:admin:trump-testproduct:us-testproduct-one:1565042840653
FINEST	thread=772	[null] acquired write lock for product id=urn:usgs-product:admin:trump-testproduct:us-testproduct-one:1565042840653
FINEST	thread=772	[null] acquiring read lock for product id=urn:usgs-product:admin:trump-testproduct:us-testproduct-one:1565042840653
FINEST	thread=772	[null] acquired read lock for product id=urn:usgs-product:admin:trump-testproduct:us-testproduct-one:1565042840653
FINEST	thread=772	[null] releasing read lock for product id=urn:usgs-product:admin:trump-testproduct:us-testproduct-one:1565042840653
FINEST	thread=772	[null] released read lock for product id=urn:usgs-product:admin:trump-testproduct:us-testproduct-one:1565042840653
FINEST	thread=774	[null] acquiring read lock for product id=urn:usgs-product:admin:trump-testproduct:us-testproduct-one:1565042840653
FINEST	thread=774	[null] acquired read lock for product id=urn:usgs-product:admin:trump-testproduct:us-testproduct-one:1565042840653
FINEST	thread=774	[null] releasing read lock for product id=urn:usgs-product:admin:trump-testproduct:us-testproduct-one:1565042840653
FINEST	thread=774	[null] released read lock for product id=urn:usgs-product:admin:trump-testproduct:us-testproduct-one:1565042840653
FINER	thread=772	[null] product stored id=urn:usgs-product:admin:trump-testproduct:us-testproduct-one:1565042840653, status=UPDATE
FINEST	thread=772	[null] releasing write lock for product id=urn:usgs-product:admin:trump-testproduct:us-testproduct-one:1565042840653
FINEST	thread=772	[null] released write lock for product id=urn:usgs-product:admin:trump-testproduct:us-testproduct-one:1565042840653
FINEST	thread=772	[null] acquiring read lock for product id=urn:usgs-product:admin:trump-testproduct:us-testproduct-one:1565042840653
FINEST	thread=772	[null] acquired read lock for product id=urn:usgs-product:admin:trump-testproduct:us-testproduct-one:1565042840653
FINEST	thread=772	[null] releasing read lock for product id=urn:usgs-product:admin:trump-testproduct:us-testproduct-one:1565042840653
FINEST	thread=772	[null] released read lock for product id=urn:usgs-product:admin:trump-testproduct:us-testproduct-one:1565042840653
FINER	thread=774	[DirectoryProductSource] Product does not have any  URLContent. Scraping directory for files.
FINEST	thread=774	[null] acquiring write lock for product id=urn:usgs-product:admin:trump-testproduct:us-testproduct-one:1565042840653
FINEST	thread=774	[null] acquired write lock for product id=urn:usgs-product:admin:trump-testproduct:us-testproduct-one:1565042840653
FINEST	thread=774	[null] acquiring read lock for product id=urn:usgs-product:admin:trump-testproduct:us-testproduct-one:1565042840653
FINEST	thread=774	[null] acquired read lock for product id=urn:usgs-product:admin:trump-testproduct:us-testproduct-one:1565042840653
FINEST	thread=774	[null] acquiring read lock for product id=urn:usgs-product:admin:trump-testproduct:us-testproduct-one:1565042840653
FINEST	thread=774	[null] acquired read lock for product id=urn:usgs-product:admin:trump-testproduct:us-testproduct-one:1565042840653
FINEST	thread=774	[null] releasing read lock for product id=urn:usgs-product:admin:trump-testproduct:us-testproduct-one:1565042840653
FINEST	thread=774	[null] released read lock for product id=urn:usgs-product:admin:trump-testproduct:us-testproduct-one:1565042840653
FINEST	thread=774	[null] releasing read lock for product id=urn:usgs-product:admin:trump-testproduct:us-testproduct-one:1565042840653
FINEST	thread=774	[null] released read lock for product id=urn:usgs-product:admin:trump-testproduct:us-testproduct-one:1565042840653
FINEST	thread=774	[null] releasing write lock for product id=urn:usgs-product:admin:trump-testproduct:us-testproduct-one:1565042840653
FINEST	thread=774	[null] released write lock for product id=urn:usgs-product:admin:trump-testproduct:us-testproduct-one:1565042840653
INFO	thread=774	[null] product already in storage
FINEST	thread=774	[null] acquiring read lock for product id=urn:usgs-product:admin:trump-testproduct:us-testproduct-one:1565042840653
FINEST	thread=774	[null] acquired read lock for product id=urn:usgs-product:admin:trump-testproduct:us-testproduct-one:1565042840653
FINEST	thread=774	[null] releasing read lock for product id=urn:usgs-product:admin:trump-testproduct:us-testproduct-one:1565042840653
FINEST	thread=774	[null] released read lock for product id=urn:usgs-product:admin:trump-testproduct:us-testproduct-one:1565042840653
FINER	thread=772	[DirectoryProductSource] Product does not have any  URLContent. Scraping directory for files.
FINEST	thread=772	[null] acquiring read lock for product id=urn:usgs-product:admin:trump-testproduct:us-testproduct-one:1565042840653
FINEST	thread=772	[null] acquired read lock for product id=urn:usgs-product:admin:trump-testproduct:us-testproduct-one:1565042840653
FINEST	thread=772	[null] releasing read lock for product id=urn:usgs-product:admin:trump-testproduct:us-testproduct-one:1565042840653
FINEST	thread=772	[null] released read lock for product id=urn:usgs-product:admin:trump-testproduct:us-testproduct-one:1565042840653
FINER	thread=772	[DirectoryProductSource] Product does not have any  URLContent. Scraping directory for files.
FINER	thread=774	[DirectoryProductSource] Product does not have any  URLContent. Scraping directory for files.
INFO	thread=772	[null] running command echo --preferred-eventid=usone --preferred-eventsource=us --preferred-eventsourcecode=one --eventids=ciuno,usone --preferred-magnitude=null --preferred-latitude=35.0 --preferred-longitude=-118.0 --preferred-depth=null --preferred-eventtime=2019-08-05T22:07:20.525Z --directory=/Users/cbass/Projects/pdl/_test_storage_/trump-testproduct/us-testproduct-one/admin/1565042840653 --type=trump-testproduct --code=us-testproduct-one --source=admin --updateTime=2019-08-05T22:07:20.653Z --status=UPDATE --trackerURL=http://localhost/tracker "--property-trump-source=us" "--property-trump-code=one" "--property-eventsourcecode=one" "--property-eventsource=us" --action=EVENT_UPDATED
INFO	thread=772	[null] command 'echo --preferred-eventid=usone --preferred-eventsource=us --preferred-eventsourcecode=one --eventids=ciuno,usone --preferred-magnitude=null --preferred-latitude=35.0 --preferred-longitude=-118.0 --preferred-depth=null --preferred-eventtime=2019-08-05T22:07:20.525Z --directory=/Users/cbass/Projects/pdl/_test_storage_/trump-testproduct/us-testproduct-one/admin/1565042840653 --type=trump-testproduct --code=us-testproduct-one --source=admin --updateTime=2019-08-05T22:07:20.653Z --status=UPDATE --trackerURL=http://localhost/tracker "--property-trump-source=us" "--property-trump-code=one" "--property-eventsourcecode=one" "--property-eventsource=us" --action=EVENT_UPDATED' exited with status '0'
FINEST	thread=13	[null] storing product id=urn:usgs-product:us:testproduct:one:1565042840720
FINEST	thread=13	[null] acquiring write lock for product id=urn:usgs-product:us:testproduct:one:1565042840720
FINEST	thread=13	[null] acquired write lock for product id=urn:usgs-product:us:testproduct:one:1565042840720
FINEST	thread=13	[null] acquiring read lock for product id=urn:usgs-product:us:testproduct:one:1565042840720
FINEST	thread=13	[null] acquired read lock for product id=urn:usgs-product:us:testproduct:one:1565042840720
FINEST	thread=13	[null] releasing read lock for product id=urn:usgs-product:us:testproduct:one:1565042840720
FINEST	thread=13	[null] released read lock for product id=urn:usgs-product:us:testproduct:one:1565042840720
FINER	thread=13	[null] product stored id=urn:usgs-product:us:testproduct:one:1565042840720, status=UPDATE
FINEST	thread=13	[null] releasing write lock for product id=urn:usgs-product:us:testproduct:one:1565042840720
FINEST	thread=13	[null] released write lock for product id=urn:usgs-product:us:testproduct:one:1565042840720
FINEST	thread=13	[null] stored product id=urn:usgs-product:us:testproduct:one:1565042840720
FINER	thread=13	[null] summarizing product id=urn:usgs-product:us:testproduct:one:1565042840720
FINEST	thread=13	[null] beginning index transaction
FINER	thread=13	[null] finding previous version
FINEST	thread=13	[null] running query 
SELECT DISTINCT id FROM productSummary p WHERE p.id IS NOT NULL AND p.id = (SELECT id FROM productSummary ps WHERE ps.source='us' AND ps.type='testproduct' AND ps.code='one' AND ps.status <> 'DELETE' ORDER BY ps.updateTime DESC LIMIT 1) AND source='us' AND type='testproduct' AND code='one'
FINEST	thread=13	[null] query complete
FINER	thread=13	[null] finding previous event
FINEST	thread=13	Product Index Query
eventSearchType=SEARCH_EVENT_PRODUCTS
resultType=RESULT_TYPE_ALL
eventSource=us
eventSourceCode=one
FINEST	thread=13	Product Index Query
eventSearchType=SEARCH_EVENT_PREFERRED
resultType=RESULT_TYPE_ALL
minEventTime=Mon Aug 05 16:07:04 MDT 2019
maxEventTime=Mon Aug 05 16:07:36 MDT 2019
minEventLatitude=34.10007199424046075986183268469176255166530609130859375
maxEventLatitude=35.89992800575953924013816731530823744833469390869140625
minEventLongitude=-119.098609241146021986423875205218791961669921875
maxEventLongitude=-116.901390758853978013576124794781208038330078125
FINER	thread=13	[null] adding summary to index
FINEST	thread=13	[null] Added property eventsourcecode:one for product 5
FINEST	thread=13	[null] Added property eventtime:2019-08-05T22:07:20.525Z for product 5
FINEST	thread=13	[null] Added property eventsource:us for product 5
FINEST	thread=13	[null] Added property latitude:35.0 for product 5
FINEST	thread=13	[null] Added property longitude:-118.0 for product 5
FINEST	thread=13	[null] Added productSummary urn:usgs-product:us:testproduct:one:1565042840720, indexid=5 to product index
FINER	thread=13	[null] found existing event indexid=1
FINE	thread=13	Eventindexid=1, eventid=usone, latitude=35.0, longitude=-118.0, time=Mon Aug 05 16:07:20 MDT 2019, deleted=false
FINER	thread=13	Products in event
	status=UPDATE, id=urn:usgs-product:ci:testproduct:uno:1565042840587, eventid=ciuno, latitude=35.0, longitude=-118.0, time=Mon Aug 05 16:07:20 MDT 2019
	status=UPDATE, id=urn:usgs-product:us:testproduct:one:1565042840525, eventid=usone, latitude=35.0, longitude=-118.0, time=Mon Aug 05 16:07:20 MDT 2019
	status=UPDATE, id=urn:usgs-product:admin:trump-testproduct:us-testproduct-one:1565042840653, eventid=usone, latitude=null, longitude=null, time=null
FINER	thread=13	[null] Added associations event id=1, productSummary source=us, type=testproduct, code=one (id=5)
FINER	thread=13	[null] checking for event splits
FINEST	thread=13	Product Index Query
eventSearchType=SEARCH_EVENT_PREFERRED
resultType=RESULT_TYPE_ALL
minEventTime=Mon Aug 05 16:07:04 MDT 2019
maxEventTime=Mon Aug 05 16:07:36 MDT 2019
minEventLatitude=34.10007199424046075986183268469176255166530609130859375
maxEventLatitude=35.89992800575953924013816731530823744833469390869140625
minEventLongitude=-119.098609241146021986423875205218791961669921875
maxEventLongitude=-116.901390758853978013576124794781208038330078125
FINER	thread=13	[null] checking for event merges
FINEST	thread=13	Product Index Query
eventSearchType=SEARCH_EVENT_PREFERRED
resultType=RESULT_TYPE_ALL
minEventTime=Mon Aug 05 16:07:04 MDT 2019
maxEventTime=Mon Aug 05 16:07:36 MDT 2019
minEventLatitude=34.10007199424046075986183268469176255166530609130859375
maxEventLatitude=35.89992800575953924013816731530823744833469390869140625
minEventLongitude=-119.098609241146021986423875205218791961669921875
maxEventLongitude=-116.901390758853978013576124794781208038330078125
FINER	thread=13	[null] searching for nearby events
FINER	thread=13	[null] search for nearby events complete
FINER	thread=13	[null] searching for unassociated products
FINER	thread=13	[null] search for unassociated products complete
INFO	thread=13	Setting product preferred weight urn:usgs-product:us:testproduct:one:1565042840720, weight 6 (old) => 100000000 (new)
FINER	thread=13	[null] Removed associations event id=1, productSummary source=us, type=testproduct, code=one (id=5)
FINEST	thread=13	[null] Removed productSummary id=5
FINEST	thread=13	[null] Added property eventsourcecode:one for product 6
FINEST	thread=13	[null] Added property eventtime:2019-08-05T22:07:20.525Z for product 6
FINEST	thread=13	[null] Added property eventsource:us for product 6
FINEST	thread=13	[null] Added property latitude:35.0 for product 6
FINEST	thread=13	[null] Added property longitude:-118.0 for product 6
FINEST	thread=13	[null] Added productSummary urn:usgs-product:us:testproduct:one:1565042840720, indexid=6 to product index
FINER	thread=13	[null] Added associations event id=1, productSummary source=us, type=testproduct, code=one (id=6)
FINER	thread=13	[null] updating event summary parameters
FINER	thread=13	[null] Updating event indexid=1
FINE	thread=13	Eventindexid=1, eventid=usone, latitude=35.0, longitude=-118.0, time=Mon Aug 05 16:07:20 MDT 2019, deleted=false
FINER	thread=13	Products in event
	status=UPDATE, id=urn:usgs-product:ci:testproduct:uno:1565042840587, eventid=ciuno, latitude=35.0, longitude=-118.0, time=Mon Aug 05 16:07:20 MDT 2019
	status=UPDATE, id=urn:usgs-product:us:testproduct:one:1565042840720, eventid=usone, latitude=35.0, longitude=-118.0, time=Mon Aug 05 16:07:20 MDT 2019
	status=UPDATE, id=urn:usgs-product:admin:trump-testproduct:us-testproduct-one:1565042840653, eventid=usone, latitude=null, longitude=null, time=null
FINEST	thread=13	[null] Updated event properties in Product Index
FINER	thread=13	[null] committing transaction
FINE	thread=13	[null] notifying listeners
INFO	thread=13	[null] indexed product id=urn:usgs-product:us:testproduct:one:1565042840720, status=UPDATE
EVENT_UPDATED usone => usone
FINEST	thread=774	[null] acquiring read lock for product id=urn:usgs-product:us:testproduct:one:1565042840720
FINEST	thread=774	[null] acquired read lock for product id=urn:usgs-product:us:testproduct:one:1565042840720
FINEST	thread=772	[null] acquiring read lock for product id=urn:usgs-product:us:testproduct:one:1565042840720
FINEST	thread=774	[null] releasing read lock for product id=urn:usgs-product:us:testproduct:one:1565042840720
FINEST	thread=774	[null] released read lock for product id=urn:usgs-product:us:testproduct:one:1565042840720
FINEST	thread=772	[null] acquired read lock for product id=urn:usgs-product:us:testproduct:one:1565042840720
FINEST	thread=772	[null] releasing read lock for product id=urn:usgs-product:us:testproduct:one:1565042840720
FINEST	thread=772	[null] released read lock for product id=urn:usgs-product:us:testproduct:one:1565042840720
FINER	thread=772	[DirectoryProductSource] Product does not have any  URLContent. Scraping directory for files.
FINEST	thread=772	[null] acquiring write lock for product id=urn:usgs-product:us:testproduct:one:1565042840720
FINEST	thread=772	[null] acquired write lock for product id=urn:usgs-product:us:testproduct:one:1565042840720
FINEST	thread=772	[null] acquiring read lock for product id=urn:usgs-product:us:testproduct:one:1565042840720
FINEST	thread=772	[null] acquired read lock for product id=urn:usgs-product:us:testproduct:one:1565042840720
FINEST	thread=772	[null] releasing read lock for product id=urn:usgs-product:us:testproduct:one:1565042840720
FINEST	thread=772	[null] released read lock for product id=urn:usgs-product:us:testproduct:one:1565042840720
FINER	thread=774	[DirectoryProductSource] Product does not have any  URLContent. Scraping directory for files.
FINEST	thread=774	[null] acquiring write lock for product id=urn:usgs-product:us:testproduct:one:1565042840720
FINEST	thread=774	[null] acquired write lock for product id=urn:usgs-product:us:testproduct:one:1565042840720
FINEST	thread=774	[null] acquiring read lock for product id=urn:usgs-product:us:testproduct:one:1565042840720
FINEST	thread=774	[null] acquired read lock for product id=urn:usgs-product:us:testproduct:one:1565042840720
FINEST	thread=774	[null] releasing read lock for product id=urn:usgs-product:us:testproduct:one:1565042840720
FINEST	thread=774	[null] released read lock for product id=urn:usgs-product:us:testproduct:one:1565042840720
FINER	thread=772	[null] product stored id=urn:usgs-product:us:testproduct:one:1565042840720, status=UPDATE
FINEST	thread=772	[null] releasing write lock for product id=urn:usgs-product:us:testproduct:one:1565042840720
FINEST	thread=772	[null] released write lock for product id=urn:usgs-product:us:testproduct:one:1565042840720
FINER	thread=774	[null] product stored id=urn:usgs-product:us:testproduct:one:1565042840720, status=UPDATE
FINEST	thread=772	[null] acquiring read lock for product id=urn:usgs-product:us:testproduct:one:1565042840720
FINEST	thread=774	[null] releasing write lock for product id=urn:usgs-product:us:testproduct:one:1565042840720
FINEST	thread=772	[null] acquired read lock for product id=urn:usgs-product:us:testproduct:one:1565042840720
FINEST	thread=774	[null] released write lock for product id=urn:usgs-product:us:testproduct:one:1565042840720
FINEST	thread=774	[null] acquiring read lock for product id=urn:usgs-product:us:testproduct:one:1565042840720
FINEST	thread=772	[null] releasing read lock for product id=urn:usgs-product:us:testproduct:one:1565042840720
FINEST	thread=774	[null] acquired read lock for product id=urn:usgs-product:us:testproduct:one:1565042840720
FINEST	thread=772	[null] released read lock for product id=urn:usgs-product:us:testproduct:one:1565042840720
FINEST	thread=774	[null] releasing read lock for product id=urn:usgs-product:us:testproduct:one:1565042840720
FINEST	thread=774	[null] released read lock for product id=urn:usgs-product:us:testproduct:one:1565042840720
FINER	thread=774	[DirectoryProductSource] Product does not have any  URLContent. Scraping directory for files.
FINER	thread=772	[DirectoryProductSource] Product does not have any  URLContent. Scraping directory for files.
FINEST	thread=772	[null] acquiring read lock for product id=urn:usgs-product:us:testproduct:one:1565042840720
FINEST	thread=772	[null] acquired read lock for product id=urn:usgs-product:us:testproduct:one:1565042840720
FINEST	thread=772	[null] releasing read lock for product id=urn:usgs-product:us:testproduct:one:1565042840720
FINEST	thread=772	[null] released read lock for product id=urn:usgs-product:us:testproduct:one:1565042840720
FINER	thread=772	[DirectoryProductSource] Product does not have any  URLContent. Scraping directory for files.
INFO	thread=772	[null] running command echo --preferred-eventid=usone --preferred-eventsource=us --preferred-eventsourcecode=one --eventids=ciuno,usone --preferred-magnitude=null --preferred-latitude=35.0 --preferred-longitude=-118.0 --preferred-depth=null --preferred-eventtime=2019-08-05T22:07:20.525Z --directory=/Users/cbass/Projects/pdl/_test_storage_/testproduct/one/us/1565042840720 --type=testproduct --code=one --source=us --updateTime=2019-08-05T22:07:20.720Z --status=UPDATE --trackerURL=http://localhost/tracker "--property-eventsourcecode=one" "--property-eventtime=2019-08-05T22:07:20.525Z" "--property-eventsource=us" "--property-latitude=35.0" "--property-longitude=-118.0" --action=EVENT_UPDATED
INFO	thread=772	[null] command 'echo --preferred-eventid=usone --preferred-eventsource=us --preferred-eventsourcecode=one --eventids=ciuno,usone --preferred-magnitude=null --preferred-latitude=35.0 --preferred-longitude=-118.0 --preferred-depth=null --preferred-eventtime=2019-08-05T22:07:20.525Z --directory=/Users/cbass/Projects/pdl/_test_storage_/testproduct/one/us/1565042840720 --type=testproduct --code=one --source=us --updateTime=2019-08-05T22:07:20.720Z --status=UPDATE --trackerURL=http://localhost/tracker "--property-eventsourcecode=one" "--property-eventtime=2019-08-05T22:07:20.525Z" "--property-eventsource=us" "--property-latitude=35.0" "--property-longitude=-118.0" --action=EVENT_UPDATED' exited with status '0'
FINEST	thread=13	[null] storing product id=urn:usgs-product:admin:trump-testproduct:sc-testproduct-uno:1565042840786
FINEST	thread=13	[null] acquiring write lock for product id=urn:usgs-product:admin:trump-testproduct:sc-testproduct-uno:1565042840786
FINEST	thread=13	[null] acquired write lock for product id=urn:usgs-product:admin:trump-testproduct:sc-testproduct-uno:1565042840786
FINEST	thread=13	[null] acquiring read lock for product id=urn:usgs-product:admin:trump-testproduct:sc-testproduct-uno:1565042840786
FINEST	thread=13	[null] acquired read lock for product id=urn:usgs-product:admin:trump-testproduct:sc-testproduct-uno:1565042840786
FINEST	thread=13	[null] releasing read lock for product id=urn:usgs-product:admin:trump-testproduct:sc-testproduct-uno:1565042840786
FINEST	thread=13	[null] released read lock for product id=urn:usgs-product:admin:trump-testproduct:sc-testproduct-uno:1565042840786
FINER	thread=13	[null] product stored id=urn:usgs-product:admin:trump-testproduct:sc-testproduct-uno:1565042840786, status=UPDATE
FINEST	thread=13	[null] releasing write lock for product id=urn:usgs-product:admin:trump-testproduct:sc-testproduct-uno:1565042840786
FINEST	thread=13	[null] released write lock for product id=urn:usgs-product:admin:trump-testproduct:sc-testproduct-uno:1565042840786
FINEST	thread=13	[null] stored product id=urn:usgs-product:admin:trump-testproduct:sc-testproduct-uno:1565042840786
FINER	thread=13	[null] summarizing product id=urn:usgs-product:admin:trump-testproduct:sc-testproduct-uno:1565042840786
FINEST	thread=13	[null] beginning index transaction
FINER	thread=13	[null] finding previous version
FINEST	thread=13	[null] running query 
SELECT DISTINCT id FROM productSummary p WHERE p.id IS NOT NULL AND p.id = (SELECT id FROM productSummary ps WHERE ps.source='admin' AND ps.type='trump-testproduct' AND ps.code='sc-testproduct-uno' AND ps.status <> 'DELETE' ORDER BY ps.updateTime DESC LIMIT 1) AND source='admin' AND type='trump-testproduct' AND code='sc-testproduct-uno'
FINEST	thread=13	[null] query complete
FINER	thread=13	[null] finding previous event
FINEST	thread=13	Product Index Query
eventSearchType=SEARCH_EVENT_PRODUCTS
resultType=RESULT_TYPE_ALL
eventSource=ci
eventSourceCode=uno
FINER	thread=13	[null] adding summary to index
FINEST	thread=13	[null] Added property trump-source:ci for product 7
FINEST	thread=13	[null] Added property trump-code:uno for product 7
FINEST	thread=13	[null] Added property eventsourcecode:uno for product 7
FINEST	thread=13	[null] Added property eventsource:ci for product 7
FINEST	thread=13	[null] Added productSummary urn:usgs-product:admin:trump-testproduct:sc-testproduct-uno:1565042840786, indexid=7 to product index
FINER	thread=13	[null] found existing event indexid=1
FINE	thread=13	Eventindexid=1, eventid=usone, latitude=35.0, longitude=-118.0, time=Mon Aug 05 16:07:20 MDT 2019, deleted=false
FINER	thread=13	Products in event
	status=UPDATE, id=urn:usgs-product:ci:testproduct:uno:1565042840587, eventid=ciuno, latitude=35.0, longitude=-118.0, time=Mon Aug 05 16:07:20 MDT 2019
	status=UPDATE, id=urn:usgs-product:us:testproduct:one:1565042840525, eventid=usone, latitude=35.0, longitude=-118.0, time=Mon Aug 05 16:07:20 MDT 2019
	status=UPDATE, id=urn:usgs-product:us:testproduct:one:1565042840720, eventid=usone, latitude=35.0, longitude=-118.0, time=Mon Aug 05 16:07:20 MDT 2019
	status=UPDATE, id=urn:usgs-product:admin:trump-testproduct:us-testproduct-one:1565042840653, eventid=usone, latitude=null, longitude=null, time=null
FINER	thread=13	[null] Added associations event id=1, productSummary source=admin, type=trump-testproduct, code=sc-testproduct-uno (id=7)
FINER	thread=13	[null] checking for event splits
FINEST	thread=13	Product Index Query
eventSearchType=SEARCH_EVENT_PREFERRED
resultType=RESULT_TYPE_ALL
minEventTime=Mon Aug 05 16:07:04 MDT 2019
maxEventTime=Mon Aug 05 16:07:36 MDT 2019
minEventLatitude=34.10007199424046075986183268469176255166530609130859375
maxEventLatitude=35.89992800575953924013816731530823744833469390869140625
minEventLongitude=-119.098609241146021986423875205218791961669921875
maxEventLongitude=-116.901390758853978013576124794781208038330078125
FINER	thread=13	[null] checking for event merges
FINEST	thread=13	Product Index Query
eventSearchType=SEARCH_EVENT_PREFERRED
resultType=RESULT_TYPE_ALL
minEventTime=Mon Aug 05 16:07:04 MDT 2019
maxEventTime=Mon Aug 05 16:07:36 MDT 2019
minEventLatitude=34.10007199424046075986183268469176255166530609130859375
maxEventLatitude=35.89992800575953924013816731530823744833469390869140625
minEventLongitude=-119.098609241146021986423875205218791961669921875
maxEventLongitude=-116.901390758853978013576124794781208038330078125
FINER	thread=13	[null] searching for nearby events
FINER	thread=13	[null] search for nearby events complete
FINER	thread=13	[null] searching for unassociated products
FINER	thread=13	[null] search for unassociated products complete
INFO	thread=13	Setting product preferred weight urn:usgs-product:ci:testproduct:uno:1565042840587, weight 156 (old) => 100000000 (new)
FINER	thread=13	[null] Removed associations event id=1, productSummary source=ci, type=testproduct, code=uno (id=2)
FINEST	thread=13	[null] Removed productSummary id=2
FINEST	thread=13	[null] Added property latitude:35.0 for product 8
FINEST	thread=13	[null] Added property eventsourcecode:uno for product 8
FINEST	thread=13	[null] Added property eventtime:2019-08-05T22:07:20.525Z for product 8
FINEST	thread=13	[null] Added property eventsource:ci for product 8
FINEST	thread=13	[null] Added property longitude:-118.0 for product 8
FINEST	thread=13	[null] Added productSummary urn:usgs-product:ci:testproduct:uno:1565042840587, indexid=8 to product index
FINER	thread=13	[null] Added associations event id=1, productSummary source=ci, type=testproduct, code=uno (id=8)
FINER	thread=13	[null] Removed associations event id=1, productSummary source=us, type=testproduct, code=one (id=6)
FINEST	thread=13	[null] Removed productSummary id=6
FINEST	thread=13	[null] acquiring read lock for product id=urn:usgs-product:us:testproduct:one:1565042840720
FINEST	thread=13	[null] acquired read lock for product id=urn:usgs-product:us:testproduct:one:1565042840720
FINEST	thread=13	[null] releasing read lock for product id=urn:usgs-product:us:testproduct:one:1565042840720
FINEST	thread=13	[null] released read lock for product id=urn:usgs-product:us:testproduct:one:1565042840720
FINER	thread=13	[DirectoryProductSource] Product does not have any  URLContent. Scraping directory for files.
INFO	thread=13	Resummarizing product urn:usgs-product:us:testproduct:one:1565042840720, weight 100000000 (old) => 6 (new)
FINEST	thread=13	[null] Added property eventsourcecode:one for product 9
FINEST	thread=13	[null] Added property eventtime:2019-08-05T22:07:20.525Z for product 9
FINEST	thread=13	[null] Added property eventsource:us for product 9
FINEST	thread=13	[null] Added property latitude:35.0 for product 9
FINEST	thread=13	[null] Added property longitude:-118.0 for product 9
FINEST	thread=13	[null] Added productSummary urn:usgs-product:us:testproduct:one:1565042840720, indexid=9 to product index
FINER	thread=13	[null] Added associations event id=1, productSummary source=us, type=testproduct, code=one (id=9)
FINER	thread=13	[null] updating event summary parameters
FINER	thread=13	[null] Updating event indexid=1
FINE	thread=13	Eventindexid=1, eventid=ciuno, latitude=35.0, longitude=-118.0, time=Mon Aug 05 16:07:20 MDT 2019, deleted=false
FINER	thread=13	Products in event
	status=UPDATE, id=urn:usgs-product:ci:testproduct:uno:1565042840587, eventid=ciuno, latitude=35.0, longitude=-118.0, time=Mon Aug 05 16:07:20 MDT 2019
	status=UPDATE, id=urn:usgs-product:us:testproduct:one:1565042840720, eventid=usone, latitude=35.0, longitude=-118.0, time=Mon Aug 05 16:07:20 MDT 2019
	status=UPDATE, id=urn:usgs-product:admin:trump-testproduct:us-testproduct-one:1565042840653, eventid=usone, latitude=null, longitude=null, time=null
	status=UPDATE, id=urn:usgs-product:admin:trump-testproduct:sc-testproduct-uno:1565042840786, eventid=ciuno, latitude=null, longitude=null, time=null
FINEST	thread=13	[null] Updated event properties in Product Index
FINER	thread=13	[null] committing transaction
FINE	thread=13	[null] notifying listeners
INFO	thread=13	[null] indexed product id=urn:usgs-product:admin:trump-testproduct:sc-testproduct-uno:1565042840786, status=UPDATE
EVENT_UPDATED usone => ciuno
FINEST	thread=772	[null] acquiring read lock for product id=urn:usgs-product:admin:trump-testproduct:sc-testproduct-uno:1565042840786
FINEST	thread=774	[null] acquiring read lock for product id=urn:usgs-product:admin:trump-testproduct:sc-testproduct-uno:1565042840786
FINEST	thread=772	[null] acquired read lock for product id=urn:usgs-product:admin:trump-testproduct:sc-testproduct-uno:1565042840786
FINEST	thread=774	[null] acquired read lock for product id=urn:usgs-product:admin:trump-testproduct:sc-testproduct-uno:1565042840786
FINEST	thread=772	[null] releasing read lock for product id=urn:usgs-product:admin:trump-testproduct:sc-testproduct-uno:1565042840786
FINEST	thread=772	[null] released read lock for product id=urn:usgs-product:admin:trump-testproduct:sc-testproduct-uno:1565042840786
FINEST	thread=774	[null] releasing read lock for product id=urn:usgs-product:admin:trump-testproduct:sc-testproduct-uno:1565042840786
FINEST	thread=774	[null] released read lock for product id=urn:usgs-product:admin:trump-testproduct:sc-testproduct-uno:1565042840786
FINER	thread=772	[DirectoryProductSource] Product does not have any  URLContent. Scraping directory for files.
FINER	thread=774	[DirectoryProductSource] Product does not have any  URLContent. Scraping directory for files.
FINEST	thread=772	[null] acquiring write lock for product id=urn:usgs-product:admin:trump-testproduct:sc-testproduct-uno:1565042840786
FINEST	thread=774	[null] acquiring write lock for product id=urn:usgs-product:admin:trump-testproduct:sc-testproduct-uno:1565042840786
FINEST	thread=772	[null] acquired write lock for product id=urn:usgs-product:admin:trump-testproduct:sc-testproduct-uno:1565042840786
FINEST	thread=772	[null] acquiring read lock for product id=urn:usgs-product:admin:trump-testproduct:sc-testproduct-uno:1565042840786
FINEST	thread=774	[null] acquired write lock for product id=urn:usgs-product:admin:trump-testproduct:sc-testproduct-uno:1565042840786
FINEST	thread=772	[null] acquired read lock for product id=urn:usgs-product:admin:trump-testproduct:sc-testproduct-uno:1565042840786
FINEST	thread=774	[null] acquiring read lock for product id=urn:usgs-product:admin:trump-testproduct:sc-testproduct-uno:1565042840786
FINEST	thread=774	[null] acquired read lock for product id=urn:usgs-product:admin:trump-testproduct:sc-testproduct-uno:1565042840786
FINEST	thread=772	[null] releasing read lock for product id=urn:usgs-product:admin:trump-testproduct:sc-testproduct-uno:1565042840786
FINEST	thread=774	[null] releasing read lock for product id=urn:usgs-product:admin:trump-testproduct:sc-testproduct-uno:1565042840786
FINEST	thread=772	[null] released read lock for product id=urn:usgs-product:admin:trump-testproduct:sc-testproduct-uno:1565042840786
FINEST	thread=774	[null] released read lock for product id=urn:usgs-product:admin:trump-testproduct:sc-testproduct-uno:1565042840786
WARNING	thread=774	[null] exception while storing product, removing incomplete product
java.io.IOException: Unable to create directory /Users/cbass/Projects/pdl/_test_storage_/trump-testproduct/sc-testproduct-uno/admin/1565042840786
	at gov.usgs.util.StreamUtils.getOutputStream(StreamUtils.java:153)
	at gov.usgs.util.StreamUtils.getOutputStream(StreamUtils.java:183)
	at gov.usgs.earthquake.product.io.DirectoryProductHandler.onEndProduct(DirectoryProductHandler.java:68)
	at gov.usgs.earthquake.product.io.FilterProductHandler.onEndProduct(FilterProductHandler.java:71)
	at gov.usgs.earthquake.distribution.FileProductStorage$StorageProductOutput.onEndProduct(FileProductStorage.java:855)
	at gov.usgs.earthquake.product.io.ObjectProductSource.sendEndProduct(ObjectProductSource.java:166)
	at gov.usgs.earthquake.product.io.ObjectProductSource.streamTo(ObjectProductSource.java:62)
	at gov.usgs.earthquake.distribution.FileProductStorage.storeProductSource(FileProductStorage.java:693)
	at gov.usgs.earthquake.distribution.FileProductStorage.storeProduct(FileProductStorage.java:675)
	at gov.usgs.earthquake.indexer.ExternalIndexerListener.storeProduct(ExternalIndexerListener.java:196)
	at gov.usgs.earthquake.indexer.ExternalIndexerListener.onIndexerEvent(ExternalIndexerListener.java:131)
	at gov.usgs.earthquake.indexer.IndexerListenerCallable.call(IndexerListenerCallable.java:36)
	at gov.usgs.earthquake.indexer.IndexerListenerCallable.call(IndexerListenerCallable.java:12)
	at gov.usgs.util.ExecutorTask.run(ExecutorTask.java:183)
	at java.base/java.util.concurrent.Executors$RunnableAdapter.call(Executors.java:515)
	at java.base/java.util.concurrent.FutureTask.run(FutureTask.java:264)
	at java.base/java.util.concurrent.ThreadPoolExecutor.runWorker(ThreadPoolExecutor.java:1128)
	at java.base/java.util.concurrent.ThreadPoolExecutor$Worker.run(ThreadPoolExecutor.java:628)
	at java.base/java.lang.Thread.run(Thread.java:834)
FINEST	thread=774	[null] acquiring write lock for product id=urn:usgs-product:admin:trump-testproduct:sc-testproduct-uno:1565042840786
FINEST	thread=774	[null] acquired write lock for product id=urn:usgs-product:admin:trump-testproduct:sc-testproduct-uno:1565042840786
FINER	thread=772	[null] product stored id=urn:usgs-product:admin:trump-testproduct:sc-testproduct-uno:1565042840786, status=UPDATE
FINEST	thread=772	[null] releasing write lock for product id=urn:usgs-product:admin:trump-testproduct:sc-testproduct-uno:1565042840786
FINEST	thread=772	[null] released write lock for product id=urn:usgs-product:admin:trump-testproduct:sc-testproduct-uno:1565042840786
FINEST	thread=772	[null] acquiring read lock for product id=urn:usgs-product:admin:trump-testproduct:sc-testproduct-uno:1565042840786
FINEST	thread=772	[null] acquired read lock for product id=urn:usgs-product:admin:trump-testproduct:sc-testproduct-uno:1565042840786
FINEST	thread=772	[null] releasing read lock for product id=urn:usgs-product:admin:trump-testproduct:sc-testproduct-uno:1565042840786
FINEST	thread=772	[null] released read lock for product id=urn:usgs-product:admin:trump-testproduct:sc-testproduct-uno:1565042840786
FINER	thread=774	[null] product removed, id=urn:usgs-product:admin:trump-testproduct:sc-testproduct-uno:1565042840786
FINEST	thread=774	[null] releasing write lock for product id=urn:usgs-product:admin:trump-testproduct:sc-testproduct-uno:1565042840786
FINEST	thread=774	[null] released write lock for product id=urn:usgs-product:admin:trump-testproduct:sc-testproduct-uno:1565042840786
FINEST	thread=774	[null] releasing write lock for product id=urn:usgs-product:admin:trump-testproduct:sc-testproduct-uno:1565042840786
FINEST	thread=774	[null] released write lock for product id=urn:usgs-product:admin:trump-testproduct:sc-testproduct-uno:1565042840786
WARNING	thread=774	[null] listener (null) threw exception, for product id=urn:usgs-product:admin:trump-testproduct:sc-testproduct-uno:1565042840786
java.io.IOException: Unable to create directory /Users/cbass/Projects/pdl/_test_storage_/trump-testproduct/sc-testproduct-uno/admin/1565042840786
	at gov.usgs.util.StreamUtils.getOutputStream(StreamUtils.java:153)
	at gov.usgs.util.StreamUtils.getOutputStream(StreamUtils.java:183)
	at gov.usgs.earthquake.product.io.DirectoryProductHandler.onEndProduct(DirectoryProductHandler.java:68)
	at gov.usgs.earthquake.product.io.FilterProductHandler.onEndProduct(FilterProductHandler.java:71)
	at gov.usgs.earthquake.distribution.FileProductStorage$StorageProductOutput.onEndProduct(FileProductStorage.java:855)
	at gov.usgs.earthquake.product.io.ObjectProductSource.sendEndProduct(ObjectProductSource.java:166)
	at gov.usgs.earthquake.product.io.ObjectProductSource.streamTo(ObjectProductSource.java:62)
	at gov.usgs.earthquake.distribution.FileProductStorage.storeProductSource(FileProductStorage.java:693)
	at gov.usgs.earthquake.distribution.FileProductStorage.storeProduct(FileProductStorage.java:675)
	at gov.usgs.earthquake.indexer.ExternalIndexerListener.storeProduct(ExternalIndexerListener.java:196)
	at gov.usgs.earthquake.indexer.ExternalIndexerListener.onIndexerEvent(ExternalIndexerListener.java:131)
	at gov.usgs.earthquake.indexer.IndexerListenerCallable.call(IndexerListenerCallable.java:36)
	at gov.usgs.earthquake.indexer.IndexerListenerCallable.call(IndexerListenerCallable.java:12)
	at gov.usgs.util.ExecutorTask.run(ExecutorTask.java:183)
	at java.base/java.util.concurrent.Executors$RunnableAdapter.call(Executors.java:515)
	at java.base/java.util.concurrent.FutureTask.run(FutureTask.java:264)
	at java.base/java.util.concurrent.ThreadPoolExecutor.runWorker(ThreadPoolExecutor.java:1128)
	at java.base/java.util.concurrent.ThreadPoolExecutor$Worker.run(ThreadPoolExecutor.java:628)
	at java.base/java.lang.Thread.run(Thread.java:834)
FINE	thread=774	Exception: Unable to create directory /Users/cbass/Projects/pdl/_test_storage_/trump-testproduct/sc-testproduct-uno/admin/1565042840786 source=admin, type=trump-testproduct, code=sc-testproduct-uno, updateTime=Mon Aug 05 16:07:20 MDT 2019
FINEST	thread=774	Tracker updates disabled, not sent
INFO	thread=774	Exception executing task
java.io.IOException: Unable to create directory /Users/cbass/Projects/pdl/_test_storage_/trump-testproduct/sc-testproduct-uno/admin/1565042840786
	at gov.usgs.util.StreamUtils.getOutputStream(StreamUtils.java:153)
	at gov.usgs.util.StreamUtils.getOutputStream(StreamUtils.java:183)
	at gov.usgs.earthquake.product.io.DirectoryProductHandler.onEndProduct(DirectoryProductHandler.java:68)
	at gov.usgs.earthquake.product.io.FilterProductHandler.onEndProduct(FilterProductHandler.java:71)
	at gov.usgs.earthquake.distribution.FileProductStorage$StorageProductOutput.onEndProduct(FileProductStorage.java:855)
	at gov.usgs.earthquake.product.io.ObjectProductSource.sendEndProduct(ObjectProductSource.java:166)
	at gov.usgs.earthquake.product.io.ObjectProductSource.streamTo(ObjectProductSource.java:62)
	at gov.usgs.earthquake.distribution.FileProductStorage.storeProductSource(FileProductStorage.java:693)
	at gov.usgs.earthquake.distribution.FileProductStorage.storeProduct(FileProductStorage.java:675)
	at gov.usgs.earthquake.indexer.ExternalIndexerListener.storeProduct(ExternalIndexerListener.java:196)
	at gov.usgs.earthquake.indexer.ExternalIndexerListener.onIndexerEvent(ExternalIndexerListener.java:131)
	at gov.usgs.earthquake.indexer.IndexerListenerCallable.call(IndexerListenerCallable.java:36)
	at gov.usgs.earthquake.indexer.IndexerListenerCallable.call(IndexerListenerCallable.java:12)
	at gov.usgs.util.ExecutorTask.run(ExecutorTask.java:183)
	at java.base/java.util.concurrent.Executors$RunnableAdapter.call(Executors.java:515)
	at java.base/java.util.concurrent.FutureTask.run(FutureTask.java:264)
	at java.base/java.util.concurrent.ThreadPoolExecutor.runWorker(ThreadPoolExecutor.java:1128)
	at java.base/java.util.concurrent.ThreadPoolExecutor$Worker.run(ThreadPoolExecutor.java:628)
	at java.base/java.lang.Thread.run(Thread.java:834)
FINER	thread=772	[DirectoryProductSource] Product does not have any  URLContent. Scraping directory for files.
WARNING	thread=772	[null] listener (null) threw exception, for product id=urn:usgs-product:admin:trump-testproduct:sc-testproduct-uno:1565042840786
java.lang.NullPointerException
	at gov.usgs.earthquake.product.FileContent.getDirectoryContents(FileContent.java:181)
	at gov.usgs.earthquake.product.FileContent.getDirectoryContents(FileContent.java:158)
	at gov.usgs.earthquake.product.io.DirectoryProductSource.streamTo(DirectoryProductSource.java:91)
	at gov.usgs.earthquake.product.io.ObjectProductHandler.getProduct(ObjectProductHandler.java:172)
	at gov.usgs.earthquake.distribution.FileProductStorage.getProduct(FileProductStorage.java:465)
	at gov.usgs.earthquake.indexer.ExternalIndexerListener.storeProduct(ExternalIndexerListener.java:197)
	at gov.usgs.earthquake.indexer.ExternalIndexerListener.onIndexerEvent(ExternalIndexerListener.java:131)
	at gov.usgs.earthquake.indexer.IndexerListenerCallable.call(IndexerListenerCallable.java:36)
	at gov.usgs.earthquake.indexer.IndexerListenerCallable.call(IndexerListenerCallable.java:12)
	at gov.usgs.util.ExecutorTask.run(ExecutorTask.java:183)
	at java.base/java.util.concurrent.Executors$RunnableAdapter.call(Executors.java:515)
	at java.base/java.util.concurrent.FutureTask.run(FutureTask.java:264)
	at java.base/java.util.concurrent.ThreadPoolExecutor.runWorker(ThreadPoolExecutor.java:1128)
	at java.base/java.util.concurrent.ThreadPoolExecutor$Worker.run(ThreadPoolExecutor.java:628)
	at java.base/java.lang.Thread.run(Thread.java:834)
FINE	thread=772	Exception: null source=admin, type=trump-testproduct, code=sc-testproduct-uno, updateTime=Mon Aug 05 16:07:20 MDT 2019
FINEST	thread=772	Tracker updates disabled, not sent
INFO	thread=772	Exception executing task
java.lang.NullPointerException
	at gov.usgs.earthquake.product.FileContent.getDirectoryContents(FileContent.java:181)
	at gov.usgs.earthquake.product.FileContent.getDirectoryContents(FileContent.java:158)
	at gov.usgs.earthquake.product.io.DirectoryProductSource.streamTo(DirectoryProductSource.java:91)
	at gov.usgs.earthquake.product.io.ObjectProductHandler.getProduct(ObjectProductHandler.java:172)
	at gov.usgs.earthquake.distribution.FileProductStorage.getProduct(FileProductStorage.java:465)
	at gov.usgs.earthquake.indexer.ExternalIndexerListener.storeProduct(ExternalIndexerListener.java:197)
	at gov.usgs.earthquake.indexer.ExternalIndexerListener.onIndexerEvent(ExternalIndexerListener.java:131)
	at gov.usgs.earthquake.indexer.IndexerListenerCallable.call(IndexerListenerCallable.java:36)
	at gov.usgs.earthquake.indexer.IndexerListenerCallable.call(IndexerListenerCallable.java:12)
	at gov.usgs.util.ExecutorTask.run(ExecutorTask.java:183)
	at java.base/java.util.concurrent.Executors$RunnableAdapter.call(Executors.java:515)
	at java.base/java.util.concurrent.FutureTask.run(FutureTask.java:264)
	at java.base/java.util.concurrent.ThreadPoolExecutor.runWorker(ThreadPoolExecutor.java:1128)
	at java.base/java.util.concurrent.ThreadPoolExecutor$Worker.run(ThreadPoolExecutor.java:628)
	at java.base/java.lang.Thread.run(Thread.java:834)
FINEST	thread=13	[null] storing product id=urn:usgs-product:admin:trump-testproduct:sc-testproduct-uno:1565042840856
FINEST	thread=13	[null] acquiring write lock for product id=urn:usgs-product:admin:trump-testproduct:sc-testproduct-uno:1565042840856
FINEST	thread=13	[null] acquired write lock for product id=urn:usgs-product:admin:trump-testproduct:sc-testproduct-uno:1565042840856
FINEST	thread=13	[null] acquiring read lock for product id=urn:usgs-product:admin:trump-testproduct:sc-testproduct-uno:1565042840856
FINEST	thread=13	[null] acquired read lock for product id=urn:usgs-product:admin:trump-testproduct:sc-testproduct-uno:1565042840856
FINEST	thread=13	[null] releasing read lock for product id=urn:usgs-product:admin:trump-testproduct:sc-testproduct-uno:1565042840856
FINEST	thread=13	[null] released read lock for product id=urn:usgs-product:admin:trump-testproduct:sc-testproduct-uno:1565042840856
FINER	thread=13	[null] product stored id=urn:usgs-product:admin:trump-testproduct:sc-testproduct-uno:1565042840856, status=DELETE
FINEST	thread=13	[null] releasing write lock for product id=urn:usgs-product:admin:trump-testproduct:sc-testproduct-uno:1565042840856
FINEST	thread=13	[null] released write lock for product id=urn:usgs-product:admin:trump-testproduct:sc-testproduct-uno:1565042840856
FINEST	thread=13	[null] stored product id=urn:usgs-product:admin:trump-testproduct:sc-testproduct-uno:1565042840856
FINER	thread=13	[null] summarizing product id=urn:usgs-product:admin:trump-testproduct:sc-testproduct-uno:1565042840856
FINEST	thread=13	[null] beginning index transaction
FINER	thread=13	[null] finding previous version
FINEST	thread=13	[null] running query 
SELECT DISTINCT id FROM productSummary p WHERE p.id IS NOT NULL AND p.id = (SELECT id FROM productSummary ps WHERE ps.source='admin' AND ps.type='trump-testproduct' AND ps.code='sc-testproduct-uno' AND ps.status <> 'DELETE' ORDER BY ps.updateTime DESC LIMIT 1) AND source='admin' AND type='trump-testproduct' AND code='sc-testproduct-uno'
FINEST	thread=13	[null] query complete
FINER	thread=13	[null] finding previous event
FINEST	thread=13	Product Index Query
eventSearchType=SEARCH_EVENT_PRODUCTS
resultType=RESULT_TYPE_ALL
eventSource=ci
eventSourceCode=uno
FINER	thread=13	[null] adding summary to index
FINEST	thread=13	[null] Added property trump-source:ci for product 10
FINEST	thread=13	[null] Added property trump-code:uno for product 10
FINEST	thread=13	[null] Added property eventsourcecode:uno for product 10
FINEST	thread=13	[null] Added property eventsource:ci for product 10
FINEST	thread=13	[null] Added productSummary urn:usgs-product:admin:trump-testproduct:sc-testproduct-uno:1565042840856, indexid=10 to product index
FINER	thread=13	[null] found existing event indexid=1
FINE	thread=13	Eventindexid=1, eventid=ciuno, latitude=35.0, longitude=-118.0, time=Mon Aug 05 16:07:20 MDT 2019, deleted=false
FINER	thread=13	Products in event
	status=UPDATE, id=urn:usgs-product:us:testproduct:one:1565042840720, eventid=usone, latitude=35.0, longitude=-118.0, time=Mon Aug 05 16:07:20 MDT 2019
	status=UPDATE, id=urn:usgs-product:us:testproduct:one:1565042840525, eventid=usone, latitude=35.0, longitude=-118.0, time=Mon Aug 05 16:07:20 MDT 2019
	status=UPDATE, id=urn:usgs-product:ci:testproduct:uno:1565042840587, eventid=ciuno, latitude=35.0, longitude=-118.0, time=Mon Aug 05 16:07:20 MDT 2019
	status=UPDATE, id=urn:usgs-product:admin:trump-testproduct:us-testproduct-one:1565042840653, eventid=usone, latitude=null, longitude=null, time=null
	status=UPDATE, id=urn:usgs-product:admin:trump-testproduct:sc-testproduct-uno:1565042840786, eventid=ciuno, latitude=null, longitude=null, time=null
FINER	thread=13	[null] Added associations event id=1, productSummary source=admin, type=trump-testproduct, code=sc-testproduct-uno (id=10)
FINER	thread=13	[null] checking for event splits
FINEST	thread=13	Product Index Query
eventSearchType=SEARCH_EVENT_PREFERRED
resultType=RESULT_TYPE_ALL
minEventTime=Mon Aug 05 16:07:04 MDT 2019
maxEventTime=Mon Aug 05 16:07:36 MDT 2019
minEventLatitude=34.10007199424046075986183268469176255166530609130859375
maxEventLatitude=35.89992800575953924013816731530823744833469390869140625
minEventLongitude=-119.098609241146021986423875205218791961669921875
maxEventLongitude=-116.901390758853978013576124794781208038330078125
FINER	thread=13	[null] checking for event merges
FINEST	thread=13	Product Index Query
eventSearchType=SEARCH_EVENT_PREFERRED
resultType=RESULT_TYPE_ALL
minEventTime=Mon Aug 05 16:07:04 MDT 2019
maxEventTime=Mon Aug 05 16:07:36 MDT 2019
minEventLatitude=34.10007199424046075986183268469176255166530609130859375
maxEventLatitude=35.89992800575953924013816731530823744833469390869140625
minEventLongitude=-119.098609241146021986423875205218791961669921875
maxEventLongitude=-116.901390758853978013576124794781208038330078125
FINER	thread=13	[null] searching for nearby events
FINER	thread=13	[null] search for nearby events complete
FINER	thread=13	[null] searching for unassociated products
FINER	thread=13	[null] search for unassociated products complete
FINER	thread=13	[null] Removed associations event id=1, productSummary source=ci, type=testproduct, code=uno (id=8)
FINEST	thread=13	[null] Removed productSummary id=8
FINEST	thread=13	[null] acquiring read lock for product id=urn:usgs-product:ci:testproduct:uno:1565042840587
FINEST	thread=13	[null] acquired read lock for product id=urn:usgs-product:ci:testproduct:uno:1565042840587
FINEST	thread=13	[null] releasing read lock for product id=urn:usgs-product:ci:testproduct:uno:1565042840587
FINEST	thread=13	[null] released read lock for product id=urn:usgs-product:ci:testproduct:uno:1565042840587
FINER	thread=13	[DirectoryProductSource] Product does not have any  URLContent. Scraping directory for files.
INFO	thread=13	Resummarizing product urn:usgs-product:ci:testproduct:uno:1565042840587, weight 100000000 (old) => 156 (new)
FINEST	thread=13	[null] Added property eventsourcecode:uno for product 11
FINEST	thread=13	[null] Added property eventtime:2019-08-05T22:07:20.525Z for product 11
FINEST	thread=13	[null] Added property eventsource:ci for product 11
FINEST	thread=13	[null] Added property latitude:35.0 for product 11
FINEST	thread=13	[null] Added property longitude:-118.0 for product 11
FINEST	thread=13	[null] Added productSummary urn:usgs-product:ci:testproduct:uno:1565042840587, indexid=11 to product index
FINER	thread=13	[null] Added associations event id=1, productSummary source=ci, type=testproduct, code=uno (id=11)
INFO	thread=13	Setting product preferred weight urn:usgs-product:us:testproduct:one:1565042840720, weight 6 (old) => 100000000 (new)
FINER	thread=13	[null] Removed associations event id=1, productSummary source=us, type=testproduct, code=one (id=9)
FINEST	thread=13	[null] Removed productSummary id=9
FINEST	thread=13	[null] Added property latitude:35.0 for product 12
FINEST	thread=13	[null] Added property eventsourcecode:one for product 12
FINEST	thread=13	[null] Added property eventtime:2019-08-05T22:07:20.525Z for product 12
FINEST	thread=13	[null] Added property eventsource:us for product 12
FINEST	thread=13	[null] Added property longitude:-118.0 for product 12
FINEST	thread=13	[null] Added productSummary urn:usgs-product:us:testproduct:one:1565042840720, indexid=12 to product index
FINER	thread=13	[null] Added associations event id=1, productSummary source=us, type=testproduct, code=one (id=12)
FINER	thread=13	[null] updating event summary parameters
FINER	thread=13	[null] Updating event indexid=1
FINE	thread=13	Eventindexid=1, eventid=usone, latitude=35.0, longitude=-118.0, time=Mon Aug 05 16:07:20 MDT 2019, deleted=false
FINER	thread=13	Products in event
	status=UPDATE, id=urn:usgs-product:ci:testproduct:uno:1565042840587, eventid=ciuno, latitude=35.0, longitude=-118.0, time=Mon Aug 05 16:07:20 MDT 2019
	status=UPDATE, id=urn:usgs-product:us:testproduct:one:1565042840720, eventid=usone, latitude=35.0, longitude=-118.0, time=Mon Aug 05 16:07:20 MDT 2019
	status=UPDATE, id=urn:usgs-product:admin:trump-testproduct:us-testproduct-one:1565042840653, eventid=usone, latitude=null, longitude=null, time=null
	status=UPDATE, id=urn:usgs-product:admin:trump-testproduct:sc-testproduct-uno:1565042840786, eventid=ciuno, latitude=null, longitude=null, time=null
	status=DELETE, id=urn:usgs-product:admin:trump-testproduct:sc-testproduct-uno:1565042840856, eventid=ciuno, latitude=null, longitude=null, time=null
FINEST	thread=13	[null] Updated event properties in Product Index
FINER	thread=13	[null] committing transaction
FINE	thread=13	[null] notifying listeners
INFO	thread=13	[null] indexed product id=urn:usgs-product:admin:trump-testproduct:sc-testproduct-uno:1565042840856, status=DELETE
EVENT_UPDATED usone => usone
FINEST	thread=772	[null] acquiring read lock for product id=urn:usgs-product:admin:trump-testproduct:sc-testproduct-uno:1565042840856
FINEST	thread=774	[null] acquiring read lock for product id=urn:usgs-product:admin:trump-testproduct:sc-testproduct-uno:1565042840856
FINEST	thread=774	[null] acquired read lock for product id=urn:usgs-product:admin:trump-testproduct:sc-testproduct-uno:1565042840856
FINEST	thread=772	[null] acquired read lock for product id=urn:usgs-product:admin:trump-testproduct:sc-testproduct-uno:1565042840856
FINEST	thread=774	[null] releasing read lock for product id=urn:usgs-product:admin:trump-testproduct:sc-testproduct-uno:1565042840856
FINEST	thread=772	[null] releasing read lock for product id=urn:usgs-product:admin:trump-testproduct:sc-testproduct-uno:1565042840856
FINEST	thread=772	[null] released read lock for product id=urn:usgs-product:admin:trump-testproduct:sc-testproduct-uno:1565042840856
FINEST	thread=774	[null] released read lock for product id=urn:usgs-product:admin:trump-testproduct:sc-testproduct-uno:1565042840856
FINER	thread=772	[DirectoryProductSource] Product does not have any  URLContent. Scraping directory for files.
FINER	thread=774	[DirectoryProductSource] Product does not have any  URLContent. Scraping directory for files.
FINEST	thread=772	[null] acquiring write lock for product id=urn:usgs-product:admin:trump-testproduct:sc-testproduct-uno:1565042840856
FINEST	thread=774	[null] acquiring write lock for product id=urn:usgs-product:admin:trump-testproduct:sc-testproduct-uno:1565042840856
FINEST	thread=772	[null] acquired write lock for product id=urn:usgs-product:admin:trump-testproduct:sc-testproduct-uno:1565042840856
FINEST	thread=772	[null] acquiring read lock for product id=urn:usgs-product:admin:trump-testproduct:sc-testproduct-uno:1565042840856
FINEST	thread=772	[null] acquired read lock for product id=urn:usgs-product:admin:trump-testproduct:sc-testproduct-uno:1565042840856
FINEST	thread=774	[null] acquired write lock for product id=urn:usgs-product:admin:trump-testproduct:sc-testproduct-uno:1565042840856
FINEST	thread=772	[null] releasing read lock for product id=urn:usgs-product:admin:trump-testproduct:sc-testproduct-uno:1565042840856
FINEST	thread=774	[null] acquiring read lock for product id=urn:usgs-product:admin:trump-testproduct:sc-testproduct-uno:1565042840856
FINEST	thread=772	[null] released read lock for product id=urn:usgs-product:admin:trump-testproduct:sc-testproduct-uno:1565042840856
FINEST	thread=774	[null] acquired read lock for product id=urn:usgs-product:admin:trump-testproduct:sc-testproduct-uno:1565042840856
FINEST	thread=774	[null] releasing read lock for product id=urn:usgs-product:admin:trump-testproduct:sc-testproduct-uno:1565042840856
FINEST	thread=774	[null] released read lock for product id=urn:usgs-product:admin:trump-testproduct:sc-testproduct-uno:1565042840856
WARNING	thread=774	[null] exception while storing product, removing incomplete product
java.io.IOException: Unable to create directory /Users/cbass/Projects/pdl/_test_storage_/trump-testproduct/sc-testproduct-uno/admin/1565042840856
	at gov.usgs.util.StreamUtils.getOutputStream(StreamUtils.java:153)
	at gov.usgs.util.StreamUtils.getOutputStream(StreamUtils.java:183)
	at gov.usgs.earthquake.product.io.DirectoryProductHandler.onEndProduct(DirectoryProductHandler.java:68)
	at gov.usgs.earthquake.product.io.FilterProductHandler.onEndProduct(FilterProductHandler.java:71)
	at gov.usgs.earthquake.distribution.FileProductStorage$StorageProductOutput.onEndProduct(FileProductStorage.java:855)
	at gov.usgs.earthquake.product.io.ObjectProductSource.sendEndProduct(ObjectProductSource.java:166)
	at gov.usgs.earthquake.product.io.ObjectProductSource.streamTo(ObjectProductSource.java:62)
	at gov.usgs.earthquake.distribution.FileProductStorage.storeProductSource(FileProductStorage.java:693)
	at gov.usgs.earthquake.distribution.FileProductStorage.storeProduct(FileProductStorage.java:675)
	at gov.usgs.earthquake.indexer.ExternalIndexerListener.storeProduct(ExternalIndexerListener.java:196)
	at gov.usgs.earthquake.indexer.ExternalIndexerListener.onIndexerEvent(ExternalIndexerListener.java:131)
	at gov.usgs.earthquake.indexer.IndexerListenerCallable.call(IndexerListenerCallable.java:36)
	at gov.usgs.earthquake.indexer.IndexerListenerCallable.call(IndexerListenerCallable.java:12)
	at gov.usgs.util.ExecutorTask.run(ExecutorTask.java:183)
	at java.base/java.util.concurrent.Executors$RunnableAdapter.call(Executors.java:515)
	at java.base/java.util.concurrent.FutureTask.run(FutureTask.java:264)
	at java.base/java.util.concurrent.ThreadPoolExecutor.runWorker(ThreadPoolExecutor.java:1128)
	at java.base/java.util.concurrent.ThreadPoolExecutor$Worker.run(ThreadPoolExecutor.java:628)
	at java.base/java.lang.Thread.run(Thread.java:834)
FINEST	thread=774	[null] acquiring write lock for product id=urn:usgs-product:admin:trump-testproduct:sc-testproduct-uno:1565042840856
FINEST	thread=774	[null] acquired write lock for product id=urn:usgs-product:admin:trump-testproduct:sc-testproduct-uno:1565042840856
FINER	thread=772	[null] product stored id=urn:usgs-product:admin:trump-testproduct:sc-testproduct-uno:1565042840856, status=DELETE
FINEST	thread=772	[null] releasing write lock for product id=urn:usgs-product:admin:trump-testproduct:sc-testproduct-uno:1565042840856
FINEST	thread=772	[null] released write lock for product id=urn:usgs-product:admin:trump-testproduct:sc-testproduct-uno:1565042840856
FINEST	thread=772	[null] acquiring read lock for product id=urn:usgs-product:admin:trump-testproduct:sc-testproduct-uno:1565042840856
FINEST	thread=772	[null] acquired read lock for product id=urn:usgs-product:admin:trump-testproduct:sc-testproduct-uno:1565042840856
FINEST	thread=772	[null] releasing read lock for product id=urn:usgs-product:admin:trump-testproduct:sc-testproduct-uno:1565042840856
FINEST	thread=772	[null] released read lock for product id=urn:usgs-product:admin:trump-testproduct:sc-testproduct-uno:1565042840856
FINER	thread=774	[null] product removed, id=urn:usgs-product:admin:trump-testproduct:sc-testproduct-uno:1565042840856
FINEST	thread=774	[null] releasing write lock for product id=urn:usgs-product:admin:trump-testproduct:sc-testproduct-uno:1565042840856
FINEST	thread=774	[null] released write lock for product id=urn:usgs-product:admin:trump-testproduct:sc-testproduct-uno:1565042840856
FINEST	thread=774	[null] releasing write lock for product id=urn:usgs-product:admin:trump-testproduct:sc-testproduct-uno:1565042840856
FINEST	thread=774	[null] released write lock for product id=urn:usgs-product:admin:trump-testproduct:sc-testproduct-uno:1565042840856
WARNING	thread=774	[null] listener (null) threw exception, for product id=urn:usgs-product:admin:trump-testproduct:sc-testproduct-uno:1565042840856
java.io.IOException: Unable to create directory /Users/cbass/Projects/pdl/_test_storage_/trump-testproduct/sc-testproduct-uno/admin/1565042840856
	at gov.usgs.util.StreamUtils.getOutputStream(StreamUtils.java:153)
	at gov.usgs.util.StreamUtils.getOutputStream(StreamUtils.java:183)
	at gov.usgs.earthquake.product.io.DirectoryProductHandler.onEndProduct(DirectoryProductHandler.java:68)
	at gov.usgs.earthquake.product.io.FilterProductHandler.onEndProduct(FilterProductHandler.java:71)
	at gov.usgs.earthquake.distribution.FileProductStorage$StorageProductOutput.onEndProduct(FileProductStorage.java:855)
	at gov.usgs.earthquake.product.io.ObjectProductSource.sendEndProduct(ObjectProductSource.java:166)
	at gov.usgs.earthquake.product.io.ObjectProductSource.streamTo(ObjectProductSource.java:62)
	at gov.usgs.earthquake.distribution.FileProductStorage.storeProductSource(FileProductStorage.java:693)
	at gov.usgs.earthquake.distribution.FileProductStorage.storeProduct(FileProductStorage.java:675)
	at gov.usgs.earthquake.indexer.ExternalIndexerListener.storeProduct(ExternalIndexerListener.java:196)
	at gov.usgs.earthquake.indexer.ExternalIndexerListener.onIndexerEvent(ExternalIndexerListener.java:131)
	at gov.usgs.earthquake.indexer.IndexerListenerCallable.call(IndexerListenerCallable.java:36)
	at gov.usgs.earthquake.indexer.IndexerListenerCallable.call(IndexerListenerCallable.java:12)
	at gov.usgs.util.ExecutorTask.run(ExecutorTask.java:183)
	at java.base/java.util.concurrent.Executors$RunnableAdapter.call(Executors.java:515)
	at java.base/java.util.concurrent.FutureTask.run(FutureTask.java:264)
	at java.base/java.util.concurrent.ThreadPoolExecutor.runWorker(ThreadPoolExecutor.java:1128)
	at java.base/java.util.concurrent.ThreadPoolExecutor$Worker.run(ThreadPoolExecutor.java:628)
	at java.base/java.lang.Thread.run(Thread.java:834)
FINEST	thread=772	[null] acquiring read lock for product id=urn:usgs-product:admin:trump-testproduct:sc-testproduct-uno:1565042840856
FINEST	thread=772	[null] acquired read lock for product id=urn:usgs-product:admin:trump-testproduct:sc-testproduct-uno:1565042840856
FINEST	thread=772	[null] releasing read lock for product id=urn:usgs-product:admin:trump-testproduct:sc-testproduct-uno:1565042840856
FINE	thread=774	Exception: Unable to create directory /Users/cbass/Projects/pdl/_test_storage_/trump-testproduct/sc-testproduct-uno/admin/1565042840856 source=admin, type=trump-testproduct, code=sc-testproduct-uno, updateTime=Mon Aug 05 16:07:20 MDT 2019
FINEST	thread=774	Tracker updates disabled, not sent
FINEST	thread=772	[null] released read lock for product id=urn:usgs-product:admin:trump-testproduct:sc-testproduct-uno:1565042840856
INFO	thread=772	[null] running command echo --preferred-eventid=usone --preferred-eventsource=us --preferred-eventsourcecode=one --eventids=ciuno,usone --preferred-magnitude=null --preferred-latitude=35.0 --preferred-longitude=-118.0 --preferred-depth=null --preferred-eventtime=2019-08-05T22:07:20.525Z --type=trump-testproduct --code=sc-testproduct-uno --source=admin --updateTime=2019-08-05T22:07:20.856Z --status=DELETE --delete --trackerURL=http://localhost/tracker "--property-trump-source=ci" "--property-trump-code=uno" "--property-eventsourcecode=uno" "--property-eventsource=ci" --action=EVENT_UPDATED
INFO	thread=774	Exception executing task
java.io.IOException: Unable to create directory /Users/cbass/Projects/pdl/_test_storage_/trump-testproduct/sc-testproduct-uno/admin/1565042840856
	at gov.usgs.util.StreamUtils.getOutputStream(StreamUtils.java:153)
	at gov.usgs.util.StreamUtils.getOutputStream(StreamUtils.java:183)
	at gov.usgs.earthquake.product.io.DirectoryProductHandler.onEndProduct(DirectoryProductHandler.java:68)
	at gov.usgs.earthquake.product.io.FilterProductHandler.onEndProduct(FilterProductHandler.java:71)
	at gov.usgs.earthquake.distribution.FileProductStorage$StorageProductOutput.onEndProduct(FileProductStorage.java:855)
	at gov.usgs.earthquake.product.io.ObjectProductSource.sendEndProduct(ObjectProductSource.java:166)
	at gov.usgs.earthquake.product.io.ObjectProductSource.streamTo(ObjectProductSource.java:62)
	at gov.usgs.earthquake.distribution.FileProductStorage.storeProductSource(FileProductStorage.java:693)
	at gov.usgs.earthquake.distribution.FileProductStorage.storeProduct(FileProductStorage.java:675)
	at gov.usgs.earthquake.indexer.ExternalIndexerListener.storeProduct(ExternalIndexerListener.java:196)
	at gov.usgs.earthquake.indexer.ExternalIndexerListener.onIndexerEvent(ExternalIndexerListener.java:131)
	at gov.usgs.earthquake.indexer.IndexerListenerCallable.call(IndexerListenerCallable.java:36)
	at gov.usgs.earthquake.indexer.IndexerListenerCallable.call(IndexerListenerCallable.java:12)
	at gov.usgs.util.ExecutorTask.run(ExecutorTask.java:183)
	at java.base/java.util.concurrent.Executors$RunnableAdapter.call(Executors.java:515)
	at java.base/java.util.concurrent.FutureTask.run(FutureTask.java:264)
	at java.base/java.util.concurrent.ThreadPoolExecutor.runWorker(ThreadPoolExecutor.java:1128)
	at java.base/java.util.concurrent.ThreadPoolExecutor$Worker.run(ThreadPoolExecutor.java:628)
	at java.base/java.lang.Thread.run(Thread.java:834)
FINEST	thread=13	[null] storing product id=urn:usgs-product:admin:trump-testproduct:us-testproduct-one:1565042840922
FINEST	thread=13	[null] acquiring write lock for product id=urn:usgs-product:admin:trump-testproduct:us-testproduct-one:1565042840922
FINEST	thread=13	[null] acquired write lock for product id=urn:usgs-product:admin:trump-testproduct:us-testproduct-one:1565042840922
FINEST	thread=13	[null] acquiring read lock for product id=urn:usgs-product:admin:trump-testproduct:us-testproduct-one:1565042840922
FINEST	thread=13	[null] acquired read lock for product id=urn:usgs-product:admin:trump-testproduct:us-testproduct-one:1565042840922
FINEST	thread=13	[null] releasing read lock for product id=urn:usgs-product:admin:trump-testproduct:us-testproduct-one:1565042840922
FINEST	thread=13	[null] released read lock for product id=urn:usgs-product:admin:trump-testproduct:us-testproduct-one:1565042840922
FINER	thread=13	[null] product stored id=urn:usgs-product:admin:trump-testproduct:us-testproduct-one:1565042840922, status=DELETE
FINEST	thread=13	[null] releasing write lock for product id=urn:usgs-product:admin:trump-testproduct:us-testproduct-one:1565042840922
FINEST	thread=13	[null] released write lock for product id=urn:usgs-product:admin:trump-testproduct:us-testproduct-one:1565042840922
FINEST	thread=13	[null] stored product id=urn:usgs-product:admin:trump-testproduct:us-testproduct-one:1565042840922
FINER	thread=13	[null] summarizing product id=urn:usgs-product:admin:trump-testproduct:us-testproduct-one:1565042840922
FINEST	thread=13	[null] beginning index transaction
FINER	thread=13	[null] finding previous version
FINEST	thread=13	[null] running query 
SELECT DISTINCT id FROM productSummary p WHERE p.id IS NOT NULL AND p.id = (SELECT id FROM productSummary ps WHERE ps.source='admin' AND ps.type='trump-testproduct' AND ps.code='us-testproduct-one' AND ps.status <> 'DELETE' ORDER BY ps.updateTime DESC LIMIT 1) AND source='admin' AND type='trump-testproduct' AND code='us-testproduct-one'
FINEST	thread=13	[null] query complete
FINER	thread=13	[null] finding previous event
FINEST	thread=13	Product Index Query
eventSearchType=SEARCH_EVENT_PRODUCTS
resultType=RESULT_TYPE_ALL
eventSource=us
eventSourceCode=one
FINER	thread=13	[null] adding summary to index
FINEST	thread=13	[null] Added property trump-source:us for product 13
FINEST	thread=13	[null] Added property trump-code:one for product 13
FINEST	thread=13	[null] Added property eventsourcecode:one for product 13
FINEST	thread=13	[null] Added property eventsource:us for product 13
FINEST	thread=13	[null] Added productSummary urn:usgs-product:admin:trump-testproduct:us-testproduct-one:1565042840922, indexid=13 to product index
FINER	thread=13	[null] found existing event indexid=1
FINE	thread=13	Eventindexid=1, eventid=usone, latitude=35.0, longitude=-118.0, time=Mon Aug 05 16:07:20 MDT 2019, deleted=false
FINER	thread=13	Products in event
	status=UPDATE, id=urn:usgs-product:ci:testproduct:uno:1565042840587, eventid=ciuno, latitude=35.0, longitude=-118.0, time=Mon Aug 05 16:07:20 MDT 2019
	status=UPDATE, id=urn:usgs-product:us:testproduct:one:1565042840525, eventid=usone, latitude=35.0, longitude=-118.0, time=Mon Aug 05 16:07:20 MDT 2019
	status=UPDATE, id=urn:usgs-product:us:testproduct:one:1565042840720, eventid=usone, latitude=35.0, longitude=-118.0, time=Mon Aug 05 16:07:20 MDT 2019
	status=UPDATE, id=urn:usgs-product:admin:trump-testproduct:us-testproduct-one:1565042840653, eventid=usone, latitude=null, longitude=null, time=null
	status=UPDATE, id=urn:usgs-product:admin:trump-testproduct:sc-testproduct-uno:1565042840786, eventid=ciuno, latitude=null, longitude=null, time=null
	status=DELETE, id=urn:usgs-product:admin:trump-testproduct:sc-testproduct-uno:1565042840856, eventid=ciuno, latitude=null, longitude=null, time=null
FINER	thread=13	[null] Added associations event id=1, productSummary source=admin, type=trump-testproduct, code=us-testproduct-one (id=13)
FINER	thread=13	[null] checking for event splits
FINEST	thread=13	Product Index Query
eventSearchType=SEARCH_EVENT_PREFERRED
resultType=RESULT_TYPE_ALL
minEventTime=Mon Aug 05 16:07:04 MDT 2019
maxEventTime=Mon Aug 05 16:07:36 MDT 2019
minEventLatitude=34.10007199424046075986183268469176255166530609130859375
maxEventLatitude=35.89992800575953924013816731530823744833469390869140625
minEventLongitude=-119.098609241146021986423875205218791961669921875
maxEventLongitude=-116.901390758853978013576124794781208038330078125
FINER	thread=13	[null] checking for event merges
FINEST	thread=13	Product Index Query
eventSearchType=SEARCH_EVENT_PREFERRED
resultType=RESULT_TYPE_ALL
minEventTime=Mon Aug 05 16:07:04 MDT 2019
maxEventTime=Mon Aug 05 16:07:36 MDT 2019
minEventLatitude=34.10007199424046075986183268469176255166530609130859375
maxEventLatitude=35.89992800575953924013816731530823744833469390869140625
minEventLongitude=-119.098609241146021986423875205218791961669921875
maxEventLongitude=-116.901390758853978013576124794781208038330078125
FINER	thread=13	[null] searching for nearby events
FINER	thread=13	[null] search for nearby events complete
FINER	thread=13	[null] searching for unassociated products
FINER	thread=13	[null] search for unassociated products complete
FINER	thread=13	[null] Removed associations event id=1, productSummary source=us, type=testproduct, code=one (id=12)
FINEST	thread=13	[null] Removed productSummary id=12
FINEST	thread=13	[null] acquiring read lock for product id=urn:usgs-product:us:testproduct:one:1565042840720
FINEST	thread=13	[null] acquired read lock for product id=urn:usgs-product:us:testproduct:one:1565042840720
FINEST	thread=13	[null] releasing read lock for product id=urn:usgs-product:us:testproduct:one:1565042840720
FINEST	thread=13	[null] released read lock for product id=urn:usgs-product:us:testproduct:one:1565042840720
FINER	thread=13	[DirectoryProductSource] Product does not have any  URLContent. Scraping directory for files.
INFO	thread=13	Resummarizing product urn:usgs-product:us:testproduct:one:1565042840720, weight 100000000 (old) => 6 (new)
FINEST	thread=13	[null] Added property eventsourcecode:one for product 14
FINEST	thread=13	[null] Added property eventtime:2019-08-05T22:07:20.525Z for product 14
FINEST	thread=13	[null] Added property eventsource:us for product 14
FINEST	thread=13	[null] Added property latitude:35.0 for product 14
FINEST	thread=13	[null] Added property longitude:-118.0 for product 14
FINEST	thread=13	[null] Added productSummary urn:usgs-product:us:testproduct:one:1565042840720, indexid=14 to product index
FINER	thread=13	[null] Added associations event id=1, productSummary source=us, type=testproduct, code=one (id=14)
FINER	thread=13	[null] updating event summary parameters
FINER	thread=13	[null] Updating event indexid=1
FINE	thread=13	Eventindexid=1, eventid=ciuno, latitude=35.0, longitude=-118.0, time=Mon Aug 05 16:07:20 MDT 2019, deleted=false
FINER	thread=13	Products in event
	status=UPDATE, id=urn:usgs-product:ci:testproduct:uno:1565042840587, eventid=ciuno, latitude=35.0, longitude=-118.0, time=Mon Aug 05 16:07:20 MDT 2019
	status=UPDATE, id=urn:usgs-product:us:testproduct:one:1565042840720, eventid=usone, latitude=35.0, longitude=-118.0, time=Mon Aug 05 16:07:20 MDT 2019
	status=UPDATE, id=urn:usgs-product:admin:trump-testproduct:us-testproduct-one:1565042840653, eventid=usone, latitude=null, longitude=null, time=null
	status=UPDATE, id=urn:usgs-product:admin:trump-testproduct:sc-testproduct-uno:1565042840786, eventid=ciuno, latitude=null, longitude=null, time=null
	status=DELETE, id=urn:usgs-product:admin:trump-testproduct:sc-testproduct-uno:1565042840856, eventid=ciuno, latitude=null, longitude=null, time=null
	status=DELETE, id=urn:usgs-product:admin:trump-testproduct:us-testproduct-one:1565042840922, eventid=usone, latitude=null, longitude=null, time=null
FINEST	thread=13	[null] Updated event properties in Product Index
FINER	thread=13	[null] committing transaction
FINE	thread=13	[null] notifying listeners
INFO	thread=13	[null] indexed product id=urn:usgs-product:admin:trump-testproduct:us-testproduct-one:1565042840922, status=DELETE
EVENT_UPDATED usone => ciuno
FINEST	thread=774	[null] acquiring read lock for product id=urn:usgs-product:admin:trump-testproduct:us-testproduct-one:1565042840922
FINEST	thread=774	[null] acquired read lock for product id=urn:usgs-product:admin:trump-testproduct:us-testproduct-one:1565042840922
FINEST	thread=774	[null] releasing read lock for product id=urn:usgs-product:admin:trump-testproduct:us-testproduct-one:1565042840922
FINEST	thread=774	[null] released read lock for product id=urn:usgs-product:admin:trump-testproduct:us-testproduct-one:1565042840922
FINER	thread=774	[DirectoryProductSource] Product does not have any  URLContent. Scraping directory for files.
FINEST	thread=774	[null] acquiring write lock for product id=urn:usgs-product:admin:trump-testproduct:us-testproduct-one:1565042840922
FINEST	thread=774	[null] acquired write lock for product id=urn:usgs-product:admin:trump-testproduct:us-testproduct-one:1565042840922
FINEST	thread=774	[null] acquiring read lock for product id=urn:usgs-product:admin:trump-testproduct:us-testproduct-one:1565042840922
FINEST	thread=774	[null] acquired read lock for product id=urn:usgs-product:admin:trump-testproduct:us-testproduct-one:1565042840922
FINEST	thread=774	[null] releasing read lock for product id=urn:usgs-product:admin:trump-testproduct:us-testproduct-one:1565042840922
FINEST	thread=774	[null] released read lock for product id=urn:usgs-product:admin:trump-testproduct:us-testproduct-one:1565042840922
FINER	thread=774	[null] product stored id=urn:usgs-product:admin:trump-testproduct:us-testproduct-one:1565042840922, status=DELETE
FINEST	thread=774	[null] releasing write lock for product id=urn:usgs-product:admin:trump-testproduct:us-testproduct-one:1565042840922
FINEST	thread=774	[null] released write lock for product id=urn:usgs-product:admin:trump-testproduct:us-testproduct-one:1565042840922
FINEST	thread=774	[null] acquiring read lock for product id=urn:usgs-product:admin:trump-testproduct:us-testproduct-one:1565042840922
FINEST	thread=774	[null] acquired read lock for product id=urn:usgs-product:admin:trump-testproduct:us-testproduct-one:1565042840922
FINEST	thread=774	[null] releasing read lock for product id=urn:usgs-product:admin:trump-testproduct:us-testproduct-one:1565042840922
FINEST	thread=774	[null] released read lock for product id=urn:usgs-product:admin:trump-testproduct:us-testproduct-one:1565042840922
FINER	thread=774	[DirectoryProductSource] Product does not have any  URLContent. Scraping directory for files.
INFO	thread=772	[null] command 'echo --preferred-eventid=usone --preferred-eventsource=us --preferred-eventsourcecode=one --eventids=ciuno,usone --preferred-magnitude=null --preferred-latitude=35.0 --preferred-longitude=-118.0 --preferred-depth=null --preferred-eventtime=2019-08-05T22:07:20.525Z --type=trump-testproduct --code=sc-testproduct-uno --source=admin --updateTime=2019-08-05T22:07:20.856Z --status=DELETE --delete --trackerURL=http://localhost/tracker "--property-trump-source=ci" "--property-trump-code=uno" "--property-eventsourcecode=uno" "--property-eventsource=ci" --action=EVENT_UPDATED' exited with status '0'
FINEST	thread=772	[null] acquiring read lock for product id=urn:usgs-product:admin:trump-testproduct:us-testproduct-one:1565042840922
FINEST	thread=772	[null] acquired read lock for product id=urn:usgs-product:admin:trump-testproduct:us-testproduct-one:1565042840922
FINEST	thread=772	[null] releasing read lock for product id=urn:usgs-product:admin:trump-testproduct:us-testproduct-one:1565042840922
FINEST	thread=772	[null] released read lock for product id=urn:usgs-product:admin:trump-testproduct:us-testproduct-one:1565042840922
FINER	thread=772	[DirectoryProductSource] Product does not have any  URLContent. Scraping directory for files.
FINEST	thread=772	[null] acquiring write lock for product id=urn:usgs-product:admin:trump-testproduct:us-testproduct-one:1565042840922
FINEST	thread=772	[null] acquired write lock for product id=urn:usgs-product:admin:trump-testproduct:us-testproduct-one:1565042840922
FINEST	thread=772	[null] acquiring read lock for product id=urn:usgs-product:admin:trump-testproduct:us-testproduct-one:1565042840922
FINEST	thread=772	[null] acquired read lock for product id=urn:usgs-product:admin:trump-testproduct:us-testproduct-one:1565042840922
FINEST	thread=772	[null] acquiring read lock for product id=urn:usgs-product:admin:trump-testproduct:us-testproduct-one:1565042840922
FINEST	thread=772	[null] acquired read lock for product id=urn:usgs-product:admin:trump-testproduct:us-testproduct-one:1565042840922
FINEST	thread=772	[null] releasing read lock for product id=urn:usgs-product:admin:trump-testproduct:us-testproduct-one:1565042840922
FINEST	thread=772	[null] released read lock for product id=urn:usgs-product:admin:trump-testproduct:us-testproduct-one:1565042840922
FINEST	thread=772	[null] releasing read lock for product id=urn:usgs-product:admin:trump-testproduct:us-testproduct-one:1565042840922
FINEST	thread=772	[null] released read lock for product id=urn:usgs-product:admin:trump-testproduct:us-testproduct-one:1565042840922
FINEST	thread=772	[null] releasing write lock for product id=urn:usgs-product:admin:trump-testproduct:us-testproduct-one:1565042840922
FINEST	thread=772	[null] released write lock for product id=urn:usgs-product:admin:trump-testproduct:us-testproduct-one:1565042840922
INFO	thread=772	[null] product already in storage
FINEST	thread=772	[null] acquiring read lock for product id=urn:usgs-product:admin:trump-testproduct:us-testproduct-one:1565042840922
FINEST	thread=772	[null] acquired read lock for product id=urn:usgs-product:admin:trump-testproduct:us-testproduct-one:1565042840922
FINEST	thread=772	[null] releasing read lock for product id=urn:usgs-product:admin:trump-testproduct:us-testproduct-one:1565042840922
FINEST	thread=772	[null] released read lock for product id=urn:usgs-product:admin:trump-testproduct:us-testproduct-one:1565042840922
FINER	thread=772	[DirectoryProductSource] Product does not have any  URLContent. Scraping directory for files.
FINEST	thread=772	[null] acquiring read lock for product id=urn:usgs-product:admin:trump-testproduct:us-testproduct-one:1565042840922
FINEST	thread=772	[null] acquired read lock for product id=urn:usgs-product:admin:trump-testproduct:us-testproduct-one:1565042840922
FINEST	thread=772	[null] releasing read lock for product id=urn:usgs-product:admin:trump-testproduct:us-testproduct-one:1565042840922
FINEST	thread=772	[null] released read lock for product id=urn:usgs-product:admin:trump-testproduct:us-testproduct-one:1565042840922
FINER	thread=772	[DirectoryProductSource] Product does not have any  URLContent. Scraping directory for files.
INFO	thread=772	[null] running command echo --preferred-eventid=ciuno --preferred-eventsource=ci --preferred-eventsourcecode=uno --eventids=ciuno,usone --preferred-magnitude=null --preferred-latitude=35.0 --preferred-longitude=-118.0 --preferred-depth=null --preferred-eventtime=2019-08-05T22:07:20.525Z --directory=/Users/cbass/Projects/pdl/_test_storage_/trump-testproduct/us-testproduct-one/admin/1565042840922 --type=trump-testproduct --code=us-testproduct-one --source=admin --updateTime=2019-08-05T22:07:20.922Z --status=DELETE --delete --trackerURL=http://localhost/tracker "--property-trump-source=us" "--property-trump-code=one" "--property-eventsourcecode=one" "--property-eventsource=us" --action=EVENT_UPDATED
INFO	thread=772	[null] command 'echo --preferred-eventid=ciuno --preferred-eventsource=ci --preferred-eventsourcecode=uno --eventids=ciuno,usone --preferred-magnitude=null --preferred-latitude=35.0 --preferred-longitude=-118.0 --preferred-depth=null --preferred-eventtime=2019-08-05T22:07:20.525Z --directory=/Users/cbass/Projects/pdl/_test_storage_/trump-testproduct/us-testproduct-one/admin/1565042840922 --type=trump-testproduct --code=us-testproduct-one --source=admin --updateTime=2019-08-05T22:07:20.922Z --status=DELETE --delete --trackerURL=http://localhost/tracker "--property-trump-source=us" "--property-trump-code=one" "--property-eventsourcecode=one" "--property-eventsource=us" --action=EVENT_UPDATED' exited with status '0'
CONFIG	thread=13	[null] maxTries = 1
CONFIG	thread=13	[null] maxTries = 1
CONFIG	thread=13	[null] timeout = 0ms
CONFIG	thread=13	[null] retry delay = 300000ms
CONFIG	thread=13	[null] process duplicates = false
CONFIG	thread=13	[null] include paths = []
CONFIG	thread=13	[null] exclude paths = []
CONFIG	thread=13	[null] using storage directory /Users/cbass/Projects/pdl/storage
CONFIG	thread=13	[null] loading ArchivePolicy 'testPolicy'
CONFIG	thread=13	[null] archive interval is '500'
CONFIG	thread=13	[null] no indexer modules configured.
CONFIG	thread=13	[null] no indexer listeners configured.
CONFIG	thread=13	[null] Local regions file: regions.json
CONFIG	thread=13	[null] associateUsingCurrentProducts = false
INFO	thread=801	Archiving disabled
INFO	thread=801	[null] purged 0 expired events and 0 expired unassociated products.
Mon Aug 05 16:07:21 MDT 2019
FINE	thread=13	Digest='djxVDsU7v5yIHiW7Py2mn791F6Y=' , 2ms
FINE	thread=13	Eventindexid=1, eventid=usabcd1234, latitude=0.0, longitude=0.0, time=Mon Aug 05 16:07:21 MDT 2019, deleted=false
FINE	thread=13	Eventindexid=1, eventid=usabcd1234, latitude=0.0, longitude=0.0, time=Mon Aug 05 16:07:21 MDT 2019, deleted=false
FINE	thread=13	[null] notifying listeners
INFO	thread=13	[null] indexed product id=urn:usgs-product:us:shakemap:abcd1234:1565042840999, status=UPDATE
EVENT_ADDED null => usabcd1234
INFO	thread=802	[null] running command echo --preferred-eventid=usabcd1234 --preferred-eventsource=us --preferred-eventsourcecode=abcd1234 --eventids=usabcd1234 --preferred-magnitude=null --preferred-latitude=0.0 --preferred-longitude=0.0 --preferred-depth=null --preferred-eventtime=2019-08-05T22:07:21.001Z --directory=/Users/cbass/Projects/pdl/_test_storage_/shakemap/abcd1234/us/1565042840999 --type=shakemap --code=abcd1234 --source=us --updateTime=2019-08-05T22:07:20.999Z --status=UPDATE --trackerURL=http://localhost/tracker "--property-testprop=testvalue" "--property-latitude=0.0" "--property-eventsourcecode=abcd1234" "--property-eventtime=2019-08-05T22:07:21.001Z" "--property-eventsource=us" "--property-longitude=0.0" --link-testrelation=http://google.com/ --content --contentType=text/html --signature=MCwCFHNyp4FsQULZWiqoIx9tpZix1osUAhRHAx7LMA35VCBDiOoM60YreuyHFQ== --action=EVENT_ADDED
INFO	thread=806	[null] running command echo --preferred-eventid=usabcd1234 --preferred-eventsource=us --preferred-eventsourcecode=abcd1234 --eventids=usabcd1234 --preferred-magnitude=null --preferred-latitude=0.0 --preferred-longitude=0.0 --preferred-depth=null --preferred-eventtime=2019-08-05T22:07:21.001Z --directory=/Users/cbass/Projects/pdl/_test_storage_/shakemap/abcd1234/us/1565042840999 --type=shakemap --code=abcd1234 --source=us --updateTime=2019-08-05T22:07:20.999Z --status=UPDATE --trackerURL=http://localhost/tracker "--property-testprop=testvalue" "--property-latitude=0.0" "--property-eventsourcecode=abcd1234" "--property-eventtime=2019-08-05T22:07:21.001Z" "--property-eventsource=us" "--property-longitude=0.0" --link-testrelation=http://google.com/ --content --contentType=text/html --signature=MCwCFHNyp4FsQULZWiqoIx9tpZix1osUAhRHAx7LMA35VCBDiOoM60YreuyHFQ== --action=EVENT_ADDED
INFO	thread=802	[null] command 'echo --preferred-eventid=usabcd1234 --preferred-eventsource=us --preferred-eventsourcecode=abcd1234 --eventids=usabcd1234 --preferred-magnitude=null --preferred-latitude=0.0 --preferred-longitude=0.0 --preferred-depth=null --preferred-eventtime=2019-08-05T22:07:21.001Z --directory=/Users/cbass/Projects/pdl/_test_storage_/shakemap/abcd1234/us/1565042840999 --type=shakemap --code=abcd1234 --source=us --updateTime=2019-08-05T22:07:20.999Z --status=UPDATE --trackerURL=http://localhost/tracker "--property-testprop=testvalue" "--property-latitude=0.0" "--property-eventsourcecode=abcd1234" "--property-eventtime=2019-08-05T22:07:21.001Z" "--property-eventsource=us" "--property-longitude=0.0" --link-testrelation=http://google.com/ --content --contentType=text/html --signature=MCwCFHNyp4FsQULZWiqoIx9tpZix1osUAhRHAx7LMA35VCBDiOoM60YreuyHFQ== --action=EVENT_ADDED' exited with status '0'
INFO	thread=806	[null] command 'echo --preferred-eventid=usabcd1234 --preferred-eventsource=us --preferred-eventsourcecode=abcd1234 --eventids=usabcd1234 --preferred-magnitude=null --preferred-latitude=0.0 --preferred-longitude=0.0 --preferred-depth=null --preferred-eventtime=2019-08-05T22:07:21.001Z --directory=/Users/cbass/Projects/pdl/_test_storage_/shakemap/abcd1234/us/1565042840999 --type=shakemap --code=abcd1234 --source=us --updateTime=2019-08-05T22:07:20.999Z --status=UPDATE --trackerURL=http://localhost/tracker "--property-testprop=testvalue" "--property-latitude=0.0" "--property-eventsourcecode=abcd1234" "--property-eventtime=2019-08-05T22:07:21.001Z" "--property-eventsource=us" "--property-longitude=0.0" --link-testrelation=http://google.com/ --content --contentType=text/html --signature=MCwCFHNyp4FsQULZWiqoIx9tpZix1osUAhRHAx7LMA35VCBDiOoM60YreuyHFQ== --action=EVENT_ADDED' exited with status '0'
FINE	thread=13	Digest='A2LC9W9+wCnV2o9EXWpuoceBZiY=' , 1ms
FINE	thread=13	Eventindexid=1, eventid=usabcd1234, latitude=0.0, longitude=0.0, time=Mon Aug 05 16:07:21 MDT 2019, deleted=false
FINE	thread=13	Eventindexid=1, eventid=usabcd1234, latitude=0.0, longitude=0.0, time=Mon Aug 05 16:07:21 MDT 2019, deleted=false
FINE	thread=13	[null] notifying listeners
INFO	thread=13	[null] indexed product id=urn:usgs-product:us:pager:abcd1234:1565042841063, status=UPDATE
EVENT_UPDATED usabcd1234 => usabcd1234
INFO	thread=806	[null] running command echo --preferred-eventid=usabcd1234 --preferred-eventsource=us --preferred-eventsourcecode=abcd1234 --eventids=usabcd1234 --preferred-magnitude=null --preferred-latitude=0.0 --preferred-longitude=0.0 --preferred-depth=null --preferred-eventtime=2019-08-05T22:07:21.001Z --directory=/Users/cbass/Projects/pdl/_test_storage_/pager/abcd1234/us/1565042841063 --type=pager --code=abcd1234 --source=us --updateTime=2019-08-05T22:07:21.063Z --status=UPDATE --trackerURL=http://localhost/tracker "--property-eventsourcecode=abcd1234" "--property-eventsource=us" "--property-testprop=testvalue" --link-testrelation=http://google.com/ --content --contentType=text/html --signature=MCwCFCYQZTyQyePLdgdGrVsdzeC3nCdYAhQtDYosmlhGG91X6tfIhezvbh0g9w== --action=EVENT_UPDATED
INFO	thread=806	[null] command 'echo --preferred-eventid=usabcd1234 --preferred-eventsource=us --preferred-eventsourcecode=abcd1234 --eventids=usabcd1234 --preferred-magnitude=null --preferred-latitude=0.0 --preferred-longitude=0.0 --preferred-depth=null --preferred-eventtime=2019-08-05T22:07:21.001Z --directory=/Users/cbass/Projects/pdl/_test_storage_/pager/abcd1234/us/1565042841063 --type=pager --code=abcd1234 --source=us --updateTime=2019-08-05T22:07:21.063Z --status=UPDATE --trackerURL=http://localhost/tracker "--property-eventsourcecode=abcd1234" "--property-eventsource=us" "--property-testprop=testvalue" --link-testrelation=http://google.com/ --content --contentType=text/html --signature=MCwCFCYQZTyQyePLdgdGrVsdzeC3nCdYAhQtDYosmlhGG91X6tfIhezvbh0g9w== --action=EVENT_UPDATED' exited with status '0'
CONFIG	thread=13	[null] maxTries = 1
CONFIG	thread=13	[null] maxTries = 1
CONFIG	thread=13	[null] timeout = 0ms
CONFIG	thread=13	[null] retry delay = 300000ms
CONFIG	thread=13	[null] process duplicates = false
CONFIG	thread=13	[null] include paths = []
CONFIG	thread=13	[null] exclude paths = []
CONFIG	thread=13	[null] using storage directory /Users/cbass/Projects/pdl/storage
CONFIG	thread=13	[null] loading ArchivePolicy 'testPolicy'
CONFIG	thread=13	[null] archive interval is '500'
CONFIG	thread=13	[null] no indexer modules configured.
CONFIG	thread=13	[null] no indexer listeners configured.
CONFIG	thread=13	[null] Local regions file: regions.json
CONFIG	thread=13	[null] associateUsingCurrentProducts = false

###
Mon Aug 05 16:07:21 MDT 2019
FINEST	thread=13	[null] storing product id=urn:usgs-product:us:testproduct:one:1565042841128
FINEST	thread=13	[null] acquiring write lock for product id=urn:usgs-product:us:testproduct:one:1565042841128
FINEST	thread=13	[null] acquired write lock for product id=urn:usgs-product:us:testproduct:one:1565042841128
FINEST	thread=13	[null] acquiring read lock for product id=urn:usgs-product:us:testproduct:one:1565042841128
FINEST	thread=13	[null] acquired read lock for product id=urn:usgs-product:us:testproduct:one:1565042841128
FINEST	thread=13	[null] releasing read lock for product id=urn:usgs-product:us:testproduct:one:1565042841128
FINEST	thread=13	[null] released read lock for product id=urn:usgs-product:us:testproduct:one:1565042841128
FINER	thread=13	[null] product stored id=urn:usgs-product:us:testproduct:one:1565042841128, status=UPDATE
FINEST	thread=13	[null] releasing write lock for product id=urn:usgs-product:us:testproduct:one:1565042841128
FINEST	thread=13	[null] released write lock for product id=urn:usgs-product:us:testproduct:one:1565042841128
FINEST	thread=13	[null] stored product id=urn:usgs-product:us:testproduct:one:1565042841128
FINER	thread=13	[null] summarizing product id=urn:usgs-product:us:testproduct:one:1565042841128
FINEST	thread=13	[null] beginning index transaction
FINER	thread=13	[null] finding previous version
FINEST	thread=13	[null] running query 
SELECT DISTINCT id FROM productSummary p WHERE p.id IS NOT NULL AND p.id = (SELECT id FROM productSummary ps WHERE ps.source='us' AND ps.type='testproduct' AND ps.code='one' AND ps.status <> 'DELETE' ORDER BY ps.updateTime DESC LIMIT 1) AND source='us' AND type='testproduct' AND code='one'
FINEST	thread=13	[null] query complete
FINER	thread=13	[null] finding previous event
FINEST	thread=13	Product Index Query
eventSearchType=SEARCH_EVENT_PRODUCTS
resultType=RESULT_TYPE_ALL
eventSource=us
eventSourceCode=one
FINEST	thread=13	Product Index Query
eventSearchType=SEARCH_EVENT_PREFERRED
resultType=RESULT_TYPE_ALL
minEventTime=Mon Aug 05 16:07:05 MDT 2019
maxEventTime=Mon Aug 05 16:07:37 MDT 2019
minEventLatitude=34.10007199424046075986183268469176255166530609130859375
maxEventLatitude=35.89992800575953924013816731530823744833469390869140625
minEventLongitude=-119.098609241146021986423875205218791961669921875
maxEventLongitude=-116.901390758853978013576124794781208038330078125
FINER	thread=13	[null] adding summary to index
FINEST	thread=13	[null] Added property eventsourcecode:one for product 1
FINEST	thread=13	[null] Added property eventtime:2019-08-05T22:07:21.128Z for product 1
FINEST	thread=13	[null] Added property eventsource:us for product 1
FINEST	thread=13	[null] Added property latitude:35.0 for product 1
FINEST	thread=13	[null] Added property longitude:-118.0 for product 1
FINEST	thread=13	[null] Added productSummary urn:usgs-product:us:testproduct:one:1565042841128, indexid=1 to product index
FINEST	thread=13	Added event id=1
FINEST	thread=13	[null] Added event to Product Index
FINER	thread=13	[null] Added associations event id=1, productSummary source=us, type=testproduct, code=one (id=1)
FINER	thread=13	[null] created event indexid=1
FINE	thread=13	Eventindexid=1, eventid=usone, latitude=35.0, longitude=-118.0, time=Mon Aug 05 16:07:21 MDT 2019, deleted=false
FINER	thread=13	Products in event
	status=UPDATE, id=urn:usgs-product:us:testproduct:one:1565042841128, eventid=usone, latitude=35.0, longitude=-118.0, time=Mon Aug 05 16:07:21 MDT 2019
FINER	thread=13	[null] checking for event merges
FINER	thread=13	[null] searching for unassociated products
FINER	thread=13	[null] search for unassociated products complete
FINER	thread=13	[null] updating event summary parameters
FINER	thread=13	[null] Updating event indexid=1
FINE	thread=13	Eventindexid=1, eventid=usone, latitude=35.0, longitude=-118.0, time=Mon Aug 05 16:07:21 MDT 2019, deleted=false
FINER	thread=13	Products in event
	status=UPDATE, id=urn:usgs-product:us:testproduct:one:1565042841128, eventid=usone, latitude=35.0, longitude=-118.0, time=Mon Aug 05 16:07:21 MDT 2019
FINEST	thread=13	[null] Updated event properties in Product Index
FINER	thread=13	[null] committing transaction
FINE	thread=13	[null] notifying listeners
INFO	thread=13	[null] indexed product id=urn:usgs-product:us:testproduct:one:1565042841128, status=UPDATE
EVENT_ADDED null => usone
FINEST	thread=828	[null] acquiring read lock for product id=urn:usgs-product:us:testproduct:one:1565042841128
FINEST	thread=828	[null] acquired read lock for product id=urn:usgs-product:us:testproduct:one:1565042841128
FINEST	thread=828	[null] releasing read lock for product id=urn:usgs-product:us:testproduct:one:1565042841128
FINEST	thread=828	[null] released read lock for product id=urn:usgs-product:us:testproduct:one:1565042841128
FINEST	thread=831	[null] acquiring read lock for product id=urn:usgs-product:us:testproduct:one:1565042841128
FINEST	thread=831	[null] acquired read lock for product id=urn:usgs-product:us:testproduct:one:1565042841128
FINEST	thread=831	[null] releasing read lock for product id=urn:usgs-product:us:testproduct:one:1565042841128
FINEST	thread=831	[null] released read lock for product id=urn:usgs-product:us:testproduct:one:1565042841128
FINER	thread=828	[DirectoryProductSource] Product does not have any  URLContent. Scraping directory for files.
FINER	thread=831	[DirectoryProductSource] Product does not have any  URLContent. Scraping directory for files.
FINEST	thread=831	[null] acquiring write lock for product id=urn:usgs-product:us:testproduct:one:1565042841128
FINEST	thread=828	[null] acquiring write lock for product id=urn:usgs-product:us:testproduct:one:1565042841128
FINEST	thread=831	[null] acquired write lock for product id=urn:usgs-product:us:testproduct:one:1565042841128
FINEST	thread=831	[null] acquiring read lock for product id=urn:usgs-product:us:testproduct:one:1565042841128
FINEST	thread=828	[null] acquired write lock for product id=urn:usgs-product:us:testproduct:one:1565042841128
FINEST	thread=831	[null] acquired read lock for product id=urn:usgs-product:us:testproduct:one:1565042841128
FINEST	thread=828	[null] acquiring read lock for product id=urn:usgs-product:us:testproduct:one:1565042841128
FINEST	thread=828	[null] acquired read lock for product id=urn:usgs-product:us:testproduct:one:1565042841128
FINEST	thread=831	[null] releasing read lock for product id=urn:usgs-product:us:testproduct:one:1565042841128
FINEST	thread=828	[null] releasing read lock for product id=urn:usgs-product:us:testproduct:one:1565042841128
FINEST	thread=831	[null] released read lock for product id=urn:usgs-product:us:testproduct:one:1565042841128
FINEST	thread=828	[null] released read lock for product id=urn:usgs-product:us:testproduct:one:1565042841128
WARNING	thread=828	[null] exception while storing product, removing incomplete product
java.io.IOException: Unable to create directory /Users/cbass/Projects/pdl/_test_storage_/testproduct/one/us/1565042841128
	at gov.usgs.util.StreamUtils.getOutputStream(StreamUtils.java:153)
	at gov.usgs.util.StreamUtils.getOutputStream(StreamUtils.java:183)
	at gov.usgs.earthquake.product.io.DirectoryProductHandler.onEndProduct(DirectoryProductHandler.java:68)
	at gov.usgs.earthquake.product.io.FilterProductHandler.onEndProduct(FilterProductHandler.java:71)
	at gov.usgs.earthquake.distribution.FileProductStorage$StorageProductOutput.onEndProduct(FileProductStorage.java:855)
	at gov.usgs.earthquake.product.io.ObjectProductSource.sendEndProduct(ObjectProductSource.java:166)
	at gov.usgs.earthquake.product.io.ObjectProductSource.streamTo(ObjectProductSource.java:62)
	at gov.usgs.earthquake.distribution.FileProductStorage.storeProductSource(FileProductStorage.java:693)
	at gov.usgs.earthquake.distribution.FileProductStorage.storeProduct(FileProductStorage.java:675)
	at gov.usgs.earthquake.indexer.ExternalIndexerListener.storeProduct(ExternalIndexerListener.java:196)
	at gov.usgs.earthquake.indexer.ExternalIndexerListener.onIndexerEvent(ExternalIndexerListener.java:131)
	at gov.usgs.earthquake.indexer.IndexerListenerCallable.call(IndexerListenerCallable.java:36)
	at gov.usgs.earthquake.indexer.IndexerListenerCallable.call(IndexerListenerCallable.java:12)
	at gov.usgs.util.ExecutorTask.run(ExecutorTask.java:183)
	at java.base/java.util.concurrent.Executors$RunnableAdapter.call(Executors.java:515)
	at java.base/java.util.concurrent.FutureTask.run(FutureTask.java:264)
	at java.base/java.util.concurrent.ThreadPoolExecutor.runWorker(ThreadPoolExecutor.java:1128)
	at java.base/java.util.concurrent.ThreadPoolExecutor$Worker.run(ThreadPoolExecutor.java:628)
	at java.base/java.lang.Thread.run(Thread.java:834)
FINEST	thread=828	[null] acquiring write lock for product id=urn:usgs-product:us:testproduct:one:1565042841128
FINEST	thread=828	[null] acquired write lock for product id=urn:usgs-product:us:testproduct:one:1565042841128
FINER	thread=831	[null] product stored id=urn:usgs-product:us:testproduct:one:1565042841128, status=UPDATE
FINEST	thread=831	[null] releasing write lock for product id=urn:usgs-product:us:testproduct:one:1565042841128
FINEST	thread=831	[null] released write lock for product id=urn:usgs-product:us:testproduct:one:1565042841128
FINEST	thread=831	[null] acquiring read lock for product id=urn:usgs-product:us:testproduct:one:1565042841128
FINEST	thread=831	[null] acquired read lock for product id=urn:usgs-product:us:testproduct:one:1565042841128
FINEST	thread=831	[null] releasing read lock for product id=urn:usgs-product:us:testproduct:one:1565042841128
FINEST	thread=831	[null] released read lock for product id=urn:usgs-product:us:testproduct:one:1565042841128
WARNING	thread=831	[null] listener (null) threw exception, for product id=urn:usgs-product:us:testproduct:one:1565042841128
java.io.FileNotFoundException: _test_storage_/testproduct/one/us/1565042841128/product.xml (No such file or directory)
	at java.base/java.io.FileInputStream.open0(Native Method)
	at java.base/java.io.FileInputStream.open(FileInputStream.java:219)
	at java.base/java.io.FileInputStream.<init>(FileInputStream.java:157)
	at gov.usgs.util.StreamUtils.getInputStream(StreamUtils.java:60)
	at gov.usgs.earthquake.product.io.DirectoryProductSource.streamTo(DirectoryProductSource.java:55)
	at gov.usgs.earthquake.product.io.ObjectProductHandler.getProduct(ObjectProductHandler.java:172)
	at gov.usgs.earthquake.distribution.FileProductStorage.getProduct(FileProductStorage.java:465)
	at gov.usgs.earthquake.indexer.ExternalIndexerListener.storeProduct(ExternalIndexerListener.java:197)
	at gov.usgs.earthquake.indexer.ExternalIndexerListener.onIndexerEvent(ExternalIndexerListener.java:131)
	at gov.usgs.earthquake.indexer.IndexerListenerCallable.call(IndexerListenerCallable.java:36)
	at gov.usgs.earthquake.indexer.IndexerListenerCallable.call(IndexerListenerCallable.java:12)
	at gov.usgs.util.ExecutorTask.run(ExecutorTask.java:183)
	at java.base/java.util.concurrent.Executors$RunnableAdapter.call(Executors.java:515)
	at java.base/java.util.concurrent.FutureTask.run(FutureTask.java:264)
	at java.base/java.util.concurrent.ThreadPoolExecutor.runWorker(ThreadPoolExecutor.java:1128)
	at java.base/java.util.concurrent.ThreadPoolExecutor$Worker.run(ThreadPoolExecutor.java:628)
	at java.base/java.lang.Thread.run(Thread.java:834)
FINER	thread=828	[null] product removed, id=urn:usgs-product:us:testproduct:one:1565042841128
FINE	thread=831	Exception: _test_storage_/testproduct/one/us/1565042841128/product.xml (No such file or directory) source=us, type=testproduct, code=one, updateTime=Mon Aug 05 16:07:21 MDT 2019
FINEST	thread=831	Tracker updates disabled, not sent
INFO	thread=831	Exception executing task
java.io.FileNotFoundException: _test_storage_/testproduct/one/us/1565042841128/product.xml (No such file or directory)
	at java.base/java.io.FileInputStream.open0(Native Method)
	at java.base/java.io.FileInputStream.open(FileInputStream.java:219)
	at java.base/java.io.FileInputStream.<init>(FileInputStream.java:157)
	at gov.usgs.util.StreamUtils.getInputStream(StreamUtils.java:60)
	at gov.usgs.earthquake.product.io.DirectoryProductSource.streamTo(DirectoryProductSource.java:55)
	at gov.usgs.earthquake.product.io.ObjectProductHandler.getProduct(ObjectProductHandler.java:172)
	at gov.usgs.earthquake.distribution.FileProductStorage.getProduct(FileProductStorage.java:465)
	at gov.usgs.earthquake.indexer.ExternalIndexerListener.storeProduct(ExternalIndexerListener.java:197)
	at gov.usgs.earthquake.indexer.ExternalIndexerListener.onIndexerEvent(ExternalIndexerListener.java:131)
	at gov.usgs.earthquake.indexer.IndexerListenerCallable.call(IndexerListenerCallable.java:36)
	at gov.usgs.earthquake.indexer.IndexerListenerCallable.call(IndexerListenerCallable.java:12)
	at gov.usgs.util.ExecutorTask.run(ExecutorTask.java:183)
	at java.base/java.util.concurrent.Executors$RunnableAdapter.call(Executors.java:515)
	at java.base/java.util.concurrent.FutureTask.run(FutureTask.java:264)
	at java.base/java.util.concurrent.ThreadPoolExecutor.runWorker(ThreadPoolExecutor.java:1128)
	at java.base/java.util.concurrent.ThreadPoolExecutor$Worker.run(ThreadPoolExecutor.java:628)
	at java.base/java.lang.Thread.run(Thread.java:834)
FINEST	thread=828	[null] releasing write lock for product id=urn:usgs-product:us:testproduct:one:1565042841128
FINEST	thread=828	[null] released write lock for product id=urn:usgs-product:us:testproduct:one:1565042841128
FINEST	thread=828	[null] releasing write lock for product id=urn:usgs-product:us:testproduct:one:1565042841128
FINEST	thread=828	[null] released write lock for product id=urn:usgs-product:us:testproduct:one:1565042841128
WARNING	thread=828	[null] listener (null) threw exception, for product id=urn:usgs-product:us:testproduct:one:1565042841128
java.io.IOException: Unable to create directory /Users/cbass/Projects/pdl/_test_storage_/testproduct/one/us/1565042841128
	at gov.usgs.util.StreamUtils.getOutputStream(StreamUtils.java:153)
	at gov.usgs.util.StreamUtils.getOutputStream(StreamUtils.java:183)
	at gov.usgs.earthquake.product.io.DirectoryProductHandler.onEndProduct(DirectoryProductHandler.java:68)
	at gov.usgs.earthquake.product.io.FilterProductHandler.onEndProduct(FilterProductHandler.java:71)
	at gov.usgs.earthquake.distribution.FileProductStorage$StorageProductOutput.onEndProduct(FileProductStorage.java:855)
	at gov.usgs.earthquake.product.io.ObjectProductSource.sendEndProduct(ObjectProductSource.java:166)
	at gov.usgs.earthquake.product.io.ObjectProductSource.streamTo(ObjectProductSource.java:62)
	at gov.usgs.earthquake.distribution.FileProductStorage.storeProductSource(FileProductStorage.java:693)
	at gov.usgs.earthquake.distribution.FileProductStorage.storeProduct(FileProductStorage.java:675)
	at gov.usgs.earthquake.indexer.ExternalIndexerListener.storeProduct(ExternalIndexerListener.java:196)
	at gov.usgs.earthquake.indexer.ExternalIndexerListener.onIndexerEvent(ExternalIndexerListener.java:131)
	at gov.usgs.earthquake.indexer.IndexerListenerCallable.call(IndexerListenerCallable.java:36)
	at gov.usgs.earthquake.indexer.IndexerListenerCallable.call(IndexerListenerCallable.java:12)
	at gov.usgs.util.ExecutorTask.run(ExecutorTask.java:183)
	at java.base/java.util.concurrent.Executors$RunnableAdapter.call(Executors.java:515)
	at java.base/java.util.concurrent.FutureTask.run(FutureTask.java:264)
	at java.base/java.util.concurrent.ThreadPoolExecutor.runWorker(ThreadPoolExecutor.java:1128)
	at java.base/java.util.concurrent.ThreadPoolExecutor$Worker.run(ThreadPoolExecutor.java:628)
	at java.base/java.lang.Thread.run(Thread.java:834)
FINE	thread=828	Exception: Unable to create directory /Users/cbass/Projects/pdl/_test_storage_/testproduct/one/us/1565042841128 source=us, type=testproduct, code=one, updateTime=Mon Aug 05 16:07:21 MDT 2019
FINEST	thread=828	Tracker updates disabled, not sent
INFO	thread=828	Exception executing task
java.io.IOException: Unable to create directory /Users/cbass/Projects/pdl/_test_storage_/testproduct/one/us/1565042841128
	at gov.usgs.util.StreamUtils.getOutputStream(StreamUtils.java:153)
	at gov.usgs.util.StreamUtils.getOutputStream(StreamUtils.java:183)
	at gov.usgs.earthquake.product.io.DirectoryProductHandler.onEndProduct(DirectoryProductHandler.java:68)
	at gov.usgs.earthquake.product.io.FilterProductHandler.onEndProduct(FilterProductHandler.java:71)
	at gov.usgs.earthquake.distribution.FileProductStorage$StorageProductOutput.onEndProduct(FileProductStorage.java:855)
	at gov.usgs.earthquake.product.io.ObjectProductSource.sendEndProduct(ObjectProductSource.java:166)
	at gov.usgs.earthquake.product.io.ObjectProductSource.streamTo(ObjectProductSource.java:62)
	at gov.usgs.earthquake.distribution.FileProductStorage.storeProductSource(FileProductStorage.java:693)
	at gov.usgs.earthquake.distribution.FileProductStorage.storeProduct(FileProductStorage.java:675)
	at gov.usgs.earthquake.indexer.ExternalIndexerListener.storeProduct(ExternalIndexerListener.java:196)
	at gov.usgs.earthquake.indexer.ExternalIndexerListener.onIndexerEvent(ExternalIndexerListener.java:131)
	at gov.usgs.earthquake.indexer.IndexerListenerCallable.call(IndexerListenerCallable.java:36)
	at gov.usgs.earthquake.indexer.IndexerListenerCallable.call(IndexerListenerCallable.java:12)
	at gov.usgs.util.ExecutorTask.run(ExecutorTask.java:183)
	at java.base/java.util.concurrent.Executors$RunnableAdapter.call(Executors.java:515)
	at java.base/java.util.concurrent.FutureTask.run(FutureTask.java:264)
	at java.base/java.util.concurrent.ThreadPoolExecutor.runWorker(ThreadPoolExecutor.java:1128)
	at java.base/java.util.concurrent.ThreadPoolExecutor$Worker.run(ThreadPoolExecutor.java:628)
	at java.base/java.lang.Thread.run(Thread.java:834)
FINEST	thread=13	[null] storing product id=urn:usgs-product:sc:testproduct:uno:1565042841189
FINEST	thread=13	[null] acquiring write lock for product id=urn:usgs-product:sc:testproduct:uno:1565042841189
FINEST	thread=13	[null] acquired write lock for product id=urn:usgs-product:sc:testproduct:uno:1565042841189
FINEST	thread=13	[null] acquiring read lock for product id=urn:usgs-product:sc:testproduct:uno:1565042841189
FINEST	thread=13	[null] acquired read lock for product id=urn:usgs-product:sc:testproduct:uno:1565042841189
FINEST	thread=13	[null] releasing read lock for product id=urn:usgs-product:sc:testproduct:uno:1565042841189
FINEST	thread=13	[null] released read lock for product id=urn:usgs-product:sc:testproduct:uno:1565042841189
FINER	thread=13	[null] product stored id=urn:usgs-product:sc:testproduct:uno:1565042841189, status=UPDATE
FINEST	thread=13	[null] releasing write lock for product id=urn:usgs-product:sc:testproduct:uno:1565042841189
FINEST	thread=13	[null] released write lock for product id=urn:usgs-product:sc:testproduct:uno:1565042841189
FINEST	thread=13	[null] stored product id=urn:usgs-product:sc:testproduct:uno:1565042841189
FINER	thread=13	[null] summarizing product id=urn:usgs-product:sc:testproduct:uno:1565042841189
FINEST	thread=13	[null] beginning index transaction
FINER	thread=13	[null] finding previous version
FINEST	thread=13	[null] running query 
SELECT DISTINCT id FROM productSummary p WHERE p.id IS NOT NULL AND p.id = (SELECT id FROM productSummary ps WHERE ps.source='sc' AND ps.type='testproduct' AND ps.code='uno' AND ps.status <> 'DELETE' ORDER BY ps.updateTime DESC LIMIT 1) AND source='sc' AND type='testproduct' AND code='uno'
FINEST	thread=13	[null] query complete
FINER	thread=13	[null] finding previous event
FINEST	thread=13	Product Index Query
eventSearchType=SEARCH_EVENT_PRODUCTS
resultType=RESULT_TYPE_ALL
eventSource=sc
eventSourceCode=uno
FINEST	thread=13	Product Index Query
eventSearchType=SEARCH_EVENT_PREFERRED
resultType=RESULT_TYPE_ALL
minEventTime=Mon Aug 05 16:07:05 MDT 2019
maxEventTime=Mon Aug 05 16:07:37 MDT 2019
minEventLatitude=34.10007199424046075986183268469176255166530609130859375
maxEventLatitude=35.89992800575953924013816731530823744833469390869140625
minEventLongitude=-119.098609241146021986423875205218791961669921875
maxEventLongitude=-116.901390758853978013576124794781208038330078125
FINER	thread=13	[null] adding summary to index
FINEST	thread=13	[null] Added property eventsourcecode:uno for product 2
FINEST	thread=13	[null] Added property eventtime:2019-08-05T22:07:21.128Z for product 2
FINEST	thread=13	[null] Added property eventsource:sc for product 2
FINEST	thread=13	[null] Added property latitude:35.0 for product 2
FINEST	thread=13	[null] Added property longitude:-118.0 for product 2
FINEST	thread=13	[null] Added productSummary urn:usgs-product:sc:testproduct:uno:1565042841189, indexid=2 to product index
FINER	thread=13	[null] found existing event indexid=1
FINE	thread=13	Eventindexid=1, eventid=usone, latitude=35.0, longitude=-118.0, time=Mon Aug 05 16:07:21 MDT 2019, deleted=false
FINER	thread=13	Products in event
	status=UPDATE, id=urn:usgs-product:us:testproduct:one:1565042841128, eventid=usone, latitude=35.0, longitude=-118.0, time=Mon Aug 05 16:07:21 MDT 2019
FINER	thread=13	[null] Added associations event id=1, productSummary source=sc, type=testproduct, code=uno (id=2)
FINER	thread=13	[null] checking for event splits
FINEST	thread=13	Product Index Query
eventSearchType=SEARCH_EVENT_PREFERRED
resultType=RESULT_TYPE_ALL
minEventTime=Mon Aug 05 16:07:05 MDT 2019
maxEventTime=Mon Aug 05 16:07:37 MDT 2019
minEventLatitude=34.10007199424046075986183268469176255166530609130859375
maxEventLatitude=35.89992800575953924013816731530823744833469390869140625
minEventLongitude=-119.098609241146021986423875205218791961669921875
maxEventLongitude=-116.901390758853978013576124794781208038330078125
FINER	thread=13	[null] checking for event merges
FINEST	thread=13	Product Index Query
eventSearchType=SEARCH_EVENT_PREFERRED
resultType=RESULT_TYPE_ALL
minEventTime=Mon Aug 05 16:07:05 MDT 2019
maxEventTime=Mon Aug 05 16:07:37 MDT 2019
minEventLatitude=34.10007199424046075986183268469176255166530609130859375
maxEventLatitude=35.89992800575953924013816731530823744833469390869140625
minEventLongitude=-119.098609241146021986423875205218791961669921875
maxEventLongitude=-116.901390758853978013576124794781208038330078125
FINER	thread=13	[null] searching for nearby events
FINER	thread=13	[null] search for nearby events complete
FINER	thread=13	[null] searching for unassociated products
FINER	thread=13	[null] search for unassociated products complete
FINER	thread=13	[null] updating event summary parameters
FINER	thread=13	[null] Updating event indexid=1
FINE	thread=13	Eventindexid=1, eventid=scuno, latitude=35.0, longitude=-118.0, time=Mon Aug 05 16:07:21 MDT 2019, deleted=false
FINER	thread=13	Products in event
	status=UPDATE, id=urn:usgs-product:us:testproduct:one:1565042841128, eventid=usone, latitude=35.0, longitude=-118.0, time=Mon Aug 05 16:07:21 MDT 2019
	status=UPDATE, id=urn:usgs-product:sc:testproduct:uno:1565042841189, eventid=scuno, latitude=35.0, longitude=-118.0, time=Mon Aug 05 16:07:21 MDT 2019
FINEST	thread=13	[null] Updated event properties in Product Index
FINER	thread=13	[null] committing transaction
FINE	thread=13	[null] notifying listeners
INFO	thread=13	[null] indexed product id=urn:usgs-product:sc:testproduct:uno:1565042841189, status=UPDATE
EVENT_UPDATED usone => scuno
FINEST	thread=828	[null] acquiring read lock for product id=urn:usgs-product:sc:testproduct:uno:1565042841189
FINEST	thread=828	[null] acquired read lock for product id=urn:usgs-product:sc:testproduct:uno:1565042841189
FINEST	thread=828	[null] releasing read lock for product id=urn:usgs-product:sc:testproduct:uno:1565042841189
FINEST	thread=828	[null] released read lock for product id=urn:usgs-product:sc:testproduct:uno:1565042841189
FINEST	thread=831	[null] acquiring read lock for product id=urn:usgs-product:sc:testproduct:uno:1565042841189
FINEST	thread=831	[null] acquired read lock for product id=urn:usgs-product:sc:testproduct:uno:1565042841189
FINEST	thread=831	[null] releasing read lock for product id=urn:usgs-product:sc:testproduct:uno:1565042841189
FINEST	thread=831	[null] released read lock for product id=urn:usgs-product:sc:testproduct:uno:1565042841189
FINER	thread=828	[DirectoryProductSource] Product does not have any  URLContent. Scraping directory for files.
FINER	thread=831	[DirectoryProductSource] Product does not have any  URLContent. Scraping directory for files.
FINEST	thread=828	[null] acquiring write lock for product id=urn:usgs-product:sc:testproduct:uno:1565042841189
FINEST	thread=828	[null] acquired write lock for product id=urn:usgs-product:sc:testproduct:uno:1565042841189
FINEST	thread=828	[null] acquiring read lock for product id=urn:usgs-product:sc:testproduct:uno:1565042841189
FINEST	thread=828	[null] acquired read lock for product id=urn:usgs-product:sc:testproduct:uno:1565042841189
FINEST	thread=828	[null] releasing read lock for product id=urn:usgs-product:sc:testproduct:uno:1565042841189
FINEST	thread=828	[null] released read lock for product id=urn:usgs-product:sc:testproduct:uno:1565042841189
FINEST	thread=831	[null] acquiring write lock for product id=urn:usgs-product:sc:testproduct:uno:1565042841189
FINEST	thread=831	[null] acquired write lock for product id=urn:usgs-product:sc:testproduct:uno:1565042841189
FINEST	thread=831	[null] acquiring read lock for product id=urn:usgs-product:sc:testproduct:uno:1565042841189
FINEST	thread=831	[null] acquired read lock for product id=urn:usgs-product:sc:testproduct:uno:1565042841189
FINEST	thread=831	[null] releasing read lock for product id=urn:usgs-product:sc:testproduct:uno:1565042841189
FINEST	thread=831	[null] released read lock for product id=urn:usgs-product:sc:testproduct:uno:1565042841189
WARNING	thread=831	[null] exception while storing product, removing incomplete product
java.io.IOException: Unable to create directory /Users/cbass/Projects/pdl/_test_storage_/testproduct/uno/sc/1565042841189
	at gov.usgs.util.StreamUtils.getOutputStream(StreamUtils.java:153)
	at gov.usgs.util.StreamUtils.getOutputStream(StreamUtils.java:183)
	at gov.usgs.earthquake.product.io.DirectoryProductHandler.onEndProduct(DirectoryProductHandler.java:68)
	at gov.usgs.earthquake.product.io.FilterProductHandler.onEndProduct(FilterProductHandler.java:71)
	at gov.usgs.earthquake.distribution.FileProductStorage$StorageProductOutput.onEndProduct(FileProductStorage.java:855)
	at gov.usgs.earthquake.product.io.ObjectProductSource.sendEndProduct(ObjectProductSource.java:166)
	at gov.usgs.earthquake.product.io.ObjectProductSource.streamTo(ObjectProductSource.java:62)
	at gov.usgs.earthquake.distribution.FileProductStorage.storeProductSource(FileProductStorage.java:693)
	at gov.usgs.earthquake.distribution.FileProductStorage.storeProduct(FileProductStorage.java:675)
	at gov.usgs.earthquake.indexer.ExternalIndexerListener.storeProduct(ExternalIndexerListener.java:196)
	at gov.usgs.earthquake.indexer.ExternalIndexerListener.onIndexerEvent(ExternalIndexerListener.java:131)
	at gov.usgs.earthquake.indexer.IndexerListenerCallable.call(IndexerListenerCallable.java:36)
	at gov.usgs.earthquake.indexer.IndexerListenerCallable.call(IndexerListenerCallable.java:12)
	at gov.usgs.util.ExecutorTask.run(ExecutorTask.java:183)
	at java.base/java.util.concurrent.Executors$RunnableAdapter.call(Executors.java:515)
	at java.base/java.util.concurrent.FutureTask.run(FutureTask.java:264)
	at java.base/java.util.concurrent.ThreadPoolExecutor.runWorker(ThreadPoolExecutor.java:1128)
	at java.base/java.util.concurrent.ThreadPoolExecutor$Worker.run(ThreadPoolExecutor.java:628)
	at java.base/java.lang.Thread.run(Thread.java:834)
FINEST	thread=831	[null] acquiring write lock for product id=urn:usgs-product:sc:testproduct:uno:1565042841189
FINEST	thread=831	[null] acquired write lock for product id=urn:usgs-product:sc:testproduct:uno:1565042841189
FINER	thread=828	[null] product stored id=urn:usgs-product:sc:testproduct:uno:1565042841189, status=UPDATE
FINEST	thread=828	[null] releasing write lock for product id=urn:usgs-product:sc:testproduct:uno:1565042841189
FINEST	thread=828	[null] released write lock for product id=urn:usgs-product:sc:testproduct:uno:1565042841189
FINEST	thread=828	[null] acquiring read lock for product id=urn:usgs-product:sc:testproduct:uno:1565042841189
FINEST	thread=828	[null] acquired read lock for product id=urn:usgs-product:sc:testproduct:uno:1565042841189
FINEST	thread=828	[null] releasing read lock for product id=urn:usgs-product:sc:testproduct:uno:1565042841189
FINEST	thread=828	[null] released read lock for product id=urn:usgs-product:sc:testproduct:uno:1565042841189
FINER	thread=831	[null] product removed, id=urn:usgs-product:sc:testproduct:uno:1565042841189
FINEST	thread=831	[null] releasing write lock for product id=urn:usgs-product:sc:testproduct:uno:1565042841189
FINEST	thread=831	[null] released write lock for product id=urn:usgs-product:sc:testproduct:uno:1565042841189
FINEST	thread=831	[null] releasing write lock for product id=urn:usgs-product:sc:testproduct:uno:1565042841189
FINEST	thread=831	[null] released write lock for product id=urn:usgs-product:sc:testproduct:uno:1565042841189
WARNING	thread=831	[null] listener (null) threw exception, for product id=urn:usgs-product:sc:testproduct:uno:1565042841189
java.io.IOException: Unable to create directory /Users/cbass/Projects/pdl/_test_storage_/testproduct/uno/sc/1565042841189
	at gov.usgs.util.StreamUtils.getOutputStream(StreamUtils.java:153)
	at gov.usgs.util.StreamUtils.getOutputStream(StreamUtils.java:183)
	at gov.usgs.earthquake.product.io.DirectoryProductHandler.onEndProduct(DirectoryProductHandler.java:68)
	at gov.usgs.earthquake.product.io.FilterProductHandler.onEndProduct(FilterProductHandler.java:71)
	at gov.usgs.earthquake.distribution.FileProductStorage$StorageProductOutput.onEndProduct(FileProductStorage.java:855)
	at gov.usgs.earthquake.product.io.ObjectProductSource.sendEndProduct(ObjectProductSource.java:166)
	at gov.usgs.earthquake.product.io.ObjectProductSource.streamTo(ObjectProductSource.java:62)
	at gov.usgs.earthquake.distribution.FileProductStorage.storeProductSource(FileProductStorage.java:693)
	at gov.usgs.earthquake.distribution.FileProductStorage.storeProduct(FileProductStorage.java:675)
	at gov.usgs.earthquake.indexer.ExternalIndexerListener.storeProduct(ExternalIndexerListener.java:196)
	at gov.usgs.earthquake.indexer.ExternalIndexerListener.onIndexerEvent(ExternalIndexerListener.java:131)
	at gov.usgs.earthquake.indexer.IndexerListenerCallable.call(IndexerListenerCallable.java:36)
	at gov.usgs.earthquake.indexer.IndexerListenerCallable.call(IndexerListenerCallable.java:12)
	at gov.usgs.util.ExecutorTask.run(ExecutorTask.java:183)
	at java.base/java.util.concurrent.Executors$RunnableAdapter.call(Executors.java:515)
	at java.base/java.util.concurrent.FutureTask.run(FutureTask.java:264)
	at java.base/java.util.concurrent.ThreadPoolExecutor.runWorker(ThreadPoolExecutor.java:1128)
	at java.base/java.util.concurrent.ThreadPoolExecutor$Worker.run(ThreadPoolExecutor.java:628)
	at java.base/java.lang.Thread.run(Thread.java:834)
FINE	thread=831	Exception: Unable to create directory /Users/cbass/Projects/pdl/_test_storage_/testproduct/uno/sc/1565042841189 source=sc, type=testproduct, code=uno, updateTime=Mon Aug 05 16:07:21 MDT 2019
FINEST	thread=831	Tracker updates disabled, not sent
INFO	thread=831	Exception executing task
java.io.IOException: Unable to create directory /Users/cbass/Projects/pdl/_test_storage_/testproduct/uno/sc/1565042841189
	at gov.usgs.util.StreamUtils.getOutputStream(StreamUtils.java:153)
	at gov.usgs.util.StreamUtils.getOutputStream(StreamUtils.java:183)
	at gov.usgs.earthquake.product.io.DirectoryProductHandler.onEndProduct(DirectoryProductHandler.java:68)
	at gov.usgs.earthquake.product.io.FilterProductHandler.onEndProduct(FilterProductHandler.java:71)
	at gov.usgs.earthquake.distribution.FileProductStorage$StorageProductOutput.onEndProduct(FileProductStorage.java:855)
	at gov.usgs.earthquake.product.io.ObjectProductSource.sendEndProduct(ObjectProductSource.java:166)
	at gov.usgs.earthquake.product.io.ObjectProductSource.streamTo(ObjectProductSource.java:62)
	at gov.usgs.earthquake.distribution.FileProductStorage.storeProductSource(FileProductStorage.java:693)
	at gov.usgs.earthquake.distribution.FileProductStorage.storeProduct(FileProductStorage.java:675)
	at gov.usgs.earthquake.indexer.ExternalIndexerListener.storeProduct(ExternalIndexerListener.java:196)
	at gov.usgs.earthquake.indexer.ExternalIndexerListener.onIndexerEvent(ExternalIndexerListener.java:131)
	at gov.usgs.earthquake.indexer.IndexerListenerCallable.call(IndexerListenerCallable.java:36)
	at gov.usgs.earthquake.indexer.IndexerListenerCallable.call(IndexerListenerCallable.java:12)
	at gov.usgs.util.ExecutorTask.run(ExecutorTask.java:183)
	at java.base/java.util.concurrent.Executors$RunnableAdapter.call(Executors.java:515)
	at java.base/java.util.concurrent.FutureTask.run(FutureTask.java:264)
	at java.base/java.util.concurrent.ThreadPoolExecutor.runWorker(ThreadPoolExecutor.java:1128)
	at java.base/java.util.concurrent.ThreadPoolExecutor$Worker.run(ThreadPoolExecutor.java:628)
	at java.base/java.lang.Thread.run(Thread.java:834)
FINER	thread=828	[DirectoryProductSource] Product does not have any  URLContent. Scraping directory for files.
WARNING	thread=828	[null] listener (null) threw exception, for product id=urn:usgs-product:sc:testproduct:uno:1565042841189
java.lang.NullPointerException
	at gov.usgs.earthquake.product.FileContent.getDirectoryContents(FileContent.java:181)
	at gov.usgs.earthquake.product.FileContent.getDirectoryContents(FileContent.java:158)
	at gov.usgs.earthquake.product.io.DirectoryProductSource.streamTo(DirectoryProductSource.java:91)
	at gov.usgs.earthquake.product.io.ObjectProductHandler.getProduct(ObjectProductHandler.java:172)
	at gov.usgs.earthquake.distribution.FileProductStorage.getProduct(FileProductStorage.java:465)
	at gov.usgs.earthquake.indexer.ExternalIndexerListener.storeProduct(ExternalIndexerListener.java:197)
	at gov.usgs.earthquake.indexer.ExternalIndexerListener.onIndexerEvent(ExternalIndexerListener.java:131)
	at gov.usgs.earthquake.indexer.IndexerListenerCallable.call(IndexerListenerCallable.java:36)
	at gov.usgs.earthquake.indexer.IndexerListenerCallable.call(IndexerListenerCallable.java:12)
	at gov.usgs.util.ExecutorTask.run(ExecutorTask.java:183)
	at java.base/java.util.concurrent.Executors$RunnableAdapter.call(Executors.java:515)
	at java.base/java.util.concurrent.FutureTask.run(FutureTask.java:264)
	at java.base/java.util.concurrent.ThreadPoolExecutor.runWorker(ThreadPoolExecutor.java:1128)
	at java.base/java.util.concurrent.ThreadPoolExecutor$Worker.run(ThreadPoolExecutor.java:628)
	at java.base/java.lang.Thread.run(Thread.java:834)
FINE	thread=828	Exception: null source=sc, type=testproduct, code=uno, updateTime=Mon Aug 05 16:07:21 MDT 2019
FINEST	thread=828	Tracker updates disabled, not sent
INFO	thread=828	Exception executing task
java.lang.NullPointerException
	at gov.usgs.earthquake.product.FileContent.getDirectoryContents(FileContent.java:181)
	at gov.usgs.earthquake.product.FileContent.getDirectoryContents(FileContent.java:158)
	at gov.usgs.earthquake.product.io.DirectoryProductSource.streamTo(DirectoryProductSource.java:91)
	at gov.usgs.earthquake.product.io.ObjectProductHandler.getProduct(ObjectProductHandler.java:172)
	at gov.usgs.earthquake.distribution.FileProductStorage.getProduct(FileProductStorage.java:465)
	at gov.usgs.earthquake.indexer.ExternalIndexerListener.storeProduct(ExternalIndexerListener.java:197)
	at gov.usgs.earthquake.indexer.ExternalIndexerListener.onIndexerEvent(ExternalIndexerListener.java:131)
	at gov.usgs.earthquake.indexer.IndexerListenerCallable.call(IndexerListenerCallable.java:36)
	at gov.usgs.earthquake.indexer.IndexerListenerCallable.call(IndexerListenerCallable.java:12)
	at gov.usgs.util.ExecutorTask.run(ExecutorTask.java:183)
	at java.base/java.util.concurrent.Executors$RunnableAdapter.call(Executors.java:515)
	at java.base/java.util.concurrent.FutureTask.run(FutureTask.java:264)
	at java.base/java.util.concurrent.ThreadPoolExecutor.runWorker(ThreadPoolExecutor.java:1128)
	at java.base/java.util.concurrent.ThreadPoolExecutor$Worker.run(ThreadPoolExecutor.java:628)
	at java.base/java.lang.Thread.run(Thread.java:834)
FINEST	thread=13	[null] storing product id=urn:usgs-product:admin:trump:us-testproduct-one:1565042841253
FINEST	thread=13	[null] acquiring write lock for product id=urn:usgs-product:admin:trump:us-testproduct-one:1565042841253
FINEST	thread=13	[null] acquired write lock for product id=urn:usgs-product:admin:trump:us-testproduct-one:1565042841253
FINEST	thread=13	[null] acquiring read lock for product id=urn:usgs-product:admin:trump:us-testproduct-one:1565042841253
FINEST	thread=13	[null] acquired read lock for product id=urn:usgs-product:admin:trump:us-testproduct-one:1565042841253
FINEST	thread=13	[null] releasing read lock for product id=urn:usgs-product:admin:trump:us-testproduct-one:1565042841253
FINEST	thread=13	[null] released read lock for product id=urn:usgs-product:admin:trump:us-testproduct-one:1565042841253
FINER	thread=13	[null] product stored id=urn:usgs-product:admin:trump:us-testproduct-one:1565042841253, status=UPDATE
FINEST	thread=13	[null] releasing write lock for product id=urn:usgs-product:admin:trump:us-testproduct-one:1565042841253
FINEST	thread=13	[null] released write lock for product id=urn:usgs-product:admin:trump:us-testproduct-one:1565042841253
FINEST	thread=13	[null] stored product id=urn:usgs-product:admin:trump:us-testproduct-one:1565042841253
FINER	thread=13	[null] summarizing product id=urn:usgs-product:admin:trump:us-testproduct-one:1565042841253
FINEST	thread=13	[null] beginning index transaction
FINER	thread=13	[null] finding previous version
FINEST	thread=13	[null] running query 
SELECT DISTINCT id FROM productSummary p WHERE p.id IS NOT NULL AND p.id = (SELECT id FROM productSummary ps WHERE ps.source='admin' AND ps.type='trump' AND ps.code='us-testproduct-one' AND ps.status <> 'DELETE' ORDER BY ps.updateTime DESC LIMIT 1) AND source='admin' AND type='trump' AND code='us-testproduct-one'
FINEST	thread=13	[null] query complete
FINER	thread=13	[null] finding previous event
FINER	thread=13	[null] adding summary to index
FINEST	thread=13	[null] Added property weight:1000 for product 3
FINEST	thread=13	[null] Added link product:urn:usgs-product:us:testproduct:one:1565042841128 for product 3
FINEST	thread=13	[null] Added productSummary urn:usgs-product:admin:trump:us-testproduct-one:1565042841253, indexid=3 to product index
FINER	thread=13	[null] found existing event indexid=1
FINE	thread=13	Eventindexid=1, eventid=scuno, latitude=35.0, longitude=-118.0, time=Mon Aug 05 16:07:21 MDT 2019, deleted=false
FINER	thread=13	Products in event
	status=UPDATE, id=urn:usgs-product:us:testproduct:one:1565042841128, eventid=usone, latitude=35.0, longitude=-118.0, time=Mon Aug 05 16:07:21 MDT 2019
	status=UPDATE, id=urn:usgs-product:sc:testproduct:uno:1565042841189, eventid=scuno, latitude=35.0, longitude=-118.0, time=Mon Aug 05 16:07:21 MDT 2019
FINER	thread=13	[null] Added associations event id=1, productSummary source=admin, type=trump, code=us-testproduct-one (id=3)
FINER	thread=13	[null] checking for event splits
FINEST	thread=13	Product Index Query
eventSearchType=SEARCH_EVENT_PREFERRED
resultType=RESULT_TYPE_ALL
minEventTime=Mon Aug 05 16:07:05 MDT 2019
maxEventTime=Mon Aug 05 16:07:37 MDT 2019
minEventLatitude=34.10007199424046075986183268469176255166530609130859375
maxEventLatitude=35.89992800575953924013816731530823744833469390869140625
minEventLongitude=-119.098609241146021986423875205218791961669921875
maxEventLongitude=-116.901390758853978013576124794781208038330078125
FINER	thread=13	[null] checking for event merges
FINEST	thread=13	Product Index Query
eventSearchType=SEARCH_EVENT_PREFERRED
resultType=RESULT_TYPE_ALL
minEventTime=Mon Aug 05 16:07:05 MDT 2019
maxEventTime=Mon Aug 05 16:07:37 MDT 2019
minEventLatitude=34.10007199424046075986183268469176255166530609130859375
maxEventLatitude=35.89992800575953924013816731530823744833469390869140625
minEventLongitude=-119.098609241146021986423875205218791961669921875
maxEventLongitude=-116.901390758853978013576124794781208038330078125
FINER	thread=13	[null] searching for nearby events
FINER	thread=13	[null] search for nearby events complete
FINEST	thread=13	[null] running query 
SELECT DISTINCT id FROM productSummary p WHERE p.id IS NOT NULL AND NOT EXISTS (SELECT id FROM productSummary ps WHERE ps.type=p.type AND ps.source=p.source AND ps.code=p.code AND ps.updateTime > p.updateTime AND ps.status <> 'DELETE') AND p.productId IN ('urn:usgs-product:us:testproduct:one:1565042841128')
FINEST	thread=13	[null] query complete
INFO	thread=13	Setting product preferred weight urn:usgs-product:us:testproduct:one:1565042841128, weight 6 (old) => 1000 (new)
FINER	thread=13	[null] Removed associations event id=1, productSummary source=us, type=testproduct, code=one (id=1)
FINEST	thread=13	[null] Removed productSummary id=1
FINEST	thread=13	[null] Added property latitude:35.0 for product 4
FINEST	thread=13	[null] Added property eventsourcecode:one for product 4
FINEST	thread=13	[null] Added property eventtime:2019-08-05T22:07:21.128Z for product 4
FINEST	thread=13	[null] Added property eventsource:us for product 4
FINEST	thread=13	[null] Added property longitude:-118.0 for product 4
FINEST	thread=13	[null] Added productSummary urn:usgs-product:us:testproduct:one:1565042841128, indexid=4 to product index
FINER	thread=13	[null] Added associations event id=1, productSummary source=us, type=testproduct, code=one (id=4)
FINER	thread=13	[null] updating event summary parameters
FINER	thread=13	[null] Updating event indexid=1
FINE	thread=13	Eventindexid=1, eventid=usone, latitude=35.0, longitude=-118.0, time=Mon Aug 05 16:07:21 MDT 2019, deleted=false
FINER	thread=13	Products in event
	status=UPDATE, id=urn:usgs-product:admin:trump:us-testproduct-one:1565042841253, eventid=null, latitude=null, longitude=null, time=null
	status=UPDATE, id=urn:usgs-product:sc:testproduct:uno:1565042841189, eventid=scuno, latitude=35.0, longitude=-118.0, time=Mon Aug 05 16:07:21 MDT 2019
	status=UPDATE, id=urn:usgs-product:us:testproduct:one:1565042841128, eventid=usone, latitude=35.0, longitude=-118.0, time=Mon Aug 05 16:07:21 MDT 2019
FINEST	thread=13	[null] Updated event properties in Product Index
FINER	thread=13	[null] committing transaction
FINE	thread=13	[null] notifying listeners
INFO	thread=13	[null] indexed product id=urn:usgs-product:admin:trump:us-testproduct-one:1565042841253, status=UPDATE
EVENT_UPDATED scuno => usone
FINEST	thread=831	[null] acquiring read lock for product id=urn:usgs-product:admin:trump:us-testproduct-one:1565042841253
FINEST	thread=828	[null] acquiring read lock for product id=urn:usgs-product:admin:trump:us-testproduct-one:1565042841253
FINEST	thread=831	[null] acquired read lock for product id=urn:usgs-product:admin:trump:us-testproduct-one:1565042841253
FINEST	thread=828	[null] acquired read lock for product id=urn:usgs-product:admin:trump:us-testproduct-one:1565042841253
FINEST	thread=831	[null] releasing read lock for product id=urn:usgs-product:admin:trump:us-testproduct-one:1565042841253
FINEST	thread=828	[null] releasing read lock for product id=urn:usgs-product:admin:trump:us-testproduct-one:1565042841253
FINEST	thread=831	[null] released read lock for product id=urn:usgs-product:admin:trump:us-testproduct-one:1565042841253
FINEST	thread=828	[null] released read lock for product id=urn:usgs-product:admin:trump:us-testproduct-one:1565042841253
FINER	thread=828	[DirectoryProductSource] Product does not have any  URLContent. Scraping directory for files.
FINER	thread=831	[DirectoryProductSource] Product does not have any  URLContent. Scraping directory for files.
FINEST	thread=828	[null] acquiring write lock for product id=urn:usgs-product:admin:trump:us-testproduct-one:1565042841253
FINEST	thread=831	[null] acquiring write lock for product id=urn:usgs-product:admin:trump:us-testproduct-one:1565042841253
FINEST	thread=828	[null] acquired write lock for product id=urn:usgs-product:admin:trump:us-testproduct-one:1565042841253
FINEST	thread=828	[null] acquiring read lock for product id=urn:usgs-product:admin:trump:us-testproduct-one:1565042841253
FINEST	thread=828	[null] acquired read lock for product id=urn:usgs-product:admin:trump:us-testproduct-one:1565042841253
FINEST	thread=828	[null] releasing read lock for product id=urn:usgs-product:admin:trump:us-testproduct-one:1565042841253
FINEST	thread=828	[null] released read lock for product id=urn:usgs-product:admin:trump:us-testproduct-one:1565042841253
FINEST	thread=831	[null] acquired write lock for product id=urn:usgs-product:admin:trump:us-testproduct-one:1565042841253
FINEST	thread=831	[null] acquiring read lock for product id=urn:usgs-product:admin:trump:us-testproduct-one:1565042841253
FINEST	thread=831	[null] acquired read lock for product id=urn:usgs-product:admin:trump:us-testproduct-one:1565042841253
FINEST	thread=831	[null] releasing read lock for product id=urn:usgs-product:admin:trump:us-testproduct-one:1565042841253
FINEST	thread=831	[null] released read lock for product id=urn:usgs-product:admin:trump:us-testproduct-one:1565042841253
WARNING	thread=831	[null] exception while storing product, removing incomplete product
java.io.IOException: Unable to create directory /Users/cbass/Projects/pdl/_test_storage_/trump/us-testproduct-one/admin/1565042841253
	at gov.usgs.util.StreamUtils.getOutputStream(StreamUtils.java:153)
	at gov.usgs.util.StreamUtils.getOutputStream(StreamUtils.java:183)
	at gov.usgs.earthquake.product.io.DirectoryProductHandler.onEndProduct(DirectoryProductHandler.java:68)
	at gov.usgs.earthquake.product.io.FilterProductHandler.onEndProduct(FilterProductHandler.java:71)
	at gov.usgs.earthquake.distribution.FileProductStorage$StorageProductOutput.onEndProduct(FileProductStorage.java:855)
	at gov.usgs.earthquake.product.io.ObjectProductSource.sendEndProduct(ObjectProductSource.java:166)
	at gov.usgs.earthquake.product.io.ObjectProductSource.streamTo(ObjectProductSource.java:62)
	at gov.usgs.earthquake.distribution.FileProductStorage.storeProductSource(FileProductStorage.java:693)
	at gov.usgs.earthquake.distribution.FileProductStorage.storeProduct(FileProductStorage.java:675)
	at gov.usgs.earthquake.indexer.ExternalIndexerListener.storeProduct(ExternalIndexerListener.java:196)
	at gov.usgs.earthquake.indexer.ExternalIndexerListener.onIndexerEvent(ExternalIndexerListener.java:131)
	at gov.usgs.earthquake.indexer.IndexerListenerCallable.call(IndexerListenerCallable.java:36)
	at gov.usgs.earthquake.indexer.IndexerListenerCallable.call(IndexerListenerCallable.java:12)
	at gov.usgs.util.ExecutorTask.run(ExecutorTask.java:183)
	at java.base/java.util.concurrent.Executors$RunnableAdapter.call(Executors.java:515)
	at java.base/java.util.concurrent.FutureTask.run(FutureTask.java:264)
	at java.base/java.util.concurrent.ThreadPoolExecutor.runWorker(ThreadPoolExecutor.java:1128)
	at java.base/java.util.concurrent.ThreadPoolExecutor$Worker.run(ThreadPoolExecutor.java:628)
	at java.base/java.lang.Thread.run(Thread.java:834)
FINEST	thread=831	[null] acquiring write lock for product id=urn:usgs-product:admin:trump:us-testproduct-one:1565042841253
FINEST	thread=831	[null] acquired write lock for product id=urn:usgs-product:admin:trump:us-testproduct-one:1565042841253
FINER	thread=828	[null] product stored id=urn:usgs-product:admin:trump:us-testproduct-one:1565042841253, status=UPDATE
FINEST	thread=828	[null] releasing write lock for product id=urn:usgs-product:admin:trump:us-testproduct-one:1565042841253
FINEST	thread=828	[null] released write lock for product id=urn:usgs-product:admin:trump:us-testproduct-one:1565042841253
FINEST	thread=828	[null] acquiring read lock for product id=urn:usgs-product:admin:trump:us-testproduct-one:1565042841253
FINEST	thread=828	[null] acquired read lock for product id=urn:usgs-product:admin:trump:us-testproduct-one:1565042841253
FINEST	thread=828	[null] releasing read lock for product id=urn:usgs-product:admin:trump:us-testproduct-one:1565042841253
FINEST	thread=828	[null] released read lock for product id=urn:usgs-product:admin:trump:us-testproduct-one:1565042841253
WARNING	thread=828	[null] listener (null) threw exception, for product id=urn:usgs-product:admin:trump:us-testproduct-one:1565042841253
java.io.FileNotFoundException: _test_storage_/trump/us-testproduct-one/admin/1565042841253/product.xml (No such file or directory)
	at java.base/java.io.FileInputStream.open0(Native Method)
	at java.base/java.io.FileInputStream.open(FileInputStream.java:219)
	at java.base/java.io.FileInputStream.<init>(FileInputStream.java:157)
	at gov.usgs.util.StreamUtils.getInputStream(StreamUtils.java:60)
	at gov.usgs.earthquake.product.io.DirectoryProductSource.streamTo(DirectoryProductSource.java:55)
	at gov.usgs.earthquake.product.io.ObjectProductHandler.getProduct(ObjectProductHandler.java:172)
	at gov.usgs.earthquake.distribution.FileProductStorage.getProduct(FileProductStorage.java:465)
	at gov.usgs.earthquake.indexer.ExternalIndexerListener.storeProduct(ExternalIndexerListener.java:197)
	at gov.usgs.earthquake.indexer.ExternalIndexerListener.onIndexerEvent(ExternalIndexerListener.java:131)
	at gov.usgs.earthquake.indexer.IndexerListenerCallable.call(IndexerListenerCallable.java:36)
	at gov.usgs.earthquake.indexer.IndexerListenerCallable.call(IndexerListenerCallable.java:12)
	at gov.usgs.util.ExecutorTask.run(ExecutorTask.java:183)
	at java.base/java.util.concurrent.Executors$RunnableAdapter.call(Executors.java:515)
	at java.base/java.util.concurrent.FutureTask.run(FutureTask.java:264)
	at java.base/java.util.concurrent.ThreadPoolExecutor.runWorker(ThreadPoolExecutor.java:1128)
	at java.base/java.util.concurrent.ThreadPoolExecutor$Worker.run(ThreadPoolExecutor.java:628)
	at java.base/java.lang.Thread.run(Thread.java:834)
FINER	thread=831	[null] product removed, id=urn:usgs-product:admin:trump:us-testproduct-one:1565042841253
FINEST	thread=831	[null] releasing write lock for product id=urn:usgs-product:admin:trump:us-testproduct-one:1565042841253
FINEST	thread=831	[null] released write lock for product id=urn:usgs-product:admin:trump:us-testproduct-one:1565042841253
FINE	thread=828	Exception: _test_storage_/trump/us-testproduct-one/admin/1565042841253/product.xml (No such file or directory) source=admin, type=trump, code=us-testproduct-one, updateTime=Mon Aug 05 16:07:21 MDT 2019
FINEST	thread=831	[null] releasing write lock for product id=urn:usgs-product:admin:trump:us-testproduct-one:1565042841253
FINEST	thread=828	Tracker updates disabled, not sent
FINEST	thread=831	[null] released write lock for product id=urn:usgs-product:admin:trump:us-testproduct-one:1565042841253
INFO	thread=828	Exception executing task
java.io.FileNotFoundException: _test_storage_/trump/us-testproduct-one/admin/1565042841253/product.xml (No such file or directory)
	at java.base/java.io.FileInputStream.open0(Native Method)
	at java.base/java.io.FileInputStream.open(FileInputStream.java:219)
	at java.base/java.io.FileInputStream.<init>(FileInputStream.java:157)
	at gov.usgs.util.StreamUtils.getInputStream(StreamUtils.java:60)
	at gov.usgs.earthquake.product.io.DirectoryProductSource.streamTo(DirectoryProductSource.java:55)
	at gov.usgs.earthquake.product.io.ObjectProductHandler.getProduct(ObjectProductHandler.java:172)
	at gov.usgs.earthquake.distribution.FileProductStorage.getProduct(FileProductStorage.java:465)
	at gov.usgs.earthquake.indexer.ExternalIndexerListener.storeProduct(ExternalIndexerListener.java:197)
	at gov.usgs.earthquake.indexer.ExternalIndexerListener.onIndexerEvent(ExternalIndexerListener.java:131)
	at gov.usgs.earthquake.indexer.IndexerListenerCallable.call(IndexerListenerCallable.java:36)
	at gov.usgs.earthquake.indexer.IndexerListenerCallable.call(IndexerListenerCallable.java:12)
	at gov.usgs.util.ExecutorTask.run(ExecutorTask.java:183)
	at java.base/java.util.concurrent.Executors$RunnableAdapter.call(Executors.java:515)
	at java.base/java.util.concurrent.FutureTask.run(FutureTask.java:264)
	at java.base/java.util.concurrent.ThreadPoolExecutor.runWorker(ThreadPoolExecutor.java:1128)
	at java.base/java.util.concurrent.ThreadPoolExecutor$Worker.run(ThreadPoolExecutor.java:628)
	at java.base/java.lang.Thread.run(Thread.java:834)
WARNING	thread=831	[null] listener (null) threw exception, for product id=urn:usgs-product:admin:trump:us-testproduct-one:1565042841253
java.io.IOException: Unable to create directory /Users/cbass/Projects/pdl/_test_storage_/trump/us-testproduct-one/admin/1565042841253
	at gov.usgs.util.StreamUtils.getOutputStream(StreamUtils.java:153)
	at gov.usgs.util.StreamUtils.getOutputStream(StreamUtils.java:183)
	at gov.usgs.earthquake.product.io.DirectoryProductHandler.onEndProduct(DirectoryProductHandler.java:68)
	at gov.usgs.earthquake.product.io.FilterProductHandler.onEndProduct(FilterProductHandler.java:71)
	at gov.usgs.earthquake.distribution.FileProductStorage$StorageProductOutput.onEndProduct(FileProductStorage.java:855)
	at gov.usgs.earthquake.product.io.ObjectProductSource.sendEndProduct(ObjectProductSource.java:166)
	at gov.usgs.earthquake.product.io.ObjectProductSource.streamTo(ObjectProductSource.java:62)
	at gov.usgs.earthquake.distribution.FileProductStorage.storeProductSource(FileProductStorage.java:693)
	at gov.usgs.earthquake.distribution.FileProductStorage.storeProduct(FileProductStorage.java:675)
	at gov.usgs.earthquake.indexer.ExternalIndexerListener.storeProduct(ExternalIndexerListener.java:196)
	at gov.usgs.earthquake.indexer.ExternalIndexerListener.onIndexerEvent(ExternalIndexerListener.java:131)
	at gov.usgs.earthquake.indexer.IndexerListenerCallable.call(IndexerListenerCallable.java:36)
	at gov.usgs.earthquake.indexer.IndexerListenerCallable.call(IndexerListenerCallable.java:12)
	at gov.usgs.util.ExecutorTask.run(ExecutorTask.java:183)
	at java.base/java.util.concurrent.Executors$RunnableAdapter.call(Executors.java:515)
	at java.base/java.util.concurrent.FutureTask.run(FutureTask.java:264)
	at java.base/java.util.concurrent.ThreadPoolExecutor.runWorker(ThreadPoolExecutor.java:1128)
	at java.base/java.util.concurrent.ThreadPoolExecutor$Worker.run(ThreadPoolExecutor.java:628)
	at java.base/java.lang.Thread.run(Thread.java:834)
FINE	thread=831	Exception: Unable to create directory /Users/cbass/Projects/pdl/_test_storage_/trump/us-testproduct-one/admin/1565042841253 source=admin, type=trump, code=us-testproduct-one, updateTime=Mon Aug 05 16:07:21 MDT 2019
FINEST	thread=831	Tracker updates disabled, not sent
INFO	thread=831	Exception executing task
java.io.IOException: Unable to create directory /Users/cbass/Projects/pdl/_test_storage_/trump/us-testproduct-one/admin/1565042841253
	at gov.usgs.util.StreamUtils.getOutputStream(StreamUtils.java:153)
	at gov.usgs.util.StreamUtils.getOutputStream(StreamUtils.java:183)
	at gov.usgs.earthquake.product.io.DirectoryProductHandler.onEndProduct(DirectoryProductHandler.java:68)
	at gov.usgs.earthquake.product.io.FilterProductHandler.onEndProduct(FilterProductHandler.java:71)
	at gov.usgs.earthquake.distribution.FileProductStorage$StorageProductOutput.onEndProduct(FileProductStorage.java:855)
	at gov.usgs.earthquake.product.io.ObjectProductSource.sendEndProduct(ObjectProductSource.java:166)
	at gov.usgs.earthquake.product.io.ObjectProductSource.streamTo(ObjectProductSource.java:62)
	at gov.usgs.earthquake.distribution.FileProductStorage.storeProductSource(FileProductStorage.java:693)
	at gov.usgs.earthquake.distribution.FileProductStorage.storeProduct(FileProductStorage.java:675)
	at gov.usgs.earthquake.indexer.ExternalIndexerListener.storeProduct(ExternalIndexerListener.java:196)
	at gov.usgs.earthquake.indexer.ExternalIndexerListener.onIndexerEvent(ExternalIndexerListener.java:131)
	at gov.usgs.earthquake.indexer.IndexerListenerCallable.call(IndexerListenerCallable.java:36)
	at gov.usgs.earthquake.indexer.IndexerListenerCallable.call(IndexerListenerCallable.java:12)
	at gov.usgs.util.ExecutorTask.run(ExecutorTask.java:183)
	at java.base/java.util.concurrent.Executors$RunnableAdapter.call(Executors.java:515)
	at java.base/java.util.concurrent.FutureTask.run(FutureTask.java:264)
	at java.base/java.util.concurrent.ThreadPoolExecutor.runWorker(ThreadPoolExecutor.java:1128)
	at java.base/java.util.concurrent.ThreadPoolExecutor$Worker.run(ThreadPoolExecutor.java:628)
	at java.base/java.lang.Thread.run(Thread.java:834)
FINEST	thread=13	[null] storing product id=urn:usgs-product:admin:trump:us-testproduct-one:1565042841315
FINEST	thread=13	[null] acquiring write lock for product id=urn:usgs-product:admin:trump:us-testproduct-one:1565042841315
FINEST	thread=13	[null] acquired write lock for product id=urn:usgs-product:admin:trump:us-testproduct-one:1565042841315
FINEST	thread=13	[null] acquiring read lock for product id=urn:usgs-product:admin:trump:us-testproduct-one:1565042841315
FINEST	thread=13	[null] acquired read lock for product id=urn:usgs-product:admin:trump:us-testproduct-one:1565042841315
FINEST	thread=13	[null] releasing read lock for product id=urn:usgs-product:admin:trump:us-testproduct-one:1565042841315
FINEST	thread=13	[null] released read lock for product id=urn:usgs-product:admin:trump:us-testproduct-one:1565042841315
FINER	thread=13	[null] product stored id=urn:usgs-product:admin:trump:us-testproduct-one:1565042841315, status=DELETE
FINEST	thread=13	[null] releasing write lock for product id=urn:usgs-product:admin:trump:us-testproduct-one:1565042841315
FINEST	thread=13	[null] released write lock for product id=urn:usgs-product:admin:trump:us-testproduct-one:1565042841315
FINEST	thread=13	[null] stored product id=urn:usgs-product:admin:trump:us-testproduct-one:1565042841315
FINER	thread=13	[null] summarizing product id=urn:usgs-product:admin:trump:us-testproduct-one:1565042841315
FINEST	thread=13	[null] beginning index transaction
FINER	thread=13	[null] finding previous version
FINEST	thread=13	[null] running query 
SELECT DISTINCT id FROM productSummary p WHERE p.id IS NOT NULL AND p.id = (SELECT id FROM productSummary ps WHERE ps.source='admin' AND ps.type='trump' AND ps.code='us-testproduct-one' AND ps.status <> 'DELETE' ORDER BY ps.updateTime DESC LIMIT 1) AND source='admin' AND type='trump' AND code='us-testproduct-one'
FINEST	thread=13	[null] query complete
FINER	thread=13	[null] finding previous event
FINER	thread=13	[null] adding summary to index
FINEST	thread=13	[null] Added productSummary urn:usgs-product:admin:trump:us-testproduct-one:1565042841315, indexid=5 to product index
FINER	thread=13	[null] found existing event indexid=1
FINE	thread=13	Eventindexid=1, eventid=usone, latitude=35.0, longitude=-118.0, time=Mon Aug 05 16:07:21 MDT 2019, deleted=false
FINER	thread=13	Products in event
	status=UPDATE, id=urn:usgs-product:admin:trump:us-testproduct-one:1565042841253, eventid=null, latitude=null, longitude=null, time=null
	status=UPDATE, id=urn:usgs-product:sc:testproduct:uno:1565042841189, eventid=scuno, latitude=35.0, longitude=-118.0, time=Mon Aug 05 16:07:21 MDT 2019
	status=UPDATE, id=urn:usgs-product:us:testproduct:one:1565042841128, eventid=usone, latitude=35.0, longitude=-118.0, time=Mon Aug 05 16:07:21 MDT 2019
FINER	thread=13	[null] Added associations event id=1, productSummary source=admin, type=trump, code=us-testproduct-one (id=5)
FINER	thread=13	[null] checking for event splits
FINEST	thread=13	Product Index Query
eventSearchType=SEARCH_EVENT_PREFERRED
resultType=RESULT_TYPE_ALL
minEventTime=Mon Aug 05 16:07:05 MDT 2019
maxEventTime=Mon Aug 05 16:07:37 MDT 2019
minEventLatitude=34.10007199424046075986183268469176255166530609130859375
maxEventLatitude=35.89992800575953924013816731530823744833469390869140625
minEventLongitude=-119.098609241146021986423875205218791961669921875
maxEventLongitude=-116.901390758853978013576124794781208038330078125
FINER	thread=13	[null] checking for event merges
FINEST	thread=13	Product Index Query
eventSearchType=SEARCH_EVENT_PREFERRED
resultType=RESULT_TYPE_ALL
minEventTime=Mon Aug 05 16:07:05 MDT 2019
maxEventTime=Mon Aug 05 16:07:37 MDT 2019
minEventLatitude=34.10007199424046075986183268469176255166530609130859375
maxEventLatitude=35.89992800575953924013816731530823744833469390869140625
minEventLongitude=-119.098609241146021986423875205218791961669921875
maxEventLongitude=-116.901390758853978013576124794781208038330078125
FINER	thread=13	[null] searching for nearby events
FINER	thread=13	[null] search for nearby events complete
FINEST	thread=13	[null] running query 
SELECT DISTINCT id FROM productSummary p WHERE p.id IS NOT NULL AND NOT EXISTS (SELECT id FROM productSummary ps WHERE ps.type=p.type AND ps.source=p.source AND ps.code=p.code AND ps.updateTime > p.updateTime AND ps.status <> 'DELETE') AND p.productId IN ('urn:usgs-product:us:testproduct:one:1565042841128')
FINEST	thread=13	[null] query complete
FINER	thread=13	[null] Removed associations event id=1, productSummary source=us, type=testproduct, code=one (id=4)
FINEST	thread=13	[null] Removed productSummary id=4
FINEST	thread=13	[null] acquiring read lock for product id=urn:usgs-product:us:testproduct:one:1565042841128
FINEST	thread=13	[null] acquired read lock for product id=urn:usgs-product:us:testproduct:one:1565042841128
FINEST	thread=13	[null] releasing read lock for product id=urn:usgs-product:us:testproduct:one:1565042841128
FINEST	thread=13	[null] released read lock for product id=urn:usgs-product:us:testproduct:one:1565042841128
FINER	thread=13	[DirectoryProductSource] Product does not have any  URLContent. Scraping directory for files.
INFO	thread=13	Resummarizing product urn:usgs-product:us:testproduct:one:1565042841128, weight 1000 (old) => 6 (new)
FINEST	thread=13	[null] Added property eventsourcecode:one for product 6
FINEST	thread=13	[null] Added property eventtime:2019-08-05T22:07:21.128Z for product 6
FINEST	thread=13	[null] Added property eventsource:us for product 6
FINEST	thread=13	[null] Added property latitude:35.0 for product 6
FINEST	thread=13	[null] Added property longitude:-118.0 for product 6
FINEST	thread=13	[null] Added productSummary urn:usgs-product:us:testproduct:one:1565042841128, indexid=6 to product index
FINER	thread=13	[null] Added associations event id=1, productSummary source=us, type=testproduct, code=one (id=6)
FINER	thread=13	[null] updating event summary parameters
FINER	thread=13	[null] Updating event indexid=1
FINE	thread=13	Eventindexid=1, eventid=scuno, latitude=35.0, longitude=-118.0, time=Mon Aug 05 16:07:21 MDT 2019, deleted=false
FINER	thread=13	Products in event
	status=UPDATE, id=urn:usgs-product:admin:trump:us-testproduct-one:1565042841253, eventid=null, latitude=null, longitude=null, time=null
	status=DELETE, id=urn:usgs-product:admin:trump:us-testproduct-one:1565042841315, eventid=null, latitude=null, longitude=null, time=null
	status=UPDATE, id=urn:usgs-product:sc:testproduct:uno:1565042841189, eventid=scuno, latitude=35.0, longitude=-118.0, time=Mon Aug 05 16:07:21 MDT 2019
	status=UPDATE, id=urn:usgs-product:us:testproduct:one:1565042841128, eventid=usone, latitude=35.0, longitude=-118.0, time=Mon Aug 05 16:07:21 MDT 2019
FINEST	thread=13	[null] Updated event properties in Product Index
FINER	thread=13	[null] committing transaction
FINE	thread=13	[null] notifying listeners
INFO	thread=13	[null] indexed product id=urn:usgs-product:admin:trump:us-testproduct-one:1565042841315, status=DELETE
EVENT_UPDATED usone => scuno
FINEST	thread=828	[null] acquiring read lock for product id=urn:usgs-product:admin:trump:us-testproduct-one:1565042841315
FINEST	thread=828	[null] acquired read lock for product id=urn:usgs-product:admin:trump:us-testproduct-one:1565042841315
FINEST	thread=831	[null] acquiring read lock for product id=urn:usgs-product:admin:trump:us-testproduct-one:1565042841315
FINEST	thread=831	[null] acquired read lock for product id=urn:usgs-product:admin:trump:us-testproduct-one:1565042841315
FINEST	thread=828	[null] releasing read lock for product id=urn:usgs-product:admin:trump:us-testproduct-one:1565042841315
FINEST	thread=831	[null] releasing read lock for product id=urn:usgs-product:admin:trump:us-testproduct-one:1565042841315
FINEST	thread=831	[null] released read lock for product id=urn:usgs-product:admin:trump:us-testproduct-one:1565042841315
FINEST	thread=828	[null] released read lock for product id=urn:usgs-product:admin:trump:us-testproduct-one:1565042841315
FINER	thread=828	[DirectoryProductSource] Product does not have any  URLContent. Scraping directory for files.
FINER	thread=831	[DirectoryProductSource] Product does not have any  URLContent. Scraping directory for files.
FINEST	thread=828	[null] acquiring write lock for product id=urn:usgs-product:admin:trump:us-testproduct-one:1565042841315
FINEST	thread=831	[null] acquiring write lock for product id=urn:usgs-product:admin:trump:us-testproduct-one:1565042841315
FINEST	thread=828	[null] acquired write lock for product id=urn:usgs-product:admin:trump:us-testproduct-one:1565042841315
FINEST	thread=828	[null] acquiring read lock for product id=urn:usgs-product:admin:trump:us-testproduct-one:1565042841315
FINEST	thread=831	[null] acquired write lock for product id=urn:usgs-product:admin:trump:us-testproduct-one:1565042841315
FINEST	thread=828	[null] acquired read lock for product id=urn:usgs-product:admin:trump:us-testproduct-one:1565042841315
FINEST	thread=831	[null] acquiring read lock for product id=urn:usgs-product:admin:trump:us-testproduct-one:1565042841315
FINEST	thread=831	[null] acquired read lock for product id=urn:usgs-product:admin:trump:us-testproduct-one:1565042841315
FINEST	thread=828	[null] releasing read lock for product id=urn:usgs-product:admin:trump:us-testproduct-one:1565042841315
FINEST	thread=831	[null] releasing read lock for product id=urn:usgs-product:admin:trump:us-testproduct-one:1565042841315
FINEST	thread=828	[null] released read lock for product id=urn:usgs-product:admin:trump:us-testproduct-one:1565042841315
FINEST	thread=831	[null] released read lock for product id=urn:usgs-product:admin:trump:us-testproduct-one:1565042841315
WARNING	thread=831	[null] exception while storing product, removing incomplete product
java.io.IOException: Unable to create directory /Users/cbass/Projects/pdl/_test_storage_/trump/us-testproduct-one/admin/1565042841315
	at gov.usgs.util.StreamUtils.getOutputStream(StreamUtils.java:153)
	at gov.usgs.util.StreamUtils.getOutputStream(StreamUtils.java:183)
	at gov.usgs.earthquake.product.io.DirectoryProductHandler.onEndProduct(DirectoryProductHandler.java:68)
	at gov.usgs.earthquake.product.io.FilterProductHandler.onEndProduct(FilterProductHandler.java:71)
	at gov.usgs.earthquake.distribution.FileProductStorage$StorageProductOutput.onEndProduct(FileProductStorage.java:855)
	at gov.usgs.earthquake.product.io.ObjectProductSource.sendEndProduct(ObjectProductSource.java:166)
	at gov.usgs.earthquake.product.io.ObjectProductSource.streamTo(ObjectProductSource.java:62)
	at gov.usgs.earthquake.distribution.FileProductStorage.storeProductSource(FileProductStorage.java:693)
	at gov.usgs.earthquake.distribution.FileProductStorage.storeProduct(FileProductStorage.java:675)
	at gov.usgs.earthquake.indexer.ExternalIndexerListener.storeProduct(ExternalIndexerListener.java:196)
	at gov.usgs.earthquake.indexer.ExternalIndexerListener.onIndexerEvent(ExternalIndexerListener.java:131)
	at gov.usgs.earthquake.indexer.IndexerListenerCallable.call(IndexerListenerCallable.java:36)
	at gov.usgs.earthquake.indexer.IndexerListenerCallable.call(IndexerListenerCallable.java:12)
	at gov.usgs.util.ExecutorTask.run(ExecutorTask.java:183)
	at java.base/java.util.concurrent.Executors$RunnableAdapter.call(Executors.java:515)
	at java.base/java.util.concurrent.FutureTask.run(FutureTask.java:264)
	at java.base/java.util.concurrent.ThreadPoolExecutor.runWorker(ThreadPoolExecutor.java:1128)
	at java.base/java.util.concurrent.ThreadPoolExecutor$Worker.run(ThreadPoolExecutor.java:628)
	at java.base/java.lang.Thread.run(Thread.java:834)
FINEST	thread=831	[null] acquiring write lock for product id=urn:usgs-product:admin:trump:us-testproduct-one:1565042841315
FINEST	thread=831	[null] acquired write lock for product id=urn:usgs-product:admin:trump:us-testproduct-one:1565042841315
FINER	thread=828	[null] product stored id=urn:usgs-product:admin:trump:us-testproduct-one:1565042841315, status=DELETE
FINEST	thread=828	[null] releasing write lock for product id=urn:usgs-product:admin:trump:us-testproduct-one:1565042841315
FINEST	thread=828	[null] released write lock for product id=urn:usgs-product:admin:trump:us-testproduct-one:1565042841315
FINEST	thread=828	[null] acquiring read lock for product id=urn:usgs-product:admin:trump:us-testproduct-one:1565042841315
FINEST	thread=828	[null] acquired read lock for product id=urn:usgs-product:admin:trump:us-testproduct-one:1565042841315
FINEST	thread=828	[null] releasing read lock for product id=urn:usgs-product:admin:trump:us-testproduct-one:1565042841315
FINEST	thread=828	[null] released read lock for product id=urn:usgs-product:admin:trump:us-testproduct-one:1565042841315
WARNING	thread=828	[null] listener (null) threw exception, for product id=urn:usgs-product:admin:trump:us-testproduct-one:1565042841315
java.io.FileNotFoundException: _test_storage_/trump/us-testproduct-one/admin/1565042841315/product.xml (No such file or directory)
	at java.base/java.io.FileInputStream.open0(Native Method)
	at java.base/java.io.FileInputStream.open(FileInputStream.java:219)
	at java.base/java.io.FileInputStream.<init>(FileInputStream.java:157)
	at gov.usgs.util.StreamUtils.getInputStream(StreamUtils.java:60)
	at gov.usgs.earthquake.product.io.DirectoryProductSource.streamTo(DirectoryProductSource.java:55)
	at gov.usgs.earthquake.product.io.ObjectProductHandler.getProduct(ObjectProductHandler.java:172)
	at gov.usgs.earthquake.distribution.FileProductStorage.getProduct(FileProductStorage.java:465)
	at gov.usgs.earthquake.indexer.ExternalIndexerListener.storeProduct(ExternalIndexerListener.java:197)
	at gov.usgs.earthquake.indexer.ExternalIndexerListener.onIndexerEvent(ExternalIndexerListener.java:131)
	at gov.usgs.earthquake.indexer.IndexerListenerCallable.call(IndexerListenerCallable.java:36)
	at gov.usgs.earthquake.indexer.IndexerListenerCallable.call(IndexerListenerCallable.java:12)
	at gov.usgs.util.ExecutorTask.run(ExecutorTask.java:183)
	at java.base/java.util.concurrent.Executors$RunnableAdapter.call(Executors.java:515)
	at java.base/java.util.concurrent.FutureTask.run(FutureTask.java:264)
	at java.base/java.util.concurrent.ThreadPoolExecutor.runWorker(ThreadPoolExecutor.java:1128)
	at java.base/java.util.concurrent.ThreadPoolExecutor$Worker.run(ThreadPoolExecutor.java:628)
	at java.base/java.lang.Thread.run(Thread.java:834)
FINER	thread=831	[null] product removed, id=urn:usgs-product:admin:trump:us-testproduct-one:1565042841315
FINEST	thread=831	[null] releasing write lock for product id=urn:usgs-product:admin:trump:us-testproduct-one:1565042841315
FINEST	thread=831	[null] released write lock for product id=urn:usgs-product:admin:trump:us-testproduct-one:1565042841315
FINE	thread=828	Exception: _test_storage_/trump/us-testproduct-one/admin/1565042841315/product.xml (No such file or directory) source=admin, type=trump, code=us-testproduct-one, updateTime=Mon Aug 05 16:07:21 MDT 2019
FINEST	thread=831	[null] releasing write lock for product id=urn:usgs-product:admin:trump:us-testproduct-one:1565042841315
FINEST	thread=828	Tracker updates disabled, not sent
FINEST	thread=831	[null] released write lock for product id=urn:usgs-product:admin:trump:us-testproduct-one:1565042841315
INFO	thread=828	Exception executing task
java.io.FileNotFoundException: _test_storage_/trump/us-testproduct-one/admin/1565042841315/product.xml (No such file or directory)
	at java.base/java.io.FileInputStream.open0(Native Method)
	at java.base/java.io.FileInputStream.open(FileInputStream.java:219)
	at java.base/java.io.FileInputStream.<init>(FileInputStream.java:157)
	at gov.usgs.util.StreamUtils.getInputStream(StreamUtils.java:60)
	at gov.usgs.earthquake.product.io.DirectoryProductSource.streamTo(DirectoryProductSource.java:55)
	at gov.usgs.earthquake.product.io.ObjectProductHandler.getProduct(ObjectProductHandler.java:172)
	at gov.usgs.earthquake.distribution.FileProductStorage.getProduct(FileProductStorage.java:465)
	at gov.usgs.earthquake.indexer.ExternalIndexerListener.storeProduct(ExternalIndexerListener.java:197)
	at gov.usgs.earthquake.indexer.ExternalIndexerListener.onIndexerEvent(ExternalIndexerListener.java:131)
	at gov.usgs.earthquake.indexer.IndexerListenerCallable.call(IndexerListenerCallable.java:36)
	at gov.usgs.earthquake.indexer.IndexerListenerCallable.call(IndexerListenerCallable.java:12)
	at gov.usgs.util.ExecutorTask.run(ExecutorTask.java:183)
	at java.base/java.util.concurrent.Executors$RunnableAdapter.call(Executors.java:515)
	at java.base/java.util.concurrent.FutureTask.run(FutureTask.java:264)
	at java.base/java.util.concurrent.ThreadPoolExecutor.runWorker(ThreadPoolExecutor.java:1128)
	at java.base/java.util.concurrent.ThreadPoolExecutor$Worker.run(ThreadPoolExecutor.java:628)
	at java.base/java.lang.Thread.run(Thread.java:834)
WARNING	thread=831	[null] listener (null) threw exception, for product id=urn:usgs-product:admin:trump:us-testproduct-one:1565042841315
java.io.IOException: Unable to create directory /Users/cbass/Projects/pdl/_test_storage_/trump/us-testproduct-one/admin/1565042841315
	at gov.usgs.util.StreamUtils.getOutputStream(StreamUtils.java:153)
	at gov.usgs.util.StreamUtils.getOutputStream(StreamUtils.java:183)
	at gov.usgs.earthquake.product.io.DirectoryProductHandler.onEndProduct(DirectoryProductHandler.java:68)
	at gov.usgs.earthquake.product.io.FilterProductHandler.onEndProduct(FilterProductHandler.java:71)
	at gov.usgs.earthquake.distribution.FileProductStorage$StorageProductOutput.onEndProduct(FileProductStorage.java:855)
	at gov.usgs.earthquake.product.io.ObjectProductSource.sendEndProduct(ObjectProductSource.java:166)
	at gov.usgs.earthquake.product.io.ObjectProductSource.streamTo(ObjectProductSource.java:62)
	at gov.usgs.earthquake.distribution.FileProductStorage.storeProductSource(FileProductStorage.java:693)
	at gov.usgs.earthquake.distribution.FileProductStorage.storeProduct(FileProductStorage.java:675)
	at gov.usgs.earthquake.indexer.ExternalIndexerListener.storeProduct(ExternalIndexerListener.java:196)
	at gov.usgs.earthquake.indexer.ExternalIndexerListener.onIndexerEvent(ExternalIndexerListener.java:131)
	at gov.usgs.earthquake.indexer.IndexerListenerCallable.call(IndexerListenerCallable.java:36)
	at gov.usgs.earthquake.indexer.IndexerListenerCallable.call(IndexerListenerCallable.java:12)
	at gov.usgs.util.ExecutorTask.run(ExecutorTask.java:183)
	at java.base/java.util.concurrent.Executors$RunnableAdapter.call(Executors.java:515)
	at java.base/java.util.concurrent.FutureTask.run(FutureTask.java:264)
	at java.base/java.util.concurrent.ThreadPoolExecutor.runWorker(ThreadPoolExecutor.java:1128)
	at java.base/java.util.concurrent.ThreadPoolExecutor$Worker.run(ThreadPoolExecutor.java:628)
	at java.base/java.lang.Thread.run(Thread.java:834)
FINE	thread=831	Exception: Unable to create directory /Users/cbass/Projects/pdl/_test_storage_/trump/us-testproduct-one/admin/1565042841315 source=admin, type=trump, code=us-testproduct-one, updateTime=Mon Aug 05 16:07:21 MDT 2019
FINEST	thread=831	Tracker updates disabled, not sent
INFO	thread=831	Exception executing task
java.io.IOException: Unable to create directory /Users/cbass/Projects/pdl/_test_storage_/trump/us-testproduct-one/admin/1565042841315
	at gov.usgs.util.StreamUtils.getOutputStream(StreamUtils.java:153)
	at gov.usgs.util.StreamUtils.getOutputStream(StreamUtils.java:183)
	at gov.usgs.earthquake.product.io.DirectoryProductHandler.onEndProduct(DirectoryProductHandler.java:68)
	at gov.usgs.earthquake.product.io.FilterProductHandler.onEndProduct(FilterProductHandler.java:71)
	at gov.usgs.earthquake.distribution.FileProductStorage$StorageProductOutput.onEndProduct(FileProductStorage.java:855)
	at gov.usgs.earthquake.product.io.ObjectProductSource.sendEndProduct(ObjectProductSource.java:166)
	at gov.usgs.earthquake.product.io.ObjectProductSource.streamTo(ObjectProductSource.java:62)
	at gov.usgs.earthquake.distribution.FileProductStorage.storeProductSource(FileProductStorage.java:693)
	at gov.usgs.earthquake.distribution.FileProductStorage.storeProduct(FileProductStorage.java:675)
	at gov.usgs.earthquake.indexer.ExternalIndexerListener.storeProduct(ExternalIndexerListener.java:196)
	at gov.usgs.earthquake.indexer.ExternalIndexerListener.onIndexerEvent(ExternalIndexerListener.java:131)
	at gov.usgs.earthquake.indexer.IndexerListenerCallable.call(IndexerListenerCallable.java:36)
	at gov.usgs.earthquake.indexer.IndexerListenerCallable.call(IndexerListenerCallable.java:12)
	at gov.usgs.util.ExecutorTask.run(ExecutorTask.java:183)
	at java.base/java.util.concurrent.Executors$RunnableAdapter.call(Executors.java:515)
	at java.base/java.util.concurrent.FutureTask.run(FutureTask.java:264)
	at java.base/java.util.concurrent.ThreadPoolExecutor.runWorker(ThreadPoolExecutor.java:1128)
	at java.base/java.util.concurrent.ThreadPoolExecutor$Worker.run(ThreadPoolExecutor.java:628)
	at java.base/java.lang.Thread.run(Thread.java:834)
CONFIG	thread=13	[null] maxTries = 1
CONFIG	thread=13	[null] maxTries = 1
CONFIG	thread=13	[null] timeout = 0ms
CONFIG	thread=13	[null] retry delay = 300000ms
CONFIG	thread=13	[null] process duplicates = false
CONFIG	thread=13	[null] include paths = []
CONFIG	thread=13	[null] exclude paths = []
CONFIG	thread=13	[null] using storage directory /Users/cbass/Projects/pdl/storage
CONFIG	thread=13	[null] loading ArchivePolicy 'testPolicy'
CONFIG	thread=13	[null] archive interval is '500'
CONFIG	thread=13	[null] no indexer modules configured.
CONFIG	thread=13	[null] no indexer listeners configured.
CONFIG	thread=13	[null] Local regions file: regions.json
CONFIG	thread=13	[null] associateUsingCurrentProducts = false
INFO	thread=844	Archiving disabled
INFO	thread=844	[null] purged 0 expired events and 0 expired unassociated products.
FINE	thread=13	Digest='nNMvjN5ur6X60/JbQBkrezq7+ZM=' , 2ms
FINE	thread=13	Digest='nk9SJba1HObLAHZW6JeeT/20/iQ=' , 1ms
CONFIG	thread=13	[null] maxTries = 1
CONFIG	thread=13	[null] maxTries = 1
CONFIG	thread=13	[null] timeout = 0ms
CONFIG	thread=13	[null] retry delay = 300000ms
CONFIG	thread=13	[null] process duplicates = false
CONFIG	thread=13	[null] include paths = []
CONFIG	thread=13	[null] exclude paths = []
CONFIG	thread=13	[null] using storage directory /Users/cbass/Projects/pdl/storage
CONFIG	thread=13	[null] loading ArchivePolicy 'testPolicy'
CONFIG	thread=13	[null] archive interval is '500'
CONFIG	thread=13	[null] no indexer modules configured.
CONFIG	thread=13	[null] no indexer listeners configured.
CONFIG	thread=13	[null] Local regions file: regions.json
CONFIG	thread=13	[null] associateUsingCurrentProducts = false
INFO	thread=846	Archiving disabled
INFO	thread=846	[null] purged 0 expired events and 0 expired unassociated products.
FINE	thread=13	Digest='dXNyKFY9o44Q8ziGny9afmok6Ok=' , 2ms
FINE	thread=13	[null] notifying listeners
INFO	thread=13	[null] indexed product id=urn:usgs-product:us:shakemap:abcd1234:1565042841395, status=UPDATE
PRODUCT_ADDED null => null
INFO	thread=851	[null] running command echo --directory=/Users/cbass/Projects/pdl/_test_storage_/shakemap/abcd1234/us/1565042841395 --type=shakemap --code=abcd1234 --source=us --updateTime=2019-08-05T22:07:21.395Z --status=UPDATE --trackerURL=http://localhost/tracker "--property-testprop=testvalue" --link-testrelation=http://google.com/ --content --contentType=text/html --signature=MCwCFASFlxgfTyvEE/BTP2KufKtg5L0QAhREr2IJWxny7HvXDTBY0CtKz7y6MA== --action=PRODUCT_ADDED
INFO	thread=848	[null] running command echo --directory=/Users/cbass/Projects/pdl/_test_storage_/shakemap/abcd1234/us/1565042841395 --type=shakemap --code=abcd1234 --source=us --updateTime=2019-08-05T22:07:21.395Z --status=UPDATE --trackerURL=http://localhost/tracker "--property-testprop=testvalue" --link-testrelation=http://google.com/ --content --contentType=text/html --signature=MCwCFASFlxgfTyvEE/BTP2KufKtg5L0QAhREr2IJWxny7HvXDTBY0CtKz7y6MA== --action=PRODUCT_ADDED
INFO	thread=851	[null] command 'echo --directory=/Users/cbass/Projects/pdl/_test_storage_/shakemap/abcd1234/us/1565042841395 --type=shakemap --code=abcd1234 --source=us --updateTime=2019-08-05T22:07:21.395Z --status=UPDATE --trackerURL=http://localhost/tracker "--property-testprop=testvalue" --link-testrelation=http://google.com/ --content --contentType=text/html --signature=MCwCFASFlxgfTyvEE/BTP2KufKtg5L0QAhREr2IJWxny7HvXDTBY0CtKz7y6MA== --action=PRODUCT_ADDED' exited with status '0'
INFO	thread=848	[null] command 'echo --directory=/Users/cbass/Projects/pdl/_test_storage_/shakemap/abcd1234/us/1565042841395 --type=shakemap --code=abcd1234 --source=us --updateTime=2019-08-05T22:07:21.395Z --status=UPDATE --trackerURL=http://localhost/tracker "--property-testprop=testvalue" --link-testrelation=http://google.com/ --content --contentType=text/html --signature=MCwCFASFlxgfTyvEE/BTP2KufKtg5L0QAhREr2IJWxny7HvXDTBY0CtKz7y6MA== --action=PRODUCT_ADDED' exited with status '0'
PRODUCT_ADDED
CONFIG	thread=13	[null] maxTries = 1
CONFIG	thread=13	[null] maxTries = 1
CONFIG	thread=13	[null] timeout = 0ms
CONFIG	thread=13	[null] retry delay = 300000ms
CONFIG	thread=13	[null] process duplicates = false
CONFIG	thread=13	[null] include paths = []
CONFIG	thread=13	[null] exclude paths = []
CONFIG	thread=13	[null] using storage directory /Users/cbass/Projects/pdl/storage
CONFIG	thread=13	[null] loading ArchivePolicy 'testPolicy'
CONFIG	thread=13	[null] archive interval is '500'
CONFIG	thread=13	[null] no indexer modules configured.
CONFIG	thread=13	[null] no indexer listeners configured.
CONFIG	thread=13	[null] Local regions file: regions.json
CONFIG	thread=13	[null] associateUsingCurrentProducts = false

###
Mon Aug 05 16:07:21 MDT 2019
FINEST	thread=13	[null] storing product id=urn:usgs-product:us:testproduct:testproduct-one:1565042841461
FINEST	thread=13	[null] acquiring write lock for product id=urn:usgs-product:us:testproduct:testproduct-one:1565042841461
FINEST	thread=13	[null] acquired write lock for product id=urn:usgs-product:us:testproduct:testproduct-one:1565042841461
FINEST	thread=13	[null] acquiring read lock for product id=urn:usgs-product:us:testproduct:testproduct-one:1565042841461
FINEST	thread=13	[null] acquired read lock for product id=urn:usgs-product:us:testproduct:testproduct-one:1565042841461
FINEST	thread=13	[null] releasing read lock for product id=urn:usgs-product:us:testproduct:testproduct-one:1565042841461
FINEST	thread=13	[null] released read lock for product id=urn:usgs-product:us:testproduct:testproduct-one:1565042841461
FINER	thread=13	[null] product stored id=urn:usgs-product:us:testproduct:testproduct-one:1565042841461, status=UPDATE
FINEST	thread=13	[null] releasing write lock for product id=urn:usgs-product:us:testproduct:testproduct-one:1565042841461
FINEST	thread=13	[null] released write lock for product id=urn:usgs-product:us:testproduct:testproduct-one:1565042841461
FINEST	thread=13	[null] stored product id=urn:usgs-product:us:testproduct:testproduct-one:1565042841461
FINER	thread=13	[null] summarizing product id=urn:usgs-product:us:testproduct:testproduct-one:1565042841461
FINEST	thread=13	[null] beginning index transaction
FINER	thread=13	[null] finding previous version
FINEST	thread=13	[null] running query 
SELECT DISTINCT id FROM productSummary p WHERE p.id IS NOT NULL AND p.id = (SELECT id FROM productSummary ps WHERE ps.source='us' AND ps.type='testproduct' AND ps.code='testproduct-one' AND ps.status <> 'DELETE' ORDER BY ps.updateTime DESC LIMIT 1) AND source='us' AND type='testproduct' AND code='testproduct-one'
FINEST	thread=13	[null] query complete
FINER	thread=13	[null] finding previous event
FINEST	thread=13	Product Index Query
eventSearchType=SEARCH_EVENT_PRODUCTS
resultType=RESULT_TYPE_ALL
eventSource=us
eventSourceCode=testproduct-one
FINEST	thread=13	Product Index Query
eventSearchType=SEARCH_EVENT_PREFERRED
resultType=RESULT_TYPE_ALL
minEventTime=Mon Aug 05 16:07:05 MDT 2019
maxEventTime=Mon Aug 05 16:07:37 MDT 2019
minEventLatitude=34.10007199424046075986183268469176255166530609130859375
maxEventLatitude=35.89992800575953924013816731530823744833469390869140625
minEventLongitude=-119.098609241146021986423875205218791961669921875
maxEventLongitude=-116.901390758853978013576124794781208038330078125
FINER	thread=13	[null] adding summary to index
FINEST	thread=13	[null] Added property depth:50.0 for product 1
FINEST	thread=13	[null] Added property latitude:35.0 for product 1
FINEST	thread=13	[null] Added property eventsourcecode:testproduct-one for product 1
FINEST	thread=13	[null] Added property eventtime:2019-08-05T22:07:21.461Z for product 1
FINEST	thread=13	[null] Added property magnitude:5.0 for product 1
FINEST	thread=13	[null] Added property eventsource:us for product 1
FINEST	thread=13	[null] Added property version:one for product 1
FINEST	thread=13	[null] Added property longitude:-118.0 for product 1
FINEST	thread=13	[null] Added productSummary urn:usgs-product:us:testproduct:testproduct-one:1565042841461, indexid=1 to product index
FINEST	thread=13	Added event id=1
FINEST	thread=13	[null] Added event to Product Index
FINER	thread=13	[null] Added associations event id=1, productSummary source=us, type=testproduct, code=testproduct-one (id=1)
FINER	thread=13	[null] created event indexid=1
FINE	thread=13	Eventindexid=1, eventid=ustestproduct-one, latitude=35.0, longitude=-118.0, time=Mon Aug 05 16:07:21 MDT 2019, deleted=false
FINER	thread=13	Products in event
	status=UPDATE, id=urn:usgs-product:us:testproduct:testproduct-one:1565042841461, eventid=ustestproduct-one, latitude=35.0, longitude=-118.0, time=Mon Aug 05 16:07:21 MDT 2019
FINER	thread=13	[null] checking for event merges
FINER	thread=13	[null] searching for unassociated products
FINER	thread=13	[null] search for unassociated products complete
FINER	thread=13	[null] updating event summary parameters
FINER	thread=13	[null] Updating event indexid=1
FINE	thread=13	Eventindexid=1, eventid=ustestproduct-one, latitude=35.0, longitude=-118.0, time=Mon Aug 05 16:07:21 MDT 2019, deleted=false
FINER	thread=13	Products in event
	status=UPDATE, id=urn:usgs-product:us:testproduct:testproduct-one:1565042841461, eventid=ustestproduct-one, latitude=35.0, longitude=-118.0, time=Mon Aug 05 16:07:21 MDT 2019
FINEST	thread=13	[null] Updated event properties in Product Index
FINER	thread=13	[null] committing transaction
FINE	thread=13	[null] notifying listeners
INFO	thread=13	[null] indexed product id=urn:usgs-product:us:testproduct:testproduct-one:1565042841461, status=UPDATE
EVENT_ADDED null => ustestproduct-one
FINEST	thread=863	[null] acquiring read lock for product id=urn:usgs-product:us:testproduct:testproduct-one:1565042841461
FINEST	thread=863	[null] acquired read lock for product id=urn:usgs-product:us:testproduct:testproduct-one:1565042841461
FINEST	thread=863	[null] releasing read lock for product id=urn:usgs-product:us:testproduct:testproduct-one:1565042841461
FINEST	thread=863	[null] released read lock for product id=urn:usgs-product:us:testproduct:testproduct-one:1565042841461
FINEST	thread=867	[null] acquiring read lock for product id=urn:usgs-product:us:testproduct:testproduct-one:1565042841461
FINEST	thread=867	[null] acquired read lock for product id=urn:usgs-product:us:testproduct:testproduct-one:1565042841461
FINEST	thread=867	[null] releasing read lock for product id=urn:usgs-product:us:testproduct:testproduct-one:1565042841461
FINEST	thread=867	[null] released read lock for product id=urn:usgs-product:us:testproduct:testproduct-one:1565042841461
FINER	thread=863	[DirectoryProductSource] Product does not have any  URLContent. Scraping directory for files.
FINER	thread=867	[DirectoryProductSource] Product does not have any  URLContent. Scraping directory for files.
FINEST	thread=863	[null] acquiring write lock for product id=urn:usgs-product:us:testproduct:testproduct-one:1565042841461
FINEST	thread=863	[null] acquired write lock for product id=urn:usgs-product:us:testproduct:testproduct-one:1565042841461
FINEST	thread=863	[null] acquiring read lock for product id=urn:usgs-product:us:testproduct:testproduct-one:1565042841461
FINEST	thread=867	[null] acquiring write lock for product id=urn:usgs-product:us:testproduct:testproduct-one:1565042841461
FINEST	thread=863	[null] acquired read lock for product id=urn:usgs-product:us:testproduct:testproduct-one:1565042841461
FINEST	thread=867	[null] acquired write lock for product id=urn:usgs-product:us:testproduct:testproduct-one:1565042841461
FINEST	thread=867	[null] acquiring read lock for product id=urn:usgs-product:us:testproduct:testproduct-one:1565042841461
FINEST	thread=867	[null] acquired read lock for product id=urn:usgs-product:us:testproduct:testproduct-one:1565042841461
FINEST	thread=863	[null] releasing read lock for product id=urn:usgs-product:us:testproduct:testproduct-one:1565042841461
FINEST	thread=867	[null] releasing read lock for product id=urn:usgs-product:us:testproduct:testproduct-one:1565042841461
FINEST	thread=863	[null] released read lock for product id=urn:usgs-product:us:testproduct:testproduct-one:1565042841461
FINEST	thread=867	[null] released read lock for product id=urn:usgs-product:us:testproduct:testproduct-one:1565042841461
WARNING	thread=867	[null] exception while storing product, removing incomplete product
java.io.IOException: Unable to create directory /Users/cbass/Projects/pdl/_test_storage_/testproduct/testproduct-one/us/1565042841461
	at gov.usgs.util.StreamUtils.getOutputStream(StreamUtils.java:153)
	at gov.usgs.util.StreamUtils.getOutputStream(StreamUtils.java:183)
	at gov.usgs.earthquake.product.io.DirectoryProductHandler.onEndProduct(DirectoryProductHandler.java:68)
	at gov.usgs.earthquake.product.io.FilterProductHandler.onEndProduct(FilterProductHandler.java:71)
	at gov.usgs.earthquake.distribution.FileProductStorage$StorageProductOutput.onEndProduct(FileProductStorage.java:855)
	at gov.usgs.earthquake.product.io.ObjectProductSource.sendEndProduct(ObjectProductSource.java:166)
	at gov.usgs.earthquake.product.io.ObjectProductSource.streamTo(ObjectProductSource.java:62)
	at gov.usgs.earthquake.distribution.FileProductStorage.storeProductSource(FileProductStorage.java:693)
	at gov.usgs.earthquake.distribution.FileProductStorage.storeProduct(FileProductStorage.java:675)
	at gov.usgs.earthquake.indexer.ExternalIndexerListener.storeProduct(ExternalIndexerListener.java:196)
	at gov.usgs.earthquake.indexer.ExternalIndexerListener.onIndexerEvent(ExternalIndexerListener.java:131)
	at gov.usgs.earthquake.indexer.IndexerListenerCallable.call(IndexerListenerCallable.java:36)
	at gov.usgs.earthquake.indexer.IndexerListenerCallable.call(IndexerListenerCallable.java:12)
	at gov.usgs.util.ExecutorTask.run(ExecutorTask.java:183)
	at java.base/java.util.concurrent.Executors$RunnableAdapter.call(Executors.java:515)
	at java.base/java.util.concurrent.FutureTask.run(FutureTask.java:264)
	at java.base/java.util.concurrent.ThreadPoolExecutor.runWorker(ThreadPoolExecutor.java:1128)
	at java.base/java.util.concurrent.ThreadPoolExecutor$Worker.run(ThreadPoolExecutor.java:628)
	at java.base/java.lang.Thread.run(Thread.java:834)
FINEST	thread=867	[null] acquiring write lock for product id=urn:usgs-product:us:testproduct:testproduct-one:1565042841461
FINEST	thread=867	[null] acquired write lock for product id=urn:usgs-product:us:testproduct:testproduct-one:1565042841461
FINER	thread=863	[null] product stored id=urn:usgs-product:us:testproduct:testproduct-one:1565042841461, status=UPDATE
FINEST	thread=863	[null] releasing write lock for product id=urn:usgs-product:us:testproduct:testproduct-one:1565042841461
FINEST	thread=863	[null] released write lock for product id=urn:usgs-product:us:testproduct:testproduct-one:1565042841461
FINEST	thread=863	[null] acquiring read lock for product id=urn:usgs-product:us:testproduct:testproduct-one:1565042841461
FINEST	thread=863	[null] acquired read lock for product id=urn:usgs-product:us:testproduct:testproduct-one:1565042841461
FINEST	thread=863	[null] releasing read lock for product id=urn:usgs-product:us:testproduct:testproduct-one:1565042841461
FINEST	thread=863	[null] released read lock for product id=urn:usgs-product:us:testproduct:testproduct-one:1565042841461
FINER	thread=867	[null] product removed, id=urn:usgs-product:us:testproduct:testproduct-one:1565042841461
FINEST	thread=867	[null] releasing write lock for product id=urn:usgs-product:us:testproduct:testproduct-one:1565042841461
FINEST	thread=867	[null] released write lock for product id=urn:usgs-product:us:testproduct:testproduct-one:1565042841461
FINEST	thread=867	[null] releasing write lock for product id=urn:usgs-product:us:testproduct:testproduct-one:1565042841461
FINEST	thread=867	[null] released write lock for product id=urn:usgs-product:us:testproduct:testproduct-one:1565042841461
WARNING	thread=867	[null] listener (null) threw exception, for product id=urn:usgs-product:us:testproduct:testproduct-one:1565042841461
java.io.IOException: Unable to create directory /Users/cbass/Projects/pdl/_test_storage_/testproduct/testproduct-one/us/1565042841461
	at gov.usgs.util.StreamUtils.getOutputStream(StreamUtils.java:153)
	at gov.usgs.util.StreamUtils.getOutputStream(StreamUtils.java:183)
	at gov.usgs.earthquake.product.io.DirectoryProductHandler.onEndProduct(DirectoryProductHandler.java:68)
	at gov.usgs.earthquake.product.io.FilterProductHandler.onEndProduct(FilterProductHandler.java:71)
	at gov.usgs.earthquake.distribution.FileProductStorage$StorageProductOutput.onEndProduct(FileProductStorage.java:855)
	at gov.usgs.earthquake.product.io.ObjectProductSource.sendEndProduct(ObjectProductSource.java:166)
	at gov.usgs.earthquake.product.io.ObjectProductSource.streamTo(ObjectProductSource.java:62)
	at gov.usgs.earthquake.distribution.FileProductStorage.storeProductSource(FileProductStorage.java:693)
	at gov.usgs.earthquake.distribution.FileProductStorage.storeProduct(FileProductStorage.java:675)
	at gov.usgs.earthquake.indexer.ExternalIndexerListener.storeProduct(ExternalIndexerListener.java:196)
	at gov.usgs.earthquake.indexer.ExternalIndexerListener.onIndexerEvent(ExternalIndexerListener.java:131)
	at gov.usgs.earthquake.indexer.IndexerListenerCallable.call(IndexerListenerCallable.java:36)
	at gov.usgs.earthquake.indexer.IndexerListenerCallable.call(IndexerListenerCallable.java:12)
	at gov.usgs.util.ExecutorTask.run(ExecutorTask.java:183)
	at java.base/java.util.concurrent.Executors$RunnableAdapter.call(Executors.java:515)
	at java.base/java.util.concurrent.FutureTask.run(FutureTask.java:264)
	at java.base/java.util.concurrent.ThreadPoolExecutor.runWorker(ThreadPoolExecutor.java:1128)
	at java.base/java.util.concurrent.ThreadPoolExecutor$Worker.run(ThreadPoolExecutor.java:628)
	at java.base/java.lang.Thread.run(Thread.java:834)
FINEST	thread=863	[null] acquiring read lock for product id=urn:usgs-product:us:testproduct:testproduct-one:1565042841461
FINEST	thread=863	[null] acquired read lock for product id=urn:usgs-product:us:testproduct:testproduct-one:1565042841461
FINE	thread=867	Exception: Unable to create directory /Users/cbass/Projects/pdl/_test_storage_/testproduct/testproduct-one/us/1565042841461 source=us, type=testproduct, code=testproduct-one, updateTime=Mon Aug 05 16:07:21 MDT 2019
FINEST	thread=867	Tracker updates disabled, not sent
FINEST	thread=863	[null] releasing read lock for product id=urn:usgs-product:us:testproduct:testproduct-one:1565042841461
FINEST	thread=863	[null] released read lock for product id=urn:usgs-product:us:testproduct:testproduct-one:1565042841461
INFO	thread=867	Exception executing task
java.io.IOException: Unable to create directory /Users/cbass/Projects/pdl/_test_storage_/testproduct/testproduct-one/us/1565042841461
	at gov.usgs.util.StreamUtils.getOutputStream(StreamUtils.java:153)
	at gov.usgs.util.StreamUtils.getOutputStream(StreamUtils.java:183)
	at gov.usgs.earthquake.product.io.DirectoryProductHandler.onEndProduct(DirectoryProductHandler.java:68)
	at gov.usgs.earthquake.product.io.FilterProductHandler.onEndProduct(FilterProductHandler.java:71)
	at gov.usgs.earthquake.distribution.FileProductStorage$StorageProductOutput.onEndProduct(FileProductStorage.java:855)
	at gov.usgs.earthquake.product.io.ObjectProductSource.sendEndProduct(ObjectProductSource.java:166)
	at gov.usgs.earthquake.product.io.ObjectProductSource.streamTo(ObjectProductSource.java:62)
	at gov.usgs.earthquake.distribution.FileProductStorage.storeProductSource(FileProductStorage.java:693)
	at gov.usgs.earthquake.distribution.FileProductStorage.storeProduct(FileProductStorage.java:675)
	at gov.usgs.earthquake.indexer.ExternalIndexerListener.storeProduct(ExternalIndexerListener.java:196)
	at gov.usgs.earthquake.indexer.ExternalIndexerListener.onIndexerEvent(ExternalIndexerListener.java:131)
	at gov.usgs.earthquake.indexer.IndexerListenerCallable.call(IndexerListenerCallable.java:36)
	at gov.usgs.earthquake.indexer.IndexerListenerCallable.call(IndexerListenerCallable.java:12)
	at gov.usgs.util.ExecutorTask.run(ExecutorTask.java:183)
	at java.base/java.util.concurrent.Executors$RunnableAdapter.call(Executors.java:515)
	at java.base/java.util.concurrent.FutureTask.run(FutureTask.java:264)
	at java.base/java.util.concurrent.ThreadPoolExecutor.runWorker(ThreadPoolExecutor.java:1128)
	at java.base/java.util.concurrent.ThreadPoolExecutor$Worker.run(ThreadPoolExecutor.java:628)
	at java.base/java.lang.Thread.run(Thread.java:834)
INFO	thread=863	[null] running command echo --preferred-eventid=ustestproduct-one --preferred-eventsource=us --preferred-eventsourcecode=testproduct-one --eventids=ustestproduct-one --preferred-magnitude=5.0 --preferred-latitude=35.0 --preferred-longitude=-118.0 --preferred-depth=50.0 --preferred-eventtime=2019-08-05T22:07:21.461Z --type=testproduct --code=testproduct-one --source=us --updateTime=2019-08-05T22:07:21.461Z --status=UPDATE --trackerURL=http://localhost/tracker "--property-depth=50.0" "--property-latitude=35.0" "--property-eventsourcecode=testproduct-one" "--property-eventtime=2019-08-05T22:07:21.461Z" "--property-magnitude=5.0" "--property-eventsource=us" "--property-version=one" "--property-longitude=-118.0" --action=EVENT_ADDED
INFO	thread=863	[null] command 'echo --preferred-eventid=ustestproduct-one --preferred-eventsource=us --preferred-eventsourcecode=testproduct-one --eventids=ustestproduct-one --preferred-magnitude=5.0 --preferred-latitude=35.0 --preferred-longitude=-118.0 --preferred-depth=50.0 --preferred-eventtime=2019-08-05T22:07:21.461Z --type=testproduct --code=testproduct-one --source=us --updateTime=2019-08-05T22:07:21.461Z --status=UPDATE --trackerURL=http://localhost/tracker "--property-depth=50.0" "--property-latitude=35.0" "--property-eventsourcecode=testproduct-one" "--property-eventtime=2019-08-05T22:07:21.461Z" "--property-magnitude=5.0" "--property-eventsource=us" "--property-version=one" "--property-longitude=-118.0" --action=EVENT_ADDED' exited with status '0'
FINEST	thread=13	[null] storing product id=urn:usgs-product:us:testproduct:testproduct-two:1565042841522
FINEST	thread=13	[null] acquiring write lock for product id=urn:usgs-product:us:testproduct:testproduct-two:1565042841522
FINEST	thread=13	[null] acquired write lock for product id=urn:usgs-product:us:testproduct:testproduct-two:1565042841522
FINEST	thread=13	[null] acquiring read lock for product id=urn:usgs-product:us:testproduct:testproduct-two:1565042841522
FINEST	thread=13	[null] acquired read lock for product id=urn:usgs-product:us:testproduct:testproduct-two:1565042841522
FINEST	thread=13	[null] releasing read lock for product id=urn:usgs-product:us:testproduct:testproduct-two:1565042841522
FINEST	thread=13	[null] released read lock for product id=urn:usgs-product:us:testproduct:testproduct-two:1565042841522
FINER	thread=13	[null] product stored id=urn:usgs-product:us:testproduct:testproduct-two:1565042841522, status=UPDATE
FINEST	thread=13	[null] releasing write lock for product id=urn:usgs-product:us:testproduct:testproduct-two:1565042841522
FINEST	thread=13	[null] released write lock for product id=urn:usgs-product:us:testproduct:testproduct-two:1565042841522
FINEST	thread=13	[null] stored product id=urn:usgs-product:us:testproduct:testproduct-two:1565042841522
FINER	thread=13	[null] summarizing product id=urn:usgs-product:us:testproduct:testproduct-two:1565042841522
FINEST	thread=13	[null] beginning index transaction
FINER	thread=13	[null] finding previous version
FINEST	thread=13	[null] running query 
SELECT DISTINCT id FROM productSummary p WHERE p.id IS NOT NULL AND p.id = (SELECT id FROM productSummary ps WHERE ps.source='us' AND ps.type='testproduct' AND ps.code='testproduct-two' AND ps.status <> 'DELETE' ORDER BY ps.updateTime DESC LIMIT 1) AND source='us' AND type='testproduct' AND code='testproduct-two'
FINEST	thread=13	[null] query complete
FINER	thread=13	[null] finding previous event
FINEST	thread=13	Product Index Query
eventSearchType=SEARCH_EVENT_PRODUCTS
resultType=RESULT_TYPE_ALL
eventSource=us
eventSourceCode=testproduct-two
FINEST	thread=13	Product Index Query
eventSearchType=SEARCH_EVENT_PREFERRED
resultType=RESULT_TYPE_ALL
minEventTime=Mon Aug 05 16:07:05 MDT 2019
maxEventTime=Mon Aug 05 16:07:37 MDT 2019
minEventLatitude=34.20007199424046075986183268469176255166530609130859375
maxEventLatitude=35.99992800575953924013816731530823744833469390869140625
minEventLongitude=-119.0999551629644201966584660112857818603515625
maxEventLongitude=-116.9000448370355798033415339887142181396484375
FINER	thread=13	[null] adding summary to index
FINEST	thread=13	[null] Added property depth:50.0 for product 2
FINEST	thread=13	[null] Added property latitude:35.1 for product 2
FINEST	thread=13	[null] Added property eventsourcecode:testproduct-two for product 2
FINEST	thread=13	[null] Added property eventtime:2019-08-05T22:07:21.461Z for product 2
FINEST	thread=13	[null] Added property magnitude:5.0 for product 2
FINEST	thread=13	[null] Added property eventsource:us for product 2
FINEST	thread=13	[null] Added property version:one for product 2
FINEST	thread=13	[null] Added property longitude:-118.0 for product 2
FINEST	thread=13	[null] Added productSummary urn:usgs-product:us:testproduct:testproduct-two:1565042841522, indexid=2 to product index
FINEST	thread=13	Added event id=2
FINEST	thread=13	[null] Added event to Product Index
FINER	thread=13	[null] Added associations event id=2, productSummary source=us, type=testproduct, code=testproduct-two (id=2)
FINER	thread=13	[null] created event indexid=2
FINE	thread=13	Eventindexid=2, eventid=ustestproduct-two, latitude=35.1, longitude=-118.0, time=Mon Aug 05 16:07:21 MDT 2019, deleted=false
FINER	thread=13	Products in event
	status=UPDATE, id=urn:usgs-product:us:testproduct:testproduct-two:1565042841522, eventid=ustestproduct-two, latitude=35.1, longitude=-118.0, time=Mon Aug 05 16:07:21 MDT 2019
FINER	thread=13	[null] checking for event merges
FINER	thread=13	[null] searching for unassociated products
FINER	thread=13	[null] search for unassociated products complete
FINER	thread=13	[null] updating event summary parameters
FINER	thread=13	[null] Updating event indexid=2
FINE	thread=13	Eventindexid=2, eventid=ustestproduct-two, latitude=35.1, longitude=-118.0, time=Mon Aug 05 16:07:21 MDT 2019, deleted=false
FINER	thread=13	Products in event
	status=UPDATE, id=urn:usgs-product:us:testproduct:testproduct-two:1565042841522, eventid=ustestproduct-two, latitude=35.1, longitude=-118.0, time=Mon Aug 05 16:07:21 MDT 2019
FINEST	thread=13	[null] Updated event properties in Product Index
FINER	thread=13	[null] committing transaction
FINE	thread=13	[null] notifying listeners
INFO	thread=13	[null] indexed product id=urn:usgs-product:us:testproduct:testproduct-two:1565042841522, status=UPDATE
EVENT_ADDED null => ustestproduct-two
FINEST	thread=863	[null] acquiring read lock for product id=urn:usgs-product:us:testproduct:testproduct-two:1565042841522
FINEST	thread=863	[null] acquired read lock for product id=urn:usgs-product:us:testproduct:testproduct-two:1565042841522
FINEST	thread=867	[null] acquiring read lock for product id=urn:usgs-product:us:testproduct:testproduct-two:1565042841522
FINEST	thread=863	[null] releasing read lock for product id=urn:usgs-product:us:testproduct:testproduct-two:1565042841522
FINEST	thread=867	[null] acquired read lock for product id=urn:usgs-product:us:testproduct:testproduct-two:1565042841522
FINEST	thread=863	[null] released read lock for product id=urn:usgs-product:us:testproduct:testproduct-two:1565042841522
FINEST	thread=867	[null] releasing read lock for product id=urn:usgs-product:us:testproduct:testproduct-two:1565042841522
FINEST	thread=867	[null] released read lock for product id=urn:usgs-product:us:testproduct:testproduct-two:1565042841522
FINER	thread=867	[DirectoryProductSource] Product does not have any  URLContent. Scraping directory for files.
FINER	thread=863	[DirectoryProductSource] Product does not have any  URLContent. Scraping directory for files.
FINEST	thread=863	[null] acquiring write lock for product id=urn:usgs-product:us:testproduct:testproduct-two:1565042841522
FINEST	thread=867	[null] acquiring write lock for product id=urn:usgs-product:us:testproduct:testproduct-two:1565042841522
FINEST	thread=863	[null] acquired write lock for product id=urn:usgs-product:us:testproduct:testproduct-two:1565042841522
FINEST	thread=867	[null] acquired write lock for product id=urn:usgs-product:us:testproduct:testproduct-two:1565042841522
FINEST	thread=863	[null] acquiring read lock for product id=urn:usgs-product:us:testproduct:testproduct-two:1565042841522
FINEST	thread=867	[null] acquiring read lock for product id=urn:usgs-product:us:testproduct:testproduct-two:1565042841522
FINEST	thread=863	[null] acquired read lock for product id=urn:usgs-product:us:testproduct:testproduct-two:1565042841522
FINEST	thread=867	[null] acquired read lock for product id=urn:usgs-product:us:testproduct:testproduct-two:1565042841522
FINEST	thread=863	[null] releasing read lock for product id=urn:usgs-product:us:testproduct:testproduct-two:1565042841522
FINEST	thread=863	[null] released read lock for product id=urn:usgs-product:us:testproduct:testproduct-two:1565042841522
FINEST	thread=867	[null] releasing read lock for product id=urn:usgs-product:us:testproduct:testproduct-two:1565042841522
FINEST	thread=867	[null] released read lock for product id=urn:usgs-product:us:testproduct:testproduct-two:1565042841522
WARNING	thread=867	[null] exception while storing product, removing incomplete product
java.io.IOException: Unable to create directory /Users/cbass/Projects/pdl/_test_storage_/testproduct/testproduct-two/us/1565042841522
	at gov.usgs.util.StreamUtils.getOutputStream(StreamUtils.java:153)
	at gov.usgs.util.StreamUtils.getOutputStream(StreamUtils.java:183)
	at gov.usgs.earthquake.product.io.DirectoryProductHandler.onEndProduct(DirectoryProductHandler.java:68)
	at gov.usgs.earthquake.product.io.FilterProductHandler.onEndProduct(FilterProductHandler.java:71)
	at gov.usgs.earthquake.distribution.FileProductStorage$StorageProductOutput.onEndProduct(FileProductStorage.java:855)
	at gov.usgs.earthquake.product.io.ObjectProductSource.sendEndProduct(ObjectProductSource.java:166)
	at gov.usgs.earthquake.product.io.ObjectProductSource.streamTo(ObjectProductSource.java:62)
	at gov.usgs.earthquake.distribution.FileProductStorage.storeProductSource(FileProductStorage.java:693)
	at gov.usgs.earthquake.distribution.FileProductStorage.storeProduct(FileProductStorage.java:675)
	at gov.usgs.earthquake.indexer.ExternalIndexerListener.storeProduct(ExternalIndexerListener.java:196)
	at gov.usgs.earthquake.indexer.ExternalIndexerListener.onIndexerEvent(ExternalIndexerListener.java:131)
	at gov.usgs.earthquake.indexer.IndexerListenerCallable.call(IndexerListenerCallable.java:36)
	at gov.usgs.earthquake.indexer.IndexerListenerCallable.call(IndexerListenerCallable.java:12)
	at gov.usgs.util.ExecutorTask.run(ExecutorTask.java:183)
	at java.base/java.util.concurrent.Executors$RunnableAdapter.call(Executors.java:515)
	at java.base/java.util.concurrent.FutureTask.run(FutureTask.java:264)
	at java.base/java.util.concurrent.ThreadPoolExecutor.runWorker(ThreadPoolExecutor.java:1128)
	at java.base/java.util.concurrent.ThreadPoolExecutor$Worker.run(ThreadPoolExecutor.java:628)
	at java.base/java.lang.Thread.run(Thread.java:834)
FINEST	thread=867	[null] acquiring write lock for product id=urn:usgs-product:us:testproduct:testproduct-two:1565042841522
FINEST	thread=867	[null] acquired write lock for product id=urn:usgs-product:us:testproduct:testproduct-two:1565042841522
FINER	thread=863	[null] product stored id=urn:usgs-product:us:testproduct:testproduct-two:1565042841522, status=UPDATE
FINEST	thread=863	[null] releasing write lock for product id=urn:usgs-product:us:testproduct:testproduct-two:1565042841522
FINEST	thread=863	[null] released write lock for product id=urn:usgs-product:us:testproduct:testproduct-two:1565042841522
FINEST	thread=863	[null] acquiring read lock for product id=urn:usgs-product:us:testproduct:testproduct-two:1565042841522
FINEST	thread=863	[null] acquired read lock for product id=urn:usgs-product:us:testproduct:testproduct-two:1565042841522
FINEST	thread=863	[null] releasing read lock for product id=urn:usgs-product:us:testproduct:testproduct-two:1565042841522
FINEST	thread=863	[null] released read lock for product id=urn:usgs-product:us:testproduct:testproduct-two:1565042841522
WARNING	thread=863	[null] listener (null) threw exception, for product id=urn:usgs-product:us:testproduct:testproduct-two:1565042841522
java.io.FileNotFoundException: _test_storage_/testproduct/testproduct-two/us/1565042841522/product.xml (No such file or directory)
	at java.base/java.io.FileInputStream.open0(Native Method)
	at java.base/java.io.FileInputStream.open(FileInputStream.java:219)
	at java.base/java.io.FileInputStream.<init>(FileInputStream.java:157)
	at gov.usgs.util.StreamUtils.getInputStream(StreamUtils.java:60)
	at gov.usgs.earthquake.product.io.DirectoryProductSource.streamTo(DirectoryProductSource.java:55)
	at gov.usgs.earthquake.product.io.ObjectProductHandler.getProduct(ObjectProductHandler.java:172)
	at gov.usgs.earthquake.distribution.FileProductStorage.getProduct(FileProductStorage.java:465)
	at gov.usgs.earthquake.indexer.ExternalIndexerListener.storeProduct(ExternalIndexerListener.java:197)
	at gov.usgs.earthquake.indexer.ExternalIndexerListener.onIndexerEvent(ExternalIndexerListener.java:131)
	at gov.usgs.earthquake.indexer.IndexerListenerCallable.call(IndexerListenerCallable.java:36)
	at gov.usgs.earthquake.indexer.IndexerListenerCallable.call(IndexerListenerCallable.java:12)
	at gov.usgs.util.ExecutorTask.run(ExecutorTask.java:183)
	at java.base/java.util.concurrent.Executors$RunnableAdapter.call(Executors.java:515)
	at java.base/java.util.concurrent.FutureTask.run(FutureTask.java:264)
	at java.base/java.util.concurrent.ThreadPoolExecutor.runWorker(ThreadPoolExecutor.java:1128)
	at java.base/java.util.concurrent.ThreadPoolExecutor$Worker.run(ThreadPoolExecutor.java:628)
	at java.base/java.lang.Thread.run(Thread.java:834)
FINER	thread=867	[null] product removed, id=urn:usgs-product:us:testproduct:testproduct-two:1565042841522
FINEST	thread=867	[null] releasing write lock for product id=urn:usgs-product:us:testproduct:testproduct-two:1565042841522
FINEST	thread=867	[null] released write lock for product id=urn:usgs-product:us:testproduct:testproduct-two:1565042841522
FINEST	thread=867	[null] releasing write lock for product id=urn:usgs-product:us:testproduct:testproduct-two:1565042841522
FINEST	thread=867	[null] released write lock for product id=urn:usgs-product:us:testproduct:testproduct-two:1565042841522
FINE	thread=863	Exception: _test_storage_/testproduct/testproduct-two/us/1565042841522/product.xml (No such file or directory) source=us, type=testproduct, code=testproduct-two, updateTime=Mon Aug 05 16:07:21 MDT 2019
WARNING	thread=867	[null] listener (null) threw exception, for product id=urn:usgs-product:us:testproduct:testproduct-two:1565042841522
java.io.IOException: Unable to create directory /Users/cbass/Projects/pdl/_test_storage_/testproduct/testproduct-two/us/1565042841522
	at gov.usgs.util.StreamUtils.getOutputStream(StreamUtils.java:153)
	at gov.usgs.util.StreamUtils.getOutputStream(StreamUtils.java:183)
	at gov.usgs.earthquake.product.io.DirectoryProductHandler.onEndProduct(DirectoryProductHandler.java:68)
	at gov.usgs.earthquake.product.io.FilterProductHandler.onEndProduct(FilterProductHandler.java:71)
	at gov.usgs.earthquake.distribution.FileProductStorage$StorageProductOutput.onEndProduct(FileProductStorage.java:855)
	at gov.usgs.earthquake.product.io.ObjectProductSource.sendEndProduct(ObjectProductSource.java:166)
	at gov.usgs.earthquake.product.io.ObjectProductSource.streamTo(ObjectProductSource.java:62)
	at gov.usgs.earthquake.distribution.FileProductStorage.storeProductSource(FileProductStorage.java:693)
	at gov.usgs.earthquake.distribution.FileProductStorage.storeProduct(FileProductStorage.java:675)
	at gov.usgs.earthquake.indexer.ExternalIndexerListener.storeProduct(ExternalIndexerListener.java:196)
	at gov.usgs.earthquake.indexer.ExternalIndexerListener.onIndexerEvent(ExternalIndexerListener.java:131)
	at gov.usgs.earthquake.indexer.IndexerListenerCallable.call(IndexerListenerCallable.java:36)
	at gov.usgs.earthquake.indexer.IndexerListenerCallable.call(IndexerListenerCallable.java:12)
	at gov.usgs.util.ExecutorTask.run(ExecutorTask.java:183)
	at java.base/java.util.concurrent.Executors$RunnableAdapter.call(Executors.java:515)
	at java.base/java.util.concurrent.FutureTask.run(FutureTask.java:264)
	at java.base/java.util.concurrent.ThreadPoolExecutor.runWorker(ThreadPoolExecutor.java:1128)
	at java.base/java.util.concurrent.ThreadPoolExecutor$Worker.run(ThreadPoolExecutor.java:628)
	at java.base/java.lang.Thread.run(Thread.java:834)
FINEST	thread=863	Tracker updates disabled, not sent
FINE	thread=867	Exception: Unable to create directory /Users/cbass/Projects/pdl/_test_storage_/testproduct/testproduct-two/us/1565042841522 source=us, type=testproduct, code=testproduct-two, updateTime=Mon Aug 05 16:07:21 MDT 2019
INFO	thread=863	Exception executing task
java.io.FileNotFoundException: _test_storage_/testproduct/testproduct-two/us/1565042841522/product.xml (No such file or directory)
	at java.base/java.io.FileInputStream.open0(Native Method)
	at java.base/java.io.FileInputStream.open(FileInputStream.java:219)
	at java.base/java.io.FileInputStream.<init>(FileInputStream.java:157)
	at gov.usgs.util.StreamUtils.getInputStream(StreamUtils.java:60)
	at gov.usgs.earthquake.product.io.DirectoryProductSource.streamTo(DirectoryProductSource.java:55)
	at gov.usgs.earthquake.product.io.ObjectProductHandler.getProduct(ObjectProductHandler.java:172)
	at gov.usgs.earthquake.distribution.FileProductStorage.getProduct(FileProductStorage.java:465)
	at gov.usgs.earthquake.indexer.ExternalIndexerListener.storeProduct(ExternalIndexerListener.java:197)
	at gov.usgs.earthquake.indexer.ExternalIndexerListener.onIndexerEvent(ExternalIndexerListener.java:131)
	at gov.usgs.earthquake.indexer.IndexerListenerCallable.call(IndexerListenerCallable.java:36)
	at gov.usgs.earthquake.indexer.IndexerListenerCallable.call(IndexerListenerCallable.java:12)
	at gov.usgs.util.ExecutorTask.run(ExecutorTask.java:183)
	at java.base/java.util.concurrent.Executors$RunnableAdapter.call(Executors.java:515)
	at java.base/java.util.concurrent.FutureTask.run(FutureTask.java:264)
	at java.base/java.util.concurrent.ThreadPoolExecutor.runWorker(ThreadPoolExecutor.java:1128)
	at java.base/java.util.concurrent.ThreadPoolExecutor$Worker.run(ThreadPoolExecutor.java:628)
	at java.base/java.lang.Thread.run(Thread.java:834)
FINEST	thread=867	Tracker updates disabled, not sent
INFO	thread=867	Exception executing task
java.io.IOException: Unable to create directory /Users/cbass/Projects/pdl/_test_storage_/testproduct/testproduct-two/us/1565042841522
	at gov.usgs.util.StreamUtils.getOutputStream(StreamUtils.java:153)
	at gov.usgs.util.StreamUtils.getOutputStream(StreamUtils.java:183)
	at gov.usgs.earthquake.product.io.DirectoryProductHandler.onEndProduct(DirectoryProductHandler.java:68)
	at gov.usgs.earthquake.product.io.FilterProductHandler.onEndProduct(FilterProductHandler.java:71)
	at gov.usgs.earthquake.distribution.FileProductStorage$StorageProductOutput.onEndProduct(FileProductStorage.java:855)
	at gov.usgs.earthquake.product.io.ObjectProductSource.sendEndProduct(ObjectProductSource.java:166)
	at gov.usgs.earthquake.product.io.ObjectProductSource.streamTo(ObjectProductSource.java:62)
	at gov.usgs.earthquake.distribution.FileProductStorage.storeProductSource(FileProductStorage.java:693)
	at gov.usgs.earthquake.distribution.FileProductStorage.storeProduct(FileProductStorage.java:675)
	at gov.usgs.earthquake.indexer.ExternalIndexerListener.storeProduct(ExternalIndexerListener.java:196)
	at gov.usgs.earthquake.indexer.ExternalIndexerListener.onIndexerEvent(ExternalIndexerListener.java:131)
	at gov.usgs.earthquake.indexer.IndexerListenerCallable.call(IndexerListenerCallable.java:36)
	at gov.usgs.earthquake.indexer.IndexerListenerCallable.call(IndexerListenerCallable.java:12)
	at gov.usgs.util.ExecutorTask.run(ExecutorTask.java:183)
	at java.base/java.util.concurrent.Executors$RunnableAdapter.call(Executors.java:515)
	at java.base/java.util.concurrent.FutureTask.run(FutureTask.java:264)
	at java.base/java.util.concurrent.ThreadPoolExecutor.runWorker(ThreadPoolExecutor.java:1128)
	at java.base/java.util.concurrent.ThreadPoolExecutor$Worker.run(ThreadPoolExecutor.java:628)
	at java.base/java.lang.Thread.run(Thread.java:834)
FINEST	thread=13	[null] storing product id=urn:usgs-product:admin:associate:ustestproduct-one_ustestproduct-two:1565042841582
FINEST	thread=13	[null] acquiring write lock for product id=urn:usgs-product:admin:associate:ustestproduct-one_ustestproduct-two:1565042841582
FINEST	thread=13	[null] acquired write lock for product id=urn:usgs-product:admin:associate:ustestproduct-one_ustestproduct-two:1565042841582
FINEST	thread=13	[null] acquiring read lock for product id=urn:usgs-product:admin:associate:ustestproduct-one_ustestproduct-two:1565042841582
FINEST	thread=13	[null] acquired read lock for product id=urn:usgs-product:admin:associate:ustestproduct-one_ustestproduct-two:1565042841582
FINEST	thread=13	[null] releasing read lock for product id=urn:usgs-product:admin:associate:ustestproduct-one_ustestproduct-two:1565042841582
FINEST	thread=13	[null] released read lock for product id=urn:usgs-product:admin:associate:ustestproduct-one_ustestproduct-two:1565042841582
FINER	thread=13	[null] product stored id=urn:usgs-product:admin:associate:ustestproduct-one_ustestproduct-two:1565042841582, status=UPDATE
FINEST	thread=13	[null] releasing write lock for product id=urn:usgs-product:admin:associate:ustestproduct-one_ustestproduct-two:1565042841582
FINEST	thread=13	[null] released write lock for product id=urn:usgs-product:admin:associate:ustestproduct-one_ustestproduct-two:1565042841582
FINEST	thread=13	[null] stored product id=urn:usgs-product:admin:associate:ustestproduct-one_ustestproduct-two:1565042841582
FINER	thread=13	[null] summarizing product id=urn:usgs-product:admin:associate:ustestproduct-one_ustestproduct-two:1565042841582
FINEST	thread=13	[null] beginning index transaction
FINER	thread=13	[null] finding previous version
FINEST	thread=13	[null] running query 
SELECT DISTINCT id FROM productSummary p WHERE p.id IS NOT NULL AND p.id = (SELECT id FROM productSummary ps WHERE ps.source='admin' AND ps.type='associate' AND ps.code='ustestproduct-one_ustestproduct-two' AND ps.status <> 'DELETE' ORDER BY ps.updateTime DESC LIMIT 1) AND source='admin' AND type='associate' AND code='ustestproduct-one_ustestproduct-two'
FINEST	thread=13	[null] query complete
FINER	thread=13	[null] finding previous event
FINEST	thread=13	Product Index Query
eventSearchType=SEARCH_EVENT_PRODUCTS
resultType=RESULT_TYPE_ALL
eventSource=us
eventSourceCode=testproduct-two
FINER	thread=13	[null] adding summary to index
FINEST	thread=13	[null] Added property eventsourcecode:testproduct-two for product 3
FINEST	thread=13	[null] Added property othereventsourcecode:testproduct-one for product 3
FINEST	thread=13	[null] Added property eventsource:us for product 3
FINEST	thread=13	[null] Added property othereventsource:us for product 3
FINEST	thread=13	[null] Added productSummary urn:usgs-product:admin:associate:ustestproduct-one_ustestproduct-two:1565042841582, indexid=3 to product index
FINER	thread=13	[null] found existing event indexid=2
FINE	thread=13	Eventindexid=2, eventid=ustestproduct-two, latitude=35.1, longitude=-118.0, time=Mon Aug 05 16:07:21 MDT 2019, deleted=false
FINER	thread=13	Products in event
	status=UPDATE, id=urn:usgs-product:us:testproduct:testproduct-two:1565042841522, eventid=ustestproduct-two, latitude=35.1, longitude=-118.0, time=Mon Aug 05 16:07:21 MDT 2019
FINER	thread=13	[null] Added associations event id=2, productSummary source=admin, type=associate, code=ustestproduct-one_ustestproduct-two (id=3)
FINER	thread=13	[null] checking for event splits
FINER	thread=13	[null] checking for event merges
FINEST	thread=13	Product Index Query
eventSearchType=SEARCH_EVENT_PREFERRED
resultType=RESULT_TYPE_ALL
minEventTime=Mon Aug 05 16:07:05 MDT 2019
maxEventTime=Mon Aug 05 16:07:37 MDT 2019
minEventLatitude=34.20007199424046075986183268469176255166530609130859375
maxEventLatitude=35.99992800575953924013816731530823744833469390869140625
minEventLongitude=-119.0999551629644201966584660112857818603515625
maxEventLongitude=-116.9000448370355798033415339887142181396484375
FINER	thread=13	[null] searching for nearby events
FINER	thread=13	[null] search for nearby events complete
FINER	thread=13	[null] Removed associations event id=1, productSummary source=us, type=testproduct, code=testproduct-one (id=1)
FINER	thread=13	[null] Removed associations event id=1, productSummary source=us, type=testproduct, code=testproduct-one (id=1)
FINER	thread=13	[null] Added associations event id=2, productSummary source=us, type=testproduct, code=testproduct-one (id=1)
FINEST	thread=13	[null] Removed event id=1
FINER	thread=13	[null] searching for unassociated products
FINER	thread=13	[null] search for unassociated products complete
FINER	thread=13	[null] searching for associated event
FINER	thread=13	[null] search for associated event complete
FINER	thread=13	[null] updating event summary parameters
FINER	thread=13	[null] Updating event indexid=2
FINE	thread=13	Eventindexid=2, eventid=ustestproduct-two, latitude=35.1, longitude=-118.0, time=Mon Aug 05 16:07:21 MDT 2019, deleted=false
FINER	thread=13	Products in event
	status=UPDATE, id=urn:usgs-product:us:testproduct:testproduct-two:1565042841522, eventid=ustestproduct-two, latitude=35.1, longitude=-118.0, time=Mon Aug 05 16:07:21 MDT 2019
	status=UPDATE, id=urn:usgs-product:us:testproduct:testproduct-one:1565042841461, eventid=ustestproduct-one, latitude=35.0, longitude=-118.0, time=Mon Aug 05 16:07:21 MDT 2019
	status=UPDATE, id=urn:usgs-product:admin:associate:ustestproduct-one_ustestproduct-two:1565042841582, eventid=ustestproduct-two, latitude=null, longitude=null, time=null
FINEST	thread=13	[null] Updated event properties in Product Index
FINER	thread=13	[null] committing transaction
FINE	thread=13	[null] notifying listeners
INFO	thread=13	[null] indexed product id=urn:usgs-product:admin:associate:ustestproduct-one_ustestproduct-two:1565042841582, status=UPDATE
EVENT_MERGED ustestproduct-one => null
EVENT_UPDATED ustestproduct-two => ustestproduct-two
FINEST	thread=867	[null] acquiring read lock for product id=urn:usgs-product:admin:associate:ustestproduct-one_ustestproduct-two:1565042841582
FINEST	thread=863	[null] acquiring read lock for product id=urn:usgs-product:admin:associate:ustestproduct-one_ustestproduct-two:1565042841582
FINEST	thread=867	[null] acquired read lock for product id=urn:usgs-product:admin:associate:ustestproduct-one_ustestproduct-two:1565042841582
FINEST	thread=863	[null] acquired read lock for product id=urn:usgs-product:admin:associate:ustestproduct-one_ustestproduct-two:1565042841582
FINEST	thread=867	[null] releasing read lock for product id=urn:usgs-product:admin:associate:ustestproduct-one_ustestproduct-two:1565042841582
FINEST	thread=867	[null] released read lock for product id=urn:usgs-product:admin:associate:ustestproduct-one_ustestproduct-two:1565042841582
FINEST	thread=863	[null] releasing read lock for product id=urn:usgs-product:admin:associate:ustestproduct-one_ustestproduct-two:1565042841582
FINEST	thread=863	[null] released read lock for product id=urn:usgs-product:admin:associate:ustestproduct-one_ustestproduct-two:1565042841582
FINER	thread=863	[DirectoryProductSource] Product does not have any  URLContent. Scraping directory for files.
FINER	thread=867	[DirectoryProductSource] Product does not have any  URLContent. Scraping directory for files.
FINEST	thread=863	[null] acquiring write lock for product id=urn:usgs-product:admin:associate:ustestproduct-one_ustestproduct-two:1565042841582
FINEST	thread=867	[null] acquiring write lock for product id=urn:usgs-product:admin:associate:ustestproduct-one_ustestproduct-two:1565042841582
FINEST	thread=863	[null] acquired write lock for product id=urn:usgs-product:admin:associate:ustestproduct-one_ustestproduct-two:1565042841582
FINEST	thread=863	[null] acquiring read lock for product id=urn:usgs-product:admin:associate:ustestproduct-one_ustestproduct-two:1565042841582
FINEST	thread=867	[null] acquired write lock for product id=urn:usgs-product:admin:associate:ustestproduct-one_ustestproduct-two:1565042841582
FINEST	thread=863	[null] acquired read lock for product id=urn:usgs-product:admin:associate:ustestproduct-one_ustestproduct-two:1565042841582
FINEST	thread=867	[null] acquiring read lock for product id=urn:usgs-product:admin:associate:ustestproduct-one_ustestproduct-two:1565042841582
FINEST	thread=863	[null] releasing read lock for product id=urn:usgs-product:admin:associate:ustestproduct-one_ustestproduct-two:1565042841582
FINEST	thread=867	[null] acquired read lock for product id=urn:usgs-product:admin:associate:ustestproduct-one_ustestproduct-two:1565042841582
FINEST	thread=863	[null] released read lock for product id=urn:usgs-product:admin:associate:ustestproduct-one_ustestproduct-two:1565042841582
FINEST	thread=867	[null] releasing read lock for product id=urn:usgs-product:admin:associate:ustestproduct-one_ustestproduct-two:1565042841582
FINEST	thread=867	[null] released read lock for product id=urn:usgs-product:admin:associate:ustestproduct-one_ustestproduct-two:1565042841582
WARNING	thread=863	[null] exception while storing product, removing incomplete product
java.io.IOException: Unable to create directory /Users/cbass/Projects/pdl/_test_storage_/associate/ustestproduct-one_ustestproduct-two/admin/1565042841582
	at gov.usgs.util.StreamUtils.getOutputStream(StreamUtils.java:153)
	at gov.usgs.util.StreamUtils.getOutputStream(StreamUtils.java:183)
	at gov.usgs.earthquake.product.io.DirectoryProductHandler.onEndProduct(DirectoryProductHandler.java:68)
	at gov.usgs.earthquake.product.io.FilterProductHandler.onEndProduct(FilterProductHandler.java:71)
	at gov.usgs.earthquake.distribution.FileProductStorage$StorageProductOutput.onEndProduct(FileProductStorage.java:855)
	at gov.usgs.earthquake.product.io.ObjectProductSource.sendEndProduct(ObjectProductSource.java:166)
	at gov.usgs.earthquake.product.io.ObjectProductSource.streamTo(ObjectProductSource.java:62)
	at gov.usgs.earthquake.distribution.FileProductStorage.storeProductSource(FileProductStorage.java:693)
	at gov.usgs.earthquake.distribution.FileProductStorage.storeProduct(FileProductStorage.java:675)
	at gov.usgs.earthquake.indexer.ExternalIndexerListener.storeProduct(ExternalIndexerListener.java:196)
	at gov.usgs.earthquake.indexer.ExternalIndexerListener.onIndexerEvent(ExternalIndexerListener.java:131)
	at gov.usgs.earthquake.indexer.IndexerListenerCallable.call(IndexerListenerCallable.java:36)
	at gov.usgs.earthquake.indexer.IndexerListenerCallable.call(IndexerListenerCallable.java:12)
	at gov.usgs.util.ExecutorTask.run(ExecutorTask.java:183)
	at java.base/java.util.concurrent.Executors$RunnableAdapter.call(Executors.java:515)
	at java.base/java.util.concurrent.FutureTask.run(FutureTask.java:264)
	at java.base/java.util.concurrent.ThreadPoolExecutor.runWorker(ThreadPoolExecutor.java:1128)
	at java.base/java.util.concurrent.ThreadPoolExecutor$Worker.run(ThreadPoolExecutor.java:628)
	at java.base/java.lang.Thread.run(Thread.java:834)
FINEST	thread=863	[null] acquiring write lock for product id=urn:usgs-product:admin:associate:ustestproduct-one_ustestproduct-two:1565042841582
FINEST	thread=863	[null] acquired write lock for product id=urn:usgs-product:admin:associate:ustestproduct-one_ustestproduct-two:1565042841582
FINER	thread=867	[null] product stored id=urn:usgs-product:admin:associate:ustestproduct-one_ustestproduct-two:1565042841582, status=UPDATE
FINEST	thread=867	[null] releasing write lock for product id=urn:usgs-product:admin:associate:ustestproduct-one_ustestproduct-two:1565042841582
FINEST	thread=867	[null] released write lock for product id=urn:usgs-product:admin:associate:ustestproduct-one_ustestproduct-two:1565042841582
FINEST	thread=867	[null] acquiring read lock for product id=urn:usgs-product:admin:associate:ustestproduct-one_ustestproduct-two:1565042841582
FINEST	thread=867	[null] acquired read lock for product id=urn:usgs-product:admin:associate:ustestproduct-one_ustestproduct-two:1565042841582
FINEST	thread=867	[null] releasing read lock for product id=urn:usgs-product:admin:associate:ustestproduct-one_ustestproduct-two:1565042841582
FINEST	thread=867	[null] released read lock for product id=urn:usgs-product:admin:associate:ustestproduct-one_ustestproduct-two:1565042841582
WARNING	thread=867	[null] listener (null) threw exception, for product id=urn:usgs-product:admin:associate:ustestproduct-one_ustestproduct-two:1565042841582
java.io.FileNotFoundException: _test_storage_/associate/ustestproduct-one_ustestproduct-two/admin/1565042841582/product.xml (No such file or directory)
	at java.base/java.io.FileInputStream.open0(Native Method)
	at java.base/java.io.FileInputStream.open(FileInputStream.java:219)
	at java.base/java.io.FileInputStream.<init>(FileInputStream.java:157)
	at gov.usgs.util.StreamUtils.getInputStream(StreamUtils.java:60)
	at gov.usgs.earthquake.product.io.DirectoryProductSource.streamTo(DirectoryProductSource.java:55)
	at gov.usgs.earthquake.product.io.ObjectProductHandler.getProduct(ObjectProductHandler.java:172)
	at gov.usgs.earthquake.distribution.FileProductStorage.getProduct(FileProductStorage.java:465)
	at gov.usgs.earthquake.indexer.ExternalIndexerListener.storeProduct(ExternalIndexerListener.java:197)
	at gov.usgs.earthquake.indexer.ExternalIndexerListener.onIndexerEvent(ExternalIndexerListener.java:131)
	at gov.usgs.earthquake.indexer.IndexerListenerCallable.call(IndexerListenerCallable.java:36)
	at gov.usgs.earthquake.indexer.IndexerListenerCallable.call(IndexerListenerCallable.java:12)
	at gov.usgs.util.ExecutorTask.run(ExecutorTask.java:183)
	at java.base/java.util.concurrent.Executors$RunnableAdapter.call(Executors.java:515)
	at java.base/java.util.concurrent.FutureTask.run(FutureTask.java:264)
	at java.base/java.util.concurrent.ThreadPoolExecutor.runWorker(ThreadPoolExecutor.java:1128)
	at java.base/java.util.concurrent.ThreadPoolExecutor$Worker.run(ThreadPoolExecutor.java:628)
	at java.base/java.lang.Thread.run(Thread.java:834)
FINER	thread=863	[null] product removed, id=urn:usgs-product:admin:associate:ustestproduct-one_ustestproduct-two:1565042841582
FINEST	thread=863	[null] releasing write lock for product id=urn:usgs-product:admin:associate:ustestproduct-one_ustestproduct-two:1565042841582
FINEST	thread=863	[null] released write lock for product id=urn:usgs-product:admin:associate:ustestproduct-one_ustestproduct-two:1565042841582
FINEST	thread=863	[null] releasing write lock for product id=urn:usgs-product:admin:associate:ustestproduct-one_ustestproduct-two:1565042841582
FINEST	thread=863	[null] released write lock for product id=urn:usgs-product:admin:associate:ustestproduct-one_ustestproduct-two:1565042841582
FINE	thread=867	Exception: _test_storage_/associate/ustestproduct-one_ustestproduct-two/admin/1565042841582/product.xml (No such file or directory) source=admin, type=associate, code=ustestproduct-one_ustestproduct-two, updateTime=Mon Aug 05 16:07:21 MDT 2019
FINEST	thread=867	Tracker updates disabled, not sent
INFO	thread=867	Exception executing task
java.io.FileNotFoundException: _test_storage_/associate/ustestproduct-one_ustestproduct-two/admin/1565042841582/product.xml (No such file or directory)
	at java.base/java.io.FileInputStream.open0(Native Method)
	at java.base/java.io.FileInputStream.open(FileInputStream.java:219)
	at java.base/java.io.FileInputStream.<init>(FileInputStream.java:157)
	at gov.usgs.util.StreamUtils.getInputStream(StreamUtils.java:60)
	at gov.usgs.earthquake.product.io.DirectoryProductSource.streamTo(DirectoryProductSource.java:55)
	at gov.usgs.earthquake.product.io.ObjectProductHandler.getProduct(ObjectProductHandler.java:172)
	at gov.usgs.earthquake.distribution.FileProductStorage.getProduct(FileProductStorage.java:465)
	at gov.usgs.earthquake.indexer.ExternalIndexerListener.storeProduct(ExternalIndexerListener.java:197)
	at gov.usgs.earthquake.indexer.ExternalIndexerListener.onIndexerEvent(ExternalIndexerListener.java:131)
	at gov.usgs.earthquake.indexer.IndexerListenerCallable.call(IndexerListenerCallable.java:36)
	at gov.usgs.earthquake.indexer.IndexerListenerCallable.call(IndexerListenerCallable.java:12)
	at gov.usgs.util.ExecutorTask.run(ExecutorTask.java:183)
	at java.base/java.util.concurrent.Executors$RunnableAdapter.call(Executors.java:515)
	at java.base/java.util.concurrent.FutureTask.run(FutureTask.java:264)
	at java.base/java.util.concurrent.ThreadPoolExecutor.runWorker(ThreadPoolExecutor.java:1128)
	at java.base/java.util.concurrent.ThreadPoolExecutor$Worker.run(ThreadPoolExecutor.java:628)
	at java.base/java.lang.Thread.run(Thread.java:834)
WARNING	thread=863	[null] listener (null) threw exception, for product id=urn:usgs-product:admin:associate:ustestproduct-one_ustestproduct-two:1565042841582
java.io.IOException: Unable to create directory /Users/cbass/Projects/pdl/_test_storage_/associate/ustestproduct-one_ustestproduct-two/admin/1565042841582
	at gov.usgs.util.StreamUtils.getOutputStream(StreamUtils.java:153)
	at gov.usgs.util.StreamUtils.getOutputStream(StreamUtils.java:183)
	at gov.usgs.earthquake.product.io.DirectoryProductHandler.onEndProduct(DirectoryProductHandler.java:68)
	at gov.usgs.earthquake.product.io.FilterProductHandler.onEndProduct(FilterProductHandler.java:71)
	at gov.usgs.earthquake.distribution.FileProductStorage$StorageProductOutput.onEndProduct(FileProductStorage.java:855)
	at gov.usgs.earthquake.product.io.ObjectProductSource.sendEndProduct(ObjectProductSource.java:166)
	at gov.usgs.earthquake.product.io.ObjectProductSource.streamTo(ObjectProductSource.java:62)
	at gov.usgs.earthquake.distribution.FileProductStorage.storeProductSource(FileProductStorage.java:693)
	at gov.usgs.earthquake.distribution.FileProductStorage.storeProduct(FileProductStorage.java:675)
	at gov.usgs.earthquake.indexer.ExternalIndexerListener.storeProduct(ExternalIndexerListener.java:196)
	at gov.usgs.earthquake.indexer.ExternalIndexerListener.onIndexerEvent(ExternalIndexerListener.java:131)
	at gov.usgs.earthquake.indexer.IndexerListenerCallable.call(IndexerListenerCallable.java:36)
	at gov.usgs.earthquake.indexer.IndexerListenerCallable.call(IndexerListenerCallable.java:12)
	at gov.usgs.util.ExecutorTask.run(ExecutorTask.java:183)
	at java.base/java.util.concurrent.Executors$RunnableAdapter.call(Executors.java:515)
	at java.base/java.util.concurrent.FutureTask.run(FutureTask.java:264)
	at java.base/java.util.concurrent.ThreadPoolExecutor.runWorker(ThreadPoolExecutor.java:1128)
	at java.base/java.util.concurrent.ThreadPoolExecutor$Worker.run(ThreadPoolExecutor.java:628)
	at java.base/java.lang.Thread.run(Thread.java:834)
FINE	thread=863	Exception: Unable to create directory /Users/cbass/Projects/pdl/_test_storage_/associate/ustestproduct-one_ustestproduct-two/admin/1565042841582 source=admin, type=associate, code=ustestproduct-one_ustestproduct-two, updateTime=Mon Aug 05 16:07:21 MDT 2019
FINEST	thread=863	Tracker updates disabled, not sent
INFO	thread=863	Exception executing task
java.io.IOException: Unable to create directory /Users/cbass/Projects/pdl/_test_storage_/associate/ustestproduct-one_ustestproduct-two/admin/1565042841582
	at gov.usgs.util.StreamUtils.getOutputStream(StreamUtils.java:153)
	at gov.usgs.util.StreamUtils.getOutputStream(StreamUtils.java:183)
	at gov.usgs.earthquake.product.io.DirectoryProductHandler.onEndProduct(DirectoryProductHandler.java:68)
	at gov.usgs.earthquake.product.io.FilterProductHandler.onEndProduct(FilterProductHandler.java:71)
	at gov.usgs.earthquake.distribution.FileProductStorage$StorageProductOutput.onEndProduct(FileProductStorage.java:855)
	at gov.usgs.earthquake.product.io.ObjectProductSource.sendEndProduct(ObjectProductSource.java:166)
	at gov.usgs.earthquake.product.io.ObjectProductSource.streamTo(ObjectProductSource.java:62)
	at gov.usgs.earthquake.distribution.FileProductStorage.storeProductSource(FileProductStorage.java:693)
	at gov.usgs.earthquake.distribution.FileProductStorage.storeProduct(FileProductStorage.java:675)
	at gov.usgs.earthquake.indexer.ExternalIndexerListener.storeProduct(ExternalIndexerListener.java:196)
	at gov.usgs.earthquake.indexer.ExternalIndexerListener.onIndexerEvent(ExternalIndexerListener.java:131)
	at gov.usgs.earthquake.indexer.IndexerListenerCallable.call(IndexerListenerCallable.java:36)
	at gov.usgs.earthquake.indexer.IndexerListenerCallable.call(IndexerListenerCallable.java:12)
	at gov.usgs.util.ExecutorTask.run(ExecutorTask.java:183)
	at java.base/java.util.concurrent.Executors$RunnableAdapter.call(Executors.java:515)
	at java.base/java.util.concurrent.FutureTask.run(FutureTask.java:264)
	at java.base/java.util.concurrent.ThreadPoolExecutor.runWorker(ThreadPoolExecutor.java:1128)
	at java.base/java.util.concurrent.ThreadPoolExecutor$Worker.run(ThreadPoolExecutor.java:628)
	at java.base/java.lang.Thread.run(Thread.java:834)
CONFIG	thread=13	[null] maxTries = 1
CONFIG	thread=13	[null] maxTries = 1
CONFIG	thread=13	[null] timeout = 0ms
CONFIG	thread=13	[null] retry delay = 300000ms
CONFIG	thread=13	[null] process duplicates = false
CONFIG	thread=13	[null] include paths = []
CONFIG	thread=13	[null] exclude paths = []
CONFIG	thread=13	[null] using storage directory /Users/cbass/Projects/pdl/storage
CONFIG	thread=13	[null] loading ArchivePolicy 'testPolicy'
CONFIG	thread=13	[null] archive interval is '500'
CONFIG	thread=13	[null] no indexer modules configured.
CONFIG	thread=13	[null] no indexer listeners configured.
CONFIG	thread=13	[null] Local regions file: regions.json
CONFIG	thread=13	[null] associateUsingCurrentProducts = false

###
Mon Aug 05 16:07:21 MDT 2019
FINER	thread=13	[null] product stored id=urn:usgs-product:us:testproduct:event1:1565042841646, status=UPDATE
FINER	thread=13	[null] summarizing product id=urn:usgs-product:us:testproduct:event1:1565042841646
FINER	thread=13	[null] finding previous version
FINER	thread=13	[null] finding previous event
FINER	thread=13	[null] adding summary to index
FINER	thread=13	[null] Added associations event id=1, productSummary source=us, type=testproduct, code=event1 (id=1)
FINER	thread=13	[null] created event indexid=1
FINE	thread=13	Eventindexid=1, eventid=usevent1, latitude=35.0, longitude=-118.0, time=Mon Aug 05 16:07:21 MDT 2019, deleted=false
FINER	thread=13	Products in event
	status=UPDATE, id=urn:usgs-product:us:testproduct:event1:1565042841646, eventid=usevent1, latitude=35.0, longitude=-118.0, time=Mon Aug 05 16:07:21 MDT 2019
FINER	thread=13	[null] checking for event merges
FINER	thread=13	[null] searching for unassociated products
FINER	thread=13	[null] search for unassociated products complete
FINER	thread=13	[null] updating event summary parameters
FINER	thread=13	[null] Updating event indexid=1
FINE	thread=13	Eventindexid=1, eventid=usevent1, latitude=35.0, longitude=-118.0, time=Mon Aug 05 16:07:21 MDT 2019, deleted=false
FINER	thread=13	Products in event
	status=UPDATE, id=urn:usgs-product:us:testproduct:event1:1565042841646, eventid=usevent1, latitude=35.0, longitude=-118.0, time=Mon Aug 05 16:07:21 MDT 2019
FINER	thread=13	[null] committing transaction
FINE	thread=13	[null] notifying listeners
INFO	thread=13	[null] indexed product id=urn:usgs-product:us:testproduct:event1:1565042841646, status=UPDATE
EVENT_ADDED null => usevent1
FINER	thread=878	[DirectoryProductSource] Product does not have any  URLContent. Scraping directory for files.
FINER	thread=881	[DirectoryProductSource] Product does not have any  URLContent. Scraping directory for files.
WARNING	thread=881	[null] exception while storing product, removing incomplete product
java.io.IOException: Unable to create directory /Users/cbass/Projects/pdl/_test_storage_/testproduct/event1/us/1565042841646
	at gov.usgs.util.StreamUtils.getOutputStream(StreamUtils.java:153)
	at gov.usgs.util.StreamUtils.getOutputStream(StreamUtils.java:183)
	at gov.usgs.earthquake.product.io.DirectoryProductHandler.onEndProduct(DirectoryProductHandler.java:68)
	at gov.usgs.earthquake.product.io.FilterProductHandler.onEndProduct(FilterProductHandler.java:71)
	at gov.usgs.earthquake.distribution.FileProductStorage$StorageProductOutput.onEndProduct(FileProductStorage.java:855)
	at gov.usgs.earthquake.product.io.ObjectProductSource.sendEndProduct(ObjectProductSource.java:166)
	at gov.usgs.earthquake.product.io.ObjectProductSource.streamTo(ObjectProductSource.java:62)
	at gov.usgs.earthquake.distribution.FileProductStorage.storeProductSource(FileProductStorage.java:693)
	at gov.usgs.earthquake.distribution.FileProductStorage.storeProduct(FileProductStorage.java:675)
	at gov.usgs.earthquake.indexer.ExternalIndexerListener.storeProduct(ExternalIndexerListener.java:196)
	at gov.usgs.earthquake.indexer.ExternalIndexerListener.onIndexerEvent(ExternalIndexerListener.java:131)
	at gov.usgs.earthquake.indexer.IndexerListenerCallable.call(IndexerListenerCallable.java:36)
	at gov.usgs.earthquake.indexer.IndexerListenerCallable.call(IndexerListenerCallable.java:12)
	at gov.usgs.util.ExecutorTask.run(ExecutorTask.java:183)
	at java.base/java.util.concurrent.Executors$RunnableAdapter.call(Executors.java:515)
	at java.base/java.util.concurrent.FutureTask.run(FutureTask.java:264)
	at java.base/java.util.concurrent.ThreadPoolExecutor.runWorker(ThreadPoolExecutor.java:1128)
	at java.base/java.util.concurrent.ThreadPoolExecutor$Worker.run(ThreadPoolExecutor.java:628)
	at java.base/java.lang.Thread.run(Thread.java:834)
FINER	thread=878	[null] product stored id=urn:usgs-product:us:testproduct:event1:1565042841646, status=UPDATE
WARNING	thread=878	[null] listener (null) threw exception, for product id=urn:usgs-product:us:testproduct:event1:1565042841646
java.io.FileNotFoundException: _test_storage_/testproduct/event1/us/1565042841646/product.xml (No such file or directory)
	at java.base/java.io.FileInputStream.open0(Native Method)
	at java.base/java.io.FileInputStream.open(FileInputStream.java:219)
	at java.base/java.io.FileInputStream.<init>(FileInputStream.java:157)
	at gov.usgs.util.StreamUtils.getInputStream(StreamUtils.java:60)
	at gov.usgs.earthquake.product.io.DirectoryProductSource.streamTo(DirectoryProductSource.java:55)
	at gov.usgs.earthquake.product.io.ObjectProductHandler.getProduct(ObjectProductHandler.java:172)
	at gov.usgs.earthquake.distribution.FileProductStorage.getProduct(FileProductStorage.java:465)
	at gov.usgs.earthquake.indexer.ExternalIndexerListener.storeProduct(ExternalIndexerListener.java:197)
	at gov.usgs.earthquake.indexer.ExternalIndexerListener.onIndexerEvent(ExternalIndexerListener.java:131)
	at gov.usgs.earthquake.indexer.IndexerListenerCallable.call(IndexerListenerCallable.java:36)
	at gov.usgs.earthquake.indexer.IndexerListenerCallable.call(IndexerListenerCallable.java:12)
	at gov.usgs.util.ExecutorTask.run(ExecutorTask.java:183)
	at java.base/java.util.concurrent.Executors$RunnableAdapter.call(Executors.java:515)
	at java.base/java.util.concurrent.FutureTask.run(FutureTask.java:264)
	at java.base/java.util.concurrent.ThreadPoolExecutor.runWorker(ThreadPoolExecutor.java:1128)
	at java.base/java.util.concurrent.ThreadPoolExecutor$Worker.run(ThreadPoolExecutor.java:628)
	at java.base/java.lang.Thread.run(Thread.java:834)
FINER	thread=881	[null] product removed, id=urn:usgs-product:us:testproduct:event1:1565042841646
FINE	thread=878	Exception: _test_storage_/testproduct/event1/us/1565042841646/product.xml (No such file or directory) source=us, type=testproduct, code=event1, updateTime=Mon Aug 05 16:07:21 MDT 2019
WARNING	thread=881	[null] listener (null) threw exception, for product id=urn:usgs-product:us:testproduct:event1:1565042841646
java.io.IOException: Unable to create directory /Users/cbass/Projects/pdl/_test_storage_/testproduct/event1/us/1565042841646
	at gov.usgs.util.StreamUtils.getOutputStream(StreamUtils.java:153)
	at gov.usgs.util.StreamUtils.getOutputStream(StreamUtils.java:183)
	at gov.usgs.earthquake.product.io.DirectoryProductHandler.onEndProduct(DirectoryProductHandler.java:68)
	at gov.usgs.earthquake.product.io.FilterProductHandler.onEndProduct(FilterProductHandler.java:71)
	at gov.usgs.earthquake.distribution.FileProductStorage$StorageProductOutput.onEndProduct(FileProductStorage.java:855)
	at gov.usgs.earthquake.product.io.ObjectProductSource.sendEndProduct(ObjectProductSource.java:166)
	at gov.usgs.earthquake.product.io.ObjectProductSource.streamTo(ObjectProductSource.java:62)
	at gov.usgs.earthquake.distribution.FileProductStorage.storeProductSource(FileProductStorage.java:693)
	at gov.usgs.earthquake.distribution.FileProductStorage.storeProduct(FileProductStorage.java:675)
	at gov.usgs.earthquake.indexer.ExternalIndexerListener.storeProduct(ExternalIndexerListener.java:196)
	at gov.usgs.earthquake.indexer.ExternalIndexerListener.onIndexerEvent(ExternalIndexerListener.java:131)
	at gov.usgs.earthquake.indexer.IndexerListenerCallable.call(IndexerListenerCallable.java:36)
	at gov.usgs.earthquake.indexer.IndexerListenerCallable.call(IndexerListenerCallable.java:12)
	at gov.usgs.util.ExecutorTask.run(ExecutorTask.java:183)
	at java.base/java.util.concurrent.Executors$RunnableAdapter.call(Executors.java:515)
	at java.base/java.util.concurrent.FutureTask.run(FutureTask.java:264)
	at java.base/java.util.concurrent.ThreadPoolExecutor.runWorker(ThreadPoolExecutor.java:1128)
	at java.base/java.util.concurrent.ThreadPoolExecutor$Worker.run(ThreadPoolExecutor.java:628)
	at java.base/java.lang.Thread.run(Thread.java:834)
INFO	thread=878	Exception executing task
java.io.FileNotFoundException: _test_storage_/testproduct/event1/us/1565042841646/product.xml (No such file or directory)
	at java.base/java.io.FileInputStream.open0(Native Method)
	at java.base/java.io.FileInputStream.open(FileInputStream.java:219)
	at java.base/java.io.FileInputStream.<init>(FileInputStream.java:157)
	at gov.usgs.util.StreamUtils.getInputStream(StreamUtils.java:60)
	at gov.usgs.earthquake.product.io.DirectoryProductSource.streamTo(DirectoryProductSource.java:55)
	at gov.usgs.earthquake.product.io.ObjectProductHandler.getProduct(ObjectProductHandler.java:172)
	at gov.usgs.earthquake.distribution.FileProductStorage.getProduct(FileProductStorage.java:465)
	at gov.usgs.earthquake.indexer.ExternalIndexerListener.storeProduct(ExternalIndexerListener.java:197)
	at gov.usgs.earthquake.indexer.ExternalIndexerListener.onIndexerEvent(ExternalIndexerListener.java:131)
	at gov.usgs.earthquake.indexer.IndexerListenerCallable.call(IndexerListenerCallable.java:36)
	at gov.usgs.earthquake.indexer.IndexerListenerCallable.call(IndexerListenerCallable.java:12)
	at gov.usgs.util.ExecutorTask.run(ExecutorTask.java:183)
	at java.base/java.util.concurrent.Executors$RunnableAdapter.call(Executors.java:515)
	at java.base/java.util.concurrent.FutureTask.run(FutureTask.java:264)
	at java.base/java.util.concurrent.ThreadPoolExecutor.runWorker(ThreadPoolExecutor.java:1128)
	at java.base/java.util.concurrent.ThreadPoolExecutor$Worker.run(ThreadPoolExecutor.java:628)
	at java.base/java.lang.Thread.run(Thread.java:834)
FINE	thread=881	Exception: Unable to create directory /Users/cbass/Projects/pdl/_test_storage_/testproduct/event1/us/1565042841646 source=us, type=testproduct, code=event1, updateTime=Mon Aug 05 16:07:21 MDT 2019
INFO	thread=881	Exception executing task
java.io.IOException: Unable to create directory /Users/cbass/Projects/pdl/_test_storage_/testproduct/event1/us/1565042841646
	at gov.usgs.util.StreamUtils.getOutputStream(StreamUtils.java:153)
	at gov.usgs.util.StreamUtils.getOutputStream(StreamUtils.java:183)
	at gov.usgs.earthquake.product.io.DirectoryProductHandler.onEndProduct(DirectoryProductHandler.java:68)
	at gov.usgs.earthquake.product.io.FilterProductHandler.onEndProduct(FilterProductHandler.java:71)
	at gov.usgs.earthquake.distribution.FileProductStorage$StorageProductOutput.onEndProduct(FileProductStorage.java:855)
	at gov.usgs.earthquake.product.io.ObjectProductSource.sendEndProduct(ObjectProductSource.java:166)
	at gov.usgs.earthquake.product.io.ObjectProductSource.streamTo(ObjectProductSource.java:62)
	at gov.usgs.earthquake.distribution.FileProductStorage.storeProductSource(FileProductStorage.java:693)
	at gov.usgs.earthquake.distribution.FileProductStorage.storeProduct(FileProductStorage.java:675)
	at gov.usgs.earthquake.indexer.ExternalIndexerListener.storeProduct(ExternalIndexerListener.java:196)
	at gov.usgs.earthquake.indexer.ExternalIndexerListener.onIndexerEvent(ExternalIndexerListener.java:131)
	at gov.usgs.earthquake.indexer.IndexerListenerCallable.call(IndexerListenerCallable.java:36)
	at gov.usgs.earthquake.indexer.IndexerListenerCallable.call(IndexerListenerCallable.java:12)
	at gov.usgs.util.ExecutorTask.run(ExecutorTask.java:183)
	at java.base/java.util.concurrent.Executors$RunnableAdapter.call(Executors.java:515)
	at java.base/java.util.concurrent.FutureTask.run(FutureTask.java:264)
	at java.base/java.util.concurrent.ThreadPoolExecutor.runWorker(ThreadPoolExecutor.java:1128)
	at java.base/java.util.concurrent.ThreadPoolExecutor$Worker.run(ThreadPoolExecutor.java:628)
	at java.base/java.lang.Thread.run(Thread.java:834)
FINER	thread=13	[null] product stored id=urn:usgs-product:us:testproduct:event2:1565042841702, status=UPDATE
FINER	thread=13	[null] summarizing product id=urn:usgs-product:us:testproduct:event2:1565042841702
FINER	thread=13	[null] finding previous version
FINER	thread=13	[null] finding previous event
FINER	thread=13	[null] adding summary to index
FINER	thread=13	[null] Added associations event id=2, productSummary source=us, type=testproduct, code=event2 (id=2)
FINER	thread=13	[null] created event indexid=2
FINE	thread=13	Eventindexid=2, eventid=usevent2, latitude=35.1, longitude=-118.0, time=Mon Aug 05 16:07:21 MDT 2019, deleted=false
FINER	thread=13	Products in event
	status=UPDATE, id=urn:usgs-product:us:testproduct:event2:1565042841702, eventid=usevent2, latitude=35.1, longitude=-118.0, time=Mon Aug 05 16:07:21 MDT 2019
FINER	thread=13	[null] checking for event merges
FINER	thread=13	[null] searching for unassociated products
FINER	thread=13	[null] search for unassociated products complete
FINER	thread=13	[null] updating event summary parameters
FINER	thread=13	[null] Updating event indexid=2
FINE	thread=13	Eventindexid=2, eventid=usevent2, latitude=35.1, longitude=-118.0, time=Mon Aug 05 16:07:21 MDT 2019, deleted=false
FINER	thread=13	Products in event
	status=UPDATE, id=urn:usgs-product:us:testproduct:event2:1565042841702, eventid=usevent2, latitude=35.1, longitude=-118.0, time=Mon Aug 05 16:07:21 MDT 2019
FINER	thread=13	[null] committing transaction
FINE	thread=13	[null] notifying listeners
INFO	thread=13	[null] indexed product id=urn:usgs-product:us:testproduct:event2:1565042841702, status=UPDATE
EVENT_ADDED null => usevent2
FINER	thread=878	[DirectoryProductSource] Product does not have any  URLContent. Scraping directory for files.
FINER	thread=881	[DirectoryProductSource] Product does not have any  URLContent. Scraping directory for files.
WARNING	thread=881	[null] exception while storing product, removing incomplete product
java.io.IOException: Unable to create directory /Users/cbass/Projects/pdl/_test_storage_/testproduct/event2/us/1565042841702
	at gov.usgs.util.StreamUtils.getOutputStream(StreamUtils.java:153)
	at gov.usgs.util.StreamUtils.getOutputStream(StreamUtils.java:183)
	at gov.usgs.earthquake.product.io.DirectoryProductHandler.onEndProduct(DirectoryProductHandler.java:68)
	at gov.usgs.earthquake.product.io.FilterProductHandler.onEndProduct(FilterProductHandler.java:71)
	at gov.usgs.earthquake.distribution.FileProductStorage$StorageProductOutput.onEndProduct(FileProductStorage.java:855)
	at gov.usgs.earthquake.product.io.ObjectProductSource.sendEndProduct(ObjectProductSource.java:166)
	at gov.usgs.earthquake.product.io.ObjectProductSource.streamTo(ObjectProductSource.java:62)
	at gov.usgs.earthquake.distribution.FileProductStorage.storeProductSource(FileProductStorage.java:693)
	at gov.usgs.earthquake.distribution.FileProductStorage.storeProduct(FileProductStorage.java:675)
	at gov.usgs.earthquake.indexer.ExternalIndexerListener.storeProduct(ExternalIndexerListener.java:196)
	at gov.usgs.earthquake.indexer.ExternalIndexerListener.onIndexerEvent(ExternalIndexerListener.java:131)
	at gov.usgs.earthquake.indexer.IndexerListenerCallable.call(IndexerListenerCallable.java:36)
	at gov.usgs.earthquake.indexer.IndexerListenerCallable.call(IndexerListenerCallable.java:12)
	at gov.usgs.util.ExecutorTask.run(ExecutorTask.java:183)
	at java.base/java.util.concurrent.Executors$RunnableAdapter.call(Executors.java:515)
	at java.base/java.util.concurrent.FutureTask.run(FutureTask.java:264)
	at java.base/java.util.concurrent.ThreadPoolExecutor.runWorker(ThreadPoolExecutor.java:1128)
	at java.base/java.util.concurrent.ThreadPoolExecutor$Worker.run(ThreadPoolExecutor.java:628)
	at java.base/java.lang.Thread.run(Thread.java:834)
FINER	thread=878	[null] product stored id=urn:usgs-product:us:testproduct:event2:1565042841702, status=UPDATE
FINER	thread=881	[null] product removed, id=urn:usgs-product:us:testproduct:event2:1565042841702
WARNING	thread=881	[null] listener (null) threw exception, for product id=urn:usgs-product:us:testproduct:event2:1565042841702
java.io.IOException: Unable to create directory /Users/cbass/Projects/pdl/_test_storage_/testproduct/event2/us/1565042841702
	at gov.usgs.util.StreamUtils.getOutputStream(StreamUtils.java:153)
	at gov.usgs.util.StreamUtils.getOutputStream(StreamUtils.java:183)
	at gov.usgs.earthquake.product.io.DirectoryProductHandler.onEndProduct(DirectoryProductHandler.java:68)
	at gov.usgs.earthquake.product.io.FilterProductHandler.onEndProduct(FilterProductHandler.java:71)
	at gov.usgs.earthquake.distribution.FileProductStorage$StorageProductOutput.onEndProduct(FileProductStorage.java:855)
	at gov.usgs.earthquake.product.io.ObjectProductSource.sendEndProduct(ObjectProductSource.java:166)
	at gov.usgs.earthquake.product.io.ObjectProductSource.streamTo(ObjectProductSource.java:62)
	at gov.usgs.earthquake.distribution.FileProductStorage.storeProductSource(FileProductStorage.java:693)
	at gov.usgs.earthquake.distribution.FileProductStorage.storeProduct(FileProductStorage.java:675)
	at gov.usgs.earthquake.indexer.ExternalIndexerListener.storeProduct(ExternalIndexerListener.java:196)
	at gov.usgs.earthquake.indexer.ExternalIndexerListener.onIndexerEvent(ExternalIndexerListener.java:131)
	at gov.usgs.earthquake.indexer.IndexerListenerCallable.call(IndexerListenerCallable.java:36)
	at gov.usgs.earthquake.indexer.IndexerListenerCallable.call(IndexerListenerCallable.java:12)
	at gov.usgs.util.ExecutorTask.run(ExecutorTask.java:183)
	at java.base/java.util.concurrent.Executors$RunnableAdapter.call(Executors.java:515)
	at java.base/java.util.concurrent.FutureTask.run(FutureTask.java:264)
	at java.base/java.util.concurrent.ThreadPoolExecutor.runWorker(ThreadPoolExecutor.java:1128)
	at java.base/java.util.concurrent.ThreadPoolExecutor$Worker.run(ThreadPoolExecutor.java:628)
	at java.base/java.lang.Thread.run(Thread.java:834)
FINE	thread=881	Exception: Unable to create directory /Users/cbass/Projects/pdl/_test_storage_/testproduct/event2/us/1565042841702 source=us, type=testproduct, code=event2, updateTime=Mon Aug 05 16:07:21 MDT 2019
INFO	thread=881	Exception executing task
java.io.IOException: Unable to create directory /Users/cbass/Projects/pdl/_test_storage_/testproduct/event2/us/1565042841702
	at gov.usgs.util.StreamUtils.getOutputStream(StreamUtils.java:153)
	at gov.usgs.util.StreamUtils.getOutputStream(StreamUtils.java:183)
	at gov.usgs.earthquake.product.io.DirectoryProductHandler.onEndProduct(DirectoryProductHandler.java:68)
	at gov.usgs.earthquake.product.io.FilterProductHandler.onEndProduct(FilterProductHandler.java:71)
	at gov.usgs.earthquake.distribution.FileProductStorage$StorageProductOutput.onEndProduct(FileProductStorage.java:855)
	at gov.usgs.earthquake.product.io.ObjectProductSource.sendEndProduct(ObjectProductSource.java:166)
	at gov.usgs.earthquake.product.io.ObjectProductSource.streamTo(ObjectProductSource.java:62)
	at gov.usgs.earthquake.distribution.FileProductStorage.storeProductSource(FileProductStorage.java:693)
	at gov.usgs.earthquake.distribution.FileProductStorage.storeProduct(FileProductStorage.java:675)
	at gov.usgs.earthquake.indexer.ExternalIndexerListener.storeProduct(ExternalIndexerListener.java:196)
	at gov.usgs.earthquake.indexer.ExternalIndexerListener.onIndexerEvent(ExternalIndexerListener.java:131)
	at gov.usgs.earthquake.indexer.IndexerListenerCallable.call(IndexerListenerCallable.java:36)
	at gov.usgs.earthquake.indexer.IndexerListenerCallable.call(IndexerListenerCallable.java:12)
	at gov.usgs.util.ExecutorTask.run(ExecutorTask.java:183)
	at java.base/java.util.concurrent.Executors$RunnableAdapter.call(Executors.java:515)
	at java.base/java.util.concurrent.FutureTask.run(FutureTask.java:264)
	at java.base/java.util.concurrent.ThreadPoolExecutor.runWorker(ThreadPoolExecutor.java:1128)
	at java.base/java.util.concurrent.ThreadPoolExecutor$Worker.run(ThreadPoolExecutor.java:628)
	at java.base/java.lang.Thread.run(Thread.java:834)
FINER	thread=878	[DirectoryProductSource] Product does not have any  URLContent. Scraping directory for files.
WARNING	thread=878	[null] listener (null) threw exception, for product id=urn:usgs-product:us:testproduct:event2:1565042841702
java.lang.NullPointerException
	at gov.usgs.earthquake.product.FileContent.getDirectoryContents(FileContent.java:181)
	at gov.usgs.earthquake.product.FileContent.getDirectoryContents(FileContent.java:158)
	at gov.usgs.earthquake.product.io.DirectoryProductSource.streamTo(DirectoryProductSource.java:91)
	at gov.usgs.earthquake.product.io.ObjectProductHandler.getProduct(ObjectProductHandler.java:172)
	at gov.usgs.earthquake.distribution.FileProductStorage.getProduct(FileProductStorage.java:465)
	at gov.usgs.earthquake.indexer.ExternalIndexerListener.storeProduct(ExternalIndexerListener.java:197)
	at gov.usgs.earthquake.indexer.ExternalIndexerListener.onIndexerEvent(ExternalIndexerListener.java:131)
	at gov.usgs.earthquake.indexer.IndexerListenerCallable.call(IndexerListenerCallable.java:36)
	at gov.usgs.earthquake.indexer.IndexerListenerCallable.call(IndexerListenerCallable.java:12)
	at gov.usgs.util.ExecutorTask.run(ExecutorTask.java:183)
	at java.base/java.util.concurrent.Executors$RunnableAdapter.call(Executors.java:515)
	at java.base/java.util.concurrent.FutureTask.run(FutureTask.java:264)
	at java.base/java.util.concurrent.ThreadPoolExecutor.runWorker(ThreadPoolExecutor.java:1128)
	at java.base/java.util.concurrent.ThreadPoolExecutor$Worker.run(ThreadPoolExecutor.java:628)
	at java.base/java.lang.Thread.run(Thread.java:834)
FINE	thread=878	Exception: null source=us, type=testproduct, code=event2, updateTime=Mon Aug 05 16:07:21 MDT 2019
INFO	thread=878	Exception executing task
java.lang.NullPointerException
	at gov.usgs.earthquake.product.FileContent.getDirectoryContents(FileContent.java:181)
	at gov.usgs.earthquake.product.FileContent.getDirectoryContents(FileContent.java:158)
	at gov.usgs.earthquake.product.io.DirectoryProductSource.streamTo(DirectoryProductSource.java:91)
	at gov.usgs.earthquake.product.io.ObjectProductHandler.getProduct(ObjectProductHandler.java:172)
	at gov.usgs.earthquake.distribution.FileProductStorage.getProduct(FileProductStorage.java:465)
	at gov.usgs.earthquake.indexer.ExternalIndexerListener.storeProduct(ExternalIndexerListener.java:197)
	at gov.usgs.earthquake.indexer.ExternalIndexerListener.onIndexerEvent(ExternalIndexerListener.java:131)
	at gov.usgs.earthquake.indexer.IndexerListenerCallable.call(IndexerListenerCallable.java:36)
	at gov.usgs.earthquake.indexer.IndexerListenerCallable.call(IndexerListenerCallable.java:12)
	at gov.usgs.util.ExecutorTask.run(ExecutorTask.java:183)
	at java.base/java.util.concurrent.Executors$RunnableAdapter.call(Executors.java:515)
	at java.base/java.util.concurrent.FutureTask.run(FutureTask.java:264)
	at java.base/java.util.concurrent.ThreadPoolExecutor.runWorker(ThreadPoolExecutor.java:1128)
	at java.base/java.util.concurrent.ThreadPoolExecutor$Worker.run(ThreadPoolExecutor.java:628)
	at java.base/java.lang.Thread.run(Thread.java:834)
FINER	thread=13	[null] product stored id=urn:usgs-product:notus:testproduct:otherevent:1565042841762, status=UPDATE
FINER	thread=13	[null] summarizing product id=urn:usgs-product:notus:testproduct:otherevent:1565042841762
FINER	thread=13	[null] finding previous version
FINER	thread=13	[null] finding previous event
WARNING	thread=13	Potential merge, product id=urn:usgs-product:notus:testproduct:otherevent:1565042841762, nearby events: [usevent1, usevent2]
FINE	thread=13	Associated product id=urn:usgs-product:notus:testproduct:otherevent:1565042841762, to event id=usevent2
FINER	thread=13	[null] adding summary to index
FINER	thread=13	[null] found existing event indexid=2
FINE	thread=13	Eventindexid=2, eventid=usevent2, latitude=35.1, longitude=-118.0, time=Mon Aug 05 16:07:21 MDT 2019, deleted=false
FINER	thread=13	Products in event
	status=UPDATE, id=urn:usgs-product:us:testproduct:event2:1565042841702, eventid=usevent2, latitude=35.1, longitude=-118.0, time=Mon Aug 05 16:07:21 MDT 2019
FINER	thread=13	[null] Added associations event id=2, productSummary source=notus, type=testproduct, code=otherevent (id=3)
FINER	thread=13	[null] checking for event splits
FINER	thread=13	[null] checking for event merges
FINER	thread=13	[null] searching for nearby events
FINER	thread=13	[null] search for nearby events complete
FINER	thread=13	[null] searching for unassociated products
FINER	thread=13	[null] search for unassociated products complete
FINER	thread=13	[null] updating event summary parameters
FINER	thread=13	[null] Updating event indexid=2
FINE	thread=13	Eventindexid=2, eventid=notusotherevent, latitude=35.2, longitude=-118.0, time=Mon Aug 05 16:07:21 MDT 2019, deleted=false
FINER	thread=13	Products in event
	status=UPDATE, id=urn:usgs-product:us:testproduct:event2:1565042841702, eventid=usevent2, latitude=35.1, longitude=-118.0, time=Mon Aug 05 16:07:21 MDT 2019
	status=UPDATE, id=urn:usgs-product:notus:testproduct:otherevent:1565042841762, eventid=notusotherevent, latitude=35.2, longitude=-118.0, time=Mon Aug 05 16:07:21 MDT 2019
FINER	thread=13	[null] committing transaction
FINE	thread=13	[null] notifying listeners
INFO	thread=13	[null] indexed product id=urn:usgs-product:notus:testproduct:otherevent:1565042841762, status=UPDATE
EVENT_UPDATED usevent2 => notusotherevent
FINER	thread=878	[DirectoryProductSource] Product does not have any  URLContent. Scraping directory for files.
FINER	thread=881	[DirectoryProductSource] Product does not have any  URLContent. Scraping directory for files.
WARNING	thread=881	[null] exception while storing product, removing incomplete product
java.io.IOException: Unable to create directory /Users/cbass/Projects/pdl/_test_storage_/testproduct/otherevent/notus/1565042841762
	at gov.usgs.util.StreamUtils.getOutputStream(StreamUtils.java:153)
	at gov.usgs.util.StreamUtils.getOutputStream(StreamUtils.java:183)
	at gov.usgs.earthquake.product.io.DirectoryProductHandler.onEndProduct(DirectoryProductHandler.java:68)
	at gov.usgs.earthquake.product.io.FilterProductHandler.onEndProduct(FilterProductHandler.java:71)
	at gov.usgs.earthquake.distribution.FileProductStorage$StorageProductOutput.onEndProduct(FileProductStorage.java:855)
	at gov.usgs.earthquake.product.io.ObjectProductSource.sendEndProduct(ObjectProductSource.java:166)
	at gov.usgs.earthquake.product.io.ObjectProductSource.streamTo(ObjectProductSource.java:62)
	at gov.usgs.earthquake.distribution.FileProductStorage.storeProductSource(FileProductStorage.java:693)
	at gov.usgs.earthquake.distribution.FileProductStorage.storeProduct(FileProductStorage.java:675)
	at gov.usgs.earthquake.indexer.ExternalIndexerListener.storeProduct(ExternalIndexerListener.java:196)
	at gov.usgs.earthquake.indexer.ExternalIndexerListener.onIndexerEvent(ExternalIndexerListener.java:131)
	at gov.usgs.earthquake.indexer.IndexerListenerCallable.call(IndexerListenerCallable.java:36)
	at gov.usgs.earthquake.indexer.IndexerListenerCallable.call(IndexerListenerCallable.java:12)
	at gov.usgs.util.ExecutorTask.run(ExecutorTask.java:183)
	at java.base/java.util.concurrent.Executors$RunnableAdapter.call(Executors.java:515)
	at java.base/java.util.concurrent.FutureTask.run(FutureTask.java:264)
	at java.base/java.util.concurrent.ThreadPoolExecutor.runWorker(ThreadPoolExecutor.java:1128)
	at java.base/java.util.concurrent.ThreadPoolExecutor$Worker.run(ThreadPoolExecutor.java:628)
	at java.base/java.lang.Thread.run(Thread.java:834)
FINER	thread=878	[null] product stored id=urn:usgs-product:notus:testproduct:otherevent:1565042841762, status=UPDATE
FINER	thread=881	[null] product removed, id=urn:usgs-product:notus:testproduct:otherevent:1565042841762
WARNING	thread=881	[null] listener (null) threw exception, for product id=urn:usgs-product:notus:testproduct:otherevent:1565042841762
java.io.IOException: Unable to create directory /Users/cbass/Projects/pdl/_test_storage_/testproduct/otherevent/notus/1565042841762
	at gov.usgs.util.StreamUtils.getOutputStream(StreamUtils.java:153)
	at gov.usgs.util.StreamUtils.getOutputStream(StreamUtils.java:183)
	at gov.usgs.earthquake.product.io.DirectoryProductHandler.onEndProduct(DirectoryProductHandler.java:68)
	at gov.usgs.earthquake.product.io.FilterProductHandler.onEndProduct(FilterProductHandler.java:71)
	at gov.usgs.earthquake.distribution.FileProductStorage$StorageProductOutput.onEndProduct(FileProductStorage.java:855)
	at gov.usgs.earthquake.product.io.ObjectProductSource.sendEndProduct(ObjectProductSource.java:166)
	at gov.usgs.earthquake.product.io.ObjectProductSource.streamTo(ObjectProductSource.java:62)
	at gov.usgs.earthquake.distribution.FileProductStorage.storeProductSource(FileProductStorage.java:693)
	at gov.usgs.earthquake.distribution.FileProductStorage.storeProduct(FileProductStorage.java:675)
	at gov.usgs.earthquake.indexer.ExternalIndexerListener.storeProduct(ExternalIndexerListener.java:196)
	at gov.usgs.earthquake.indexer.ExternalIndexerListener.onIndexerEvent(ExternalIndexerListener.java:131)
	at gov.usgs.earthquake.indexer.IndexerListenerCallable.call(IndexerListenerCallable.java:36)
	at gov.usgs.earthquake.indexer.IndexerListenerCallable.call(IndexerListenerCallable.java:12)
	at gov.usgs.util.ExecutorTask.run(ExecutorTask.java:183)
	at java.base/java.util.concurrent.Executors$RunnableAdapter.call(Executors.java:515)
	at java.base/java.util.concurrent.FutureTask.run(FutureTask.java:264)
	at java.base/java.util.concurrent.ThreadPoolExecutor.runWorker(ThreadPoolExecutor.java:1128)
	at java.base/java.util.concurrent.ThreadPoolExecutor$Worker.run(ThreadPoolExecutor.java:628)
	at java.base/java.lang.Thread.run(Thread.java:834)
FINE	thread=881	Exception: Unable to create directory /Users/cbass/Projects/pdl/_test_storage_/testproduct/otherevent/notus/1565042841762 source=notus, type=testproduct, code=otherevent, updateTime=Mon Aug 05 16:07:21 MDT 2019
INFO	thread=881	Exception executing task
java.io.IOException: Unable to create directory /Users/cbass/Projects/pdl/_test_storage_/testproduct/otherevent/notus/1565042841762
	at gov.usgs.util.StreamUtils.getOutputStream(StreamUtils.java:153)
	at gov.usgs.util.StreamUtils.getOutputStream(StreamUtils.java:183)
	at gov.usgs.earthquake.product.io.DirectoryProductHandler.onEndProduct(DirectoryProductHandler.java:68)
	at gov.usgs.earthquake.product.io.FilterProductHandler.onEndProduct(FilterProductHandler.java:71)
	at gov.usgs.earthquake.distribution.FileProductStorage$StorageProductOutput.onEndProduct(FileProductStorage.java:855)
	at gov.usgs.earthquake.product.io.ObjectProductSource.sendEndProduct(ObjectProductSource.java:166)
	at gov.usgs.earthquake.product.io.ObjectProductSource.streamTo(ObjectProductSource.java:62)
	at gov.usgs.earthquake.distribution.FileProductStorage.storeProductSource(FileProductStorage.java:693)
	at gov.usgs.earthquake.distribution.FileProductStorage.storeProduct(FileProductStorage.java:675)
	at gov.usgs.earthquake.indexer.ExternalIndexerListener.storeProduct(ExternalIndexerListener.java:196)
	at gov.usgs.earthquake.indexer.ExternalIndexerListener.onIndexerEvent(ExternalIndexerListener.java:131)
	at gov.usgs.earthquake.indexer.IndexerListenerCallable.call(IndexerListenerCallable.java:36)
	at gov.usgs.earthquake.indexer.IndexerListenerCallable.call(IndexerListenerCallable.java:12)
	at gov.usgs.util.ExecutorTask.run(ExecutorTask.java:183)
	at java.base/java.util.concurrent.Executors$RunnableAdapter.call(Executors.java:515)
	at java.base/java.util.concurrent.FutureTask.run(FutureTask.java:264)
	at java.base/java.util.concurrent.ThreadPoolExecutor.runWorker(ThreadPoolExecutor.java:1128)
	at java.base/java.util.concurrent.ThreadPoolExecutor$Worker.run(ThreadPoolExecutor.java:628)
	at java.base/java.lang.Thread.run(Thread.java:834)
INFO	thread=878	[null] running command echo --preferred-eventid=notusotherevent --preferred-eventsource=notus --preferred-eventsourcecode=otherevent --eventids=notusotherevent,usevent2 --preferred-magnitude=5.0 --preferred-latitude=35.2 --preferred-longitude=-118.0 --preferred-depth=50.0 --preferred-eventtime=2019-08-05T22:07:21.646Z --type=testproduct --code=otherevent --source=notus --updateTime=2019-08-05T22:07:21.762Z --status=UPDATE --trackerURL=http://localhost/tracker "--property-depth=50.0" "--property-latitude=35.2" "--property-eventsourcecode=otherevent" "--property-eventtime=2019-08-05T22:07:21.646Z" "--property-magnitude=5.0" "--property-eventsource=notus" "--property-version=one" "--property-longitude=-118.0" --action=EVENT_UPDATED
INFO	thread=878	[null] command 'echo --preferred-eventid=notusotherevent --preferred-eventsource=notus --preferred-eventsourcecode=otherevent --eventids=notusotherevent,usevent2 --preferred-magnitude=5.0 --preferred-latitude=35.2 --preferred-longitude=-118.0 --preferred-depth=50.0 --preferred-eventtime=2019-08-05T22:07:21.646Z --type=testproduct --code=otherevent --source=notus --updateTime=2019-08-05T22:07:21.762Z --status=UPDATE --trackerURL=http://localhost/tracker "--property-depth=50.0" "--property-latitude=35.2" "--property-eventsourcecode=otherevent" "--property-eventtime=2019-08-05T22:07:21.646Z" "--property-magnitude=5.0" "--property-eventsource=notus" "--property-version=one" "--property-longitude=-118.0" --action=EVENT_UPDATED' exited with status '0'
FINER	thread=13	[null] product stored id=urn:usgs-product:us:testproduct:event2:1565042841820, status=DELETE
FINER	thread=13	[null] summarizing product id=urn:usgs-product:us:testproduct:event2:1565042841820
FINER	thread=13	[null] finding previous version
FINER	thread=13	[null] finding previous event
FINER	thread=13	[null] adding summary to index
FINER	thread=13	[null] found existing event indexid=2
FINE	thread=13	Eventindexid=2, eventid=notusotherevent, latitude=35.2, longitude=-118.0, time=Mon Aug 05 16:07:21 MDT 2019, deleted=false
FINER	thread=13	Products in event
	status=UPDATE, id=urn:usgs-product:us:testproduct:event2:1565042841702, eventid=usevent2, latitude=35.1, longitude=-118.0, time=Mon Aug 05 16:07:21 MDT 2019
	status=UPDATE, id=urn:usgs-product:notus:testproduct:otherevent:1565042841762, eventid=notusotherevent, latitude=35.2, longitude=-118.0, time=Mon Aug 05 16:07:21 MDT 2019
FINER	thread=13	[null] Added associations event id=2, productSummary source=us, type=testproduct, code=event2 (id=4)
FINER	thread=13	[null] checking for event splits
FINER	thread=13	[null] checking for event merges
FINER	thread=13	[null] searching for nearby events
FINER	thread=13	[null] search for nearby events complete
FINER	thread=13	[null] Removed associations event id=1, productSummary source=us, type=testproduct, code=event1 (id=1)
FINER	thread=13	[null] Removed associations event id=1, productSummary source=us, type=testproduct, code=event1 (id=1)
FINER	thread=13	[null] Added associations event id=2, productSummary source=us, type=testproduct, code=event1 (id=1)
FINER	thread=13	[null] searching for unassociated products
FINER	thread=13	[null] search for unassociated products complete
FINER	thread=13	[null] updating event summary parameters
FINER	thread=13	[null] Updating event indexid=2
FINE	thread=13	Eventindexid=2, eventid=notusotherevent, latitude=35.2, longitude=-118.0, time=Mon Aug 05 16:07:21 MDT 2019, deleted=false
FINER	thread=13	Products in event
	status=UPDATE, id=urn:usgs-product:us:testproduct:event2:1565042841702, eventid=usevent2, latitude=35.1, longitude=-118.0, time=Mon Aug 05 16:07:21 MDT 2019
	status=UPDATE, id=urn:usgs-product:notus:testproduct:otherevent:1565042841762, eventid=notusotherevent, latitude=35.2, longitude=-118.0, time=Mon Aug 05 16:07:21 MDT 2019
	status=DELETE, id=urn:usgs-product:us:testproduct:event2:1565042841820, eventid=usevent2, latitude=null, longitude=null, time=null
	status=UPDATE, id=urn:usgs-product:us:testproduct:event1:1565042841646, eventid=usevent1, latitude=35.0, longitude=-118.0, time=Mon Aug 05 16:07:21 MDT 2019
FINER	thread=13	[null] committing transaction
FINE	thread=13	[null] notifying listeners
INFO	thread=13	[null] indexed product id=urn:usgs-product:us:testproduct:event2:1565042841820, status=DELETE
EVENT_MERGED usevent1 => null
EVENT_UPDATED notusotherevent => notusotherevent
FINER	thread=881	[DirectoryProductSource] Product does not have any  URLContent. Scraping directory for files.
FINER	thread=878	[DirectoryProductSource] Product does not have any  URLContent. Scraping directory for files.
WARNING	thread=878	[null] exception while storing product, removing incomplete product
java.io.IOException: Unable to create directory /Users/cbass/Projects/pdl/_test_storage_/testproduct/event2/us/1565042841820
	at gov.usgs.util.StreamUtils.getOutputStream(StreamUtils.java:153)
	at gov.usgs.util.StreamUtils.getOutputStream(StreamUtils.java:183)
	at gov.usgs.earthquake.product.io.DirectoryProductHandler.onEndProduct(DirectoryProductHandler.java:68)
	at gov.usgs.earthquake.product.io.FilterProductHandler.onEndProduct(FilterProductHandler.java:71)
	at gov.usgs.earthquake.distribution.FileProductStorage$StorageProductOutput.onEndProduct(FileProductStorage.java:855)
	at gov.usgs.earthquake.product.io.ObjectProductSource.sendEndProduct(ObjectProductSource.java:166)
	at gov.usgs.earthquake.product.io.ObjectProductSource.streamTo(ObjectProductSource.java:62)
	at gov.usgs.earthquake.distribution.FileProductStorage.storeProductSource(FileProductStorage.java:693)
	at gov.usgs.earthquake.distribution.FileProductStorage.storeProduct(FileProductStorage.java:675)
	at gov.usgs.earthquake.indexer.ExternalIndexerListener.storeProduct(ExternalIndexerListener.java:196)
	at gov.usgs.earthquake.indexer.ExternalIndexerListener.onIndexerEvent(ExternalIndexerListener.java:131)
	at gov.usgs.earthquake.indexer.IndexerListenerCallable.call(IndexerListenerCallable.java:36)
	at gov.usgs.earthquake.indexer.IndexerListenerCallable.call(IndexerListenerCallable.java:12)
	at gov.usgs.util.ExecutorTask.run(ExecutorTask.java:183)
	at java.base/java.util.concurrent.Executors$RunnableAdapter.call(Executors.java:515)
	at java.base/java.util.concurrent.FutureTask.run(FutureTask.java:264)
	at java.base/java.util.concurrent.ThreadPoolExecutor.runWorker(ThreadPoolExecutor.java:1128)
	at java.base/java.util.concurrent.ThreadPoolExecutor$Worker.run(ThreadPoolExecutor.java:628)
	at java.base/java.lang.Thread.run(Thread.java:834)
FINER	thread=881	[null] product stored id=urn:usgs-product:us:testproduct:event2:1565042841820, status=DELETE
WARNING	thread=881	[null] listener (null) threw exception, for product id=urn:usgs-product:us:testproduct:event2:1565042841820
java.io.FileNotFoundException: _test_storage_/testproduct/event2/us/1565042841820/product.xml (No such file or directory)
	at java.base/java.io.FileInputStream.open0(Native Method)
	at java.base/java.io.FileInputStream.open(FileInputStream.java:219)
	at java.base/java.io.FileInputStream.<init>(FileInputStream.java:157)
	at gov.usgs.util.StreamUtils.getInputStream(StreamUtils.java:60)
	at gov.usgs.earthquake.product.io.DirectoryProductSource.streamTo(DirectoryProductSource.java:55)
	at gov.usgs.earthquake.product.io.ObjectProductHandler.getProduct(ObjectProductHandler.java:172)
	at gov.usgs.earthquake.distribution.FileProductStorage.getProduct(FileProductStorage.java:465)
	at gov.usgs.earthquake.indexer.ExternalIndexerListener.storeProduct(ExternalIndexerListener.java:197)
	at gov.usgs.earthquake.indexer.ExternalIndexerListener.onIndexerEvent(ExternalIndexerListener.java:131)
	at gov.usgs.earthquake.indexer.IndexerListenerCallable.call(IndexerListenerCallable.java:36)
	at gov.usgs.earthquake.indexer.IndexerListenerCallable.call(IndexerListenerCallable.java:12)
	at gov.usgs.util.ExecutorTask.run(ExecutorTask.java:183)
	at java.base/java.util.concurrent.Executors$RunnableAdapter.call(Executors.java:515)
	at java.base/java.util.concurrent.FutureTask.run(FutureTask.java:264)
	at java.base/java.util.concurrent.ThreadPoolExecutor.runWorker(ThreadPoolExecutor.java:1128)
	at java.base/java.util.concurrent.ThreadPoolExecutor$Worker.run(ThreadPoolExecutor.java:628)
	at java.base/java.lang.Thread.run(Thread.java:834)
FINE	thread=881	Exception: _test_storage_/testproduct/event2/us/1565042841820/product.xml (No such file or directory) source=us, type=testproduct, code=event2, updateTime=Mon Aug 05 16:07:21 MDT 2019
INFO	thread=881	Exception executing task
java.io.FileNotFoundException: _test_storage_/testproduct/event2/us/1565042841820/product.xml (No such file or directory)
	at java.base/java.io.FileInputStream.open0(Native Method)
	at java.base/java.io.FileInputStream.open(FileInputStream.java:219)
	at java.base/java.io.FileInputStream.<init>(FileInputStream.java:157)
	at gov.usgs.util.StreamUtils.getInputStream(StreamUtils.java:60)
	at gov.usgs.earthquake.product.io.DirectoryProductSource.streamTo(DirectoryProductSource.java:55)
	at gov.usgs.earthquake.product.io.ObjectProductHandler.getProduct(ObjectProductHandler.java:172)
	at gov.usgs.earthquake.distribution.FileProductStorage.getProduct(FileProductStorage.java:465)
	at gov.usgs.earthquake.indexer.ExternalIndexerListener.storeProduct(ExternalIndexerListener.java:197)
	at gov.usgs.earthquake.indexer.ExternalIndexerListener.onIndexerEvent(ExternalIndexerListener.java:131)
	at gov.usgs.earthquake.indexer.IndexerListenerCallable.call(IndexerListenerCallable.java:36)
	at gov.usgs.earthquake.indexer.IndexerListenerCallable.call(IndexerListenerCallable.java:12)
	at gov.usgs.util.ExecutorTask.run(ExecutorTask.java:183)
	at java.base/java.util.concurrent.Executors$RunnableAdapter.call(Executors.java:515)
	at java.base/java.util.concurrent.FutureTask.run(FutureTask.java:264)
	at java.base/java.util.concurrent.ThreadPoolExecutor.runWorker(ThreadPoolExecutor.java:1128)
	at java.base/java.util.concurrent.ThreadPoolExecutor$Worker.run(ThreadPoolExecutor.java:628)
	at java.base/java.lang.Thread.run(Thread.java:834)
FINER	thread=878	[null] product removed, id=urn:usgs-product:us:testproduct:event2:1565042841820
WARNING	thread=878	[null] listener (null) threw exception, for product id=urn:usgs-product:us:testproduct:event2:1565042841820
java.io.IOException: Unable to create directory /Users/cbass/Projects/pdl/_test_storage_/testproduct/event2/us/1565042841820
	at gov.usgs.util.StreamUtils.getOutputStream(StreamUtils.java:153)
	at gov.usgs.util.StreamUtils.getOutputStream(StreamUtils.java:183)
	at gov.usgs.earthquake.product.io.DirectoryProductHandler.onEndProduct(DirectoryProductHandler.java:68)
	at gov.usgs.earthquake.product.io.FilterProductHandler.onEndProduct(FilterProductHandler.java:71)
	at gov.usgs.earthquake.distribution.FileProductStorage$StorageProductOutput.onEndProduct(FileProductStorage.java:855)
	at gov.usgs.earthquake.product.io.ObjectProductSource.sendEndProduct(ObjectProductSource.java:166)
	at gov.usgs.earthquake.product.io.ObjectProductSource.streamTo(ObjectProductSource.java:62)
	at gov.usgs.earthquake.distribution.FileProductStorage.storeProductSource(FileProductStorage.java:693)
	at gov.usgs.earthquake.distribution.FileProductStorage.storeProduct(FileProductStorage.java:675)
	at gov.usgs.earthquake.indexer.ExternalIndexerListener.storeProduct(ExternalIndexerListener.java:196)
	at gov.usgs.earthquake.indexer.ExternalIndexerListener.onIndexerEvent(ExternalIndexerListener.java:131)
	at gov.usgs.earthquake.indexer.IndexerListenerCallable.call(IndexerListenerCallable.java:36)
	at gov.usgs.earthquake.indexer.IndexerListenerCallable.call(IndexerListenerCallable.java:12)
	at gov.usgs.util.ExecutorTask.run(ExecutorTask.java:183)
	at java.base/java.util.concurrent.Executors$RunnableAdapter.call(Executors.java:515)
	at java.base/java.util.concurrent.FutureTask.run(FutureTask.java:264)
	at java.base/java.util.concurrent.ThreadPoolExecutor.runWorker(ThreadPoolExecutor.java:1128)
	at java.base/java.util.concurrent.ThreadPoolExecutor$Worker.run(ThreadPoolExecutor.java:628)
	at java.base/java.lang.Thread.run(Thread.java:834)
FINE	thread=878	Exception: Unable to create directory /Users/cbass/Projects/pdl/_test_storage_/testproduct/event2/us/1565042841820 source=us, type=testproduct, code=event2, updateTime=Mon Aug 05 16:07:21 MDT 2019
INFO	thread=878	Exception executing task
java.io.IOException: Unable to create directory /Users/cbass/Projects/pdl/_test_storage_/testproduct/event2/us/1565042841820
	at gov.usgs.util.StreamUtils.getOutputStream(StreamUtils.java:153)
	at gov.usgs.util.StreamUtils.getOutputStream(StreamUtils.java:183)
	at gov.usgs.earthquake.product.io.DirectoryProductHandler.onEndProduct(DirectoryProductHandler.java:68)
	at gov.usgs.earthquake.product.io.FilterProductHandler.onEndProduct(FilterProductHandler.java:71)
	at gov.usgs.earthquake.distribution.FileProductStorage$StorageProductOutput.onEndProduct(FileProductStorage.java:855)
	at gov.usgs.earthquake.product.io.ObjectProductSource.sendEndProduct(ObjectProductSource.java:166)
	at gov.usgs.earthquake.product.io.ObjectProductSource.streamTo(ObjectProductSource.java:62)
	at gov.usgs.earthquake.distribution.FileProductStorage.storeProductSource(FileProductStorage.java:693)
	at gov.usgs.earthquake.distribution.FileProductStorage.storeProduct(FileProductStorage.java:675)
	at gov.usgs.earthquake.indexer.ExternalIndexerListener.storeProduct(ExternalIndexerListener.java:196)
	at gov.usgs.earthquake.indexer.ExternalIndexerListener.onIndexerEvent(ExternalIndexerListener.java:131)
	at gov.usgs.earthquake.indexer.IndexerListenerCallable.call(IndexerListenerCallable.java:36)
	at gov.usgs.earthquake.indexer.IndexerListenerCallable.call(IndexerListenerCallable.java:12)
	at gov.usgs.util.ExecutorTask.run(ExecutorTask.java:183)
	at java.base/java.util.concurrent.Executors$RunnableAdapter.call(Executors.java:515)
	at java.base/java.util.concurrent.FutureTask.run(FutureTask.java:264)
	at java.base/java.util.concurrent.ThreadPoolExecutor.runWorker(ThreadPoolExecutor.java:1128)
	at java.base/java.util.concurrent.ThreadPoolExecutor$Worker.run(ThreadPoolExecutor.java:628)
	at java.base/java.lang.Thread.run(Thread.java:834)
CONFIG	thread=13	[null] maxTries = 1
CONFIG	thread=13	[null] maxTries = 1
CONFIG	thread=13	[null] timeout = 0ms
CONFIG	thread=13	[null] retry delay = 300000ms
CONFIG	thread=13	[null] process duplicates = false
CONFIG	thread=13	[null] include paths = []
CONFIG	thread=13	[null] exclude paths = []
CONFIG	thread=13	[null] using storage directory /Users/cbass/Projects/pdl/storage
CONFIG	thread=13	[null] loading ArchivePolicy 'testPolicy'
CONFIG	thread=13	[null] archive interval is '500'
CONFIG	thread=13	[null] no indexer modules configured.
CONFIG	thread=13	[null] no indexer listeners configured.
CONFIG	thread=13	[null] Local regions file: regions.json
CONFIG	thread=13	[null] associateUsingCurrentProducts = false
FINE	thread=895	[null] running event archive policy (testPolicy)
INFO	thread=895	[null] purged 0 expired events and 0 expired unassociated products.
FINE	thread=13	Digest='yfNaxlB8TcD18J9SjCkWEOCnM88=' , 2ms
FINE	thread=13	Eventindexid=1, eventid=usabcd1234, latitude=0.0, longitude=0.0, time=Mon Aug 05 16:07:21 MDT 2019, deleted=false
FINE	thread=13	Eventindexid=1, eventid=usabcd1234, latitude=0.0, longitude=0.0, time=Mon Aug 05 16:07:21 MDT 2019, deleted=false
FINE	thread=13	[null] notifying listeners
INFO	thread=13	[null] indexed product id=urn:usgs-product:us:shakemap:abcd1234:1565042841885, status=UPDATE
EVENT_ADDED null => usabcd1234
INFO	thread=897	[null] running command echo --preferred-eventid=usabcd1234 --preferred-eventsource=us --preferred-eventsourcecode=abcd1234 --eventids=usabcd1234 --preferred-magnitude=null --preferred-latitude=0.0 --preferred-longitude=0.0 --preferred-depth=null --preferred-eventtime=2019-08-05T22:07:21.888Z --directory=/Users/cbass/Projects/pdl/_test_storage_/shakemap/abcd1234/us/1565042841885 --type=shakemap --code=abcd1234 --source=us --updateTime=2019-08-05T22:07:21.885Z --status=UPDATE --trackerURL=http://localhost/tracker "--property-testprop=testvalue" "--property-latitude=0.0" "--property-eventsourcecode=abcd1234" "--property-eventtime=2019-08-05T22:07:21.888Z" "--property-eventsource=us" "--property-longitude=0.0" --link-testrelation=http://google.com/ --content --contentType=text/html --signature=MC0CFQCSc5M4avRFAe43PaA1xT/7PliD0QIUXA4flPUVWk0p5CICg7axvFuQVts= --action=EVENT_ADDED
INFO	thread=899	[null] running command echo --preferred-eventid=usabcd1234 --preferred-eventsource=us --preferred-eventsourcecode=abcd1234 --eventids=usabcd1234 --preferred-magnitude=null --preferred-latitude=0.0 --preferred-longitude=0.0 --preferred-depth=null --preferred-eventtime=2019-08-05T22:07:21.888Z --directory=/Users/cbass/Projects/pdl/_test_storage_/shakemap/abcd1234/us/1565042841885 --type=shakemap --code=abcd1234 --source=us --updateTime=2019-08-05T22:07:21.885Z --status=UPDATE --trackerURL=http://localhost/tracker "--property-testprop=testvalue" "--property-latitude=0.0" "--property-eventsourcecode=abcd1234" "--property-eventtime=2019-08-05T22:07:21.888Z" "--property-eventsource=us" "--property-longitude=0.0" --link-testrelation=http://google.com/ --content --contentType=text/html --signature=MC0CFQCSc5M4avRFAe43PaA1xT/7PliD0QIUXA4flPUVWk0p5CICg7axvFuQVts= --action=EVENT_ADDED
INFO	thread=899	[null] command 'echo --preferred-eventid=usabcd1234 --preferred-eventsource=us --preferred-eventsourcecode=abcd1234 --eventids=usabcd1234 --preferred-magnitude=null --preferred-latitude=0.0 --preferred-longitude=0.0 --preferred-depth=null --preferred-eventtime=2019-08-05T22:07:21.888Z --directory=/Users/cbass/Projects/pdl/_test_storage_/shakemap/abcd1234/us/1565042841885 --type=shakemap --code=abcd1234 --source=us --updateTime=2019-08-05T22:07:21.885Z --status=UPDATE --trackerURL=http://localhost/tracker "--property-testprop=testvalue" "--property-latitude=0.0" "--property-eventsourcecode=abcd1234" "--property-eventtime=2019-08-05T22:07:21.888Z" "--property-eventsource=us" "--property-longitude=0.0" --link-testrelation=http://google.com/ --content --contentType=text/html --signature=MC0CFQCSc5M4avRFAe43PaA1xT/7PliD0QIUXA4flPUVWk0p5CICg7axvFuQVts= --action=EVENT_ADDED' exited with status '0'
INFO	thread=897	[null] command 'echo --preferred-eventid=usabcd1234 --preferred-eventsource=us --preferred-eventsourcecode=abcd1234 --eventids=usabcd1234 --preferred-magnitude=null --preferred-latitude=0.0 --preferred-longitude=0.0 --preferred-depth=null --preferred-eventtime=2019-08-05T22:07:21.888Z --directory=/Users/cbass/Projects/pdl/_test_storage_/shakemap/abcd1234/us/1565042841885 --type=shakemap --code=abcd1234 --source=us --updateTime=2019-08-05T22:07:21.885Z --status=UPDATE --trackerURL=http://localhost/tracker "--property-testprop=testvalue" "--property-latitude=0.0" "--property-eventsourcecode=abcd1234" "--property-eventtime=2019-08-05T22:07:21.888Z" "--property-eventsource=us" "--property-longitude=0.0" --link-testrelation=http://google.com/ --content --contentType=text/html --signature=MC0CFQCSc5M4avRFAe43PaA1xT/7PliD0QIUXA4flPUVWk0p5CICg7axvFuQVts= --action=EVENT_ADDED' exited with status '0'
Mon Aug 05 16:07:22 MDT 2019
FINE	thread=895	[null] running event archive policy (testPolicy)
INFO	thread=895	[null] purged 0 expired events and 0 expired unassociated products.
FINE	thread=895	[null] running event archive policy (testPolicy)
INFO	thread=895	[null] purged 0 expired events and 0 expired unassociated products.
Mon Aug 05 16:07:23 MDT 2019
FINE	thread=895	[null] running event archive policy (testPolicy)
INFO	thread=895	[null] archiving event usabcd1234
FINE	thread=895	Eventindexid=1, eventid=usabcd1234, latitude=0.0, longitude=0.0, time=Mon Aug 05 16:07:21 MDT 2019, deleted=false
FINE	thread=895	[null] event summary was null. This probably means the archive policy is notifying of an archived event.
FINE	thread=897	Exception retreiving product from storage, probably archiving
java.lang.NullPointerException
	at gov.usgs.earthquake.indexer.ExternalIndexerListener.getProductSummaryCommand(ExternalIndexerListener.java:318)
	at gov.usgs.earthquake.indexer.ExternalIndexerListener.getProductSummaryCommand(ExternalIndexerListener.java:287)
	at gov.usgs.earthquake.indexer.ExternalIndexerListener.onIndexerEvent(ExternalIndexerListener.java:143)
	at gov.usgs.earthquake.indexer.IndexerListenerCallable.call(IndexerListenerCallable.java:36)
	at gov.usgs.earthquake.indexer.IndexerListenerCallable.call(IndexerListenerCallable.java:12)
	at gov.usgs.util.ExecutorTask.run(ExecutorTask.java:183)
	at java.base/java.util.concurrent.Executors$RunnableAdapter.call(Executors.java:515)
	at java.base/java.util.concurrent.FutureTask.run(FutureTask.java:264)
	at java.base/java.util.concurrent.ThreadPoolExecutor.runWorker(ThreadPoolExecutor.java:1128)
	at java.base/java.util.concurrent.ThreadPoolExecutor$Worker.run(ThreadPoolExecutor.java:628)
	at java.base/java.lang.Thread.run(Thread.java:834)
INFO	thread=897	[null] running command echo --preferred-eventid=usabcd1234 --preferred-eventsource=us --preferred-eventsourcecode=abcd1234 --eventids=usabcd1234 --preferred-magnitude=null --preferred-latitude=0.0 --preferred-longitude=0.0 --preferred-depth=null --preferred-eventtime=2019-08-05T22:07:21.888Z --action=EVENT_ARCHIVED
INFO	thread=895	[null] purged 1 expired events and 0 expired unassociated products.
FINE	thread=899	Exception retreiving product from storage, probably archiving
java.lang.NullPointerException
	at gov.usgs.earthquake.indexer.ExternalIndexerListener.getProductSummaryCommand(ExternalIndexerListener.java:318)
	at gov.usgs.earthquake.indexer.ExternalIndexerListener.getProductSummaryCommand(ExternalIndexerListener.java:287)
	at gov.usgs.earthquake.indexer.ExternalIndexerListener.onIndexerEvent(ExternalIndexerListener.java:143)
	at gov.usgs.earthquake.indexer.IndexerListenerCallable.call(IndexerListenerCallable.java:36)
	at gov.usgs.earthquake.indexer.IndexerListenerCallable.call(IndexerListenerCallable.java:12)
	at gov.usgs.util.ExecutorTask.run(ExecutorTask.java:183)
	at java.base/java.util.concurrent.Executors$RunnableAdapter.call(Executors.java:515)
	at java.base/java.util.concurrent.FutureTask.run(FutureTask.java:264)
	at java.base/java.util.concurrent.ThreadPoolExecutor.runWorker(ThreadPoolExecutor.java:1128)
	at java.base/java.util.concurrent.ThreadPoolExecutor$Worker.run(ThreadPoolExecutor.java:628)
	at java.base/java.lang.Thread.run(Thread.java:834)
INFO	thread=899	[null] running command echo --preferred-eventid=usabcd1234 --preferred-eventsource=us --preferred-eventsourcecode=abcd1234 --eventids=usabcd1234 --preferred-magnitude=null --preferred-latitude=0.0 --preferred-longitude=0.0 --preferred-depth=null --preferred-eventtime=2019-08-05T22:07:21.888Z --action=EVENT_ARCHIVED
INFO	thread=899	[null] command 'echo --preferred-eventid=usabcd1234 --preferred-eventsource=us --preferred-eventsourcecode=abcd1234 --eventids=usabcd1234 --preferred-magnitude=null --preferred-latitude=0.0 --preferred-longitude=0.0 --preferred-depth=null --preferred-eventtime=2019-08-05T22:07:21.888Z --action=EVENT_ARCHIVED' exited with status '0'
INFO	thread=897	[null] command 'echo --preferred-eventid=usabcd1234 --preferred-eventsource=us --preferred-eventsourcecode=abcd1234 --eventids=usabcd1234 --preferred-magnitude=null --preferred-latitude=0.0 --preferred-longitude=0.0 --preferred-depth=null --preferred-eventtime=2019-08-05T22:07:21.888Z --action=EVENT_ARCHIVED' exited with status '0'
FINE	thread=895	[null] running event archive policy (testPolicy)
INFO	thread=895	[null] purged 0 expired events and 0 expired unassociated products.
Mon Aug 05 16:07:24 MDT 2019
FINE	thread=895	[null] running event archive policy (testPolicy)
INFO	thread=895	[null] purged 0 expired events and 0 expired unassociated products.
CONFIG	thread=13	[null] maxTries = 1
CONFIG	thread=13	[null] maxTries = 1
CONFIG	thread=13	[null] timeout = 0ms
CONFIG	thread=13	[null] retry delay = 300000ms
CONFIG	thread=13	[null] process duplicates = false
CONFIG	thread=13	[null] include paths = []
CONFIG	thread=13	[null] exclude paths = []
CONFIG	thread=13	[null] using storage directory /Users/cbass/Projects/pdl/storage
CONFIG	thread=13	[null] loading ArchivePolicy 'testPolicy'
CONFIG	thread=13	[null] archive interval is '500'
CONFIG	thread=13	[null] no indexer modules configured.
CONFIG	thread=13	[null] no indexer listeners configured.
CONFIG	thread=13	[null] Local regions file: regions.json
CONFIG	thread=13	[null] associateUsingCurrentProducts = false

###
Mon Aug 05 16:07:24 MDT 2019
FINER	thread=13	[null] product stored id=urn:usgs-product:nc:origin:nc71932931:1359717290440, status=UPDATE
FINER	thread=13	[null] summarizing product id=urn:usgs-product:nc:origin:nc71932931:1359717290440
FINER	thread=13	[null] finding previous version
FINER	thread=13	[null] finding previous event
FINER	thread=13	[null] adding summary to index
FINER	thread=13	[null] Added associations event id=1, productSummary source=nc, type=origin, code=nc71932931 (id=1)
FINER	thread=13	[null] created event indexid=1
FINE	thread=13	Eventindexid=1, eventid=nc71932931, latitude=38.8235, longitude=-122.8383, time=Fri Feb 01 04:14:34 MST 2013, deleted=false
FINER	thread=13	Products in event
	status=UPDATE, id=urn:usgs-product:nc:origin:nc71932931:1359717290440, eventid=nc71932931, latitude=38.8235, longitude=-122.8383, time=Fri Feb 01 04:14:34 MST 2013
FINER	thread=13	[null] checking for event merges
FINER	thread=13	[null] searching for unassociated products
FINER	thread=13	[null] search for unassociated products complete
FINER	thread=13	[null] updating event summary parameters
FINER	thread=13	[null] Updating event indexid=1
FINE	thread=13	Eventindexid=1, eventid=nc71932931, latitude=38.8235, longitude=-122.8383, time=Fri Feb 01 04:14:34 MST 2013, deleted=false
FINER	thread=13	Products in event
	status=UPDATE, id=urn:usgs-product:nc:origin:nc71932931:1359717290440, eventid=nc71932931, latitude=38.8235, longitude=-122.8383, time=Fri Feb 01 04:14:34 MST 2013
FINER	thread=13	[null] committing transaction
FINE	thread=13	[null] notifying listeners
INFO	thread=13	[null] indexed product id=urn:usgs-product:nc:origin:nc71932931:1359717290440, status=UPDATE
EVENT_ADDED null => nc71932931
FINER	thread=924	[null] product stored id=urn:usgs-product:nc:origin:nc71932931:1359717290440, status=UPDATE
FINER	thread=923	[null] product stored id=urn:usgs-product:nc:origin:nc71932931:1359717290440, status=UPDATE
INFO	thread=924	[null] running command echo --preferred-eventid=nc71932931 --preferred-eventsource=nc --preferred-eventsourcecode=71932931 --eventids=nc71932931 --preferred-magnitude=0.0 --preferred-latitude=38.8235 --preferred-longitude=-122.8383 --preferred-depth=1.1 --preferred-eventtime=2013-02-01T11:14:34.400Z --directory=/Users/cbass/Projects/pdl/_test_storage_/origin/nc71932931/nc/1359717290440 --type=origin --code=nc71932931 --source=nc --updateTime=2013-02-01T11:14:50.440Z --status=UPDATE --trackerURL=http://ehppdl1.cr.usgs.gov/tracker/ "--property-magnitude-type=MbLg" "--property-location-method-algorithm=B" "--property-latitude=38.8235" "--property-magnitude-num-stations-used=0" "--property-eventtime=2013-02-01T11:14:34.400Z" "--property-eventsource=nc" "--property-standard-error=0.07" "--property-horizontal-error=0.2" "--property-eventsourcecode=71932931" "--property-magnitude=0.0" "--property-longitude=-122.8383" "--property-minimum-distance=0.0" "--property-cube-magnitude-type=N" "--property-eids-feeder=ucbrt.ncss-ucb.cisn.org" "--property-azimuthal-gap=57.6" "--property-event-type=earthquake" "--property-review-status=AUTOMATIC" "--property-version=0" "--property-num-phases-used=21" "--property-vertical-error=0.3" "--property-location-method-class=Unknown" "--property-depth=1.1" "--property-cube-location-method=B" "--property-eids-feeder-sequence=4694" --signature=MC0CFQDUVZCOng58Spl/y7R1RI7Cza6QTQIUIxVc683wxuCgGkFT1dMFxl6K8Us= --action=EVENT_ADDED
INFO	thread=923	[null] running command echo --preferred-eventid=nc71932931 --preferred-eventsource=nc --preferred-eventsourcecode=71932931 --eventids=nc71932931 --preferred-magnitude=0.0 --preferred-latitude=38.8235 --preferred-longitude=-122.8383 --preferred-depth=1.1 --preferred-eventtime=2013-02-01T11:14:34.400Z --directory=/Users/cbass/Projects/pdl/_test_storage_/origin/nc71932931/nc/1359717290440 --type=origin --code=nc71932931 --source=nc --updateTime=2013-02-01T11:14:50.440Z --status=UPDATE --trackerURL=http://ehppdl1.cr.usgs.gov/tracker/ "--property-magnitude-type=MbLg" "--property-location-method-algorithm=B" "--property-latitude=38.8235" "--property-magnitude-num-stations-used=0" "--property-eventtime=2013-02-01T11:14:34.400Z" "--property-eventsource=nc" "--property-standard-error=0.07" "--property-horizontal-error=0.2" "--property-eventsourcecode=71932931" "--property-magnitude=0.0" "--property-longitude=-122.8383" "--property-minimum-distance=0.0" "--property-cube-magnitude-type=N" "--property-eids-feeder=ucbrt.ncss-ucb.cisn.org" "--property-azimuthal-gap=57.6" "--property-event-type=earthquake" "--property-review-status=AUTOMATIC" "--property-version=0" "--property-num-phases-used=21" "--property-vertical-error=0.3" "--property-location-method-class=Unknown" "--property-depth=1.1" "--property-cube-location-method=B" "--property-eids-feeder-sequence=4694" --signature=MC0CFQDUVZCOng58Spl/y7R1RI7Cza6QTQIUIxVc683wxuCgGkFT1dMFxl6K8Us= --action=EVENT_ADDED
INFO	thread=924	[null] command 'echo --preferred-eventid=nc71932931 --preferred-eventsource=nc --preferred-eventsourcecode=71932931 --eventids=nc71932931 --preferred-magnitude=0.0 --preferred-latitude=38.8235 --preferred-longitude=-122.8383 --preferred-depth=1.1 --preferred-eventtime=2013-02-01T11:14:34.400Z --directory=/Users/cbass/Projects/pdl/_test_storage_/origin/nc71932931/nc/1359717290440 --type=origin --code=nc71932931 --source=nc --updateTime=2013-02-01T11:14:50.440Z --status=UPDATE --trackerURL=http://ehppdl1.cr.usgs.gov/tracker/ "--property-magnitude-type=MbLg" "--property-location-method-algorithm=B" "--property-latitude=38.8235" "--property-magnitude-num-stations-used=0" "--property-eventtime=2013-02-01T11:14:34.400Z" "--property-eventsource=nc" "--property-standard-error=0.07" "--property-horizontal-error=0.2" "--property-eventsourcecode=71932931" "--property-magnitude=0.0" "--property-longitude=-122.8383" "--property-minimum-distance=0.0" "--property-cube-magnitude-type=N" "--property-eids-feeder=ucbrt.ncss-ucb.cisn.org" "--property-azimuthal-gap=57.6" "--property-event-type=earthquake" "--property-review-status=AUTOMATIC" "--property-version=0" "--property-num-phases-used=21" "--property-vertical-error=0.3" "--property-location-method-class=Unknown" "--property-depth=1.1" "--property-cube-location-method=B" "--property-eids-feeder-sequence=4694" --signature=MC0CFQDUVZCOng58Spl/y7R1RI7Cza6QTQIUIxVc683wxuCgGkFT1dMFxl6K8Us= --action=EVENT_ADDED' exited with status '0'
INFO	thread=923	[null] command 'echo --preferred-eventid=nc71932931 --preferred-eventsource=nc --preferred-eventsourcecode=71932931 --eventids=nc71932931 --preferred-magnitude=0.0 --preferred-latitude=38.8235 --preferred-longitude=-122.8383 --preferred-depth=1.1 --preferred-eventtime=2013-02-01T11:14:34.400Z --directory=/Users/cbass/Projects/pdl/_test_storage_/origin/nc71932931/nc/1359717290440 --type=origin --code=nc71932931 --source=nc --updateTime=2013-02-01T11:14:50.440Z --status=UPDATE --trackerURL=http://ehppdl1.cr.usgs.gov/tracker/ "--property-magnitude-type=MbLg" "--property-location-method-algorithm=B" "--property-latitude=38.8235" "--property-magnitude-num-stations-used=0" "--property-eventtime=2013-02-01T11:14:34.400Z" "--property-eventsource=nc" "--property-standard-error=0.07" "--property-horizontal-error=0.2" "--property-eventsourcecode=71932931" "--property-magnitude=0.0" "--property-longitude=-122.8383" "--property-minimum-distance=0.0" "--property-cube-magnitude-type=N" "--property-eids-feeder=ucbrt.ncss-ucb.cisn.org" "--property-azimuthal-gap=57.6" "--property-event-type=earthquake" "--property-review-status=AUTOMATIC" "--property-version=0" "--property-num-phases-used=21" "--property-vertical-error=0.3" "--property-location-method-class=Unknown" "--property-depth=1.1" "--property-cube-location-method=B" "--property-eids-feeder-sequence=4694" --signature=MC0CFQDUVZCOng58Spl/y7R1RI7Cza6QTQIUIxVc683wxuCgGkFT1dMFxl6K8Us= --action=EVENT_ADDED' exited with status '0'
FINER	thread=13	[null] product stored id=urn:usgs-product:nc:origin:nc71932931:1359717370445, status=UPDATE
FINER	thread=13	[null] summarizing product id=urn:usgs-product:nc:origin:nc71932931:1359717370445
FINER	thread=13	[null] finding previous version
FINER	thread=13	[null] finding previous event
FINER	thread=13	[null] adding summary to index
FINER	thread=13	[null] found existing event indexid=1
FINE	thread=13	Eventindexid=1, eventid=nc71932931, latitude=38.8235, longitude=-122.8383, time=Fri Feb 01 04:14:34 MST 2013, deleted=false
FINER	thread=13	Products in event
	status=UPDATE, id=urn:usgs-product:nc:origin:nc71932931:1359717290440, eventid=nc71932931, latitude=38.8235, longitude=-122.8383, time=Fri Feb 01 04:14:34 MST 2013
FINER	thread=13	[null] Added associations event id=1, productSummary source=nc, type=origin, code=nc71932931 (id=2)
FINER	thread=13	[null] checking for event splits
FINER	thread=13	[null] checking for event merges
FINER	thread=13	[null] searching for nearby events
FINER	thread=13	[null] search for nearby events complete
FINER	thread=13	[null] searching for unassociated products
FINER	thread=13	[null] search for unassociated products complete
FINER	thread=13	[null] updating event summary parameters
FINER	thread=13	[null] Updating event indexid=1
FINE	thread=13	Eventindexid=1, eventid=nc71932931, latitude=38.8233, longitude=-122.8375, time=Fri Feb 01 04:14:34 MST 2013, deleted=false
FINER	thread=13	Products in event
	status=UPDATE, id=urn:usgs-product:nc:origin:nc71932931:1359717290440, eventid=nc71932931, latitude=38.8235, longitude=-122.8383, time=Fri Feb 01 04:14:34 MST 2013
	status=UPDATE, id=urn:usgs-product:nc:origin:nc71932931:1359717370445, eventid=nc71932931, latitude=38.8233, longitude=-122.8375, time=Fri Feb 01 04:14:34 MST 2013
FINER	thread=13	[null] committing transaction
FINE	thread=13	[null] notifying listeners
INFO	thread=13	[null] indexed product id=urn:usgs-product:nc:origin:nc71932931:1359717370445, status=UPDATE
EVENT_UPDATED nc71932931 => nc71932931
FINER	thread=923	[null] product stored id=urn:usgs-product:nc:origin:nc71932931:1359717370445, status=UPDATE
FINER	thread=924	[null] product stored id=urn:usgs-product:nc:origin:nc71932931:1359717370445, status=UPDATE
INFO	thread=924	[null] running command echo --preferred-eventid=nc71932931 --preferred-eventsource=nc --preferred-eventsourcecode=71932931 --eventids=nc71932931 --preferred-magnitude=2.3 --preferred-latitude=38.8233 --preferred-longitude=-122.8375 --preferred-depth=1.0 --preferred-eventtime=2013-02-01T11:14:34.400Z --directory=/Users/cbass/Projects/pdl/_test_storage_/origin/nc71932931/nc/1359717370445 --type=origin --code=nc71932931 --source=nc --updateTime=2013-02-01T11:16:10.445Z --status=UPDATE --trackerURL=http://ehppdl1.cr.usgs.gov/tracker/ "--property-magnitude-type=Md" "--property-location-method-algorithm=B" "--property-latitude=38.8233" "--property-magnitude-num-stations-used=21" "--property-eventtime=2013-02-01T11:14:34.400Z" "--property-eventsource=nc" "--property-standard-error=0.07" "--property-horizontal-error=0.1" "--property-eventsourcecode=71932931" "--property-magnitude=2.3" "--property-longitude=-122.8375" "--property-minimum-distance=0.0" "--property-cube-magnitude-type=D" "--property-eids-feeder=ucbrt.ncss-ucb.cisn.org" "--property-azimuthal-gap=36.0" "--property-event-type=earthquake" "--property-review-status=AUTOMATIC" "--property-version=1" "--property-num-phases-used=39" "--property-vertical-error=0.3" "--property-location-method-class=Unknown" "--property-depth=1.0" "--property-cube-location-method=B" "--property-magnitude-error=0.2" "--property-eids-feeder-sequence=4695" --signature=MCwCFAoXIw8ApRi1EBjT8NTP+LoVuiiAAhRz3LI3MiGQndkRkApOms0DZz7z2g== --action=EVENT_UPDATED
INFO	thread=923	[null] running command echo --preferred-eventid=nc71932931 --preferred-eventsource=nc --preferred-eventsourcecode=71932931 --eventids=nc71932931 --preferred-magnitude=2.3 --preferred-latitude=38.8233 --preferred-longitude=-122.8375 --preferred-depth=1.0 --preferred-eventtime=2013-02-01T11:14:34.400Z --directory=/Users/cbass/Projects/pdl/_test_storage_/origin/nc71932931/nc/1359717370445 --type=origin --code=nc71932931 --source=nc --updateTime=2013-02-01T11:16:10.445Z --status=UPDATE --trackerURL=http://ehppdl1.cr.usgs.gov/tracker/ "--property-magnitude-type=Md" "--property-location-method-algorithm=B" "--property-latitude=38.8233" "--property-magnitude-num-stations-used=21" "--property-eventtime=2013-02-01T11:14:34.400Z" "--property-eventsource=nc" "--property-standard-error=0.07" "--property-horizontal-error=0.1" "--property-eventsourcecode=71932931" "--property-magnitude=2.3" "--property-longitude=-122.8375" "--property-minimum-distance=0.0" "--property-cube-magnitude-type=D" "--property-eids-feeder=ucbrt.ncss-ucb.cisn.org" "--property-azimuthal-gap=36.0" "--property-event-type=earthquake" "--property-review-status=AUTOMATIC" "--property-version=1" "--property-num-phases-used=39" "--property-vertical-error=0.3" "--property-location-method-class=Unknown" "--property-depth=1.0" "--property-cube-location-method=B" "--property-magnitude-error=0.2" "--property-eids-feeder-sequence=4695" --signature=MCwCFAoXIw8ApRi1EBjT8NTP+LoVuiiAAhRz3LI3MiGQndkRkApOms0DZz7z2g== --action=EVENT_UPDATED
INFO	thread=923	[null] command 'echo --preferred-eventid=nc71932931 --preferred-eventsource=nc --preferred-eventsourcecode=71932931 --eventids=nc71932931 --preferred-magnitude=2.3 --preferred-latitude=38.8233 --preferred-longitude=-122.8375 --preferred-depth=1.0 --preferred-eventtime=2013-02-01T11:14:34.400Z --directory=/Users/cbass/Projects/pdl/_test_storage_/origin/nc71932931/nc/1359717370445 --type=origin --code=nc71932931 --source=nc --updateTime=2013-02-01T11:16:10.445Z --status=UPDATE --trackerURL=http://ehppdl1.cr.usgs.gov/tracker/ "--property-magnitude-type=Md" "--property-location-method-algorithm=B" "--property-latitude=38.8233" "--property-magnitude-num-stations-used=21" "--property-eventtime=2013-02-01T11:14:34.400Z" "--property-eventsource=nc" "--property-standard-error=0.07" "--property-horizontal-error=0.1" "--property-eventsourcecode=71932931" "--property-magnitude=2.3" "--property-longitude=-122.8375" "--property-minimum-distance=0.0" "--property-cube-magnitude-type=D" "--property-eids-feeder=ucbrt.ncss-ucb.cisn.org" "--property-azimuthal-gap=36.0" "--property-event-type=earthquake" "--property-review-status=AUTOMATIC" "--property-version=1" "--property-num-phases-used=39" "--property-vertical-error=0.3" "--property-location-method-class=Unknown" "--property-depth=1.0" "--property-cube-location-method=B" "--property-magnitude-error=0.2" "--property-eids-feeder-sequence=4695" --signature=MCwCFAoXIw8ApRi1EBjT8NTP+LoVuiiAAhRz3LI3MiGQndkRkApOms0DZz7z2g== --action=EVENT_UPDATED' exited with status '0'
INFO	thread=924	[null] command 'echo --preferred-eventid=nc71932931 --preferred-eventsource=nc --preferred-eventsourcecode=71932931 --eventids=nc71932931 --preferred-magnitude=2.3 --preferred-latitude=38.8233 --preferred-longitude=-122.8375 --preferred-depth=1.0 --preferred-eventtime=2013-02-01T11:14:34.400Z --directory=/Users/cbass/Projects/pdl/_test_storage_/origin/nc71932931/nc/1359717370445 --type=origin --code=nc71932931 --source=nc --updateTime=2013-02-01T11:16:10.445Z --status=UPDATE --trackerURL=http://ehppdl1.cr.usgs.gov/tracker/ "--property-magnitude-type=Md" "--property-location-method-algorithm=B" "--property-latitude=38.8233" "--property-magnitude-num-stations-used=21" "--property-eventtime=2013-02-01T11:14:34.400Z" "--property-eventsource=nc" "--property-standard-error=0.07" "--property-horizontal-error=0.1" "--property-eventsourcecode=71932931" "--property-magnitude=2.3" "--property-longitude=-122.8375" "--property-minimum-distance=0.0" "--property-cube-magnitude-type=D" "--property-eids-feeder=ucbrt.ncss-ucb.cisn.org" "--property-azimuthal-gap=36.0" "--property-event-type=earthquake" "--property-review-status=AUTOMATIC" "--property-version=1" "--property-num-phases-used=39" "--property-vertical-error=0.3" "--property-location-method-class=Unknown" "--property-depth=1.0" "--property-cube-location-method=B" "--property-magnitude-error=0.2" "--property-eids-feeder-sequence=4695" --signature=MCwCFAoXIw8ApRi1EBjT8NTP+LoVuiiAAhRz3LI3MiGQndkRkApOms0DZz7z2g== --action=EVENT_UPDATED' exited with status '0'
Enabling archive policy
FINE	thread=916	[null] running product archive policy (null)
INFO	thread=916	[null] purged 0 expired events and 0 expired unassociated products.
Mon Aug 05 16:07:25 MDT 2019
FINER	thread=287	[null] running listener cleanup
FINE	thread=916	[null] running product archive policy (null)
INFO	thread=916	[null] purged 0 expired events and 0 expired unassociated products.
FINE	thread=916	[null] running product archive policy (null)
INFO	thread=916	[null] purged 0 expired events and 0 expired unassociated products.
Mon Aug 05 16:07:26 MDT 2019
FINER	thread=287	[null] running listener cleanup
FINE	thread=916	[null] running product archive policy (null)
INFO	thread=916	[null] purged 0 expired events and 0 expired unassociated products.
Done archiving
FINER	thread=13	[null] product stored id=urn:usgs-product:nc:origin:nc71932931:1359740134563, status=UPDATE
FINER	thread=13	[null] summarizing product id=urn:usgs-product:nc:origin:nc71932931:1359740134563
FINER	thread=13	[null] finding previous version
FINER	thread=13	[null] finding previous event
FINER	thread=13	[null] adding summary to index
FINER	thread=13	[null] found existing event indexid=1
FINE	thread=13	Eventindexid=1, eventid=nc71932931, latitude=38.8233, longitude=-122.8375, time=Fri Feb 01 04:14:34 MST 2013, deleted=false
FINER	thread=13	Products in event
	status=UPDATE, id=urn:usgs-product:nc:origin:nc71932931:1359717290440, eventid=nc71932931, latitude=38.8235, longitude=-122.8383, time=Fri Feb 01 04:14:34 MST 2013
	status=UPDATE, id=urn:usgs-product:nc:origin:nc71932931:1359717370445, eventid=nc71932931, latitude=38.8233, longitude=-122.8375, time=Fri Feb 01 04:14:34 MST 2013
FINER	thread=13	[null] Added associations event id=1, productSummary source=nc, type=origin, code=nc71932931 (id=3)
FINER	thread=13	[null] checking for event splits
FINER	thread=13	[null] checking for event merges
FINER	thread=13	[null] searching for nearby events
FINER	thread=13	[null] search for nearby events complete
FINER	thread=13	[null] searching for unassociated products
FINER	thread=13	[null] search for unassociated products complete
FINER	thread=13	[null] updating event summary parameters
FINER	thread=13	[null] Updating event indexid=1
FINE	thread=13	Eventindexid=1, eventid=nc71932931, latitude=38.8228, longitude=-122.8378, time=Fri Feb 01 04:14:34 MST 2013, deleted=false
FINER	thread=13	Products in event
	status=UPDATE, id=urn:usgs-product:nc:origin:nc71932931:1359717290440, eventid=nc71932931, latitude=38.8235, longitude=-122.8383, time=Fri Feb 01 04:14:34 MST 2013
	status=UPDATE, id=urn:usgs-product:nc:origin:nc71932931:1359717370445, eventid=nc71932931, latitude=38.8233, longitude=-122.8375, time=Fri Feb 01 04:14:34 MST 2013
	status=UPDATE, id=urn:usgs-product:nc:origin:nc71932931:1359740134563, eventid=nc71932931, latitude=38.8228, longitude=-122.8378, time=Fri Feb 01 04:14:34 MST 2013
FINER	thread=13	[null] committing transaction
FINE	thread=13	[null] notifying listeners
INFO	thread=13	[null] indexed product id=urn:usgs-product:nc:origin:nc71932931:1359740134563, status=UPDATE
EVENT_UPDATED nc71932931 => nc71932931
FINER	thread=923	[null] product stored id=urn:usgs-product:nc:origin:nc71932931:1359740134563, status=UPDATE
INFO	thread=924	[null] product already in storage
INFO	thread=924	[null] running command echo --preferred-eventid=nc71932931 --preferred-eventsource=nc --preferred-eventsourcecode=71932931 --eventids=nc71932931 --preferred-magnitude=2.0 --preferred-latitude=38.8228 --preferred-longitude=-122.8378 --preferred-depth=1.0 --preferred-eventtime=2013-02-01T11:14:34.400Z --directory=/Users/cbass/Projects/pdl/_test_storage_/origin/nc71932931/nc/1359740134563 --type=origin --code=nc71932931 --source=nc --updateTime=2013-02-01T17:35:34.563Z --status=UPDATE --trackerURL=http://ehppdl1.cr.usgs.gov/tracker/ "--property-magnitude-type=Md" "--property-location-method-algorithm=Hypoinverse" "--property-latitude=38.8228" "--property-magnitude-num-stations-used=43" "--property-eventtime=2013-02-01T11:14:34.400Z" "--property-eventsource=nc" "--property-standard-error=0.07" "--property-horizontal-error=0.1" "--property-eventsourcecode=71932931" "--property-magnitude=2.0" "--property-longitude=-122.8378" "--property-minimum-distance=0.0" "--property-cube-magnitude-type=D" "--property-eids-feeder=ucbpp.ncss-ucb.cisn.org" "--property-azimuthal-gap=25.2" "--property-event-type=earthquake" "--property-review-status=REVIEWED" "--property-version=3" "--property-num-phases-used=69" "--property-vertical-error=0.2" "--property-location-method-class=Geiger's Method and Least Squares" "--property-depth=1.0" "--property-cube-location-method=h" "--property-magnitude-error=0.2" "--property-eids-feeder-sequence=126821" --signature=MCwCFB/gkMiD53BJLbmOZRj94Wq4MI/VAhRl+agoC/gJ5/BuEFIDVZ7uQHZ5JQ== --action=EVENT_UPDATED
INFO	thread=923	[null] running command echo --preferred-eventid=nc71932931 --preferred-eventsource=nc --preferred-eventsourcecode=71932931 --eventids=nc71932931 --preferred-magnitude=2.0 --preferred-latitude=38.8228 --preferred-longitude=-122.8378 --preferred-depth=1.0 --preferred-eventtime=2013-02-01T11:14:34.400Z --directory=/Users/cbass/Projects/pdl/_test_storage_/origin/nc71932931/nc/1359740134563 --type=origin --code=nc71932931 --source=nc --updateTime=2013-02-01T17:35:34.563Z --status=UPDATE --trackerURL=http://ehppdl1.cr.usgs.gov/tracker/ "--property-magnitude-type=Md" "--property-location-method-algorithm=Hypoinverse" "--property-latitude=38.8228" "--property-magnitude-num-stations-used=43" "--property-eventtime=2013-02-01T11:14:34.400Z" "--property-eventsource=nc" "--property-standard-error=0.07" "--property-horizontal-error=0.1" "--property-eventsourcecode=71932931" "--property-magnitude=2.0" "--property-longitude=-122.8378" "--property-minimum-distance=0.0" "--property-cube-magnitude-type=D" "--property-eids-feeder=ucbpp.ncss-ucb.cisn.org" "--property-azimuthal-gap=25.2" "--property-event-type=earthquake" "--property-review-status=REVIEWED" "--property-version=3" "--property-num-phases-used=69" "--property-vertical-error=0.2" "--property-location-method-class=Geiger's Method and Least Squares" "--property-depth=1.0" "--property-cube-location-method=h" "--property-magnitude-error=0.2" "--property-eids-feeder-sequence=126821" --signature=MCwCFB/gkMiD53BJLbmOZRj94Wq4MI/VAhRl+agoC/gJ5/BuEFIDVZ7uQHZ5JQ== --action=EVENT_UPDATED
INFO	thread=924	[null] command 'echo --preferred-eventid=nc71932931 --preferred-eventsource=nc --preferred-eventsourcecode=71932931 --eventids=nc71932931 --preferred-magnitude=2.0 --preferred-latitude=38.8228 --preferred-longitude=-122.8378 --preferred-depth=1.0 --preferred-eventtime=2013-02-01T11:14:34.400Z --directory=/Users/cbass/Projects/pdl/_test_storage_/origin/nc71932931/nc/1359740134563 --type=origin --code=nc71932931 --source=nc --updateTime=2013-02-01T17:35:34.563Z --status=UPDATE --trackerURL=http://ehppdl1.cr.usgs.gov/tracker/ "--property-magnitude-type=Md" "--property-location-method-algorithm=Hypoinverse" "--property-latitude=38.8228" "--property-magnitude-num-stations-used=43" "--property-eventtime=2013-02-01T11:14:34.400Z" "--property-eventsource=nc" "--property-standard-error=0.07" "--property-horizontal-error=0.1" "--property-eventsourcecode=71932931" "--property-magnitude=2.0" "--property-longitude=-122.8378" "--property-minimum-distance=0.0" "--property-cube-magnitude-type=D" "--property-eids-feeder=ucbpp.ncss-ucb.cisn.org" "--property-azimuthal-gap=25.2" "--property-event-type=earthquake" "--property-review-status=REVIEWED" "--property-version=3" "--property-num-phases-used=69" "--property-vertical-error=0.2" "--property-location-method-class=Geiger's Method and Least Squares" "--property-depth=1.0" "--property-cube-location-method=h" "--property-magnitude-error=0.2" "--property-eids-feeder-sequence=126821" --signature=MCwCFB/gkMiD53BJLbmOZRj94Wq4MI/VAhRl+agoC/gJ5/BuEFIDVZ7uQHZ5JQ== --action=EVENT_UPDATED' exited with status '0'
INFO	thread=923	[null] command 'echo --preferred-eventid=nc71932931 --preferred-eventsource=nc --preferred-eventsourcecode=71932931 --eventids=nc71932931 --preferred-magnitude=2.0 --preferred-latitude=38.8228 --preferred-longitude=-122.8378 --preferred-depth=1.0 --preferred-eventtime=2013-02-01T11:14:34.400Z --directory=/Users/cbass/Projects/pdl/_test_storage_/origin/nc71932931/nc/1359740134563 --type=origin --code=nc71932931 --source=nc --updateTime=2013-02-01T17:35:34.563Z --status=UPDATE --trackerURL=http://ehppdl1.cr.usgs.gov/tracker/ "--property-magnitude-type=Md" "--property-location-method-algorithm=Hypoinverse" "--property-latitude=38.8228" "--property-magnitude-num-stations-used=43" "--property-eventtime=2013-02-01T11:14:34.400Z" "--property-eventsource=nc" "--property-standard-error=0.07" "--property-horizontal-error=0.1" "--property-eventsourcecode=71932931" "--property-magnitude=2.0" "--property-longitude=-122.8378" "--property-minimum-distance=0.0" "--property-cube-magnitude-type=D" "--property-eids-feeder=ucbpp.ncss-ucb.cisn.org" "--property-azimuthal-gap=25.2" "--property-event-type=earthquake" "--property-review-status=REVIEWED" "--property-version=3" "--property-num-phases-used=69" "--property-vertical-error=0.2" "--property-location-method-class=Geiger's Method and Least Squares" "--property-depth=1.0" "--property-cube-location-method=h" "--property-magnitude-error=0.2" "--property-eids-feeder-sequence=126821" --signature=MCwCFB/gkMiD53BJLbmOZRj94Wq4MI/VAhRl+agoC/gJ5/BuEFIDVZ7uQHZ5JQ== --action=EVENT_UPDATED' exited with status '0'
CONFIG	thread=13	[null] maxTries = 1
CONFIG	thread=13	[null] maxTries = 1
CONFIG	thread=13	[null] timeout = 0ms
CONFIG	thread=13	[null] retry delay = 300000ms
CONFIG	thread=13	[null] process duplicates = false
CONFIG	thread=13	[null] include paths = []
CONFIG	thread=13	[null] exclude paths = []
CONFIG	thread=13	[null] using storage directory /Users/cbass/Projects/pdl/storage
CONFIG	thread=13	[null] loading ArchivePolicy 'testPolicy'
CONFIG	thread=13	[null] archive interval is '500'
CONFIG	thread=13	[null] no indexer modules configured.
CONFIG	thread=13	[null] no indexer listeners configured.
CONFIG	thread=13	[null] Local regions file: regions.json
CONFIG	thread=13	[null] associateUsingCurrentProducts = false

###
Mon Aug 05 16:07:26 MDT 2019
FINEST	thread=13	[null] storing product id=urn:usgs-product:us:testproduct:testproduct-one:1565042846608
FINEST	thread=13	[null] acquiring write lock for product id=urn:usgs-product:us:testproduct:testproduct-one:1565042846608
FINEST	thread=13	[null] acquired write lock for product id=urn:usgs-product:us:testproduct:testproduct-one:1565042846608
FINEST	thread=13	[null] acquiring read lock for product id=urn:usgs-product:us:testproduct:testproduct-one:1565042846608
FINEST	thread=13	[null] acquired read lock for product id=urn:usgs-product:us:testproduct:testproduct-one:1565042846608
FINEST	thread=13	[null] releasing read lock for product id=urn:usgs-product:us:testproduct:testproduct-one:1565042846608
FINEST	thread=13	[null] released read lock for product id=urn:usgs-product:us:testproduct:testproduct-one:1565042846608
FINER	thread=13	[null] product stored id=urn:usgs-product:us:testproduct:testproduct-one:1565042846608, status=UPDATE
FINEST	thread=13	[null] releasing write lock for product id=urn:usgs-product:us:testproduct:testproduct-one:1565042846608
FINEST	thread=13	[null] released write lock for product id=urn:usgs-product:us:testproduct:testproduct-one:1565042846608
FINEST	thread=13	[null] stored product id=urn:usgs-product:us:testproduct:testproduct-one:1565042846608
FINER	thread=13	[null] summarizing product id=urn:usgs-product:us:testproduct:testproduct-one:1565042846608
FINEST	thread=13	[null] beginning index transaction
FINER	thread=13	[null] finding previous version
FINEST	thread=13	[null] running query 
SELECT DISTINCT id FROM productSummary p WHERE p.id IS NOT NULL AND p.id = (SELECT id FROM productSummary ps WHERE ps.source='us' AND ps.type='testproduct' AND ps.code='testproduct-one' AND ps.status <> 'DELETE' ORDER BY ps.updateTime DESC LIMIT 1) AND source='us' AND type='testproduct' AND code='testproduct-one'
FINEST	thread=13	[null] query complete
FINER	thread=13	[null] finding previous event
FINEST	thread=13	Product Index Query
eventSearchType=SEARCH_EVENT_PRODUCTS
resultType=RESULT_TYPE_ALL
eventSource=notus
eventSourceCode=testproduct-one
FINEST	thread=13	Product Index Query
eventSearchType=SEARCH_EVENT_PREFERRED
resultType=RESULT_TYPE_ALL
minEventTime=Mon Aug 05 16:07:10 MDT 2019
maxEventTime=Mon Aug 05 16:07:42 MDT 2019
minEventLatitude=34.10007199424046075986183268469176255166530609130859375
maxEventLatitude=35.89992800575953924013816731530823744833469390869140625
minEventLongitude=-119.098609241146021986423875205218791961669921875
maxEventLongitude=-116.901390758853978013576124794781208038330078125
FINER	thread=13	[null] adding summary to index
FINEST	thread=13	[null] Added property depth:50.0 for product 1
FINEST	thread=13	[null] Added property latitude:35.0 for product 1
FINEST	thread=13	[null] Added property eventsourcecode:testproduct-one for product 1
FINEST	thread=13	[null] Added property eventtime:2019-08-05T22:07:26.608Z for product 1
FINEST	thread=13	[null] Added property magnitude:5.0 for product 1
FINEST	thread=13	[null] Added property eventsource:notus for product 1
FINEST	thread=13	[null] Added property version:one for product 1
FINEST	thread=13	[null] Added property longitude:-118.0 for product 1
FINEST	thread=13	[null] Added productSummary urn:usgs-product:us:testproduct:testproduct-one:1565042846608, indexid=1 to product index
FINEST	thread=13	Added event id=1
FINEST	thread=13	[null] Added event to Product Index
FINER	thread=13	[null] Added associations event id=1, productSummary source=us, type=testproduct, code=testproduct-one (id=1)
FINER	thread=13	[null] created event indexid=1
FINE	thread=13	Eventindexid=1, eventid=notustestproduct-one, latitude=35.0, longitude=-118.0, time=Mon Aug 05 16:07:26 MDT 2019, deleted=false
FINER	thread=13	Products in event
	status=UPDATE, id=urn:usgs-product:us:testproduct:testproduct-one:1565042846608, eventid=notustestproduct-one, latitude=35.0, longitude=-118.0, time=Mon Aug 05 16:07:26 MDT 2019
FINER	thread=13	[null] checking for event merges
FINER	thread=13	[null] searching for unassociated products
FINER	thread=13	[null] search for unassociated products complete
FINER	thread=13	[null] updating event summary parameters
FINER	thread=13	[null] Updating event indexid=1
FINE	thread=13	Eventindexid=1, eventid=notustestproduct-one, latitude=35.0, longitude=-118.0, time=Mon Aug 05 16:07:26 MDT 2019, deleted=false
FINER	thread=13	Products in event
	status=UPDATE, id=urn:usgs-product:us:testproduct:testproduct-one:1565042846608, eventid=notustestproduct-one, latitude=35.0, longitude=-118.0, time=Mon Aug 05 16:07:26 MDT 2019
FINEST	thread=13	[null] Updated event properties in Product Index
FINER	thread=13	[null] committing transaction
FINE	thread=13	[null] notifying listeners
INFO	thread=13	[null] indexed product id=urn:usgs-product:us:testproduct:testproduct-one:1565042846608, status=UPDATE
EVENT_ADDED null => notustestproduct-one
FINEST	thread=944	[null] acquiring read lock for product id=urn:usgs-product:us:testproduct:testproduct-one:1565042846608
FINEST	thread=944	[null] acquired read lock for product id=urn:usgs-product:us:testproduct:testproduct-one:1565042846608
FINEST	thread=944	[null] releasing read lock for product id=urn:usgs-product:us:testproduct:testproduct-one:1565042846608
FINEST	thread=944	[null] released read lock for product id=urn:usgs-product:us:testproduct:testproduct-one:1565042846608
FINER	thread=944	[DirectoryProductSource] Product does not have any  URLContent. Scraping directory for files.
FINEST	thread=945	[null] acquiring read lock for product id=urn:usgs-product:us:testproduct:testproduct-one:1565042846608
FINEST	thread=945	[null] acquired read lock for product id=urn:usgs-product:us:testproduct:testproduct-one:1565042846608
FINEST	thread=944	[null] acquiring write lock for product id=urn:usgs-product:us:testproduct:testproduct-one:1565042846608
FINEST	thread=945	[null] releasing read lock for product id=urn:usgs-product:us:testproduct:testproduct-one:1565042846608
FINEST	thread=944	[null] acquired write lock for product id=urn:usgs-product:us:testproduct:testproduct-one:1565042846608
FINEST	thread=945	[null] released read lock for product id=urn:usgs-product:us:testproduct:testproduct-one:1565042846608
FINEST	thread=944	[null] acquiring read lock for product id=urn:usgs-product:us:testproduct:testproduct-one:1565042846608
FINEST	thread=944	[null] acquired read lock for product id=urn:usgs-product:us:testproduct:testproduct-one:1565042846608
FINEST	thread=944	[null] releasing read lock for product id=urn:usgs-product:us:testproduct:testproduct-one:1565042846608
FINEST	thread=944	[null] released read lock for product id=urn:usgs-product:us:testproduct:testproduct-one:1565042846608
FINER	thread=945	[DirectoryProductSource] Product does not have any  URLContent. Scraping directory for files.
FINEST	thread=945	[null] acquiring write lock for product id=urn:usgs-product:us:testproduct:testproduct-one:1565042846608
FINEST	thread=945	[null] acquired write lock for product id=urn:usgs-product:us:testproduct:testproduct-one:1565042846608
FINEST	thread=945	[null] acquiring read lock for product id=urn:usgs-product:us:testproduct:testproduct-one:1565042846608
FINEST	thread=945	[null] acquired read lock for product id=urn:usgs-product:us:testproduct:testproduct-one:1565042846608
FINEST	thread=945	[null] acquiring read lock for product id=urn:usgs-product:us:testproduct:testproduct-one:1565042846608
FINEST	thread=945	[null] acquired read lock for product id=urn:usgs-product:us:testproduct:testproduct-one:1565042846608
FINEST	thread=945	[null] releasing read lock for product id=urn:usgs-product:us:testproduct:testproduct-one:1565042846608
FINEST	thread=945	[null] released read lock for product id=urn:usgs-product:us:testproduct:testproduct-one:1565042846608
FINEST	thread=945	[null] releasing read lock for product id=urn:usgs-product:us:testproduct:testproduct-one:1565042846608
FINEST	thread=945	[null] released read lock for product id=urn:usgs-product:us:testproduct:testproduct-one:1565042846608
FINER	thread=944	[null] product stored id=urn:usgs-product:us:testproduct:testproduct-one:1565042846608, status=UPDATE
FINEST	thread=945	[null] releasing write lock for product id=urn:usgs-product:us:testproduct:testproduct-one:1565042846608
FINEST	thread=944	[null] releasing write lock for product id=urn:usgs-product:us:testproduct:testproduct-one:1565042846608
FINEST	thread=945	[null] released write lock for product id=urn:usgs-product:us:testproduct:testproduct-one:1565042846608
INFO	thread=945	[null] product already in storage
FINEST	thread=945	[null] acquiring read lock for product id=urn:usgs-product:us:testproduct:testproduct-one:1565042846608
FINEST	thread=944	[null] released write lock for product id=urn:usgs-product:us:testproduct:testproduct-one:1565042846608
FINEST	thread=945	[null] acquired read lock for product id=urn:usgs-product:us:testproduct:testproduct-one:1565042846608
FINEST	thread=944	[null] acquiring read lock for product id=urn:usgs-product:us:testproduct:testproduct-one:1565042846608
FINEST	thread=944	[null] acquired read lock for product id=urn:usgs-product:us:testproduct:testproduct-one:1565042846608
FINEST	thread=945	[null] releasing read lock for product id=urn:usgs-product:us:testproduct:testproduct-one:1565042846608
FINEST	thread=945	[null] released read lock for product id=urn:usgs-product:us:testproduct:testproduct-one:1565042846608
FINEST	thread=944	[null] releasing read lock for product id=urn:usgs-product:us:testproduct:testproduct-one:1565042846608
FINEST	thread=944	[null] released read lock for product id=urn:usgs-product:us:testproduct:testproduct-one:1565042846608
FINER	thread=945	[DirectoryProductSource] Product does not have any  URLContent. Scraping directory for files.
FINEST	thread=945	[null] acquiring read lock for product id=urn:usgs-product:us:testproduct:testproduct-one:1565042846608
FINEST	thread=945	[null] acquired read lock for product id=urn:usgs-product:us:testproduct:testproduct-one:1565042846608
FINEST	thread=945	[null] releasing read lock for product id=urn:usgs-product:us:testproduct:testproduct-one:1565042846608
FINEST	thread=945	[null] released read lock for product id=urn:usgs-product:us:testproduct:testproduct-one:1565042846608
FINER	thread=945	[DirectoryProductSource] Product does not have any  URLContent. Scraping directory for files.
INFO	thread=945	[null] running command echo --preferred-eventid=notustestproduct-one --preferred-eventsource=notus --preferred-eventsourcecode=testproduct-one --eventids=notustestproduct-one --preferred-magnitude=5.0 --preferred-latitude=35.0 --preferred-longitude=-118.0 --preferred-depth=50.0 --preferred-eventtime=2019-08-05T22:07:26.608Z --directory=/Users/cbass/Projects/pdl/_test_storage_/testproduct/testproduct-one/us/1565042846608 --type=testproduct --code=testproduct-one --source=us --updateTime=2019-08-05T22:07:26.608Z --status=UPDATE --trackerURL=http://localhost/tracker "--property-depth=50.0" "--property-latitude=35.0" "--property-eventsourcecode=testproduct-one" "--property-eventtime=2019-08-05T22:07:26.608Z" "--property-magnitude=5.0" "--property-eventsource=notus" "--property-version=one" "--property-longitude=-118.0" --action=EVENT_ADDED
FINER	thread=944	[DirectoryProductSource] Product does not have any  URLContent. Scraping directory for files.
FINEST	thread=944	[null] acquiring read lock for product id=urn:usgs-product:us:testproduct:testproduct-one:1565042846608
FINEST	thread=944	[null] acquired read lock for product id=urn:usgs-product:us:testproduct:testproduct-one:1565042846608
FINEST	thread=944	[null] releasing read lock for product id=urn:usgs-product:us:testproduct:testproduct-one:1565042846608
FINEST	thread=944	[null] released read lock for product id=urn:usgs-product:us:testproduct:testproduct-one:1565042846608
FINER	thread=944	[DirectoryProductSource] Product does not have any  URLContent. Scraping directory for files.
INFO	thread=944	[null] running command echo --preferred-eventid=notustestproduct-one --preferred-eventsource=notus --preferred-eventsourcecode=testproduct-one --eventids=notustestproduct-one --preferred-magnitude=5.0 --preferred-latitude=35.0 --preferred-longitude=-118.0 --preferred-depth=50.0 --preferred-eventtime=2019-08-05T22:07:26.608Z --directory=/Users/cbass/Projects/pdl/_test_storage_/testproduct/testproduct-one/us/1565042846608 --type=testproduct --code=testproduct-one --source=us --updateTime=2019-08-05T22:07:26.608Z --status=UPDATE --trackerURL=http://localhost/tracker "--property-depth=50.0" "--property-latitude=35.0" "--property-eventsourcecode=testproduct-one" "--property-eventtime=2019-08-05T22:07:26.608Z" "--property-magnitude=5.0" "--property-eventsource=notus" "--property-version=one" "--property-longitude=-118.0" --action=EVENT_ADDED
INFO	thread=944	[null] command 'echo --preferred-eventid=notustestproduct-one --preferred-eventsource=notus --preferred-eventsourcecode=testproduct-one --eventids=notustestproduct-one --preferred-magnitude=5.0 --preferred-latitude=35.0 --preferred-longitude=-118.0 --preferred-depth=50.0 --preferred-eventtime=2019-08-05T22:07:26.608Z --directory=/Users/cbass/Projects/pdl/_test_storage_/testproduct/testproduct-one/us/1565042846608 --type=testproduct --code=testproduct-one --source=us --updateTime=2019-08-05T22:07:26.608Z --status=UPDATE --trackerURL=http://localhost/tracker "--property-depth=50.0" "--property-latitude=35.0" "--property-eventsourcecode=testproduct-one" "--property-eventtime=2019-08-05T22:07:26.608Z" "--property-magnitude=5.0" "--property-eventsource=notus" "--property-version=one" "--property-longitude=-118.0" --action=EVENT_ADDED' exited with status '0'
INFO	thread=945	[null] command 'echo --preferred-eventid=notustestproduct-one --preferred-eventsource=notus --preferred-eventsourcecode=testproduct-one --eventids=notustestproduct-one --preferred-magnitude=5.0 --preferred-latitude=35.0 --preferred-longitude=-118.0 --preferred-depth=50.0 --preferred-eventtime=2019-08-05T22:07:26.608Z --directory=/Users/cbass/Projects/pdl/_test_storage_/testproduct/testproduct-one/us/1565042846608 --type=testproduct --code=testproduct-one --source=us --updateTime=2019-08-05T22:07:26.608Z --status=UPDATE --trackerURL=http://localhost/tracker "--property-depth=50.0" "--property-latitude=35.0" "--property-eventsourcecode=testproduct-one" "--property-eventtime=2019-08-05T22:07:26.608Z" "--property-magnitude=5.0" "--property-eventsource=notus" "--property-version=one" "--property-longitude=-118.0" --action=EVENT_ADDED' exited with status '0'
FINEST	thread=13	[null] storing product id=urn:usgs-product:us:testproduct:testproduct-two:1565042846671
FINEST	thread=13	[null] acquiring write lock for product id=urn:usgs-product:us:testproduct:testproduct-two:1565042846671
FINEST	thread=13	[null] acquired write lock for product id=urn:usgs-product:us:testproduct:testproduct-two:1565042846671
FINEST	thread=13	[null] acquiring read lock for product id=urn:usgs-product:us:testproduct:testproduct-two:1565042846671
FINEST	thread=13	[null] acquired read lock for product id=urn:usgs-product:us:testproduct:testproduct-two:1565042846671
FINEST	thread=13	[null] releasing read lock for product id=urn:usgs-product:us:testproduct:testproduct-two:1565042846671
FINEST	thread=13	[null] released read lock for product id=urn:usgs-product:us:testproduct:testproduct-two:1565042846671
FINER	thread=13	[null] product stored id=urn:usgs-product:us:testproduct:testproduct-two:1565042846671, status=UPDATE
FINEST	thread=13	[null] releasing write lock for product id=urn:usgs-product:us:testproduct:testproduct-two:1565042846671
FINEST	thread=13	[null] released write lock for product id=urn:usgs-product:us:testproduct:testproduct-two:1565042846671
FINEST	thread=13	[null] stored product id=urn:usgs-product:us:testproduct:testproduct-two:1565042846671
FINER	thread=13	[null] summarizing product id=urn:usgs-product:us:testproduct:testproduct-two:1565042846671
FINEST	thread=13	[null] beginning index transaction
FINER	thread=13	[null] finding previous version
FINEST	thread=13	[null] running query 
SELECT DISTINCT id FROM productSummary p WHERE p.id IS NOT NULL AND p.id = (SELECT id FROM productSummary ps WHERE ps.source='us' AND ps.type='testproduct' AND ps.code='testproduct-two' AND ps.status <> 'DELETE' ORDER BY ps.updateTime DESC LIMIT 1) AND source='us' AND type='testproduct' AND code='testproduct-two'
FINEST	thread=13	[null] query complete
FINER	thread=13	[null] finding previous event
FINEST	thread=13	Product Index Query
eventSearchType=SEARCH_EVENT_PRODUCTS
resultType=RESULT_TYPE_ALL
eventSource=us
eventSourceCode=testproduct-two
FINEST	thread=13	Product Index Query
eventSearchType=SEARCH_EVENT_PREFERRED
resultType=RESULT_TYPE_ALL
minEventTime=Mon Aug 05 16:07:10 MDT 2019
maxEventTime=Mon Aug 05 16:07:42 MDT 2019
minEventLatitude=36.10007199424046075986183268469176255166530609130859375
maxEventLatitude=37.89992800575953924013816731530823744833469390869140625
minEventLongitude=-123.12683194578494294546544551849365234375
maxEventLongitude=-120.87316805421505705453455448150634765625
FINER	thread=13	[null] adding summary to index
FINEST	thread=13	[null] Added property depth:50.0 for product 2
FINEST	thread=13	[null] Added property latitude:37.0 for product 2
FINEST	thread=13	[null] Added property eventsourcecode:testproduct-two for product 2
FINEST	thread=13	[null] Added property eventtime:2019-08-05T22:07:26.608Z for product 2
FINEST	thread=13	[null] Added property magnitude:5.0 for product 2
FINEST	thread=13	[null] Added property eventsource:us for product 2
FINEST	thread=13	[null] Added property version:one for product 2
FINEST	thread=13	[null] Added property longitude:-122.0 for product 2
FINEST	thread=13	[null] Added productSummary urn:usgs-product:us:testproduct:testproduct-two:1565042846671, indexid=2 to product index
FINEST	thread=13	Added event id=2
FINEST	thread=13	[null] Added event to Product Index
FINER	thread=13	[null] Added associations event id=2, productSummary source=us, type=testproduct, code=testproduct-two (id=2)
FINER	thread=13	[null] created event indexid=2
FINE	thread=13	Eventindexid=2, eventid=ustestproduct-two, latitude=37.0, longitude=-122.0, time=Mon Aug 05 16:07:26 MDT 2019, deleted=false
FINER	thread=13	Products in event
	status=UPDATE, id=urn:usgs-product:us:testproduct:testproduct-two:1565042846671, eventid=ustestproduct-two, latitude=37.0, longitude=-122.0, time=Mon Aug 05 16:07:26 MDT 2019
FINER	thread=13	[null] checking for event merges
FINER	thread=13	[null] searching for unassociated products
FINER	thread=13	[null] search for unassociated products complete
FINER	thread=13	[null] updating event summary parameters
FINER	thread=13	[null] Updating event indexid=2
FINE	thread=13	Eventindexid=2, eventid=ustestproduct-two, latitude=37.0, longitude=-122.0, time=Mon Aug 05 16:07:26 MDT 2019, deleted=false
FINER	thread=13	Products in event
	status=UPDATE, id=urn:usgs-product:us:testproduct:testproduct-two:1565042846671, eventid=ustestproduct-two, latitude=37.0, longitude=-122.0, time=Mon Aug 05 16:07:26 MDT 2019
FINEST	thread=13	[null] Updated event properties in Product Index
FINER	thread=13	[null] committing transaction
FINE	thread=13	[null] notifying listeners
INFO	thread=13	[null] indexed product id=urn:usgs-product:us:testproduct:testproduct-two:1565042846671, status=UPDATE
EVENT_ADDED null => ustestproduct-two
FINEST	thread=944	[null] acquiring read lock for product id=urn:usgs-product:us:testproduct:testproduct-two:1565042846671
FINEST	thread=944	[null] acquired read lock for product id=urn:usgs-product:us:testproduct:testproduct-two:1565042846671
FINEST	thread=944	[null] releasing read lock for product id=urn:usgs-product:us:testproduct:testproduct-two:1565042846671
FINEST	thread=944	[null] released read lock for product id=urn:usgs-product:us:testproduct:testproduct-two:1565042846671
FINEST	thread=945	[null] acquiring read lock for product id=urn:usgs-product:us:testproduct:testproduct-two:1565042846671
FINEST	thread=945	[null] acquired read lock for product id=urn:usgs-product:us:testproduct:testproduct-two:1565042846671
FINEST	thread=945	[null] releasing read lock for product id=urn:usgs-product:us:testproduct:testproduct-two:1565042846671
FINEST	thread=945	[null] released read lock for product id=urn:usgs-product:us:testproduct:testproduct-two:1565042846671
FINER	thread=944	[DirectoryProductSource] Product does not have any  URLContent. Scraping directory for files.
FINER	thread=945	[DirectoryProductSource] Product does not have any  URLContent. Scraping directory for files.
FINEST	thread=944	[null] acquiring write lock for product id=urn:usgs-product:us:testproduct:testproduct-two:1565042846671
FINEST	thread=944	[null] acquired write lock for product id=urn:usgs-product:us:testproduct:testproduct-two:1565042846671
FINEST	thread=944	[null] acquiring read lock for product id=urn:usgs-product:us:testproduct:testproduct-two:1565042846671
FINEST	thread=944	[null] acquired read lock for product id=urn:usgs-product:us:testproduct:testproduct-two:1565042846671
FINEST	thread=945	[null] acquiring write lock for product id=urn:usgs-product:us:testproduct:testproduct-two:1565042846671
FINEST	thread=944	[null] releasing read lock for product id=urn:usgs-product:us:testproduct:testproduct-two:1565042846671
FINEST	thread=944	[null] released read lock for product id=urn:usgs-product:us:testproduct:testproduct-two:1565042846671
FINEST	thread=945	[null] acquired write lock for product id=urn:usgs-product:us:testproduct:testproduct-two:1565042846671
FINEST	thread=945	[null] acquiring read lock for product id=urn:usgs-product:us:testproduct:testproduct-two:1565042846671
FINEST	thread=945	[null] acquired read lock for product id=urn:usgs-product:us:testproduct:testproduct-two:1565042846671
FINEST	thread=945	[null] releasing read lock for product id=urn:usgs-product:us:testproduct:testproduct-two:1565042846671
FINEST	thread=945	[null] released read lock for product id=urn:usgs-product:us:testproduct:testproduct-two:1565042846671
WARNING	thread=944	[null] exception while storing product, removing incomplete product
java.io.IOException: Unable to create directory /Users/cbass/Projects/pdl/_test_storage_/testproduct/testproduct-two/us/1565042846671
	at gov.usgs.util.StreamUtils.getOutputStream(StreamUtils.java:153)
	at gov.usgs.util.StreamUtils.getOutputStream(StreamUtils.java:183)
	at gov.usgs.earthquake.product.io.DirectoryProductHandler.onEndProduct(DirectoryProductHandler.java:68)
	at gov.usgs.earthquake.product.io.FilterProductHandler.onEndProduct(FilterProductHandler.java:71)
	at gov.usgs.earthquake.distribution.FileProductStorage$StorageProductOutput.onEndProduct(FileProductStorage.java:855)
	at gov.usgs.earthquake.product.io.ObjectProductSource.sendEndProduct(ObjectProductSource.java:166)
	at gov.usgs.earthquake.product.io.ObjectProductSource.streamTo(ObjectProductSource.java:62)
	at gov.usgs.earthquake.distribution.FileProductStorage.storeProductSource(FileProductStorage.java:693)
	at gov.usgs.earthquake.distribution.FileProductStorage.storeProduct(FileProductStorage.java:675)
	at gov.usgs.earthquake.indexer.ExternalIndexerListener.storeProduct(ExternalIndexerListener.java:196)
	at gov.usgs.earthquake.indexer.ExternalIndexerListener.onIndexerEvent(ExternalIndexerListener.java:131)
	at gov.usgs.earthquake.indexer.IndexerListenerCallable.call(IndexerListenerCallable.java:36)
	at gov.usgs.earthquake.indexer.IndexerListenerCallable.call(IndexerListenerCallable.java:12)
	at gov.usgs.util.ExecutorTask.run(ExecutorTask.java:183)
	at java.base/java.util.concurrent.Executors$RunnableAdapter.call(Executors.java:515)
	at java.base/java.util.concurrent.FutureTask.run(FutureTask.java:264)
	at java.base/java.util.concurrent.ThreadPoolExecutor.runWorker(ThreadPoolExecutor.java:1128)
	at java.base/java.util.concurrent.ThreadPoolExecutor$Worker.run(ThreadPoolExecutor.java:628)
	at java.base/java.lang.Thread.run(Thread.java:834)
FINER	thread=945	[null] product stored id=urn:usgs-product:us:testproduct:testproduct-two:1565042846671, status=UPDATE
FINEST	thread=944	[null] acquiring write lock for product id=urn:usgs-product:us:testproduct:testproduct-two:1565042846671
FINEST	thread=945	[null] releasing write lock for product id=urn:usgs-product:us:testproduct:testproduct-two:1565042846671
FINEST	thread=944	[null] acquired write lock for product id=urn:usgs-product:us:testproduct:testproduct-two:1565042846671
FINEST	thread=945	[null] released write lock for product id=urn:usgs-product:us:testproduct:testproduct-two:1565042846671
FINEST	thread=945	[null] acquiring read lock for product id=urn:usgs-product:us:testproduct:testproduct-two:1565042846671
FINEST	thread=945	[null] acquired read lock for product id=urn:usgs-product:us:testproduct:testproduct-two:1565042846671
FINEST	thread=945	[null] releasing read lock for product id=urn:usgs-product:us:testproduct:testproduct-two:1565042846671
FINEST	thread=945	[null] released read lock for product id=urn:usgs-product:us:testproduct:testproduct-two:1565042846671
WARNING	thread=945	[null] listener (null) threw exception, for product id=urn:usgs-product:us:testproduct:testproduct-two:1565042846671
java.io.FileNotFoundException: _test_storage_/testproduct/testproduct-two/us/1565042846671/product.xml (No such file or directory)
	at java.base/java.io.FileInputStream.open0(Native Method)
	at java.base/java.io.FileInputStream.open(FileInputStream.java:219)
	at java.base/java.io.FileInputStream.<init>(FileInputStream.java:157)
	at gov.usgs.util.StreamUtils.getInputStream(StreamUtils.java:60)
	at gov.usgs.earthquake.product.io.DirectoryProductSource.streamTo(DirectoryProductSource.java:55)
	at gov.usgs.earthquake.product.io.ObjectProductHandler.getProduct(ObjectProductHandler.java:172)
	at gov.usgs.earthquake.distribution.FileProductStorage.getProduct(FileProductStorage.java:465)
	at gov.usgs.earthquake.indexer.ExternalIndexerListener.storeProduct(ExternalIndexerListener.java:197)
	at gov.usgs.earthquake.indexer.ExternalIndexerListener.onIndexerEvent(ExternalIndexerListener.java:131)
	at gov.usgs.earthquake.indexer.IndexerListenerCallable.call(IndexerListenerCallable.java:36)
	at gov.usgs.earthquake.indexer.IndexerListenerCallable.call(IndexerListenerCallable.java:12)
	at gov.usgs.util.ExecutorTask.run(ExecutorTask.java:183)
	at java.base/java.util.concurrent.Executors$RunnableAdapter.call(Executors.java:515)
	at java.base/java.util.concurrent.FutureTask.run(FutureTask.java:264)
	at java.base/java.util.concurrent.ThreadPoolExecutor.runWorker(ThreadPoolExecutor.java:1128)
	at java.base/java.util.concurrent.ThreadPoolExecutor$Worker.run(ThreadPoolExecutor.java:628)
	at java.base/java.lang.Thread.run(Thread.java:834)
FINER	thread=944	[null] product removed, id=urn:usgs-product:us:testproduct:testproduct-two:1565042846671
FINEST	thread=944	[null] releasing write lock for product id=urn:usgs-product:us:testproduct:testproduct-two:1565042846671
FINEST	thread=944	[null] released write lock for product id=urn:usgs-product:us:testproduct:testproduct-two:1565042846671
FINEST	thread=944	[null] releasing write lock for product id=urn:usgs-product:us:testproduct:testproduct-two:1565042846671
FINE	thread=945	Exception: _test_storage_/testproduct/testproduct-two/us/1565042846671/product.xml (No such file or directory) source=us, type=testproduct, code=testproduct-two, updateTime=Mon Aug 05 16:07:26 MDT 2019
FINEST	thread=944	[null] released write lock for product id=urn:usgs-product:us:testproduct:testproduct-two:1565042846671
FINEST	thread=945	Tracker updates disabled, not sent
WARNING	thread=944	[null] listener (null) threw exception, for product id=urn:usgs-product:us:testproduct:testproduct-two:1565042846671
java.io.IOException: Unable to create directory /Users/cbass/Projects/pdl/_test_storage_/testproduct/testproduct-two/us/1565042846671
	at gov.usgs.util.StreamUtils.getOutputStream(StreamUtils.java:153)
	at gov.usgs.util.StreamUtils.getOutputStream(StreamUtils.java:183)
	at gov.usgs.earthquake.product.io.DirectoryProductHandler.onEndProduct(DirectoryProductHandler.java:68)
	at gov.usgs.earthquake.product.io.FilterProductHandler.onEndProduct(FilterProductHandler.java:71)
	at gov.usgs.earthquake.distribution.FileProductStorage$StorageProductOutput.onEndProduct(FileProductStorage.java:855)
	at gov.usgs.earthquake.product.io.ObjectProductSource.sendEndProduct(ObjectProductSource.java:166)
	at gov.usgs.earthquake.product.io.ObjectProductSource.streamTo(ObjectProductSource.java:62)
	at gov.usgs.earthquake.distribution.FileProductStorage.storeProductSource(FileProductStorage.java:693)
	at gov.usgs.earthquake.distribution.FileProductStorage.storeProduct(FileProductStorage.java:675)
	at gov.usgs.earthquake.indexer.ExternalIndexerListener.storeProduct(ExternalIndexerListener.java:196)
	at gov.usgs.earthquake.indexer.ExternalIndexerListener.onIndexerEvent(ExternalIndexerListener.java:131)
	at gov.usgs.earthquake.indexer.IndexerListenerCallable.call(IndexerListenerCallable.java:36)
	at gov.usgs.earthquake.indexer.IndexerListenerCallable.call(IndexerListenerCallable.java:12)
	at gov.usgs.util.ExecutorTask.run(ExecutorTask.java:183)
	at java.base/java.util.concurrent.Executors$RunnableAdapter.call(Executors.java:515)
	at java.base/java.util.concurrent.FutureTask.run(FutureTask.java:264)
	at java.base/java.util.concurrent.ThreadPoolExecutor.runWorker(ThreadPoolExecutor.java:1128)
	at java.base/java.util.concurrent.ThreadPoolExecutor$Worker.run(ThreadPoolExecutor.java:628)
	at java.base/java.lang.Thread.run(Thread.java:834)
INFO	thread=945	Exception executing task
java.io.FileNotFoundException: _test_storage_/testproduct/testproduct-two/us/1565042846671/product.xml (No such file or directory)
	at java.base/java.io.FileInputStream.open0(Native Method)
	at java.base/java.io.FileInputStream.open(FileInputStream.java:219)
	at java.base/java.io.FileInputStream.<init>(FileInputStream.java:157)
	at gov.usgs.util.StreamUtils.getInputStream(StreamUtils.java:60)
	at gov.usgs.earthquake.product.io.DirectoryProductSource.streamTo(DirectoryProductSource.java:55)
	at gov.usgs.earthquake.product.io.ObjectProductHandler.getProduct(ObjectProductHandler.java:172)
	at gov.usgs.earthquake.distribution.FileProductStorage.getProduct(FileProductStorage.java:465)
	at gov.usgs.earthquake.indexer.ExternalIndexerListener.storeProduct(ExternalIndexerListener.java:197)
	at gov.usgs.earthquake.indexer.ExternalIndexerListener.onIndexerEvent(ExternalIndexerListener.java:131)
	at gov.usgs.earthquake.indexer.IndexerListenerCallable.call(IndexerListenerCallable.java:36)
	at gov.usgs.earthquake.indexer.IndexerListenerCallable.call(IndexerListenerCallable.java:12)
	at gov.usgs.util.ExecutorTask.run(ExecutorTask.java:183)
	at java.base/java.util.concurrent.Executors$RunnableAdapter.call(Executors.java:515)
	at java.base/java.util.concurrent.FutureTask.run(FutureTask.java:264)
	at java.base/java.util.concurrent.ThreadPoolExecutor.runWorker(ThreadPoolExecutor.java:1128)
	at java.base/java.util.concurrent.ThreadPoolExecutor$Worker.run(ThreadPoolExecutor.java:628)
	at java.base/java.lang.Thread.run(Thread.java:834)
FINE	thread=944	Exception: Unable to create directory /Users/cbass/Projects/pdl/_test_storage_/testproduct/testproduct-two/us/1565042846671 source=us, type=testproduct, code=testproduct-two, updateTime=Mon Aug 05 16:07:26 MDT 2019
FINEST	thread=944	Tracker updates disabled, not sent
INFO	thread=944	Exception executing task
java.io.IOException: Unable to create directory /Users/cbass/Projects/pdl/_test_storage_/testproduct/testproduct-two/us/1565042846671
	at gov.usgs.util.StreamUtils.getOutputStream(StreamUtils.java:153)
	at gov.usgs.util.StreamUtils.getOutputStream(StreamUtils.java:183)
	at gov.usgs.earthquake.product.io.DirectoryProductHandler.onEndProduct(DirectoryProductHandler.java:68)
	at gov.usgs.earthquake.product.io.FilterProductHandler.onEndProduct(FilterProductHandler.java:71)
	at gov.usgs.earthquake.distribution.FileProductStorage$StorageProductOutput.onEndProduct(FileProductStorage.java:855)
	at gov.usgs.earthquake.product.io.ObjectProductSource.sendEndProduct(ObjectProductSource.java:166)
	at gov.usgs.earthquake.product.io.ObjectProductSource.streamTo(ObjectProductSource.java:62)
	at gov.usgs.earthquake.distribution.FileProductStorage.storeProductSource(FileProductStorage.java:693)
	at gov.usgs.earthquake.distribution.FileProductStorage.storeProduct(FileProductStorage.java:675)
	at gov.usgs.earthquake.indexer.ExternalIndexerListener.storeProduct(ExternalIndexerListener.java:196)
	at gov.usgs.earthquake.indexer.ExternalIndexerListener.onIndexerEvent(ExternalIndexerListener.java:131)
	at gov.usgs.earthquake.indexer.IndexerListenerCallable.call(IndexerListenerCallable.java:36)
	at gov.usgs.earthquake.indexer.IndexerListenerCallable.call(IndexerListenerCallable.java:12)
	at gov.usgs.util.ExecutorTask.run(ExecutorTask.java:183)
	at java.base/java.util.concurrent.Executors$RunnableAdapter.call(Executors.java:515)
	at java.base/java.util.concurrent.FutureTask.run(FutureTask.java:264)
	at java.base/java.util.concurrent.ThreadPoolExecutor.runWorker(ThreadPoolExecutor.java:1128)
	at java.base/java.util.concurrent.ThreadPoolExecutor$Worker.run(ThreadPoolExecutor.java:628)
	at java.base/java.lang.Thread.run(Thread.java:834)
FINEST	thread=13	[null] storing product id=urn:usgs-product:admin:associate:notustestproduct-one_ustestproduct-two:1565042846730
FINEST	thread=13	[null] acquiring write lock for product id=urn:usgs-product:admin:associate:notustestproduct-one_ustestproduct-two:1565042846730
FINEST	thread=13	[null] acquired write lock for product id=urn:usgs-product:admin:associate:notustestproduct-one_ustestproduct-two:1565042846730
FINEST	thread=13	[null] acquiring read lock for product id=urn:usgs-product:admin:associate:notustestproduct-one_ustestproduct-two:1565042846730
FINEST	thread=13	[null] acquired read lock for product id=urn:usgs-product:admin:associate:notustestproduct-one_ustestproduct-two:1565042846730
FINEST	thread=13	[null] releasing read lock for product id=urn:usgs-product:admin:associate:notustestproduct-one_ustestproduct-two:1565042846730
FINEST	thread=13	[null] released read lock for product id=urn:usgs-product:admin:associate:notustestproduct-one_ustestproduct-two:1565042846730
FINER	thread=13	[null] product stored id=urn:usgs-product:admin:associate:notustestproduct-one_ustestproduct-two:1565042846730, status=UPDATE
FINEST	thread=13	[null] releasing write lock for product id=urn:usgs-product:admin:associate:notustestproduct-one_ustestproduct-two:1565042846730
FINEST	thread=13	[null] released write lock for product id=urn:usgs-product:admin:associate:notustestproduct-one_ustestproduct-two:1565042846730
FINEST	thread=13	[null] stored product id=urn:usgs-product:admin:associate:notustestproduct-one_ustestproduct-two:1565042846730
FINER	thread=13	[null] summarizing product id=urn:usgs-product:admin:associate:notustestproduct-one_ustestproduct-two:1565042846730
FINEST	thread=13	[null] beginning index transaction
FINER	thread=13	[null] finding previous version
FINEST	thread=13	[null] running query 
SELECT DISTINCT id FROM productSummary p WHERE p.id IS NOT NULL AND p.id = (SELECT id FROM productSummary ps WHERE ps.source='admin' AND ps.type='associate' AND ps.code='notustestproduct-one_ustestproduct-two' AND ps.status <> 'DELETE' ORDER BY ps.updateTime DESC LIMIT 1) AND source='admin' AND type='associate' AND code='notustestproduct-one_ustestproduct-two'
FINEST	thread=13	[null] query complete
FINER	thread=13	[null] finding previous event
FINEST	thread=13	Product Index Query
eventSearchType=SEARCH_EVENT_PRODUCTS
resultType=RESULT_TYPE_ALL
eventSource=us
eventSourceCode=testproduct-two
FINER	thread=13	[null] adding summary to index
FINEST	thread=13	[null] Added property eventsourcecode:testproduct-two for product 3
FINEST	thread=13	[null] Added property othereventsourcecode:testproduct-one for product 3
FINEST	thread=13	[null] Added property eventsource:us for product 3
FINEST	thread=13	[null] Added property othereventsource:notus for product 3
FINEST	thread=13	[null] Added productSummary urn:usgs-product:admin:associate:notustestproduct-one_ustestproduct-two:1565042846730, indexid=3 to product index
FINER	thread=13	[null] found existing event indexid=2
FINE	thread=13	Eventindexid=2, eventid=ustestproduct-two, latitude=37.0, longitude=-122.0, time=Mon Aug 05 16:07:26 MDT 2019, deleted=false
FINER	thread=13	Products in event
	status=UPDATE, id=urn:usgs-product:us:testproduct:testproduct-two:1565042846671, eventid=ustestproduct-two, latitude=37.0, longitude=-122.0, time=Mon Aug 05 16:07:26 MDT 2019
FINER	thread=13	[null] Added associations event id=2, productSummary source=admin, type=associate, code=notustestproduct-one_ustestproduct-two (id=3)
FINER	thread=13	[null] checking for event splits
FINER	thread=13	[null] checking for event merges
FINEST	thread=13	Product Index Query
eventSearchType=SEARCH_EVENT_PREFERRED
resultType=RESULT_TYPE_ALL
minEventTime=Mon Aug 05 16:07:10 MDT 2019
maxEventTime=Mon Aug 05 16:07:42 MDT 2019
minEventLatitude=36.10007199424046075986183268469176255166530609130859375
maxEventLatitude=37.89992800575953924013816731530823744833469390869140625
minEventLongitude=-123.12683194578494294546544551849365234375
maxEventLongitude=-120.87316805421505705453455448150634765625
FINER	thread=13	[null] searching for nearby events
FINER	thread=13	[null] search for nearby events complete
FINER	thread=13	[null] searching for unassociated products
FINER	thread=13	[null] search for unassociated products complete
FINER	thread=13	[null] searching for associated event
FINER	thread=13	[null] search for associated event complete
FINER	thread=13	[null] Removed associations event id=1, productSummary source=us, type=testproduct, code=testproduct-one (id=1)
FINER	thread=13	[null] Removed associations event id=1, productSummary source=us, type=testproduct, code=testproduct-one (id=1)
FINER	thread=13	[null] Added associations event id=2, productSummary source=us, type=testproduct, code=testproduct-one (id=1)
FINEST	thread=13	[null] Removed event id=1
FINER	thread=13	[null] updating event summary parameters
FINER	thread=13	[null] Updating event indexid=2
FINE	thread=13	Eventindexid=2, eventid=ustestproduct-two, latitude=37.0, longitude=-122.0, time=Mon Aug 05 16:07:26 MDT 2019, deleted=false
FINER	thread=13	Products in event
	status=UPDATE, id=urn:usgs-product:us:testproduct:testproduct-two:1565042846671, eventid=ustestproduct-two, latitude=37.0, longitude=-122.0, time=Mon Aug 05 16:07:26 MDT 2019
	status=UPDATE, id=urn:usgs-product:us:testproduct:testproduct-one:1565042846608, eventid=notustestproduct-one, latitude=35.0, longitude=-118.0, time=Mon Aug 05 16:07:26 MDT 2019
	status=UPDATE, id=urn:usgs-product:admin:associate:notustestproduct-one_ustestproduct-two:1565042846730, eventid=ustestproduct-two, latitude=null, longitude=null, time=null
FINEST	thread=13	[null] Updated event properties in Product Index
FINER	thread=13	[null] committing transaction
FINE	thread=13	[null] notifying listeners
INFO	thread=13	[null] indexed product id=urn:usgs-product:admin:associate:notustestproduct-one_ustestproduct-two:1565042846730, status=UPDATE
EVENT_MERGED notustestproduct-one => null
EVENT_UPDATED ustestproduct-two => ustestproduct-two
FINEST	thread=944	[null] acquiring read lock for product id=urn:usgs-product:admin:associate:notustestproduct-one_ustestproduct-two:1565042846730
FINEST	thread=944	[null] acquired read lock for product id=urn:usgs-product:admin:associate:notustestproduct-one_ustestproduct-two:1565042846730
FINEST	thread=944	[null] releasing read lock for product id=urn:usgs-product:admin:associate:notustestproduct-one_ustestproduct-two:1565042846730
FINEST	thread=944	[null] released read lock for product id=urn:usgs-product:admin:associate:notustestproduct-one_ustestproduct-two:1565042846730
FINEST	thread=945	[null] acquiring read lock for product id=urn:usgs-product:admin:associate:notustestproduct-one_ustestproduct-two:1565042846730
FINEST	thread=945	[null] acquired read lock for product id=urn:usgs-product:admin:associate:notustestproduct-one_ustestproduct-two:1565042846730
FINEST	thread=945	[null] releasing read lock for product id=urn:usgs-product:admin:associate:notustestproduct-one_ustestproduct-two:1565042846730
FINEST	thread=945	[null] released read lock for product id=urn:usgs-product:admin:associate:notustestproduct-one_ustestproduct-two:1565042846730
FINER	thread=944	[DirectoryProductSource] Product does not have any  URLContent. Scraping directory for files.
FINEST	thread=944	[null] acquiring write lock for product id=urn:usgs-product:admin:associate:notustestproduct-one_ustestproduct-two:1565042846730
FINEST	thread=944	[null] acquired write lock for product id=urn:usgs-product:admin:associate:notustestproduct-one_ustestproduct-two:1565042846730
FINEST	thread=944	[null] acquiring read lock for product id=urn:usgs-product:admin:associate:notustestproduct-one_ustestproduct-two:1565042846730
FINEST	thread=944	[null] acquired read lock for product id=urn:usgs-product:admin:associate:notustestproduct-one_ustestproduct-two:1565042846730
FINEST	thread=944	[null] releasing read lock for product id=urn:usgs-product:admin:associate:notustestproduct-one_ustestproduct-two:1565042846730
FINEST	thread=944	[null] released read lock for product id=urn:usgs-product:admin:associate:notustestproduct-one_ustestproduct-two:1565042846730
FINER	thread=945	[DirectoryProductSource] Product does not have any  URLContent. Scraping directory for files.
FINEST	thread=945	[null] acquiring write lock for product id=urn:usgs-product:admin:associate:notustestproduct-one_ustestproduct-two:1565042846730
FINEST	thread=945	[null] acquired write lock for product id=urn:usgs-product:admin:associate:notustestproduct-one_ustestproduct-two:1565042846730
FINEST	thread=945	[null] acquiring read lock for product id=urn:usgs-product:admin:associate:notustestproduct-one_ustestproduct-two:1565042846730
FINEST	thread=945	[null] acquired read lock for product id=urn:usgs-product:admin:associate:notustestproduct-one_ustestproduct-two:1565042846730
FINEST	thread=945	[null] releasing read lock for product id=urn:usgs-product:admin:associate:notustestproduct-one_ustestproduct-two:1565042846730
FINEST	thread=945	[null] released read lock for product id=urn:usgs-product:admin:associate:notustestproduct-one_ustestproduct-two:1565042846730
WARNING	thread=945	[null] exception while storing product, removing incomplete product
java.io.IOException: Unable to create directory /Users/cbass/Projects/pdl/_test_storage_/associate/notustestproduct-one_ustestproduct-two/admin/1565042846730
	at gov.usgs.util.StreamUtils.getOutputStream(StreamUtils.java:153)
	at gov.usgs.util.StreamUtils.getOutputStream(StreamUtils.java:183)
	at gov.usgs.earthquake.product.io.DirectoryProductHandler.onEndProduct(DirectoryProductHandler.java:68)
	at gov.usgs.earthquake.product.io.FilterProductHandler.onEndProduct(FilterProductHandler.java:71)
	at gov.usgs.earthquake.distribution.FileProductStorage$StorageProductOutput.onEndProduct(FileProductStorage.java:855)
	at gov.usgs.earthquake.product.io.ObjectProductSource.sendEndProduct(ObjectProductSource.java:166)
	at gov.usgs.earthquake.product.io.ObjectProductSource.streamTo(ObjectProductSource.java:62)
	at gov.usgs.earthquake.distribution.FileProductStorage.storeProductSource(FileProductStorage.java:693)
	at gov.usgs.earthquake.distribution.FileProductStorage.storeProduct(FileProductStorage.java:675)
	at gov.usgs.earthquake.indexer.ExternalIndexerListener.storeProduct(ExternalIndexerListener.java:196)
	at gov.usgs.earthquake.indexer.ExternalIndexerListener.onIndexerEvent(ExternalIndexerListener.java:131)
	at gov.usgs.earthquake.indexer.IndexerListenerCallable.call(IndexerListenerCallable.java:36)
	at gov.usgs.earthquake.indexer.IndexerListenerCallable.call(IndexerListenerCallable.java:12)
	at gov.usgs.util.ExecutorTask.run(ExecutorTask.java:183)
	at java.base/java.util.concurrent.Executors$RunnableAdapter.call(Executors.java:515)
	at java.base/java.util.concurrent.FutureTask.run(FutureTask.java:264)
	at java.base/java.util.concurrent.ThreadPoolExecutor.runWorker(ThreadPoolExecutor.java:1128)
	at java.base/java.util.concurrent.ThreadPoolExecutor$Worker.run(ThreadPoolExecutor.java:628)
	at java.base/java.lang.Thread.run(Thread.java:834)
FINEST	thread=945	[null] acquiring write lock for product id=urn:usgs-product:admin:associate:notustestproduct-one_ustestproduct-two:1565042846730
FINEST	thread=945	[null] acquired write lock for product id=urn:usgs-product:admin:associate:notustestproduct-one_ustestproduct-two:1565042846730
FINER	thread=944	[null] product stored id=urn:usgs-product:admin:associate:notustestproduct-one_ustestproduct-two:1565042846730, status=UPDATE
FINEST	thread=944	[null] releasing write lock for product id=urn:usgs-product:admin:associate:notustestproduct-one_ustestproduct-two:1565042846730
FINEST	thread=944	[null] released write lock for product id=urn:usgs-product:admin:associate:notustestproduct-one_ustestproduct-two:1565042846730
FINEST	thread=944	[null] acquiring read lock for product id=urn:usgs-product:admin:associate:notustestproduct-one_ustestproduct-two:1565042846730
FINEST	thread=944	[null] acquired read lock for product id=urn:usgs-product:admin:associate:notustestproduct-one_ustestproduct-two:1565042846730
FINEST	thread=944	[null] releasing read lock for product id=urn:usgs-product:admin:associate:notustestproduct-one_ustestproduct-two:1565042846730
FINEST	thread=944	[null] released read lock for product id=urn:usgs-product:admin:associate:notustestproduct-one_ustestproduct-two:1565042846730
FINER	thread=944	[DirectoryProductSource] Product does not have any  URLContent. Scraping directory for files.
FINEST	thread=944	[null] acquiring read lock for product id=urn:usgs-product:admin:associate:notustestproduct-one_ustestproduct-two:1565042846730
FINEST	thread=944	[null] acquired read lock for product id=urn:usgs-product:admin:associate:notustestproduct-one_ustestproduct-two:1565042846730
FINEST	thread=944	[null] releasing read lock for product id=urn:usgs-product:admin:associate:notustestproduct-one_ustestproduct-two:1565042846730
FINEST	thread=944	[null] released read lock for product id=urn:usgs-product:admin:associate:notustestproduct-one_ustestproduct-two:1565042846730
FINER	thread=944	[DirectoryProductSource] Product does not have any  URLContent. Scraping directory for files.
INFO	thread=944	[null] running command echo --directory=/Users/cbass/Projects/pdl/_test_storage_/associate/notustestproduct-one_ustestproduct-two/admin/1565042846730 --type=associate --code=notustestproduct-one_ustestproduct-two --source=admin --updateTime=2019-08-05T22:07:26.730Z --status=UPDATE --trackerURL=http://localhost/tracker "--property-eventsourcecode=testproduct-two" "--property-othereventsourcecode=testproduct-one" "--property-eventsource=us" "--property-othereventsource=notus" --action=EVENT_MERGED
FINER	thread=945	[null] product removed, id=urn:usgs-product:admin:associate:notustestproduct-one_ustestproduct-two:1565042846730
FINEST	thread=945	[null] releasing write lock for product id=urn:usgs-product:admin:associate:notustestproduct-one_ustestproduct-two:1565042846730
FINEST	thread=945	[null] released write lock for product id=urn:usgs-product:admin:associate:notustestproduct-one_ustestproduct-two:1565042846730
FINEST	thread=945	[null] releasing write lock for product id=urn:usgs-product:admin:associate:notustestproduct-one_ustestproduct-two:1565042846730
FINEST	thread=945	[null] released write lock for product id=urn:usgs-product:admin:associate:notustestproduct-one_ustestproduct-two:1565042846730
WARNING	thread=945	[null] listener (null) threw exception, for product id=urn:usgs-product:admin:associate:notustestproduct-one_ustestproduct-two:1565042846730
java.io.IOException: Unable to create directory /Users/cbass/Projects/pdl/_test_storage_/associate/notustestproduct-one_ustestproduct-two/admin/1565042846730
	at gov.usgs.util.StreamUtils.getOutputStream(StreamUtils.java:153)
	at gov.usgs.util.StreamUtils.getOutputStream(StreamUtils.java:183)
	at gov.usgs.earthquake.product.io.DirectoryProductHandler.onEndProduct(DirectoryProductHandler.java:68)
	at gov.usgs.earthquake.product.io.FilterProductHandler.onEndProduct(FilterProductHandler.java:71)
	at gov.usgs.earthquake.distribution.FileProductStorage$StorageProductOutput.onEndProduct(FileProductStorage.java:855)
	at gov.usgs.earthquake.product.io.ObjectProductSource.sendEndProduct(ObjectProductSource.java:166)
	at gov.usgs.earthquake.product.io.ObjectProductSource.streamTo(ObjectProductSource.java:62)
	at gov.usgs.earthquake.distribution.FileProductStorage.storeProductSource(FileProductStorage.java:693)
	at gov.usgs.earthquake.distribution.FileProductStorage.storeProduct(FileProductStorage.java:675)
	at gov.usgs.earthquake.indexer.ExternalIndexerListener.storeProduct(ExternalIndexerListener.java:196)
	at gov.usgs.earthquake.indexer.ExternalIndexerListener.onIndexerEvent(ExternalIndexerListener.java:131)
	at gov.usgs.earthquake.indexer.IndexerListenerCallable.call(IndexerListenerCallable.java:36)
	at gov.usgs.earthquake.indexer.IndexerListenerCallable.call(IndexerListenerCallable.java:12)
	at gov.usgs.util.ExecutorTask.run(ExecutorTask.java:183)
	at java.base/java.util.concurrent.Executors$RunnableAdapter.call(Executors.java:515)
	at java.base/java.util.concurrent.FutureTask.run(FutureTask.java:264)
	at java.base/java.util.concurrent.ThreadPoolExecutor.runWorker(ThreadPoolExecutor.java:1128)
	at java.base/java.util.concurrent.ThreadPoolExecutor$Worker.run(ThreadPoolExecutor.java:628)
	at java.base/java.lang.Thread.run(Thread.java:834)
FINE	thread=945	Exception: Unable to create directory /Users/cbass/Projects/pdl/_test_storage_/associate/notustestproduct-one_ustestproduct-two/admin/1565042846730 source=admin, type=associate, code=notustestproduct-one_ustestproduct-two, updateTime=Mon Aug 05 16:07:26 MDT 2019
FINEST	thread=945	Tracker updates disabled, not sent
INFO	thread=945	Exception executing task
java.io.IOException: Unable to create directory /Users/cbass/Projects/pdl/_test_storage_/associate/notustestproduct-one_ustestproduct-two/admin/1565042846730
	at gov.usgs.util.StreamUtils.getOutputStream(StreamUtils.java:153)
	at gov.usgs.util.StreamUtils.getOutputStream(StreamUtils.java:183)
	at gov.usgs.earthquake.product.io.DirectoryProductHandler.onEndProduct(DirectoryProductHandler.java:68)
	at gov.usgs.earthquake.product.io.FilterProductHandler.onEndProduct(FilterProductHandler.java:71)
	at gov.usgs.earthquake.distribution.FileProductStorage$StorageProductOutput.onEndProduct(FileProductStorage.java:855)
	at gov.usgs.earthquake.product.io.ObjectProductSource.sendEndProduct(ObjectProductSource.java:166)
	at gov.usgs.earthquake.product.io.ObjectProductSource.streamTo(ObjectProductSource.java:62)
	at gov.usgs.earthquake.distribution.FileProductStorage.storeProductSource(FileProductStorage.java:693)
	at gov.usgs.earthquake.distribution.FileProductStorage.storeProduct(FileProductStorage.java:675)
	at gov.usgs.earthquake.indexer.ExternalIndexerListener.storeProduct(ExternalIndexerListener.java:196)
	at gov.usgs.earthquake.indexer.ExternalIndexerListener.onIndexerEvent(ExternalIndexerListener.java:131)
	at gov.usgs.earthquake.indexer.IndexerListenerCallable.call(IndexerListenerCallable.java:36)
	at gov.usgs.earthquake.indexer.IndexerListenerCallable.call(IndexerListenerCallable.java:12)
	at gov.usgs.util.ExecutorTask.run(ExecutorTask.java:183)
	at java.base/java.util.concurrent.Executors$RunnableAdapter.call(Executors.java:515)
	at java.base/java.util.concurrent.FutureTask.run(FutureTask.java:264)
	at java.base/java.util.concurrent.ThreadPoolExecutor.runWorker(ThreadPoolExecutor.java:1128)
	at java.base/java.util.concurrent.ThreadPoolExecutor$Worker.run(ThreadPoolExecutor.java:628)
	at java.base/java.lang.Thread.run(Thread.java:834)
INFO	thread=944	[null] command 'echo --directory=/Users/cbass/Projects/pdl/_test_storage_/associate/notustestproduct-one_ustestproduct-two/admin/1565042846730 --type=associate --code=notustestproduct-one_ustestproduct-two --source=admin --updateTime=2019-08-05T22:07:26.730Z --status=UPDATE --trackerURL=http://localhost/tracker "--property-eventsourcecode=testproduct-two" "--property-othereventsourcecode=testproduct-one" "--property-eventsource=us" "--property-othereventsource=notus" --action=EVENT_MERGED' exited with status '0'
FINEST	thread=944	[null] acquiring read lock for product id=urn:usgs-product:admin:associate:notustestproduct-one_ustestproduct-two:1565042846730
FINEST	thread=944	[null] acquired read lock for product id=urn:usgs-product:admin:associate:notustestproduct-one_ustestproduct-two:1565042846730
FINEST	thread=944	[null] releasing read lock for product id=urn:usgs-product:admin:associate:notustestproduct-one_ustestproduct-two:1565042846730
FINEST	thread=944	[null] released read lock for product id=urn:usgs-product:admin:associate:notustestproduct-one_ustestproduct-two:1565042846730
INFO	thread=944	[null] running command echo --preferred-eventid=ustestproduct-two --preferred-eventsource=us --preferred-eventsourcecode=testproduct-two --eventids=notustestproduct-one,ustestproduct-two --preferred-magnitude=5.0 --preferred-latitude=37.0 --preferred-longitude=-122.0 --preferred-depth=50.0 --preferred-eventtime=2019-08-05T22:07:26.608Z --type=associate --code=notustestproduct-one_ustestproduct-two --source=admin --updateTime=2019-08-05T22:07:26.730Z --status=UPDATE --trackerURL=http://localhost/tracker "--property-eventsourcecode=testproduct-two" "--property-othereventsourcecode=testproduct-one" "--property-eventsource=us" "--property-othereventsource=notus" --action=EVENT_UPDATED
INFO	thread=944	[null] command 'echo --preferred-eventid=ustestproduct-two --preferred-eventsource=us --preferred-eventsourcecode=testproduct-two --eventids=notustestproduct-one,ustestproduct-two --preferred-magnitude=5.0 --preferred-latitude=37.0 --preferred-longitude=-122.0 --preferred-depth=50.0 --preferred-eventtime=2019-08-05T22:07:26.608Z --type=associate --code=notustestproduct-one_ustestproduct-two --source=admin --updateTime=2019-08-05T22:07:26.730Z --status=UPDATE --trackerURL=http://localhost/tracker "--property-eventsourcecode=testproduct-two" "--property-othereventsourcecode=testproduct-one" "--property-eventsource=us" "--property-othereventsource=notus" --action=EVENT_UPDATED' exited with status '0'
CONFIG	thread=13	[null] maxTries = 1
CONFIG	thread=13	[null] maxTries = 1
CONFIG	thread=13	[null] timeout = 0ms
CONFIG	thread=13	[null] retry delay = 300000ms
CONFIG	thread=13	[null] process duplicates = false
CONFIG	thread=13	[null] include paths = []
CONFIG	thread=13	[null] exclude paths = []
CONFIG	thread=13	[null] using storage directory /Users/cbass/Projects/pdl/storage
CONFIG	thread=13	[null] loading ArchivePolicy 'testPolicy'
CONFIG	thread=13	[null] archive interval is '500'
CONFIG	thread=13	[null] no indexer modules configured.
CONFIG	thread=13	[null] no indexer listeners configured.
CONFIG	thread=13	[null] Local regions file: regions.json
CONFIG	thread=13	[null] associateUsingCurrentProducts = false
INFO	thread=961	Archiving disabled
INFO	thread=961	[null] purged 0 expired events and 0 expired unassociated products.
FINE	thread=13	Eventindexid=1, eventid=notustestproduct-one, latitude=35.0, longitude=-118.0, time=Mon Aug 05 16:07:26 MDT 2019, deleted=false
FINE	thread=13	Eventindexid=1, eventid=notustestproduct-one, latitude=35.0, longitude=-118.0, time=Mon Aug 05 16:07:26 MDT 2019, deleted=false
FINE	thread=13	[null] notifying listeners
INFO	thread=13	[null] indexed product id=urn:usgs-product:us:testproduct:testproduct-one:1565042846794, status=UPDATE
EVENT_ADDED null => notustestproduct-one
WARNING	thread=962	[null] exception while storing product, removing incomplete product
java.io.IOException: Unable to create directory /Users/cbass/Projects/pdl/_test_storage_/testproduct/testproduct-one/us/1565042846794
	at gov.usgs.util.StreamUtils.getOutputStream(StreamUtils.java:153)
	at gov.usgs.util.StreamUtils.getOutputStream(StreamUtils.java:183)
	at gov.usgs.earthquake.product.io.DirectoryProductHandler.onEndProduct(DirectoryProductHandler.java:68)
	at gov.usgs.earthquake.product.io.FilterProductHandler.onEndProduct(FilterProductHandler.java:71)
	at gov.usgs.earthquake.distribution.FileProductStorage$StorageProductOutput.onEndProduct(FileProductStorage.java:855)
	at gov.usgs.earthquake.product.io.ObjectProductSource.sendEndProduct(ObjectProductSource.java:166)
	at gov.usgs.earthquake.product.io.ObjectProductSource.streamTo(ObjectProductSource.java:62)
	at gov.usgs.earthquake.distribution.FileProductStorage.storeProductSource(FileProductStorage.java:693)
	at gov.usgs.earthquake.distribution.FileProductStorage.storeProduct(FileProductStorage.java:675)
	at gov.usgs.earthquake.indexer.ExternalIndexerListener.storeProduct(ExternalIndexerListener.java:196)
	at gov.usgs.earthquake.indexer.ExternalIndexerListener.onIndexerEvent(ExternalIndexerListener.java:131)
	at gov.usgs.earthquake.indexer.IndexerListenerCallable.call(IndexerListenerCallable.java:36)
	at gov.usgs.earthquake.indexer.IndexerListenerCallable.call(IndexerListenerCallable.java:12)
	at gov.usgs.util.ExecutorTask.run(ExecutorTask.java:183)
	at java.base/java.util.concurrent.Executors$RunnableAdapter.call(Executors.java:515)
	at java.base/java.util.concurrent.FutureTask.run(FutureTask.java:264)
	at java.base/java.util.concurrent.ThreadPoolExecutor.runWorker(ThreadPoolExecutor.java:1128)
	at java.base/java.util.concurrent.ThreadPoolExecutor$Worker.run(ThreadPoolExecutor.java:628)
	at java.base/java.lang.Thread.run(Thread.java:834)
WARNING	thread=962	[null] listener (null) threw exception, for product id=urn:usgs-product:us:testproduct:testproduct-one:1565042846794
java.io.IOException: Unable to create directory /Users/cbass/Projects/pdl/_test_storage_/testproduct/testproduct-one/us/1565042846794
	at gov.usgs.util.StreamUtils.getOutputStream(StreamUtils.java:153)
	at gov.usgs.util.StreamUtils.getOutputStream(StreamUtils.java:183)
	at gov.usgs.earthquake.product.io.DirectoryProductHandler.onEndProduct(DirectoryProductHandler.java:68)
	at gov.usgs.earthquake.product.io.FilterProductHandler.onEndProduct(FilterProductHandler.java:71)
	at gov.usgs.earthquake.distribution.FileProductStorage$StorageProductOutput.onEndProduct(FileProductStorage.java:855)
	at gov.usgs.earthquake.product.io.ObjectProductSource.sendEndProduct(ObjectProductSource.java:166)
	at gov.usgs.earthquake.product.io.ObjectProductSource.streamTo(ObjectProductSource.java:62)
	at gov.usgs.earthquake.distribution.FileProductStorage.storeProductSource(FileProductStorage.java:693)
	at gov.usgs.earthquake.distribution.FileProductStorage.storeProduct(FileProductStorage.java:675)
	at gov.usgs.earthquake.indexer.ExternalIndexerListener.storeProduct(ExternalIndexerListener.java:196)
	at gov.usgs.earthquake.indexer.ExternalIndexerListener.onIndexerEvent(ExternalIndexerListener.java:131)
	at gov.usgs.earthquake.indexer.IndexerListenerCallable.call(IndexerListenerCallable.java:36)
	at gov.usgs.earthquake.indexer.IndexerListenerCallable.call(IndexerListenerCallable.java:12)
	at gov.usgs.util.ExecutorTask.run(ExecutorTask.java:183)
	at java.base/java.util.concurrent.Executors$RunnableAdapter.call(Executors.java:515)
	at java.base/java.util.concurrent.FutureTask.run(FutureTask.java:264)
	at java.base/java.util.concurrent.ThreadPoolExecutor.runWorker(ThreadPoolExecutor.java:1128)
	at java.base/java.util.concurrent.ThreadPoolExecutor$Worker.run(ThreadPoolExecutor.java:628)
	at java.base/java.lang.Thread.run(Thread.java:834)
FINE	thread=962	Exception: Unable to create directory /Users/cbass/Projects/pdl/_test_storage_/testproduct/testproduct-one/us/1565042846794 source=us, type=testproduct, code=testproduct-one, updateTime=Mon Aug 05 16:07:26 MDT 2019
INFO	thread=962	Exception executing task
java.io.IOException: Unable to create directory /Users/cbass/Projects/pdl/_test_storage_/testproduct/testproduct-one/us/1565042846794
	at gov.usgs.util.StreamUtils.getOutputStream(StreamUtils.java:153)
	at gov.usgs.util.StreamUtils.getOutputStream(StreamUtils.java:183)
	at gov.usgs.earthquake.product.io.DirectoryProductHandler.onEndProduct(DirectoryProductHandler.java:68)
	at gov.usgs.earthquake.product.io.FilterProductHandler.onEndProduct(FilterProductHandler.java:71)
	at gov.usgs.earthquake.distribution.FileProductStorage$StorageProductOutput.onEndProduct(FileProductStorage.java:855)
	at gov.usgs.earthquake.product.io.ObjectProductSource.sendEndProduct(ObjectProductSource.java:166)
	at gov.usgs.earthquake.product.io.ObjectProductSource.streamTo(ObjectProductSource.java:62)
	at gov.usgs.earthquake.distribution.FileProductStorage.storeProductSource(FileProductStorage.java:693)
	at gov.usgs.earthquake.distribution.FileProductStorage.storeProduct(FileProductStorage.java:675)
	at gov.usgs.earthquake.indexer.ExternalIndexerListener.storeProduct(ExternalIndexerListener.java:196)
	at gov.usgs.earthquake.indexer.ExternalIndexerListener.onIndexerEvent(ExternalIndexerListener.java:131)
	at gov.usgs.earthquake.indexer.IndexerListenerCallable.call(IndexerListenerCallable.java:36)
	at gov.usgs.earthquake.indexer.IndexerListenerCallable.call(IndexerListenerCallable.java:12)
	at gov.usgs.util.ExecutorTask.run(ExecutorTask.java:183)
	at java.base/java.util.concurrent.Executors$RunnableAdapter.call(Executors.java:515)
	at java.base/java.util.concurrent.FutureTask.run(FutureTask.java:264)
	at java.base/java.util.concurrent.ThreadPoolExecutor.runWorker(ThreadPoolExecutor.java:1128)
	at java.base/java.util.concurrent.ThreadPoolExecutor$Worker.run(ThreadPoolExecutor.java:628)
	at java.base/java.lang.Thread.run(Thread.java:834)
WARNING	thread=965	[null] listener (null) threw exception, for product id=urn:usgs-product:us:testproduct:testproduct-one:1565042846794
java.lang.NullPointerException
	at gov.usgs.earthquake.product.FileContent.getDirectoryContents(FileContent.java:181)
	at gov.usgs.earthquake.product.FileContent.getDirectoryContents(FileContent.java:158)
	at gov.usgs.earthquake.product.io.DirectoryProductSource.streamTo(DirectoryProductSource.java:91)
	at gov.usgs.earthquake.product.io.ObjectProductHandler.getProduct(ObjectProductHandler.java:172)
	at gov.usgs.earthquake.distribution.FileProductStorage.getProduct(FileProductStorage.java:465)
	at gov.usgs.earthquake.indexer.ExternalIndexerListener.storeProduct(ExternalIndexerListener.java:197)
	at gov.usgs.earthquake.indexer.ExternalIndexerListener.onIndexerEvent(ExternalIndexerListener.java:131)
	at gov.usgs.earthquake.indexer.IndexerListenerCallable.call(IndexerListenerCallable.java:36)
	at gov.usgs.earthquake.indexer.IndexerListenerCallable.call(IndexerListenerCallable.java:12)
	at gov.usgs.util.ExecutorTask.run(ExecutorTask.java:183)
	at java.base/java.util.concurrent.Executors$RunnableAdapter.call(Executors.java:515)
	at java.base/java.util.concurrent.FutureTask.run(FutureTask.java:264)
	at java.base/java.util.concurrent.ThreadPoolExecutor.runWorker(ThreadPoolExecutor.java:1128)
	at java.base/java.util.concurrent.ThreadPoolExecutor$Worker.run(ThreadPoolExecutor.java:628)
	at java.base/java.lang.Thread.run(Thread.java:834)
FINE	thread=965	Exception: null source=us, type=testproduct, code=testproduct-one, updateTime=Mon Aug 05 16:07:26 MDT 2019
INFO	thread=965	Exception executing task
java.lang.NullPointerException
	at gov.usgs.earthquake.product.FileContent.getDirectoryContents(FileContent.java:181)
	at gov.usgs.earthquake.product.FileContent.getDirectoryContents(FileContent.java:158)
	at gov.usgs.earthquake.product.io.DirectoryProductSource.streamTo(DirectoryProductSource.java:91)
	at gov.usgs.earthquake.product.io.ObjectProductHandler.getProduct(ObjectProductHandler.java:172)
	at gov.usgs.earthquake.distribution.FileProductStorage.getProduct(FileProductStorage.java:465)
	at gov.usgs.earthquake.indexer.ExternalIndexerListener.storeProduct(ExternalIndexerListener.java:197)
	at gov.usgs.earthquake.indexer.ExternalIndexerListener.onIndexerEvent(ExternalIndexerListener.java:131)
	at gov.usgs.earthquake.indexer.IndexerListenerCallable.call(IndexerListenerCallable.java:36)
	at gov.usgs.earthquake.indexer.IndexerListenerCallable.call(IndexerListenerCallable.java:12)
	at gov.usgs.util.ExecutorTask.run(ExecutorTask.java:183)
	at java.base/java.util.concurrent.Executors$RunnableAdapter.call(Executors.java:515)
	at java.base/java.util.concurrent.FutureTask.run(FutureTask.java:264)
	at java.base/java.util.concurrent.ThreadPoolExecutor.runWorker(ThreadPoolExecutor.java:1128)
	at java.base/java.util.concurrent.ThreadPoolExecutor$Worker.run(ThreadPoolExecutor.java:628)
	at java.base/java.lang.Thread.run(Thread.java:834)
FINE	thread=13	Eventindexid=2, eventid=ustestproduct-two, latitude=37.0, longitude=-122.0, time=Mon Aug 05 16:07:26 MDT 2019, deleted=false
FINE	thread=13	Eventindexid=2, eventid=ustestproduct-two, latitude=37.0, longitude=-122.0, time=Mon Aug 05 16:07:26 MDT 2019, deleted=false
FINE	thread=13	[null] notifying listeners
INFO	thread=13	[null] indexed product id=urn:usgs-product:us:testproduct:testproduct-two:1565042846853, status=UPDATE
EVENT_ADDED null => ustestproduct-two
WARNING	thread=962	[null] exception while storing product, removing incomplete product
java.io.IOException: Unable to create directory /Users/cbass/Projects/pdl/_test_storage_/testproduct/testproduct-two/us/1565042846853
	at gov.usgs.util.StreamUtils.getOutputStream(StreamUtils.java:153)
	at gov.usgs.util.StreamUtils.getOutputStream(StreamUtils.java:183)
	at gov.usgs.earthquake.product.io.DirectoryProductHandler.onEndProduct(DirectoryProductHandler.java:68)
	at gov.usgs.earthquake.product.io.FilterProductHandler.onEndProduct(FilterProductHandler.java:71)
	at gov.usgs.earthquake.distribution.FileProductStorage$StorageProductOutput.onEndProduct(FileProductStorage.java:855)
	at gov.usgs.earthquake.product.io.ObjectProductSource.sendEndProduct(ObjectProductSource.java:166)
	at gov.usgs.earthquake.product.io.ObjectProductSource.streamTo(ObjectProductSource.java:62)
	at gov.usgs.earthquake.distribution.FileProductStorage.storeProductSource(FileProductStorage.java:693)
	at gov.usgs.earthquake.distribution.FileProductStorage.storeProduct(FileProductStorage.java:675)
	at gov.usgs.earthquake.indexer.ExternalIndexerListener.storeProduct(ExternalIndexerListener.java:196)
	at gov.usgs.earthquake.indexer.ExternalIndexerListener.onIndexerEvent(ExternalIndexerListener.java:131)
	at gov.usgs.earthquake.indexer.IndexerListenerCallable.call(IndexerListenerCallable.java:36)
	at gov.usgs.earthquake.indexer.IndexerListenerCallable.call(IndexerListenerCallable.java:12)
	at gov.usgs.util.ExecutorTask.run(ExecutorTask.java:183)
	at java.base/java.util.concurrent.Executors$RunnableAdapter.call(Executors.java:515)
	at java.base/java.util.concurrent.FutureTask.run(FutureTask.java:264)
	at java.base/java.util.concurrent.ThreadPoolExecutor.runWorker(ThreadPoolExecutor.java:1128)
	at java.base/java.util.concurrent.ThreadPoolExecutor$Worker.run(ThreadPoolExecutor.java:628)
	at java.base/java.lang.Thread.run(Thread.java:834)
WARNING	thread=965	[null] listener (null) threw exception, for product id=urn:usgs-product:us:testproduct:testproduct-two:1565042846853
java.io.FileNotFoundException: _test_storage_/testproduct/testproduct-two/us/1565042846853/product.xml (No such file or directory)
	at java.base/java.io.FileInputStream.open0(Native Method)
	at java.base/java.io.FileInputStream.open(FileInputStream.java:219)
	at java.base/java.io.FileInputStream.<init>(FileInputStream.java:157)
	at gov.usgs.util.StreamUtils.getInputStream(StreamUtils.java:60)
	at gov.usgs.earthquake.product.io.DirectoryProductSource.streamTo(DirectoryProductSource.java:55)
	at gov.usgs.earthquake.product.io.ObjectProductHandler.getProduct(ObjectProductHandler.java:172)
	at gov.usgs.earthquake.distribution.FileProductStorage.getProduct(FileProductStorage.java:465)
	at gov.usgs.earthquake.indexer.ExternalIndexerListener.storeProduct(ExternalIndexerListener.java:197)
	at gov.usgs.earthquake.indexer.ExternalIndexerListener.onIndexerEvent(ExternalIndexerListener.java:131)
	at gov.usgs.earthquake.indexer.IndexerListenerCallable.call(IndexerListenerCallable.java:36)
	at gov.usgs.earthquake.indexer.IndexerListenerCallable.call(IndexerListenerCallable.java:12)
	at gov.usgs.util.ExecutorTask.run(ExecutorTask.java:183)
	at java.base/java.util.concurrent.Executors$RunnableAdapter.call(Executors.java:515)
	at java.base/java.util.concurrent.FutureTask.run(FutureTask.java:264)
	at java.base/java.util.concurrent.ThreadPoolExecutor.runWorker(ThreadPoolExecutor.java:1128)
	at java.base/java.util.concurrent.ThreadPoolExecutor$Worker.run(ThreadPoolExecutor.java:628)
	at java.base/java.lang.Thread.run(Thread.java:834)
FINE	thread=965	Exception: _test_storage_/testproduct/testproduct-two/us/1565042846853/product.xml (No such file or directory) source=us, type=testproduct, code=testproduct-two, updateTime=Mon Aug 05 16:07:26 MDT 2019
INFO	thread=965	Exception executing task
java.io.FileNotFoundException: _test_storage_/testproduct/testproduct-two/us/1565042846853/product.xml (No such file or directory)
	at java.base/java.io.FileInputStream.open0(Native Method)
	at java.base/java.io.FileInputStream.open(FileInputStream.java:219)
	at java.base/java.io.FileInputStream.<init>(FileInputStream.java:157)
	at gov.usgs.util.StreamUtils.getInputStream(StreamUtils.java:60)
	at gov.usgs.earthquake.product.io.DirectoryProductSource.streamTo(DirectoryProductSource.java:55)
	at gov.usgs.earthquake.product.io.ObjectProductHandler.getProduct(ObjectProductHandler.java:172)
	at gov.usgs.earthquake.distribution.FileProductStorage.getProduct(FileProductStorage.java:465)
	at gov.usgs.earthquake.indexer.ExternalIndexerListener.storeProduct(ExternalIndexerListener.java:197)
	at gov.usgs.earthquake.indexer.ExternalIndexerListener.onIndexerEvent(ExternalIndexerListener.java:131)
	at gov.usgs.earthquake.indexer.IndexerListenerCallable.call(IndexerListenerCallable.java:36)
	at gov.usgs.earthquake.indexer.IndexerListenerCallable.call(IndexerListenerCallable.java:12)
	at gov.usgs.util.ExecutorTask.run(ExecutorTask.java:183)
	at java.base/java.util.concurrent.Executors$RunnableAdapter.call(Executors.java:515)
	at java.base/java.util.concurrent.FutureTask.run(FutureTask.java:264)
	at java.base/java.util.concurrent.ThreadPoolExecutor.runWorker(ThreadPoolExecutor.java:1128)
	at java.base/java.util.concurrent.ThreadPoolExecutor$Worker.run(ThreadPoolExecutor.java:628)
	at java.base/java.lang.Thread.run(Thread.java:834)
WARNING	thread=962	[null] listener (null) threw exception, for product id=urn:usgs-product:us:testproduct:testproduct-two:1565042846853
java.io.IOException: Unable to create directory /Users/cbass/Projects/pdl/_test_storage_/testproduct/testproduct-two/us/1565042846853
	at gov.usgs.util.StreamUtils.getOutputStream(StreamUtils.java:153)
	at gov.usgs.util.StreamUtils.getOutputStream(StreamUtils.java:183)
	at gov.usgs.earthquake.product.io.DirectoryProductHandler.onEndProduct(DirectoryProductHandler.java:68)
	at gov.usgs.earthquake.product.io.FilterProductHandler.onEndProduct(FilterProductHandler.java:71)
	at gov.usgs.earthquake.distribution.FileProductStorage$StorageProductOutput.onEndProduct(FileProductStorage.java:855)
	at gov.usgs.earthquake.product.io.ObjectProductSource.sendEndProduct(ObjectProductSource.java:166)
	at gov.usgs.earthquake.product.io.ObjectProductSource.streamTo(ObjectProductSource.java:62)
	at gov.usgs.earthquake.distribution.FileProductStorage.storeProductSource(FileProductStorage.java:693)
	at gov.usgs.earthquake.distribution.FileProductStorage.storeProduct(FileProductStorage.java:675)
	at gov.usgs.earthquake.indexer.ExternalIndexerListener.storeProduct(ExternalIndexerListener.java:196)
	at gov.usgs.earthquake.indexer.ExternalIndexerListener.onIndexerEvent(ExternalIndexerListener.java:131)
	at gov.usgs.earthquake.indexer.IndexerListenerCallable.call(IndexerListenerCallable.java:36)
	at gov.usgs.earthquake.indexer.IndexerListenerCallable.call(IndexerListenerCallable.java:12)
	at gov.usgs.util.ExecutorTask.run(ExecutorTask.java:183)
	at java.base/java.util.concurrent.Executors$RunnableAdapter.call(Executors.java:515)
	at java.base/java.util.concurrent.FutureTask.run(FutureTask.java:264)
	at java.base/java.util.concurrent.ThreadPoolExecutor.runWorker(ThreadPoolExecutor.java:1128)
	at java.base/java.util.concurrent.ThreadPoolExecutor$Worker.run(ThreadPoolExecutor.java:628)
	at java.base/java.lang.Thread.run(Thread.java:834)
FINE	thread=962	Exception: Unable to create directory /Users/cbass/Projects/pdl/_test_storage_/testproduct/testproduct-two/us/1565042846853 source=us, type=testproduct, code=testproduct-two, updateTime=Mon Aug 05 16:07:26 MDT 2019
INFO	thread=962	Exception executing task
java.io.IOException: Unable to create directory /Users/cbass/Projects/pdl/_test_storage_/testproduct/testproduct-two/us/1565042846853
	at gov.usgs.util.StreamUtils.getOutputStream(StreamUtils.java:153)
	at gov.usgs.util.StreamUtils.getOutputStream(StreamUtils.java:183)
	at gov.usgs.earthquake.product.io.DirectoryProductHandler.onEndProduct(DirectoryProductHandler.java:68)
	at gov.usgs.earthquake.product.io.FilterProductHandler.onEndProduct(FilterProductHandler.java:71)
	at gov.usgs.earthquake.distribution.FileProductStorage$StorageProductOutput.onEndProduct(FileProductStorage.java:855)
	at gov.usgs.earthquake.product.io.ObjectProductSource.sendEndProduct(ObjectProductSource.java:166)
	at gov.usgs.earthquake.product.io.ObjectProductSource.streamTo(ObjectProductSource.java:62)
	at gov.usgs.earthquake.distribution.FileProductStorage.storeProductSource(FileProductStorage.java:693)
	at gov.usgs.earthquake.distribution.FileProductStorage.storeProduct(FileProductStorage.java:675)
	at gov.usgs.earthquake.indexer.ExternalIndexerListener.storeProduct(ExternalIndexerListener.java:196)
	at gov.usgs.earthquake.indexer.ExternalIndexerListener.onIndexerEvent(ExternalIndexerListener.java:131)
	at gov.usgs.earthquake.indexer.IndexerListenerCallable.call(IndexerListenerCallable.java:36)
	at gov.usgs.earthquake.indexer.IndexerListenerCallable.call(IndexerListenerCallable.java:12)
	at gov.usgs.util.ExecutorTask.run(ExecutorTask.java:183)
	at java.base/java.util.concurrent.Executors$RunnableAdapter.call(Executors.java:515)
	at java.base/java.util.concurrent.FutureTask.run(FutureTask.java:264)
	at java.base/java.util.concurrent.ThreadPoolExecutor.runWorker(ThreadPoolExecutor.java:1128)
	at java.base/java.util.concurrent.ThreadPoolExecutor$Worker.run(ThreadPoolExecutor.java:628)
	at java.base/java.lang.Thread.run(Thread.java:834)
FINE	thread=13	Eventindexid=2, eventid=ustestproduct-two, latitude=37.0, longitude=-122.0, time=Mon Aug 05 16:07:26 MDT 2019, deleted=false
FINE	thread=13	Eventindexid=2, eventid=ustestproduct-two, latitude=35.0, longitude=-118.0, time=Mon Aug 05 16:07:26 MDT 2019, deleted=false
FINE	thread=13	[null] notifying listeners
INFO	thread=13	[null] indexed product id=urn:usgs-product:us:testproduct:testproduct-two:1565042846909, status=UPDATE
EVENT_MERGED notustestproduct-one => null
EVENT_UPDATED ustestproduct-two => ustestproduct-two
WARNING	thread=965	[null] exception while storing product, removing incomplete product
java.io.IOException: Unable to create directory /Users/cbass/Projects/pdl/_test_storage_/testproduct/testproduct-two/us/1565042846909
	at gov.usgs.util.StreamUtils.getOutputStream(StreamUtils.java:153)
	at gov.usgs.util.StreamUtils.getOutputStream(StreamUtils.java:183)
	at gov.usgs.earthquake.product.io.DirectoryProductHandler.onEndProduct(DirectoryProductHandler.java:68)
	at gov.usgs.earthquake.product.io.FilterProductHandler.onEndProduct(FilterProductHandler.java:71)
	at gov.usgs.earthquake.distribution.FileProductStorage$StorageProductOutput.onEndProduct(FileProductStorage.java:855)
	at gov.usgs.earthquake.product.io.ObjectProductSource.sendEndProduct(ObjectProductSource.java:166)
	at gov.usgs.earthquake.product.io.ObjectProductSource.streamTo(ObjectProductSource.java:62)
	at gov.usgs.earthquake.distribution.FileProductStorage.storeProductSource(FileProductStorage.java:693)
	at gov.usgs.earthquake.distribution.FileProductStorage.storeProduct(FileProductStorage.java:675)
	at gov.usgs.earthquake.indexer.ExternalIndexerListener.storeProduct(ExternalIndexerListener.java:196)
	at gov.usgs.earthquake.indexer.ExternalIndexerListener.onIndexerEvent(ExternalIndexerListener.java:131)
	at gov.usgs.earthquake.indexer.IndexerListenerCallable.call(IndexerListenerCallable.java:36)
	at gov.usgs.earthquake.indexer.IndexerListenerCallable.call(IndexerListenerCallable.java:12)
	at gov.usgs.util.ExecutorTask.run(ExecutorTask.java:183)
	at java.base/java.util.concurrent.Executors$RunnableAdapter.call(Executors.java:515)
	at java.base/java.util.concurrent.FutureTask.run(FutureTask.java:264)
	at java.base/java.util.concurrent.ThreadPoolExecutor.runWorker(ThreadPoolExecutor.java:1128)
	at java.base/java.util.concurrent.ThreadPoolExecutor$Worker.run(ThreadPoolExecutor.java:628)
	at java.base/java.lang.Thread.run(Thread.java:834)
WARNING	thread=965	[null] listener (null) threw exception, for product id=urn:usgs-product:us:testproduct:testproduct-two:1565042846909
java.io.IOException: Unable to create directory /Users/cbass/Projects/pdl/_test_storage_/testproduct/testproduct-two/us/1565042846909
	at gov.usgs.util.StreamUtils.getOutputStream(StreamUtils.java:153)
	at gov.usgs.util.StreamUtils.getOutputStream(StreamUtils.java:183)
	at gov.usgs.earthquake.product.io.DirectoryProductHandler.onEndProduct(DirectoryProductHandler.java:68)
	at gov.usgs.earthquake.product.io.FilterProductHandler.onEndProduct(FilterProductHandler.java:71)
	at gov.usgs.earthquake.distribution.FileProductStorage$StorageProductOutput.onEndProduct(FileProductStorage.java:855)
	at gov.usgs.earthquake.product.io.ObjectProductSource.sendEndProduct(ObjectProductSource.java:166)
	at gov.usgs.earthquake.product.io.ObjectProductSource.streamTo(ObjectProductSource.java:62)
	at gov.usgs.earthquake.distribution.FileProductStorage.storeProductSource(FileProductStorage.java:693)
	at gov.usgs.earthquake.distribution.FileProductStorage.storeProduct(FileProductStorage.java:675)
	at gov.usgs.earthquake.indexer.ExternalIndexerListener.storeProduct(ExternalIndexerListener.java:196)
	at gov.usgs.earthquake.indexer.ExternalIndexerListener.onIndexerEvent(ExternalIndexerListener.java:131)
	at gov.usgs.earthquake.indexer.IndexerListenerCallable.call(IndexerListenerCallable.java:36)
	at gov.usgs.earthquake.indexer.IndexerListenerCallable.call(IndexerListenerCallable.java:12)
	at gov.usgs.util.ExecutorTask.run(ExecutorTask.java:183)
	at java.base/java.util.concurrent.Executors$RunnableAdapter.call(Executors.java:515)
	at java.base/java.util.concurrent.FutureTask.run(FutureTask.java:264)
	at java.base/java.util.concurrent.ThreadPoolExecutor.runWorker(ThreadPoolExecutor.java:1128)
	at java.base/java.util.concurrent.ThreadPoolExecutor$Worker.run(ThreadPoolExecutor.java:628)
	at java.base/java.lang.Thread.run(Thread.java:834)
FINE	thread=965	Exception: Unable to create directory /Users/cbass/Projects/pdl/_test_storage_/testproduct/testproduct-two/us/1565042846909 source=us, type=testproduct, code=testproduct-two, updateTime=Mon Aug 05 16:07:26 MDT 2019
INFO	thread=965	Exception executing task
java.io.IOException: Unable to create directory /Users/cbass/Projects/pdl/_test_storage_/testproduct/testproduct-two/us/1565042846909
	at gov.usgs.util.StreamUtils.getOutputStream(StreamUtils.java:153)
	at gov.usgs.util.StreamUtils.getOutputStream(StreamUtils.java:183)
	at gov.usgs.earthquake.product.io.DirectoryProductHandler.onEndProduct(DirectoryProductHandler.java:68)
	at gov.usgs.earthquake.product.io.FilterProductHandler.onEndProduct(FilterProductHandler.java:71)
	at gov.usgs.earthquake.distribution.FileProductStorage$StorageProductOutput.onEndProduct(FileProductStorage.java:855)
	at gov.usgs.earthquake.product.io.ObjectProductSource.sendEndProduct(ObjectProductSource.java:166)
	at gov.usgs.earthquake.product.io.ObjectProductSource.streamTo(ObjectProductSource.java:62)
	at gov.usgs.earthquake.distribution.FileProductStorage.storeProductSource(FileProductStorage.java:693)
	at gov.usgs.earthquake.distribution.FileProductStorage.storeProduct(FileProductStorage.java:675)
	at gov.usgs.earthquake.indexer.ExternalIndexerListener.storeProduct(ExternalIndexerListener.java:196)
	at gov.usgs.earthquake.indexer.ExternalIndexerListener.onIndexerEvent(ExternalIndexerListener.java:131)
	at gov.usgs.earthquake.indexer.IndexerListenerCallable.call(IndexerListenerCallable.java:36)
	at gov.usgs.earthquake.indexer.IndexerListenerCallable.call(IndexerListenerCallable.java:12)
	at gov.usgs.util.ExecutorTask.run(ExecutorTask.java:183)
	at java.base/java.util.concurrent.Executors$RunnableAdapter.call(Executors.java:515)
	at java.base/java.util.concurrent.FutureTask.run(FutureTask.java:264)
	at java.base/java.util.concurrent.ThreadPoolExecutor.runWorker(ThreadPoolExecutor.java:1128)
	at java.base/java.util.concurrent.ThreadPoolExecutor$Worker.run(ThreadPoolExecutor.java:628)
	at java.base/java.lang.Thread.run(Thread.java:834)
WARNING	thread=962	[null] listener (null) threw exception, for product id=urn:usgs-product:us:testproduct:testproduct-two:1565042846909
java.lang.NullPointerException
	at gov.usgs.earthquake.product.FileContent.getDirectoryContents(FileContent.java:181)
	at gov.usgs.earthquake.product.FileContent.getDirectoryContents(FileContent.java:158)
	at gov.usgs.earthquake.product.io.DirectoryProductSource.streamTo(DirectoryProductSource.java:91)
	at gov.usgs.earthquake.product.io.ObjectProductHandler.getProduct(ObjectProductHandler.java:172)
	at gov.usgs.earthquake.distribution.FileProductStorage.getProduct(FileProductStorage.java:465)
	at gov.usgs.earthquake.indexer.ExternalIndexerListener.storeProduct(ExternalIndexerListener.java:197)
	at gov.usgs.earthquake.indexer.ExternalIndexerListener.onIndexerEvent(ExternalIndexerListener.java:131)
	at gov.usgs.earthquake.indexer.IndexerListenerCallable.call(IndexerListenerCallable.java:36)
	at gov.usgs.earthquake.indexer.IndexerListenerCallable.call(IndexerListenerCallable.java:12)
	at gov.usgs.util.ExecutorTask.run(ExecutorTask.java:183)
	at java.base/java.util.concurrent.Executors$RunnableAdapter.call(Executors.java:515)
	at java.base/java.util.concurrent.FutureTask.run(FutureTask.java:264)
	at java.base/java.util.concurrent.ThreadPoolExecutor.runWorker(ThreadPoolExecutor.java:1128)
	at java.base/java.util.concurrent.ThreadPoolExecutor$Worker.run(ThreadPoolExecutor.java:628)
	at java.base/java.lang.Thread.run(Thread.java:834)
FINE	thread=962	Exception: null source=us, type=testproduct, code=testproduct-two, updateTime=Mon Aug 05 16:07:26 MDT 2019
INFO	thread=962	Exception executing task
java.lang.NullPointerException
	at gov.usgs.earthquake.product.FileContent.getDirectoryContents(FileContent.java:181)
	at gov.usgs.earthquake.product.FileContent.getDirectoryContents(FileContent.java:158)
	at gov.usgs.earthquake.product.io.DirectoryProductSource.streamTo(DirectoryProductSource.java:91)
	at gov.usgs.earthquake.product.io.ObjectProductHandler.getProduct(ObjectProductHandler.java:172)
	at gov.usgs.earthquake.distribution.FileProductStorage.getProduct(FileProductStorage.java:465)
	at gov.usgs.earthquake.indexer.ExternalIndexerListener.storeProduct(ExternalIndexerListener.java:197)
	at gov.usgs.earthquake.indexer.ExternalIndexerListener.onIndexerEvent(ExternalIndexerListener.java:131)
	at gov.usgs.earthquake.indexer.IndexerListenerCallable.call(IndexerListenerCallable.java:36)
	at gov.usgs.earthquake.indexer.IndexerListenerCallable.call(IndexerListenerCallable.java:12)
	at gov.usgs.util.ExecutorTask.run(ExecutorTask.java:183)
	at java.base/java.util.concurrent.Executors$RunnableAdapter.call(Executors.java:515)
	at java.base/java.util.concurrent.FutureTask.run(FutureTask.java:264)
	at java.base/java.util.concurrent.ThreadPoolExecutor.runWorker(ThreadPoolExecutor.java:1128)
	at java.base/java.util.concurrent.ThreadPoolExecutor$Worker.run(ThreadPoolExecutor.java:628)
	at java.base/java.lang.Thread.run(Thread.java:834)
CONFIG	thread=13	[null] maxTries = 1
CONFIG	thread=13	[null] maxTries = 1
CONFIG	thread=13	[null] timeout = 0ms
CONFIG	thread=13	[null] retry delay = 300000ms
CONFIG	thread=13	[null] process duplicates = false
CONFIG	thread=13	[null] include paths = []
CONFIG	thread=13	[null] exclude paths = []
CONFIG	thread=13	[null] using storage directory /Users/cbass/Projects/pdl/storage
CONFIG	thread=13	[null] loading ArchivePolicy 'testPolicy'
CONFIG	thread=13	[null] archive interval is '500'
CONFIG	thread=13	[null] no indexer modules configured.
CONFIG	thread=13	[null] no indexer listeners configured.
CONFIG	thread=13	[null] Local regions file: regions.json
CONFIG	thread=13	[null] associateUsingCurrentProducts = false
INFO	thread=975	Archiving disabled
INFO	thread=975	[null] purged 0 expired events and 0 expired unassociated products.
FINE	thread=13	[null] notifying listeners
INFO	thread=13	[null] indexed product id=urn:usgs-product:us:testone:testproduct-one:1565042846973, status=UPDATE
PRODUCT_ADDED null => null
WARNING	thread=979	[null] exception while storing product, removing incomplete product
java.io.IOException: Unable to create directory /Users/cbass/Projects/pdl/_test_storage_/testone/testproduct-one/us/1565042846973
	at gov.usgs.util.StreamUtils.getOutputStream(StreamUtils.java:153)
	at gov.usgs.util.StreamUtils.getOutputStream(StreamUtils.java:183)
	at gov.usgs.earthquake.product.io.DirectoryProductHandler.onEndProduct(DirectoryProductHandler.java:68)
	at gov.usgs.earthquake.product.io.FilterProductHandler.onEndProduct(FilterProductHandler.java:71)
	at gov.usgs.earthquake.distribution.FileProductStorage$StorageProductOutput.onEndProduct(FileProductStorage.java:855)
	at gov.usgs.earthquake.product.io.ObjectProductSource.sendEndProduct(ObjectProductSource.java:166)
	at gov.usgs.earthquake.product.io.ObjectProductSource.streamTo(ObjectProductSource.java:62)
	at gov.usgs.earthquake.distribution.FileProductStorage.storeProductSource(FileProductStorage.java:693)
	at gov.usgs.earthquake.distribution.FileProductStorage.storeProduct(FileProductStorage.java:675)
	at gov.usgs.earthquake.indexer.ExternalIndexerListener.storeProduct(ExternalIndexerListener.java:196)
	at gov.usgs.earthquake.indexer.ExternalIndexerListener.onIndexerEvent(ExternalIndexerListener.java:131)
	at gov.usgs.earthquake.indexer.IndexerListenerCallable.call(IndexerListenerCallable.java:36)
	at gov.usgs.earthquake.indexer.IndexerListenerCallable.call(IndexerListenerCallable.java:12)
	at gov.usgs.util.ExecutorTask.run(ExecutorTask.java:183)
	at java.base/java.util.concurrent.Executors$RunnableAdapter.call(Executors.java:515)
	at java.base/java.util.concurrent.FutureTask.run(FutureTask.java:264)
	at java.base/java.util.concurrent.ThreadPoolExecutor.runWorker(ThreadPoolExecutor.java:1128)
	at java.base/java.util.concurrent.ThreadPoolExecutor$Worker.run(ThreadPoolExecutor.java:628)
	at java.base/java.lang.Thread.run(Thread.java:834)
WARNING	thread=979	[null] listener (null) threw exception, for product id=urn:usgs-product:us:testone:testproduct-one:1565042846973
java.io.IOException: Unable to create directory /Users/cbass/Projects/pdl/_test_storage_/testone/testproduct-one/us/1565042846973
	at gov.usgs.util.StreamUtils.getOutputStream(StreamUtils.java:153)
	at gov.usgs.util.StreamUtils.getOutputStream(StreamUtils.java:183)
	at gov.usgs.earthquake.product.io.DirectoryProductHandler.onEndProduct(DirectoryProductHandler.java:68)
	at gov.usgs.earthquake.product.io.FilterProductHandler.onEndProduct(FilterProductHandler.java:71)
	at gov.usgs.earthquake.distribution.FileProductStorage$StorageProductOutput.onEndProduct(FileProductStorage.java:855)
	at gov.usgs.earthquake.product.io.ObjectProductSource.sendEndProduct(ObjectProductSource.java:166)
	at gov.usgs.earthquake.product.io.ObjectProductSource.streamTo(ObjectProductSource.java:62)
	at gov.usgs.earthquake.distribution.FileProductStorage.storeProductSource(FileProductStorage.java:693)
	at gov.usgs.earthquake.distribution.FileProductStorage.storeProduct(FileProductStorage.java:675)
	at gov.usgs.earthquake.indexer.ExternalIndexerListener.storeProduct(ExternalIndexerListener.java:196)
	at gov.usgs.earthquake.indexer.ExternalIndexerListener.onIndexerEvent(ExternalIndexerListener.java:131)
	at gov.usgs.earthquake.indexer.IndexerListenerCallable.call(IndexerListenerCallable.java:36)
	at gov.usgs.earthquake.indexer.IndexerListenerCallable.call(IndexerListenerCallable.java:12)
	at gov.usgs.util.ExecutorTask.run(ExecutorTask.java:183)
	at java.base/java.util.concurrent.Executors$RunnableAdapter.call(Executors.java:515)
	at java.base/java.util.concurrent.FutureTask.run(FutureTask.java:264)
	at java.base/java.util.concurrent.ThreadPoolExecutor.runWorker(ThreadPoolExecutor.java:1128)
	at java.base/java.util.concurrent.ThreadPoolExecutor$Worker.run(ThreadPoolExecutor.java:628)
	at java.base/java.lang.Thread.run(Thread.java:834)
FINE	thread=979	Exception: Unable to create directory /Users/cbass/Projects/pdl/_test_storage_/testone/testproduct-one/us/1565042846973 source=us, type=testone, code=testproduct-one, updateTime=Mon Aug 05 16:07:26 MDT 2019
INFO	thread=979	Exception executing task
java.io.IOException: Unable to create directory /Users/cbass/Projects/pdl/_test_storage_/testone/testproduct-one/us/1565042846973
	at gov.usgs.util.StreamUtils.getOutputStream(StreamUtils.java:153)
	at gov.usgs.util.StreamUtils.getOutputStream(StreamUtils.java:183)
	at gov.usgs.earthquake.product.io.DirectoryProductHandler.onEndProduct(DirectoryProductHandler.java:68)
	at gov.usgs.earthquake.product.io.FilterProductHandler.onEndProduct(FilterProductHandler.java:71)
	at gov.usgs.earthquake.distribution.FileProductStorage$StorageProductOutput.onEndProduct(FileProductStorage.java:855)
	at gov.usgs.earthquake.product.io.ObjectProductSource.sendEndProduct(ObjectProductSource.java:166)
	at gov.usgs.earthquake.product.io.ObjectProductSource.streamTo(ObjectProductSource.java:62)
	at gov.usgs.earthquake.distribution.FileProductStorage.storeProductSource(FileProductStorage.java:693)
	at gov.usgs.earthquake.distribution.FileProductStorage.storeProduct(FileProductStorage.java:675)
	at gov.usgs.earthquake.indexer.ExternalIndexerListener.storeProduct(ExternalIndexerListener.java:196)
	at gov.usgs.earthquake.indexer.ExternalIndexerListener.onIndexerEvent(ExternalIndexerListener.java:131)
	at gov.usgs.earthquake.indexer.IndexerListenerCallable.call(IndexerListenerCallable.java:36)
	at gov.usgs.earthquake.indexer.IndexerListenerCallable.call(IndexerListenerCallable.java:12)
	at gov.usgs.util.ExecutorTask.run(ExecutorTask.java:183)
	at java.base/java.util.concurrent.Executors$RunnableAdapter.call(Executors.java:515)
	at java.base/java.util.concurrent.FutureTask.run(FutureTask.java:264)
	at java.base/java.util.concurrent.ThreadPoolExecutor.runWorker(ThreadPoolExecutor.java:1128)
	at java.base/java.util.concurrent.ThreadPoolExecutor$Worker.run(ThreadPoolExecutor.java:628)
	at java.base/java.lang.Thread.run(Thread.java:834)
WARNING	thread=976	[null] listener (null) threw exception, for product id=urn:usgs-product:us:testone:testproduct-one:1565042846973
java.lang.NullPointerException
	at gov.usgs.earthquake.product.FileContent.getDirectoryContents(FileContent.java:181)
	at gov.usgs.earthquake.product.FileContent.getDirectoryContents(FileContent.java:158)
	at gov.usgs.earthquake.product.io.DirectoryProductSource.streamTo(DirectoryProductSource.java:91)
	at gov.usgs.earthquake.product.io.ObjectProductHandler.getProduct(ObjectProductHandler.java:172)
	at gov.usgs.earthquake.distribution.FileProductStorage.getProduct(FileProductStorage.java:465)
	at gov.usgs.earthquake.indexer.ExternalIndexerListener.storeProduct(ExternalIndexerListener.java:197)
	at gov.usgs.earthquake.indexer.ExternalIndexerListener.onIndexerEvent(ExternalIndexerListener.java:131)
	at gov.usgs.earthquake.indexer.IndexerListenerCallable.call(IndexerListenerCallable.java:36)
	at gov.usgs.earthquake.indexer.IndexerListenerCallable.call(IndexerListenerCallable.java:12)
	at gov.usgs.util.ExecutorTask.run(ExecutorTask.java:183)
	at java.base/java.util.concurrent.Executors$RunnableAdapter.call(Executors.java:515)
	at java.base/java.util.concurrent.FutureTask.run(FutureTask.java:264)
	at java.base/java.util.concurrent.ThreadPoolExecutor.runWorker(ThreadPoolExecutor.java:1128)
	at java.base/java.util.concurrent.ThreadPoolExecutor$Worker.run(ThreadPoolExecutor.java:628)
	at java.base/java.lang.Thread.run(Thread.java:834)
FINE	thread=976	Exception: null source=us, type=testone, code=testproduct-one, updateTime=Mon Aug 05 16:07:26 MDT 2019
INFO	thread=976	Exception executing task
java.lang.NullPointerException
	at gov.usgs.earthquake.product.FileContent.getDirectoryContents(FileContent.java:181)
	at gov.usgs.earthquake.product.FileContent.getDirectoryContents(FileContent.java:158)
	at gov.usgs.earthquake.product.io.DirectoryProductSource.streamTo(DirectoryProductSource.java:91)
	at gov.usgs.earthquake.product.io.ObjectProductHandler.getProduct(ObjectProductHandler.java:172)
	at gov.usgs.earthquake.distribution.FileProductStorage.getProduct(FileProductStorage.java:465)
	at gov.usgs.earthquake.indexer.ExternalIndexerListener.storeProduct(ExternalIndexerListener.java:197)
	at gov.usgs.earthquake.indexer.ExternalIndexerListener.onIndexerEvent(ExternalIndexerListener.java:131)
	at gov.usgs.earthquake.indexer.IndexerListenerCallable.call(IndexerListenerCallable.java:36)
	at gov.usgs.earthquake.indexer.IndexerListenerCallable.call(IndexerListenerCallable.java:12)
	at gov.usgs.util.ExecutorTask.run(ExecutorTask.java:183)
	at java.base/java.util.concurrent.Executors$RunnableAdapter.call(Executors.java:515)
	at java.base/java.util.concurrent.FutureTask.run(FutureTask.java:264)
	at java.base/java.util.concurrent.ThreadPoolExecutor.runWorker(ThreadPoolExecutor.java:1128)
	at java.base/java.util.concurrent.ThreadPoolExecutor$Worker.run(ThreadPoolExecutor.java:628)
	at java.base/java.lang.Thread.run(Thread.java:834)
Mon Aug 05 16:07:27 MDT 2019
FINE	thread=13	Eventindexid=1, eventid=ustestproduct-one, latitude=35.0, longitude=-118.0, time=Mon Aug 05 16:07:26 MDT 2019, deleted=false
FINE	thread=13	Eventindexid=1, eventid=ustestproduct-one, latitude=35.0, longitude=-118.0, time=Mon Aug 05 16:07:26 MDT 2019, deleted=false
FINE	thread=13	[null] notifying listeners
INFO	thread=13	[null] indexed product id=urn:usgs-product:us:testtwo:testproduct-one:1565042847030, status=UPDATE
EVENT_ADDED null => ustestproduct-one
WARNING	thread=976	[null] exception while storing product, removing incomplete product
java.io.IOException: Unable to create directory /Users/cbass/Projects/pdl/_test_storage_/testtwo/testproduct-one/us/1565042847030
	at gov.usgs.util.StreamUtils.getOutputStream(StreamUtils.java:153)
	at gov.usgs.util.StreamUtils.getOutputStream(StreamUtils.java:183)
	at gov.usgs.earthquake.product.io.DirectoryProductHandler.onEndProduct(DirectoryProductHandler.java:68)
	at gov.usgs.earthquake.product.io.FilterProductHandler.onEndProduct(FilterProductHandler.java:71)
	at gov.usgs.earthquake.distribution.FileProductStorage$StorageProductOutput.onEndProduct(FileProductStorage.java:855)
	at gov.usgs.earthquake.product.io.ObjectProductSource.sendEndProduct(ObjectProductSource.java:166)
	at gov.usgs.earthquake.product.io.ObjectProductSource.streamTo(ObjectProductSource.java:62)
	at gov.usgs.earthquake.distribution.FileProductStorage.storeProductSource(FileProductStorage.java:693)
	at gov.usgs.earthquake.distribution.FileProductStorage.storeProduct(FileProductStorage.java:675)
	at gov.usgs.earthquake.indexer.ExternalIndexerListener.storeProduct(ExternalIndexerListener.java:196)
	at gov.usgs.earthquake.indexer.ExternalIndexerListener.onIndexerEvent(ExternalIndexerListener.java:131)
	at gov.usgs.earthquake.indexer.IndexerListenerCallable.call(IndexerListenerCallable.java:36)
	at gov.usgs.earthquake.indexer.IndexerListenerCallable.call(IndexerListenerCallable.java:12)
	at gov.usgs.util.ExecutorTask.run(ExecutorTask.java:183)
	at java.base/java.util.concurrent.Executors$RunnableAdapter.call(Executors.java:515)
	at java.base/java.util.concurrent.FutureTask.run(FutureTask.java:264)
	at java.base/java.util.concurrent.ThreadPoolExecutor.runWorker(ThreadPoolExecutor.java:1128)
	at java.base/java.util.concurrent.ThreadPoolExecutor$Worker.run(ThreadPoolExecutor.java:628)
	at java.base/java.lang.Thread.run(Thread.java:834)
WARNING	thread=976	[null] listener (null) threw exception, for product id=urn:usgs-product:us:testtwo:testproduct-one:1565042847030
java.io.IOException: Unable to create directory /Users/cbass/Projects/pdl/_test_storage_/testtwo/testproduct-one/us/1565042847030
	at gov.usgs.util.StreamUtils.getOutputStream(StreamUtils.java:153)
	at gov.usgs.util.StreamUtils.getOutputStream(StreamUtils.java:183)
	at gov.usgs.earthquake.product.io.DirectoryProductHandler.onEndProduct(DirectoryProductHandler.java:68)
	at gov.usgs.earthquake.product.io.FilterProductHandler.onEndProduct(FilterProductHandler.java:71)
	at gov.usgs.earthquake.distribution.FileProductStorage$StorageProductOutput.onEndProduct(FileProductStorage.java:855)
	at gov.usgs.earthquake.product.io.ObjectProductSource.sendEndProduct(ObjectProductSource.java:166)
	at gov.usgs.earthquake.product.io.ObjectProductSource.streamTo(ObjectProductSource.java:62)
	at gov.usgs.earthquake.distribution.FileProductStorage.storeProductSource(FileProductStorage.java:693)
	at gov.usgs.earthquake.distribution.FileProductStorage.storeProduct(FileProductStorage.java:675)
	at gov.usgs.earthquake.indexer.ExternalIndexerListener.storeProduct(ExternalIndexerListener.java:196)
	at gov.usgs.earthquake.indexer.ExternalIndexerListener.onIndexerEvent(ExternalIndexerListener.java:131)
	at gov.usgs.earthquake.indexer.IndexerListenerCallable.call(IndexerListenerCallable.java:36)
	at gov.usgs.earthquake.indexer.IndexerListenerCallable.call(IndexerListenerCallable.java:12)
	at gov.usgs.util.ExecutorTask.run(ExecutorTask.java:183)
	at java.base/java.util.concurrent.Executors$RunnableAdapter.call(Executors.java:515)
	at java.base/java.util.concurrent.FutureTask.run(FutureTask.java:264)
	at java.base/java.util.concurrent.ThreadPoolExecutor.runWorker(ThreadPoolExecutor.java:1128)
	at java.base/java.util.concurrent.ThreadPoolExecutor$Worker.run(ThreadPoolExecutor.java:628)
	at java.base/java.lang.Thread.run(Thread.java:834)
FINE	thread=976	Exception: Unable to create directory /Users/cbass/Projects/pdl/_test_storage_/testtwo/testproduct-one/us/1565042847030 source=us, type=testtwo, code=testproduct-one, updateTime=Mon Aug 05 16:07:27 MDT 2019
INFO	thread=976	Exception executing task
java.io.IOException: Unable to create directory /Users/cbass/Projects/pdl/_test_storage_/testtwo/testproduct-one/us/1565042847030
	at gov.usgs.util.StreamUtils.getOutputStream(StreamUtils.java:153)
	at gov.usgs.util.StreamUtils.getOutputStream(StreamUtils.java:183)
	at gov.usgs.earthquake.product.io.DirectoryProductHandler.onEndProduct(DirectoryProductHandler.java:68)
	at gov.usgs.earthquake.product.io.FilterProductHandler.onEndProduct(FilterProductHandler.java:71)
	at gov.usgs.earthquake.distribution.FileProductStorage$StorageProductOutput.onEndProduct(FileProductStorage.java:855)
	at gov.usgs.earthquake.product.io.ObjectProductSource.sendEndProduct(ObjectProductSource.java:166)
	at gov.usgs.earthquake.product.io.ObjectProductSource.streamTo(ObjectProductSource.java:62)
	at gov.usgs.earthquake.distribution.FileProductStorage.storeProductSource(FileProductStorage.java:693)
	at gov.usgs.earthquake.distribution.FileProductStorage.storeProduct(FileProductStorage.java:675)
	at gov.usgs.earthquake.indexer.ExternalIndexerListener.storeProduct(ExternalIndexerListener.java:196)
	at gov.usgs.earthquake.indexer.ExternalIndexerListener.onIndexerEvent(ExternalIndexerListener.java:131)
	at gov.usgs.earthquake.indexer.IndexerListenerCallable.call(IndexerListenerCallable.java:36)
	at gov.usgs.earthquake.indexer.IndexerListenerCallable.call(IndexerListenerCallable.java:12)
	at gov.usgs.util.ExecutorTask.run(ExecutorTask.java:183)
	at java.base/java.util.concurrent.Executors$RunnableAdapter.call(Executors.java:515)
	at java.base/java.util.concurrent.FutureTask.run(FutureTask.java:264)
	at java.base/java.util.concurrent.ThreadPoolExecutor.runWorker(ThreadPoolExecutor.java:1128)
	at java.base/java.util.concurrent.ThreadPoolExecutor$Worker.run(ThreadPoolExecutor.java:628)
	at java.base/java.lang.Thread.run(Thread.java:834)
WARNING	thread=979	[null] listener (null) threw exception, for product id=urn:usgs-product:us:testtwo:testproduct-one:1565042847030
java.lang.NullPointerException
	at gov.usgs.earthquake.product.FileContent.getDirectoryContents(FileContent.java:181)
	at gov.usgs.earthquake.product.FileContent.getDirectoryContents(FileContent.java:158)
	at gov.usgs.earthquake.product.io.DirectoryProductSource.streamTo(DirectoryProductSource.java:91)
	at gov.usgs.earthquake.product.io.ObjectProductHandler.getProduct(ObjectProductHandler.java:172)
	at gov.usgs.earthquake.distribution.FileProductStorage.getProduct(FileProductStorage.java:465)
	at gov.usgs.earthquake.indexer.ExternalIndexerListener.storeProduct(ExternalIndexerListener.java:197)
	at gov.usgs.earthquake.indexer.ExternalIndexerListener.onIndexerEvent(ExternalIndexerListener.java:131)
	at gov.usgs.earthquake.indexer.IndexerListenerCallable.call(IndexerListenerCallable.java:36)
	at gov.usgs.earthquake.indexer.IndexerListenerCallable.call(IndexerListenerCallable.java:12)
	at gov.usgs.util.ExecutorTask.run(ExecutorTask.java:183)
	at java.base/java.util.concurrent.Executors$RunnableAdapter.call(Executors.java:515)
	at java.base/java.util.concurrent.FutureTask.run(FutureTask.java:264)
	at java.base/java.util.concurrent.ThreadPoolExecutor.runWorker(ThreadPoolExecutor.java:1128)
	at java.base/java.util.concurrent.ThreadPoolExecutor$Worker.run(ThreadPoolExecutor.java:628)
	at java.base/java.lang.Thread.run(Thread.java:834)
FINE	thread=979	Exception: null source=us, type=testtwo, code=testproduct-one, updateTime=Mon Aug 05 16:07:27 MDT 2019
INFO	thread=979	Exception executing task
java.lang.NullPointerException
	at gov.usgs.earthquake.product.FileContent.getDirectoryContents(FileContent.java:181)
	at gov.usgs.earthquake.product.FileContent.getDirectoryContents(FileContent.java:158)
	at gov.usgs.earthquake.product.io.DirectoryProductSource.streamTo(DirectoryProductSource.java:91)
	at gov.usgs.earthquake.product.io.ObjectProductHandler.getProduct(ObjectProductHandler.java:172)
	at gov.usgs.earthquake.distribution.FileProductStorage.getProduct(FileProductStorage.java:465)
	at gov.usgs.earthquake.indexer.ExternalIndexerListener.storeProduct(ExternalIndexerListener.java:197)
	at gov.usgs.earthquake.indexer.ExternalIndexerListener.onIndexerEvent(ExternalIndexerListener.java:131)
	at gov.usgs.earthquake.indexer.IndexerListenerCallable.call(IndexerListenerCallable.java:36)
	at gov.usgs.earthquake.indexer.IndexerListenerCallable.call(IndexerListenerCallable.java:12)
	at gov.usgs.util.ExecutorTask.run(ExecutorTask.java:183)
	at java.base/java.util.concurrent.Executors$RunnableAdapter.call(Executors.java:515)
	at java.base/java.util.concurrent.FutureTask.run(FutureTask.java:264)
	at java.base/java.util.concurrent.ThreadPoolExecutor.runWorker(ThreadPoolExecutor.java:1128)
	at java.base/java.util.concurrent.ThreadPoolExecutor$Worker.run(ThreadPoolExecutor.java:628)
	at java.base/java.lang.Thread.run(Thread.java:834)
CONFIG	thread=13	[null] maxTries = 1
CONFIG	thread=13	[null] maxTries = 1
CONFIG	thread=13	[null] timeout = 0ms
CONFIG	thread=13	[null] retry delay = 300000ms
CONFIG	thread=13	[null] process duplicates = false
CONFIG	thread=13	[null] include paths = []
CONFIG	thread=13	[null] exclude paths = []
CONFIG	thread=13	[null] using storage directory /Users/cbass/Projects/pdl/storage
CONFIG	thread=13	[null] loading ArchivePolicy 'testPolicy'
CONFIG	thread=13	[null] archive interval is '500'
CONFIG	thread=13	[null] no indexer modules configured.
CONFIG	thread=13	[null] no indexer listeners configured.
CONFIG	thread=13	[null] Local regions file: regions.json
CONFIG	thread=13	[null] associateUsingCurrentProducts = false
INFO	thread=986	Archiving disabled
INFO	thread=986	[null] purged 0 expired events and 0 expired unassociated products.
FINE	thread=13	Digest='mE14X8OvD9GZuUtlAgaJ6AYeHrA=' , 1ms
FINE	thread=13	Eventindexid=1, eventid=usabcd1234, latitude=0.0, longitude=0.0, time=Mon Aug 05 16:07:27 MDT 2019, deleted=false
FINE	thread=13	Eventindexid=1, eventid=usabcd1234, latitude=0.0, longitude=0.0, time=Mon Aug 05 16:07:27 MDT 2019, deleted=false
FINE	thread=13	[null] notifying listeners
INFO	thread=13	[null] indexed product id=urn:usgs-product:us:shakemap:abcd1234:1565042847093, status=UPDATE
EVENT_ADDED null => usabcd1234
INFO	thread=987	[null] running command echo --preferred-eventid=usabcd1234 --preferred-eventsource=us --preferred-eventsourcecode=abcd1234 --eventids=usabcd1234 --preferred-magnitude=null --preferred-latitude=0.0 --preferred-longitude=0.0 --preferred-depth=null --preferred-eventtime=2019-08-05T22:07:27.096Z --directory=/Users/cbass/Projects/pdl/_test_storage_/shakemap/abcd1234/us/1565042847093 --type=shakemap --code=abcd1234 --source=us --updateTime=2019-08-05T22:07:27.093Z --status=UPDATE --trackerURL=http://localhost/tracker "--property-testprop=testvalue" "--property-latitude=0.0" "--property-eventsourcecode=abcd1234" "--property-eventtime=2019-08-05T22:07:27.096Z" "--property-eventsource=us" "--property-longitude=0.0" --link-testrelation=http://google.com/ --content --contentType=text/html --signature=MCwCFE2LxwUz8gJIcsVU3lYCnz14u2xoAhReKOyueSyXZYvUtLRcGVTr3iXiMQ== --action=EVENT_ADDED
INFO	thread=988	[null] running command echo --preferred-eventid=usabcd1234 --preferred-eventsource=us --preferred-eventsourcecode=abcd1234 --eventids=usabcd1234 --preferred-magnitude=null --preferred-latitude=0.0 --preferred-longitude=0.0 --preferred-depth=null --preferred-eventtime=2019-08-05T22:07:27.096Z --directory=/Users/cbass/Projects/pdl/_test_storage_/shakemap/abcd1234/us/1565042847093 --type=shakemap --code=abcd1234 --source=us --updateTime=2019-08-05T22:07:27.093Z --status=UPDATE --trackerURL=http://localhost/tracker "--property-testprop=testvalue" "--property-latitude=0.0" "--property-eventsourcecode=abcd1234" "--property-eventtime=2019-08-05T22:07:27.096Z" "--property-eventsource=us" "--property-longitude=0.0" --link-testrelation=http://google.com/ --content --contentType=text/html --signature=MCwCFE2LxwUz8gJIcsVU3lYCnz14u2xoAhReKOyueSyXZYvUtLRcGVTr3iXiMQ== --action=EVENT_ADDED
INFO	thread=988	[null] command 'echo --preferred-eventid=usabcd1234 --preferred-eventsource=us --preferred-eventsourcecode=abcd1234 --eventids=usabcd1234 --preferred-magnitude=null --preferred-latitude=0.0 --preferred-longitude=0.0 --preferred-depth=null --preferred-eventtime=2019-08-05T22:07:27.096Z --directory=/Users/cbass/Projects/pdl/_test_storage_/shakemap/abcd1234/us/1565042847093 --type=shakemap --code=abcd1234 --source=us --updateTime=2019-08-05T22:07:27.093Z --status=UPDATE --trackerURL=http://localhost/tracker "--property-testprop=testvalue" "--property-latitude=0.0" "--property-eventsourcecode=abcd1234" "--property-eventtime=2019-08-05T22:07:27.096Z" "--property-eventsource=us" "--property-longitude=0.0" --link-testrelation=http://google.com/ --content --contentType=text/html --signature=MCwCFE2LxwUz8gJIcsVU3lYCnz14u2xoAhReKOyueSyXZYvUtLRcGVTr3iXiMQ== --action=EVENT_ADDED' exited with status '0'
INFO	thread=987	[null] command 'echo --preferred-eventid=usabcd1234 --preferred-eventsource=us --preferred-eventsourcecode=abcd1234 --eventids=usabcd1234 --preferred-magnitude=null --preferred-latitude=0.0 --preferred-longitude=0.0 --preferred-depth=null --preferred-eventtime=2019-08-05T22:07:27.096Z --directory=/Users/cbass/Projects/pdl/_test_storage_/shakemap/abcd1234/us/1565042847093 --type=shakemap --code=abcd1234 --source=us --updateTime=2019-08-05T22:07:27.093Z --status=UPDATE --trackerURL=http://localhost/tracker "--property-testprop=testvalue" "--property-latitude=0.0" "--property-eventsourcecode=abcd1234" "--property-eventtime=2019-08-05T22:07:27.096Z" "--property-eventsource=us" "--property-longitude=0.0" --link-testrelation=http://google.com/ --content --contentType=text/html --signature=MCwCFE2LxwUz8gJIcsVU3lYCnz14u2xoAhReKOyueSyXZYvUtLRcGVTr3iXiMQ== --action=EVENT_ADDED' exited with status '0'
FINE	thread=13	Eventindexid=1, eventid=usabcd1234, latitude=0.0, longitude=0.0, time=Mon Aug 05 16:07:27 MDT 2019, deleted=false
FINE	thread=13	Eventindexid=1, eventid=usabcd1234, latitude=0.0, longitude=0.0, time=Mon Aug 05 16:07:27 MDT 2019, deleted=false
FINE	thread=13	[null] notifying listeners
INFO	thread=13	[null] indexed product id=urn:usgs-product:us:shakemap:abcd1234:1565042847156, status=UPDATE
EVENT_UPDATED usabcd1234 => usabcd1234
INFO	thread=988	[null] product already in storage
INFO	thread=988	[null] running command echo --preferred-eventid=usabcd1234 --preferred-eventsource=us --preferred-eventsourcecode=abcd1234 --eventids=usabcd1234 --preferred-magnitude=null --preferred-latitude=0.0 --preferred-longitude=0.0 --preferred-depth=null --preferred-eventtime=2019-08-05T22:07:27.096Z --directory=/Users/cbass/Projects/pdl/_test_storage_/shakemap/abcd1234/us/1565042847156 --type=shakemap --code=abcd1234 --source=us --updateTime=2019-08-05T22:07:27.156Z --status=UPDATE --trackerURL=http://localhost/tracker "--property-testprop=testvalue" "--property-latitude=0.0" "--property-eventsourcecode=abcd1234" "--property-eventtime=2019-08-05T22:07:27.096Z" "--property-eventsource=us" "--property-longitude=0.0" --link-testrelation=http://google.com/ --content --contentType=text/html --signature=MCwCFE2LxwUz8gJIcsVU3lYCnz14u2xoAhReKOyueSyXZYvUtLRcGVTr3iXiMQ== --action=EVENT_UPDATED
INFO	thread=988	[null] command 'echo --preferred-eventid=usabcd1234 --preferred-eventsource=us --preferred-eventsourcecode=abcd1234 --eventids=usabcd1234 --preferred-magnitude=null --preferred-latitude=0.0 --preferred-longitude=0.0 --preferred-depth=null --preferred-eventtime=2019-08-05T22:07:27.096Z --directory=/Users/cbass/Projects/pdl/_test_storage_/shakemap/abcd1234/us/1565042847156 --type=shakemap --code=abcd1234 --source=us --updateTime=2019-08-05T22:07:27.156Z --status=UPDATE --trackerURL=http://localhost/tracker "--property-testprop=testvalue" "--property-latitude=0.0" "--property-eventsourcecode=abcd1234" "--property-eventtime=2019-08-05T22:07:27.096Z" "--property-eventsource=us" "--property-longitude=0.0" --link-testrelation=http://google.com/ --content --contentType=text/html --signature=MCwCFE2LxwUz8gJIcsVU3lYCnz14u2xoAhReKOyueSyXZYvUtLRcGVTr3iXiMQ== --action=EVENT_UPDATED' exited with status '0'
CONFIG	thread=13	[null] maxTries = 1
CONFIG	thread=13	[null] maxTries = 1
CONFIG	thread=13	[null] timeout = 0ms
CONFIG	thread=13	[null] retry delay = 300000ms
CONFIG	thread=13	[null] process duplicates = false
CONFIG	thread=13	[null] include paths = []
CONFIG	thread=13	[null] exclude paths = []
CONFIG	thread=13	[null] using storage directory /Users/cbass/Projects/pdl/storage
CONFIG	thread=13	[null] loading ArchivePolicy 'testPolicy'
CONFIG	thread=13	[null] archive interval is '500'
CONFIG	thread=13	[null] no indexer modules configured.
CONFIG	thread=13	[null] no indexer listeners configured.
CONFIG	thread=13	[null] Local regions file: regions.json
CONFIG	thread=13	[null] associateUsingCurrentProducts = false

###
Mon Aug 05 16:07:27 MDT 2019
FINEST	thread=13	[null] storing product id=urn:usgs-product:us:origin:one:1565042847225
FINEST	thread=13	[null] acquiring write lock for product id=urn:usgs-product:us:origin:one:1565042847225
FINEST	thread=13	[null] acquired write lock for product id=urn:usgs-product:us:origin:one:1565042847225
FINEST	thread=13	[null] acquiring read lock for product id=urn:usgs-product:us:origin:one:1565042847225
FINEST	thread=13	[null] acquired read lock for product id=urn:usgs-product:us:origin:one:1565042847225
FINEST	thread=13	[null] releasing read lock for product id=urn:usgs-product:us:origin:one:1565042847225
FINEST	thread=13	[null] released read lock for product id=urn:usgs-product:us:origin:one:1565042847225
FINER	thread=13	[null] product stored id=urn:usgs-product:us:origin:one:1565042847225, status=UPDATE
FINEST	thread=13	[null] releasing write lock for product id=urn:usgs-product:us:origin:one:1565042847225
FINEST	thread=13	[null] released write lock for product id=urn:usgs-product:us:origin:one:1565042847225
FINEST	thread=13	[null] stored product id=urn:usgs-product:us:origin:one:1565042847225
FINER	thread=13	[null] summarizing product id=urn:usgs-product:us:origin:one:1565042847225
FINEST	thread=13	[null] beginning index transaction
FINER	thread=13	[null] finding previous version
FINEST	thread=13	[null] running query 
SELECT DISTINCT id FROM productSummary p WHERE p.id IS NOT NULL AND p.id = (SELECT id FROM productSummary ps WHERE ps.source='us' AND ps.type='origin' AND ps.code='one' AND ps.status <> 'DELETE' ORDER BY ps.updateTime DESC LIMIT 1) AND source='us' AND type='origin' AND code='one'
FINEST	thread=13	[null] query complete
FINER	thread=13	[null] finding previous event
FINEST	thread=13	Product Index Query
eventSearchType=SEARCH_EVENT_PRODUCTS
resultType=RESULT_TYPE_ALL
eventSource=us
eventSourceCode=one
FINEST	thread=13	Product Index Query
eventSearchType=SEARCH_EVENT_PREFERRED
resultType=RESULT_TYPE_ALL
minEventTime=Mon Aug 05 16:07:11 MDT 2019
maxEventTime=Mon Aug 05 16:07:43 MDT 2019
minEventLatitude=34.10007199424046075986183268469176255166530609130859375
maxEventLatitude=35.89992800575953924013816731530823744833469390869140625
minEventLongitude=-119.098609241146021986423875205218791961669921875
maxEventLongitude=-116.901390758853978013576124794781208038330078125
FINER	thread=13	[null] adding summary to index
FINEST	thread=13	[null] Added property eventsourcecode:one for product 1
FINEST	thread=13	[null] Added property eventtime:2019-08-05T22:07:27.225Z for product 1
FINEST	thread=13	[null] Added property eventsource:us for product 1
FINEST	thread=13	[null] Added property latitude:35.0 for product 1
FINEST	thread=13	[null] Added property longitude:-118.0 for product 1
FINEST	thread=13	[null] Added productSummary urn:usgs-product:us:origin:one:1565042847225, indexid=1 to product index
FINEST	thread=13	Added event id=1
FINEST	thread=13	[null] Added event to Product Index
FINER	thread=13	[null] Added associations event id=1, productSummary source=us, type=origin, code=one (id=1)
FINER	thread=13	[null] created event indexid=1
FINE	thread=13	Eventindexid=1, eventid=usone, latitude=35.0, longitude=-118.0, time=Mon Aug 05 16:07:27 MDT 2019, deleted=false
FINER	thread=13	Products in event
	status=UPDATE, id=urn:usgs-product:us:origin:one:1565042847225, eventid=usone, latitude=35.0, longitude=-118.0, time=Mon Aug 05 16:07:27 MDT 2019
FINER	thread=13	[null] checking for event merges
FINER	thread=13	[null] searching for unassociated products
FINER	thread=13	[null] search for unassociated products complete
FINER	thread=13	[null] updating event summary parameters
FINER	thread=13	[null] Updating event indexid=1
FINE	thread=13	Eventindexid=1, eventid=usone, latitude=35.0, longitude=-118.0, time=Mon Aug 05 16:07:27 MDT 2019, deleted=false
FINER	thread=13	Products in event
	status=UPDATE, id=urn:usgs-product:us:origin:one:1565042847225, eventid=usone, latitude=35.0, longitude=-118.0, time=Mon Aug 05 16:07:27 MDT 2019
FINEST	thread=13	[null] Updated event properties in Product Index
FINER	thread=13	[null] committing transaction
FINE	thread=13	[null] notifying listeners
INFO	thread=13	[null] indexed product id=urn:usgs-product:us:origin:one:1565042847225, status=UPDATE
EVENT_ADDED null => usone
FINEST	thread=1012	[null] acquiring read lock for product id=urn:usgs-product:us:origin:one:1565042847225
FINEST	thread=1012	[null] acquired read lock for product id=urn:usgs-product:us:origin:one:1565042847225
FINEST	thread=1012	[null] releasing read lock for product id=urn:usgs-product:us:origin:one:1565042847225
FINEST	thread=1012	[null] released read lock for product id=urn:usgs-product:us:origin:one:1565042847225
FINEST	thread=1013	[null] acquiring read lock for product id=urn:usgs-product:us:origin:one:1565042847225
FINEST	thread=1013	[null] acquired read lock for product id=urn:usgs-product:us:origin:one:1565042847225
FINEST	thread=1013	[null] releasing read lock for product id=urn:usgs-product:us:origin:one:1565042847225
FINEST	thread=1013	[null] released read lock for product id=urn:usgs-product:us:origin:one:1565042847225
FINER	thread=1012	[DirectoryProductSource] Product does not have any  URLContent. Scraping directory for files.
FINEST	thread=1012	[null] acquiring write lock for product id=urn:usgs-product:us:origin:one:1565042847225
FINEST	thread=1012	[null] acquired write lock for product id=urn:usgs-product:us:origin:one:1565042847225
FINEST	thread=1012	[null] acquiring read lock for product id=urn:usgs-product:us:origin:one:1565042847225
FINEST	thread=1012	[null] acquired read lock for product id=urn:usgs-product:us:origin:one:1565042847225
FINEST	thread=1012	[null] releasing read lock for product id=urn:usgs-product:us:origin:one:1565042847225
FINEST	thread=1012	[null] released read lock for product id=urn:usgs-product:us:origin:one:1565042847225
FINER	thread=1013	[DirectoryProductSource] Product does not have any  URLContent. Scraping directory for files.
FINEST	thread=1013	[null] acquiring write lock for product id=urn:usgs-product:us:origin:one:1565042847225
FINEST	thread=1013	[null] acquired write lock for product id=urn:usgs-product:us:origin:one:1565042847225
FINEST	thread=1013	[null] acquiring read lock for product id=urn:usgs-product:us:origin:one:1565042847225
FINEST	thread=1013	[null] acquired read lock for product id=urn:usgs-product:us:origin:one:1565042847225
FINEST	thread=1013	[null] releasing read lock for product id=urn:usgs-product:us:origin:one:1565042847225
FINEST	thread=1013	[null] released read lock for product id=urn:usgs-product:us:origin:one:1565042847225
WARNING	thread=1012	[null] exception while storing product, removing incomplete product
java.io.IOException: Unable to create directory /Users/cbass/Projects/pdl/_test_storage_/origin/one/us/1565042847225
	at gov.usgs.util.StreamUtils.getOutputStream(StreamUtils.java:153)
	at gov.usgs.util.StreamUtils.getOutputStream(StreamUtils.java:183)
	at gov.usgs.earthquake.product.io.DirectoryProductHandler.onEndProduct(DirectoryProductHandler.java:68)
	at gov.usgs.earthquake.product.io.FilterProductHandler.onEndProduct(FilterProductHandler.java:71)
	at gov.usgs.earthquake.distribution.FileProductStorage$StorageProductOutput.onEndProduct(FileProductStorage.java:855)
	at gov.usgs.earthquake.product.io.ObjectProductSource.sendEndProduct(ObjectProductSource.java:166)
	at gov.usgs.earthquake.product.io.ObjectProductSource.streamTo(ObjectProductSource.java:62)
	at gov.usgs.earthquake.distribution.FileProductStorage.storeProductSource(FileProductStorage.java:693)
	at gov.usgs.earthquake.distribution.FileProductStorage.storeProduct(FileProductStorage.java:675)
	at gov.usgs.earthquake.indexer.ExternalIndexerListener.storeProduct(ExternalIndexerListener.java:196)
	at gov.usgs.earthquake.indexer.ExternalIndexerListener.onIndexerEvent(ExternalIndexerListener.java:131)
	at gov.usgs.earthquake.indexer.IndexerListenerCallable.call(IndexerListenerCallable.java:36)
	at gov.usgs.earthquake.indexer.IndexerListenerCallable.call(IndexerListenerCallable.java:12)
	at gov.usgs.util.ExecutorTask.run(ExecutorTask.java:183)
	at java.base/java.util.concurrent.Executors$RunnableAdapter.call(Executors.java:515)
	at java.base/java.util.concurrent.FutureTask.run(FutureTask.java:264)
	at java.base/java.util.concurrent.ThreadPoolExecutor.runWorker(ThreadPoolExecutor.java:1128)
	at java.base/java.util.concurrent.ThreadPoolExecutor$Worker.run(ThreadPoolExecutor.java:628)
	at java.base/java.lang.Thread.run(Thread.java:834)
FINEST	thread=1012	[null] acquiring write lock for product id=urn:usgs-product:us:origin:one:1565042847225
FINEST	thread=1012	[null] acquired write lock for product id=urn:usgs-product:us:origin:one:1565042847225
FINER	thread=1013	[null] product stored id=urn:usgs-product:us:origin:one:1565042847225, status=UPDATE
FINEST	thread=1013	[null] releasing write lock for product id=urn:usgs-product:us:origin:one:1565042847225
FINEST	thread=1013	[null] released write lock for product id=urn:usgs-product:us:origin:one:1565042847225
FINEST	thread=1013	[null] acquiring read lock for product id=urn:usgs-product:us:origin:one:1565042847225
FINEST	thread=1013	[null] acquired read lock for product id=urn:usgs-product:us:origin:one:1565042847225
FINEST	thread=1013	[null] releasing read lock for product id=urn:usgs-product:us:origin:one:1565042847225
FINEST	thread=1013	[null] released read lock for product id=urn:usgs-product:us:origin:one:1565042847225
FINER	thread=1012	[null] product removed, id=urn:usgs-product:us:origin:one:1565042847225
FINEST	thread=1012	[null] releasing write lock for product id=urn:usgs-product:us:origin:one:1565042847225
FINEST	thread=1012	[null] released write lock for product id=urn:usgs-product:us:origin:one:1565042847225
FINEST	thread=1012	[null] releasing write lock for product id=urn:usgs-product:us:origin:one:1565042847225
FINEST	thread=1012	[null] released write lock for product id=urn:usgs-product:us:origin:one:1565042847225
WARNING	thread=1012	[null] listener (null) threw exception, for product id=urn:usgs-product:us:origin:one:1565042847225
java.io.IOException: Unable to create directory /Users/cbass/Projects/pdl/_test_storage_/origin/one/us/1565042847225
	at gov.usgs.util.StreamUtils.getOutputStream(StreamUtils.java:153)
	at gov.usgs.util.StreamUtils.getOutputStream(StreamUtils.java:183)
	at gov.usgs.earthquake.product.io.DirectoryProductHandler.onEndProduct(DirectoryProductHandler.java:68)
	at gov.usgs.earthquake.product.io.FilterProductHandler.onEndProduct(FilterProductHandler.java:71)
	at gov.usgs.earthquake.distribution.FileProductStorage$StorageProductOutput.onEndProduct(FileProductStorage.java:855)
	at gov.usgs.earthquake.product.io.ObjectProductSource.sendEndProduct(ObjectProductSource.java:166)
	at gov.usgs.earthquake.product.io.ObjectProductSource.streamTo(ObjectProductSource.java:62)
	at gov.usgs.earthquake.distribution.FileProductStorage.storeProductSource(FileProductStorage.java:693)
	at gov.usgs.earthquake.distribution.FileProductStorage.storeProduct(FileProductStorage.java:675)
	at gov.usgs.earthquake.indexer.ExternalIndexerListener.storeProduct(ExternalIndexerListener.java:196)
	at gov.usgs.earthquake.indexer.ExternalIndexerListener.onIndexerEvent(ExternalIndexerListener.java:131)
	at gov.usgs.earthquake.indexer.IndexerListenerCallable.call(IndexerListenerCallable.java:36)
	at gov.usgs.earthquake.indexer.IndexerListenerCallable.call(IndexerListenerCallable.java:12)
	at gov.usgs.util.ExecutorTask.run(ExecutorTask.java:183)
	at java.base/java.util.concurrent.Executors$RunnableAdapter.call(Executors.java:515)
	at java.base/java.util.concurrent.FutureTask.run(FutureTask.java:264)
	at java.base/java.util.concurrent.ThreadPoolExecutor.runWorker(ThreadPoolExecutor.java:1128)
	at java.base/java.util.concurrent.ThreadPoolExecutor$Worker.run(ThreadPoolExecutor.java:628)
	at java.base/java.lang.Thread.run(Thread.java:834)
FINE	thread=1012	Exception: Unable to create directory /Users/cbass/Projects/pdl/_test_storage_/origin/one/us/1565042847225 source=us, type=origin, code=one, updateTime=Mon Aug 05 16:07:27 MDT 2019
FINEST	thread=1012	Tracker updates disabled, not sent
INFO	thread=1012	Exception executing task
java.io.IOException: Unable to create directory /Users/cbass/Projects/pdl/_test_storage_/origin/one/us/1565042847225
	at gov.usgs.util.StreamUtils.getOutputStream(StreamUtils.java:153)
	at gov.usgs.util.StreamUtils.getOutputStream(StreamUtils.java:183)
	at gov.usgs.earthquake.product.io.DirectoryProductHandler.onEndProduct(DirectoryProductHandler.java:68)
	at gov.usgs.earthquake.product.io.FilterProductHandler.onEndProduct(FilterProductHandler.java:71)
	at gov.usgs.earthquake.distribution.FileProductStorage$StorageProductOutput.onEndProduct(FileProductStorage.java:855)
	at gov.usgs.earthquake.product.io.ObjectProductSource.sendEndProduct(ObjectProductSource.java:166)
	at gov.usgs.earthquake.product.io.ObjectProductSource.streamTo(ObjectProductSource.java:62)
	at gov.usgs.earthquake.distribution.FileProductStorage.storeProductSource(FileProductStorage.java:693)
	at gov.usgs.earthquake.distribution.FileProductStorage.storeProduct(FileProductStorage.java:675)
	at gov.usgs.earthquake.indexer.ExternalIndexerListener.storeProduct(ExternalIndexerListener.java:196)
	at gov.usgs.earthquake.indexer.ExternalIndexerListener.onIndexerEvent(ExternalIndexerListener.java:131)
	at gov.usgs.earthquake.indexer.IndexerListenerCallable.call(IndexerListenerCallable.java:36)
	at gov.usgs.earthquake.indexer.IndexerListenerCallable.call(IndexerListenerCallable.java:12)
	at gov.usgs.util.ExecutorTask.run(ExecutorTask.java:183)
	at java.base/java.util.concurrent.Executors$RunnableAdapter.call(Executors.java:515)
	at java.base/java.util.concurrent.FutureTask.run(FutureTask.java:264)
	at java.base/java.util.concurrent.ThreadPoolExecutor.runWorker(ThreadPoolExecutor.java:1128)
	at java.base/java.util.concurrent.ThreadPoolExecutor$Worker.run(ThreadPoolExecutor.java:628)
	at java.base/java.lang.Thread.run(Thread.java:834)
FINER	thread=1013	[DirectoryProductSource] Product does not have any  URLContent. Scraping directory for files.
WARNING	thread=1013	[null] listener (null) threw exception, for product id=urn:usgs-product:us:origin:one:1565042847225
java.lang.NullPointerException
	at gov.usgs.earthquake.product.FileContent.getDirectoryContents(FileContent.java:181)
	at gov.usgs.earthquake.product.FileContent.getDirectoryContents(FileContent.java:158)
	at gov.usgs.earthquake.product.io.DirectoryProductSource.streamTo(DirectoryProductSource.java:91)
	at gov.usgs.earthquake.product.io.ObjectProductHandler.getProduct(ObjectProductHandler.java:172)
	at gov.usgs.earthquake.distribution.FileProductStorage.getProduct(FileProductStorage.java:465)
	at gov.usgs.earthquake.indexer.ExternalIndexerListener.storeProduct(ExternalIndexerListener.java:197)
	at gov.usgs.earthquake.indexer.ExternalIndexerListener.onIndexerEvent(ExternalIndexerListener.java:131)
	at gov.usgs.earthquake.indexer.IndexerListenerCallable.call(IndexerListenerCallable.java:36)
	at gov.usgs.earthquake.indexer.IndexerListenerCallable.call(IndexerListenerCallable.java:12)
	at gov.usgs.util.ExecutorTask.run(ExecutorTask.java:183)
	at java.base/java.util.concurrent.Executors$RunnableAdapter.call(Executors.java:515)
	at java.base/java.util.concurrent.FutureTask.run(FutureTask.java:264)
	at java.base/java.util.concurrent.ThreadPoolExecutor.runWorker(ThreadPoolExecutor.java:1128)
	at java.base/java.util.concurrent.ThreadPoolExecutor$Worker.run(ThreadPoolExecutor.java:628)
	at java.base/java.lang.Thread.run(Thread.java:834)
FINE	thread=1013	Exception: null source=us, type=origin, code=one, updateTime=Mon Aug 05 16:07:27 MDT 2019
FINEST	thread=1013	Tracker updates disabled, not sent
INFO	thread=1013	Exception executing task
java.lang.NullPointerException
	at gov.usgs.earthquake.product.FileContent.getDirectoryContents(FileContent.java:181)
	at gov.usgs.earthquake.product.FileContent.getDirectoryContents(FileContent.java:158)
	at gov.usgs.earthquake.product.io.DirectoryProductSource.streamTo(DirectoryProductSource.java:91)
	at gov.usgs.earthquake.product.io.ObjectProductHandler.getProduct(ObjectProductHandler.java:172)
	at gov.usgs.earthquake.distribution.FileProductStorage.getProduct(FileProductStorage.java:465)
	at gov.usgs.earthquake.indexer.ExternalIndexerListener.storeProduct(ExternalIndexerListener.java:197)
	at gov.usgs.earthquake.indexer.ExternalIndexerListener.onIndexerEvent(ExternalIndexerListener.java:131)
	at gov.usgs.earthquake.indexer.IndexerListenerCallable.call(IndexerListenerCallable.java:36)
	at gov.usgs.earthquake.indexer.IndexerListenerCallable.call(IndexerListenerCallable.java:12)
	at gov.usgs.util.ExecutorTask.run(ExecutorTask.java:183)
	at java.base/java.util.concurrent.Executors$RunnableAdapter.call(Executors.java:515)
	at java.base/java.util.concurrent.FutureTask.run(FutureTask.java:264)
	at java.base/java.util.concurrent.ThreadPoolExecutor.runWorker(ThreadPoolExecutor.java:1128)
	at java.base/java.util.concurrent.ThreadPoolExecutor$Worker.run(ThreadPoolExecutor.java:628)
	at java.base/java.lang.Thread.run(Thread.java:834)
FINEST	thread=13	[null] storing product id=urn:usgs-product:us:origin:one:1565042847282
FINEST	thread=13	[null] acquiring write lock for product id=urn:usgs-product:us:origin:one:1565042847282
FINEST	thread=13	[null] acquired write lock for product id=urn:usgs-product:us:origin:one:1565042847282
FINEST	thread=13	[null] acquiring read lock for product id=urn:usgs-product:us:origin:one:1565042847282
FINEST	thread=13	[null] acquired read lock for product id=urn:usgs-product:us:origin:one:1565042847282
FINEST	thread=13	[null] releasing read lock for product id=urn:usgs-product:us:origin:one:1565042847282
FINEST	thread=13	[null] released read lock for product id=urn:usgs-product:us:origin:one:1565042847282
FINER	thread=13	[null] product stored id=urn:usgs-product:us:origin:one:1565042847282, status=UPDATE
FINEST	thread=13	[null] releasing write lock for product id=urn:usgs-product:us:origin:one:1565042847282
FINEST	thread=13	[null] released write lock for product id=urn:usgs-product:us:origin:one:1565042847282
FINEST	thread=13	[null] stored product id=urn:usgs-product:us:origin:one:1565042847282
FINER	thread=13	[null] summarizing product id=urn:usgs-product:us:origin:one:1565042847282
FINEST	thread=13	[null] beginning index transaction
FINER	thread=13	[null] finding previous version
FINEST	thread=13	[null] running query 
SELECT DISTINCT id FROM productSummary p WHERE p.id IS NOT NULL AND p.id = (SELECT id FROM productSummary ps WHERE ps.source='us' AND ps.type='origin' AND ps.code='one' AND ps.status <> 'DELETE' ORDER BY ps.updateTime DESC LIMIT 1) AND source='us' AND type='origin' AND code='one'
FINEST	thread=13	[null] query complete
FINER	thread=13	[null] finding previous event
FINEST	thread=13	Product Index Query
eventSearchType=SEARCH_EVENT_PRODUCTS
resultType=RESULT_TYPE_ALL
eventSource=us
eventSourceCode=one
FINER	thread=13	[null] adding summary to index
FINEST	thread=13	[null] Added property eventsourcecode:one for product 2
FINEST	thread=13	[null] Added property eventsource:us for product 2
FINEST	thread=13	[null] Added productSummary urn:usgs-product:us:origin:one:1565042847282, indexid=2 to product index
FINER	thread=13	[null] found existing event indexid=1
FINE	thread=13	Eventindexid=1, eventid=usone, latitude=35.0, longitude=-118.0, time=Mon Aug 05 16:07:27 MDT 2019, deleted=false
FINER	thread=13	Products in event
	status=UPDATE, id=urn:usgs-product:us:origin:one:1565042847225, eventid=usone, latitude=35.0, longitude=-118.0, time=Mon Aug 05 16:07:27 MDT 2019
FINER	thread=13	[null] Added associations event id=1, productSummary source=us, type=origin, code=one (id=2)
FINER	thread=13	[null] checking for event splits
FINER	thread=13	[null] checking for event merges
FINER	thread=13	[null] searching for nearby events
FINER	thread=13	[null] search for nearby events complete
FINER	thread=13	[null] searching for unassociated products
FINER	thread=13	[null] search for unassociated products complete
FINER	thread=13	[null] updating event summary parameters
FINER	thread=13	[null] Updating event indexid=1
FINE	thread=13	Eventindexid=1, eventid=usone, latitude=null, longitude=null, time=null, deleted=true
FINER	thread=13	Products in event
	status=UPDATE, id=urn:usgs-product:us:origin:one:1565042847225, eventid=usone, latitude=35.0, longitude=-118.0, time=Mon Aug 05 16:07:27 MDT 2019
	status=UPDATE, id=urn:usgs-product:us:origin:one:1565042847282, eventid=usone, latitude=null, longitude=null, time=null
FINEST	thread=13	[null] Updated event properties in Product Index
FINER	thread=13	[null] committing transaction
FINE	thread=13	[null] notifying listeners
INFO	thread=13	[null] indexed product id=urn:usgs-product:us:origin:one:1565042847282, status=UPDATE
EVENT_DELETED usone => usone
FINEST	thread=1012	[null] acquiring read lock for product id=urn:usgs-product:us:origin:one:1565042847282
FINEST	thread=1012	[null] acquired read lock for product id=urn:usgs-product:us:origin:one:1565042847282
FINEST	thread=1012	[null] releasing read lock for product id=urn:usgs-product:us:origin:one:1565042847282
FINEST	thread=1012	[null] released read lock for product id=urn:usgs-product:us:origin:one:1565042847282
FINER	thread=1012	[DirectoryProductSource] Product does not have any  URLContent. Scraping directory for files.
FINEST	thread=1012	[null] acquiring write lock for product id=urn:usgs-product:us:origin:one:1565042847282
FINEST	thread=1012	[null] acquired write lock for product id=urn:usgs-product:us:origin:one:1565042847282
FINEST	thread=1012	[null] acquiring read lock for product id=urn:usgs-product:us:origin:one:1565042847282
FINEST	thread=1012	[null] acquired read lock for product id=urn:usgs-product:us:origin:one:1565042847282
FINEST	thread=1012	[null] releasing read lock for product id=urn:usgs-product:us:origin:one:1565042847282
FINEST	thread=1012	[null] released read lock for product id=urn:usgs-product:us:origin:one:1565042847282
FINEST	thread=1013	[null] acquiring read lock for product id=urn:usgs-product:us:origin:one:1565042847282
FINEST	thread=1013	[null] acquired read lock for product id=urn:usgs-product:us:origin:one:1565042847282
FINEST	thread=1013	[null] releasing read lock for product id=urn:usgs-product:us:origin:one:1565042847282
FINEST	thread=1013	[null] released read lock for product id=urn:usgs-product:us:origin:one:1565042847282
FINER	thread=1012	[null] product stored id=urn:usgs-product:us:origin:one:1565042847282, status=UPDATE
FINEST	thread=1012	[null] releasing write lock for product id=urn:usgs-product:us:origin:one:1565042847282
FINEST	thread=1012	[null] released write lock for product id=urn:usgs-product:us:origin:one:1565042847282
FINEST	thread=1012	[null] acquiring read lock for product id=urn:usgs-product:us:origin:one:1565042847282
FINEST	thread=1012	[null] acquired read lock for product id=urn:usgs-product:us:origin:one:1565042847282
FINEST	thread=1012	[null] releasing read lock for product id=urn:usgs-product:us:origin:one:1565042847282
FINEST	thread=1012	[null] released read lock for product id=urn:usgs-product:us:origin:one:1565042847282
FINER	thread=1013	[DirectoryProductSource] Product does not have any  URLContent. Scraping directory for files.
FINEST	thread=1013	[null] acquiring write lock for product id=urn:usgs-product:us:origin:one:1565042847282
FINEST	thread=1013	[null] acquired write lock for product id=urn:usgs-product:us:origin:one:1565042847282
FINEST	thread=1013	[null] acquiring read lock for product id=urn:usgs-product:us:origin:one:1565042847282
FINEST	thread=1013	[null] acquired read lock for product id=urn:usgs-product:us:origin:one:1565042847282
FINEST	thread=1013	[null] acquiring read lock for product id=urn:usgs-product:us:origin:one:1565042847282
FINEST	thread=1013	[null] acquired read lock for product id=urn:usgs-product:us:origin:one:1565042847282
FINEST	thread=1013	[null] releasing read lock for product id=urn:usgs-product:us:origin:one:1565042847282
FINEST	thread=1013	[null] released read lock for product id=urn:usgs-product:us:origin:one:1565042847282
FINEST	thread=1013	[null] releasing read lock for product id=urn:usgs-product:us:origin:one:1565042847282
FINEST	thread=1013	[null] released read lock for product id=urn:usgs-product:us:origin:one:1565042847282
FINEST	thread=1013	[null] releasing write lock for product id=urn:usgs-product:us:origin:one:1565042847282
FINEST	thread=1013	[null] released write lock for product id=urn:usgs-product:us:origin:one:1565042847282
INFO	thread=1013	[null] product already in storage
FINEST	thread=1013	[null] acquiring read lock for product id=urn:usgs-product:us:origin:one:1565042847282
FINEST	thread=1013	[null] acquired read lock for product id=urn:usgs-product:us:origin:one:1565042847282
FINER	thread=1012	[DirectoryProductSource] Product does not have any  URLContent. Scraping directory for files.
FINEST	thread=1013	[null] releasing read lock for product id=urn:usgs-product:us:origin:one:1565042847282
FINEST	thread=1013	[null] released read lock for product id=urn:usgs-product:us:origin:one:1565042847282
FINEST	thread=1012	[null] acquiring read lock for product id=urn:usgs-product:us:origin:one:1565042847282
FINEST	thread=1012	[null] acquired read lock for product id=urn:usgs-product:us:origin:one:1565042847282
FINEST	thread=1012	[null] releasing read lock for product id=urn:usgs-product:us:origin:one:1565042847282
FINEST	thread=1012	[null] released read lock for product id=urn:usgs-product:us:origin:one:1565042847282
FINER	thread=1013	[DirectoryProductSource] Product does not have any  URLContent. Scraping directory for files.
FINEST	thread=1013	[null] acquiring read lock for product id=urn:usgs-product:us:origin:one:1565042847282
FINEST	thread=1013	[null] acquired read lock for product id=urn:usgs-product:us:origin:one:1565042847282
FINEST	thread=1013	[null] releasing read lock for product id=urn:usgs-product:us:origin:one:1565042847282
FINEST	thread=1013	[null] released read lock for product id=urn:usgs-product:us:origin:one:1565042847282
FINER	thread=1012	[DirectoryProductSource] Product does not have any  URLContent. Scraping directory for files.
INFO	thread=1012	[null] running command echo --preferred-eventid=usone --preferred-eventsource=us --preferred-eventsourcecode=one --eventids=usone --preferred-magnitude=null --preferred-latitude=null --preferred-longitude=null --preferred-depth=null --preferred-eventtime=null --directory=/Users/cbass/Projects/pdl/_test_storage_/origin/one/us/1565042847282 --type=origin --code=one --source=us --updateTime=2019-08-05T22:07:27.282Z --status=UPDATE --trackerURL=http://localhost/tracker "--property-eventsourcecode=one" "--property-eventsource=us" --action=EVENT_DELETED
FINER	thread=1013	[DirectoryProductSource] Product does not have any  URLContent. Scraping directory for files.
INFO	thread=1013	[null] running command echo --preferred-eventid=usone --preferred-eventsource=us --preferred-eventsourcecode=one --eventids=usone --preferred-magnitude=null --preferred-latitude=null --preferred-longitude=null --preferred-depth=null --preferred-eventtime=null --directory=/Users/cbass/Projects/pdl/_test_storage_/origin/one/us/1565042847282 --type=origin --code=one --source=us --updateTime=2019-08-05T22:07:27.282Z --status=UPDATE --trackerURL=http://localhost/tracker "--property-eventsourcecode=one" "--property-eventsource=us" --action=EVENT_DELETED
INFO	thread=1013	[null] command 'echo --preferred-eventid=usone --preferred-eventsource=us --preferred-eventsourcecode=one --eventids=usone --preferred-magnitude=null --preferred-latitude=null --preferred-longitude=null --preferred-depth=null --preferred-eventtime=null --directory=/Users/cbass/Projects/pdl/_test_storage_/origin/one/us/1565042847282 --type=origin --code=one --source=us --updateTime=2019-08-05T22:07:27.282Z --status=UPDATE --trackerURL=http://localhost/tracker "--property-eventsourcecode=one" "--property-eventsource=us" --action=EVENT_DELETED' exited with status '0'
INFO	thread=1012	[null] command 'echo --preferred-eventid=usone --preferred-eventsource=us --preferred-eventsourcecode=one --eventids=usone --preferred-magnitude=null --preferred-latitude=null --preferred-longitude=null --preferred-depth=null --preferred-eventtime=null --directory=/Users/cbass/Projects/pdl/_test_storage_/origin/one/us/1565042847282 --type=origin --code=one --source=us --updateTime=2019-08-05T22:07:27.282Z --status=UPDATE --trackerURL=http://localhost/tracker "--property-eventsourcecode=one" "--property-eventsource=us" --action=EVENT_DELETED' exited with status '0'
CONFIG	thread=13	[null] maxTries = 1
CONFIG	thread=13	[null] maxTries = 1
CONFIG	thread=13	[null] timeout = 0ms
CONFIG	thread=13	[null] retry delay = 300000ms
CONFIG	thread=13	[null] process duplicates = false
CONFIG	thread=13	[null] include paths = []
CONFIG	thread=13	[null] exclude paths = []
CONFIG	thread=13	[null] using storage directory /Users/cbass/Projects/pdl/storage
CONFIG	thread=13	[null] loading ArchivePolicy 'testPolicy'
CONFIG	thread=13	[null] archive interval is '500'
CONFIG	thread=13	[null] no indexer modules configured.
CONFIG	thread=13	[null] no indexer listeners configured.
CONFIG	thread=13	[null] Local regions file: regions.json
CONFIG	thread=13	[null] associateUsingCurrentProducts = false
INFO	thread=1024	Archiving disabled
INFO	thread=1024	[null] purged 0 expired events and 0 expired unassociated products.
FINE	thread=13	Eventindexid=1, eventid=usone, latitude=35.0, longitude=-118.0, time=Mon Aug 05 16:07:27 MDT 2019, deleted=false
FINE	thread=13	Eventindexid=1, eventid=usone, latitude=35.0, longitude=-118.0, time=Mon Aug 05 16:07:27 MDT 2019, deleted=false
FINE	thread=13	[null] notifying listeners
INFO	thread=13	[null] indexed product id=urn:usgs-product:us:testproduct:one:1565042847346, status=UPDATE
EVENT_ADDED null => usone
WARNING	thread=1026	[null] exception while storing product, removing incomplete product
java.io.IOException: Unable to create directory /Users/cbass/Projects/pdl/_test_storage_/testproduct/one/us/1565042847346
	at gov.usgs.util.StreamUtils.getOutputStream(StreamUtils.java:153)
	at gov.usgs.util.StreamUtils.getOutputStream(StreamUtils.java:183)
	at gov.usgs.earthquake.product.io.DirectoryProductHandler.onEndProduct(DirectoryProductHandler.java:68)
	at gov.usgs.earthquake.product.io.FilterProductHandler.onEndProduct(FilterProductHandler.java:71)
	at gov.usgs.earthquake.distribution.FileProductStorage$StorageProductOutput.onEndProduct(FileProductStorage.java:855)
	at gov.usgs.earthquake.product.io.ObjectProductSource.sendEndProduct(ObjectProductSource.java:166)
	at gov.usgs.earthquake.product.io.ObjectProductSource.streamTo(ObjectProductSource.java:62)
	at gov.usgs.earthquake.distribution.FileProductStorage.storeProductSource(FileProductStorage.java:693)
	at gov.usgs.earthquake.distribution.FileProductStorage.storeProduct(FileProductStorage.java:675)
	at gov.usgs.earthquake.indexer.ExternalIndexerListener.storeProduct(ExternalIndexerListener.java:196)
	at gov.usgs.earthquake.indexer.ExternalIndexerListener.onIndexerEvent(ExternalIndexerListener.java:131)
	at gov.usgs.earthquake.indexer.IndexerListenerCallable.call(IndexerListenerCallable.java:36)
	at gov.usgs.earthquake.indexer.IndexerListenerCallable.call(IndexerListenerCallable.java:12)
	at gov.usgs.util.ExecutorTask.run(ExecutorTask.java:183)
	at java.base/java.util.concurrent.Executors$RunnableAdapter.call(Executors.java:515)
	at java.base/java.util.concurrent.FutureTask.run(FutureTask.java:264)
	at java.base/java.util.concurrent.ThreadPoolExecutor.runWorker(ThreadPoolExecutor.java:1128)
	at java.base/java.util.concurrent.ThreadPoolExecutor$Worker.run(ThreadPoolExecutor.java:628)
	at java.base/java.lang.Thread.run(Thread.java:834)
WARNING	thread=1026	[null] listener (null) threw exception, for product id=urn:usgs-product:us:testproduct:one:1565042847346
java.io.IOException: Unable to create directory /Users/cbass/Projects/pdl/_test_storage_/testproduct/one/us/1565042847346
	at gov.usgs.util.StreamUtils.getOutputStream(StreamUtils.java:153)
	at gov.usgs.util.StreamUtils.getOutputStream(StreamUtils.java:183)
	at gov.usgs.earthquake.product.io.DirectoryProductHandler.onEndProduct(DirectoryProductHandler.java:68)
	at gov.usgs.earthquake.product.io.FilterProductHandler.onEndProduct(FilterProductHandler.java:71)
	at gov.usgs.earthquake.distribution.FileProductStorage$StorageProductOutput.onEndProduct(FileProductStorage.java:855)
	at gov.usgs.earthquake.product.io.ObjectProductSource.sendEndProduct(ObjectProductSource.java:166)
	at gov.usgs.earthquake.product.io.ObjectProductSource.streamTo(ObjectProductSource.java:62)
	at gov.usgs.earthquake.distribution.FileProductStorage.storeProductSource(FileProductStorage.java:693)
	at gov.usgs.earthquake.distribution.FileProductStorage.storeProduct(FileProductStorage.java:675)
	at gov.usgs.earthquake.indexer.ExternalIndexerListener.storeProduct(ExternalIndexerListener.java:196)
	at gov.usgs.earthquake.indexer.ExternalIndexerListener.onIndexerEvent(ExternalIndexerListener.java:131)
	at gov.usgs.earthquake.indexer.IndexerListenerCallable.call(IndexerListenerCallable.java:36)
	at gov.usgs.earthquake.indexer.IndexerListenerCallable.call(IndexerListenerCallable.java:12)
	at gov.usgs.util.ExecutorTask.run(ExecutorTask.java:183)
	at java.base/java.util.concurrent.Executors$RunnableAdapter.call(Executors.java:515)
	at java.base/java.util.concurrent.FutureTask.run(FutureTask.java:264)
	at java.base/java.util.concurrent.ThreadPoolExecutor.runWorker(ThreadPoolExecutor.java:1128)
	at java.base/java.util.concurrent.ThreadPoolExecutor$Worker.run(ThreadPoolExecutor.java:628)
	at java.base/java.lang.Thread.run(Thread.java:834)
FINE	thread=1026	Exception: Unable to create directory /Users/cbass/Projects/pdl/_test_storage_/testproduct/one/us/1565042847346 source=us, type=testproduct, code=one, updateTime=Mon Aug 05 16:07:27 MDT 2019
INFO	thread=1026	Exception executing task
java.io.IOException: Unable to create directory /Users/cbass/Projects/pdl/_test_storage_/testproduct/one/us/1565042847346
	at gov.usgs.util.StreamUtils.getOutputStream(StreamUtils.java:153)
	at gov.usgs.util.StreamUtils.getOutputStream(StreamUtils.java:183)
	at gov.usgs.earthquake.product.io.DirectoryProductHandler.onEndProduct(DirectoryProductHandler.java:68)
	at gov.usgs.earthquake.product.io.FilterProductHandler.onEndProduct(FilterProductHandler.java:71)
	at gov.usgs.earthquake.distribution.FileProductStorage$StorageProductOutput.onEndProduct(FileProductStorage.java:855)
	at gov.usgs.earthquake.product.io.ObjectProductSource.sendEndProduct(ObjectProductSource.java:166)
	at gov.usgs.earthquake.product.io.ObjectProductSource.streamTo(ObjectProductSource.java:62)
	at gov.usgs.earthquake.distribution.FileProductStorage.storeProductSource(FileProductStorage.java:693)
	at gov.usgs.earthquake.distribution.FileProductStorage.storeProduct(FileProductStorage.java:675)
	at gov.usgs.earthquake.indexer.ExternalIndexerListener.storeProduct(ExternalIndexerListener.java:196)
	at gov.usgs.earthquake.indexer.ExternalIndexerListener.onIndexerEvent(ExternalIndexerListener.java:131)
	at gov.usgs.earthquake.indexer.IndexerListenerCallable.call(IndexerListenerCallable.java:36)
	at gov.usgs.earthquake.indexer.IndexerListenerCallable.call(IndexerListenerCallable.java:12)
	at gov.usgs.util.ExecutorTask.run(ExecutorTask.java:183)
	at java.base/java.util.concurrent.Executors$RunnableAdapter.call(Executors.java:515)
	at java.base/java.util.concurrent.FutureTask.run(FutureTask.java:264)
	at java.base/java.util.concurrent.ThreadPoolExecutor.runWorker(ThreadPoolExecutor.java:1128)
	at java.base/java.util.concurrent.ThreadPoolExecutor$Worker.run(ThreadPoolExecutor.java:628)
	at java.base/java.lang.Thread.run(Thread.java:834)
WARNING	thread=1028	[null] listener (null) threw exception, for product id=urn:usgs-product:us:testproduct:one:1565042847346
java.lang.NullPointerException
	at gov.usgs.earthquake.product.FileContent.getDirectoryContents(FileContent.java:181)
	at gov.usgs.earthquake.product.FileContent.getDirectoryContents(FileContent.java:158)
	at gov.usgs.earthquake.product.io.DirectoryProductSource.streamTo(DirectoryProductSource.java:91)
	at gov.usgs.earthquake.product.io.ObjectProductHandler.getProduct(ObjectProductHandler.java:172)
	at gov.usgs.earthquake.distribution.FileProductStorage.getProduct(FileProductStorage.java:465)
	at gov.usgs.earthquake.indexer.ExternalIndexerListener.storeProduct(ExternalIndexerListener.java:197)
	at gov.usgs.earthquake.indexer.ExternalIndexerListener.onIndexerEvent(ExternalIndexerListener.java:131)
	at gov.usgs.earthquake.indexer.IndexerListenerCallable.call(IndexerListenerCallable.java:36)
	at gov.usgs.earthquake.indexer.IndexerListenerCallable.call(IndexerListenerCallable.java:12)
	at gov.usgs.util.ExecutorTask.run(ExecutorTask.java:183)
	at java.base/java.util.concurrent.Executors$RunnableAdapter.call(Executors.java:515)
	at java.base/java.util.concurrent.FutureTask.run(FutureTask.java:264)
	at java.base/java.util.concurrent.ThreadPoolExecutor.runWorker(ThreadPoolExecutor.java:1128)
	at java.base/java.util.concurrent.ThreadPoolExecutor$Worker.run(ThreadPoolExecutor.java:628)
	at java.base/java.lang.Thread.run(Thread.java:834)
FINE	thread=1028	Exception: null source=us, type=testproduct, code=one, updateTime=Mon Aug 05 16:07:27 MDT 2019
INFO	thread=1028	Exception executing task
java.lang.NullPointerException
	at gov.usgs.earthquake.product.FileContent.getDirectoryContents(FileContent.java:181)
	at gov.usgs.earthquake.product.FileContent.getDirectoryContents(FileContent.java:158)
	at gov.usgs.earthquake.product.io.DirectoryProductSource.streamTo(DirectoryProductSource.java:91)
	at gov.usgs.earthquake.product.io.ObjectProductHandler.getProduct(ObjectProductHandler.java:172)
	at gov.usgs.earthquake.distribution.FileProductStorage.getProduct(FileProductStorage.java:465)
	at gov.usgs.earthquake.indexer.ExternalIndexerListener.storeProduct(ExternalIndexerListener.java:197)
	at gov.usgs.earthquake.indexer.ExternalIndexerListener.onIndexerEvent(ExternalIndexerListener.java:131)
	at gov.usgs.earthquake.indexer.IndexerListenerCallable.call(IndexerListenerCallable.java:36)
	at gov.usgs.earthquake.indexer.IndexerListenerCallable.call(IndexerListenerCallable.java:12)
	at gov.usgs.util.ExecutorTask.run(ExecutorTask.java:183)
	at java.base/java.util.concurrent.Executors$RunnableAdapter.call(Executors.java:515)
	at java.base/java.util.concurrent.FutureTask.run(FutureTask.java:264)
	at java.base/java.util.concurrent.ThreadPoolExecutor.runWorker(ThreadPoolExecutor.java:1128)
	at java.base/java.util.concurrent.ThreadPoolExecutor$Worker.run(ThreadPoolExecutor.java:628)
	at java.base/java.lang.Thread.run(Thread.java:834)
FINE	thread=13	Eventindexid=1, eventid=usone, latitude=35.0, longitude=-118.0, time=Mon Aug 05 16:07:27 MDT 2019, deleted=false
FINE	thread=13	Eventindexid=1, eventid=ncuno, latitude=35.0, longitude=-118.0, time=Mon Aug 05 16:07:27 MDT 2019, deleted=false
FINE	thread=13	[null] notifying listeners
INFO	thread=13	[null] indexed product id=urn:usgs-product:nc:testproduct:uno:1565042847402, status=UPDATE
EVENT_UPDATED usone => ncuno
INFO	thread=1026	[null] product already in storage
INFO	thread=1026	[null] running command echo --preferred-eventid=ncuno --preferred-eventsource=nc --preferred-eventsourcecode=uno --eventids=ncuno,usone --preferred-magnitude=null --preferred-latitude=35.0 --preferred-longitude=-118.0 --preferred-depth=null --preferred-eventtime=2019-08-05T22:07:27.346Z --directory=/Users/cbass/Projects/pdl/_test_storage_/testproduct/uno/nc/1565042847402 --type=testproduct --code=uno --source=nc --updateTime=2019-08-05T22:07:27.402Z --status=UPDATE --trackerURL=http://localhost/tracker "--property-eventsourcecode=uno" "--property-eventtime=2019-08-05T22:07:27.346Z" "--property-eventsource=nc" "--property-latitude=35.0" "--property-longitude=-118.0" --action=EVENT_UPDATED
INFO	thread=1026	[null] command 'echo --preferred-eventid=ncuno --preferred-eventsource=nc --preferred-eventsourcecode=uno --eventids=ncuno,usone --preferred-magnitude=null --preferred-latitude=35.0 --preferred-longitude=-118.0 --preferred-depth=null --preferred-eventtime=2019-08-05T22:07:27.346Z --directory=/Users/cbass/Projects/pdl/_test_storage_/testproduct/uno/nc/1565042847402 --type=testproduct --code=uno --source=nc --updateTime=2019-08-05T22:07:27.402Z --status=UPDATE --trackerURL=http://localhost/tracker "--property-eventsourcecode=uno" "--property-eventtime=2019-08-05T22:07:27.346Z" "--property-eventsource=nc" "--property-latitude=35.0" "--property-longitude=-118.0" --action=EVENT_UPDATED' exited with status '0'
FINE	thread=13	Eventindexid=1, eventid=ncuno, latitude=35.0, longitude=-118.0, time=Mon Aug 05 16:07:27 MDT 2019, deleted=false
FINE	thread=13	Eventindexid=1, eventid=ncuno, latitude=35.0, longitude=-118.0, time=Mon Aug 05 16:07:27 MDT 2019, deleted=false
FINE	thread=13	Eventindexid=2, eventid=usone, latitude=35.0, longitude=-118.0, time=Mon Aug 05 16:07:27 MDT 2019, deleted=false
FINE	thread=13	[null] notifying listeners
INFO	thread=13	[null] indexed product id=urn:usgs-product:nc:disassociate:uno:1565042847462, status=UPDATE
EVENT_UPDATED ncuno => ncuno
EVENT_SPLIT null => usone
WARNING	thread=1026	[null] exception while storing product, removing incomplete product
java.io.IOException: Unable to create directory /Users/cbass/Projects/pdl/_test_storage_/disassociate/uno/nc/1565042847462
	at gov.usgs.util.StreamUtils.getOutputStream(StreamUtils.java:153)
	at gov.usgs.util.StreamUtils.getOutputStream(StreamUtils.java:183)
	at gov.usgs.earthquake.product.io.DirectoryProductHandler.onEndProduct(DirectoryProductHandler.java:68)
	at gov.usgs.earthquake.product.io.FilterProductHandler.onEndProduct(FilterProductHandler.java:71)
	at gov.usgs.earthquake.distribution.FileProductStorage$StorageProductOutput.onEndProduct(FileProductStorage.java:855)
	at gov.usgs.earthquake.product.io.ObjectProductSource.sendEndProduct(ObjectProductSource.java:166)
	at gov.usgs.earthquake.product.io.ObjectProductSource.streamTo(ObjectProductSource.java:62)
	at gov.usgs.earthquake.distribution.FileProductStorage.storeProductSource(FileProductStorage.java:693)
	at gov.usgs.earthquake.distribution.FileProductStorage.storeProduct(FileProductStorage.java:675)
	at gov.usgs.earthquake.indexer.ExternalIndexerListener.storeProduct(ExternalIndexerListener.java:196)
	at gov.usgs.earthquake.indexer.ExternalIndexerListener.onIndexerEvent(ExternalIndexerListener.java:131)
	at gov.usgs.earthquake.indexer.IndexerListenerCallable.call(IndexerListenerCallable.java:36)
	at gov.usgs.earthquake.indexer.IndexerListenerCallable.call(IndexerListenerCallable.java:12)
	at gov.usgs.util.ExecutorTask.run(ExecutorTask.java:183)
	at java.base/java.util.concurrent.Executors$RunnableAdapter.call(Executors.java:515)
	at java.base/java.util.concurrent.FutureTask.run(FutureTask.java:264)
	at java.base/java.util.concurrent.ThreadPoolExecutor.runWorker(ThreadPoolExecutor.java:1128)
	at java.base/java.util.concurrent.ThreadPoolExecutor$Worker.run(ThreadPoolExecutor.java:628)
	at java.base/java.lang.Thread.run(Thread.java:834)
WARNING	thread=1028	[null] listener (null) threw exception, for product id=urn:usgs-product:nc:disassociate:uno:1565042847462
java.io.FileNotFoundException: _test_storage_/disassociate/uno/nc/1565042847462/product.xml (No such file or directory)
	at java.base/java.io.FileInputStream.open0(Native Method)
	at java.base/java.io.FileInputStream.open(FileInputStream.java:219)
	at java.base/java.io.FileInputStream.<init>(FileInputStream.java:157)
	at gov.usgs.util.StreamUtils.getInputStream(StreamUtils.java:60)
	at gov.usgs.earthquake.product.io.DirectoryProductSource.streamTo(DirectoryProductSource.java:55)
	at gov.usgs.earthquake.product.io.ObjectProductHandler.getProduct(ObjectProductHandler.java:172)
	at gov.usgs.earthquake.distribution.FileProductStorage.getProduct(FileProductStorage.java:465)
	at gov.usgs.earthquake.indexer.ExternalIndexerListener.storeProduct(ExternalIndexerListener.java:197)
	at gov.usgs.earthquake.indexer.ExternalIndexerListener.onIndexerEvent(ExternalIndexerListener.java:131)
	at gov.usgs.earthquake.indexer.IndexerListenerCallable.call(IndexerListenerCallable.java:36)
	at gov.usgs.earthquake.indexer.IndexerListenerCallable.call(IndexerListenerCallable.java:12)
	at gov.usgs.util.ExecutorTask.run(ExecutorTask.java:183)
	at java.base/java.util.concurrent.Executors$RunnableAdapter.call(Executors.java:515)
	at java.base/java.util.concurrent.FutureTask.run(FutureTask.java:264)
	at java.base/java.util.concurrent.ThreadPoolExecutor.runWorker(ThreadPoolExecutor.java:1128)
	at java.base/java.util.concurrent.ThreadPoolExecutor$Worker.run(ThreadPoolExecutor.java:628)
	at java.base/java.lang.Thread.run(Thread.java:834)
FINE	thread=1028	Exception: _test_storage_/disassociate/uno/nc/1565042847462/product.xml (No such file or directory) source=nc, type=disassociate, code=uno, updateTime=Mon Aug 05 16:07:27 MDT 2019
INFO	thread=1028	Exception executing task
java.io.FileNotFoundException: _test_storage_/disassociate/uno/nc/1565042847462/product.xml (No such file or directory)
	at java.base/java.io.FileInputStream.open0(Native Method)
	at java.base/java.io.FileInputStream.open(FileInputStream.java:219)
	at java.base/java.io.FileInputStream.<init>(FileInputStream.java:157)
	at gov.usgs.util.StreamUtils.getInputStream(StreamUtils.java:60)
	at gov.usgs.earthquake.product.io.DirectoryProductSource.streamTo(DirectoryProductSource.java:55)
	at gov.usgs.earthquake.product.io.ObjectProductHandler.getProduct(ObjectProductHandler.java:172)
	at gov.usgs.earthquake.distribution.FileProductStorage.getProduct(FileProductStorage.java:465)
	at gov.usgs.earthquake.indexer.ExternalIndexerListener.storeProduct(ExternalIndexerListener.java:197)
	at gov.usgs.earthquake.indexer.ExternalIndexerListener.onIndexerEvent(ExternalIndexerListener.java:131)
	at gov.usgs.earthquake.indexer.IndexerListenerCallable.call(IndexerListenerCallable.java:36)
	at gov.usgs.earthquake.indexer.IndexerListenerCallable.call(IndexerListenerCallable.java:12)
	at gov.usgs.util.ExecutorTask.run(ExecutorTask.java:183)
	at java.base/java.util.concurrent.Executors$RunnableAdapter.call(Executors.java:515)
	at java.base/java.util.concurrent.FutureTask.run(FutureTask.java:264)
	at java.base/java.util.concurrent.ThreadPoolExecutor.runWorker(ThreadPoolExecutor.java:1128)
	at java.base/java.util.concurrent.ThreadPoolExecutor$Worker.run(ThreadPoolExecutor.java:628)
	at java.base/java.lang.Thread.run(Thread.java:834)
WARNING	thread=1026	[null] listener (null) threw exception, for product id=urn:usgs-product:nc:disassociate:uno:1565042847462
java.io.IOException: Unable to create directory /Users/cbass/Projects/pdl/_test_storage_/disassociate/uno/nc/1565042847462
	at gov.usgs.util.StreamUtils.getOutputStream(StreamUtils.java:153)
	at gov.usgs.util.StreamUtils.getOutputStream(StreamUtils.java:183)
	at gov.usgs.earthquake.product.io.DirectoryProductHandler.onEndProduct(DirectoryProductHandler.java:68)
	at gov.usgs.earthquake.product.io.FilterProductHandler.onEndProduct(FilterProductHandler.java:71)
	at gov.usgs.earthquake.distribution.FileProductStorage$StorageProductOutput.onEndProduct(FileProductStorage.java:855)
	at gov.usgs.earthquake.product.io.ObjectProductSource.sendEndProduct(ObjectProductSource.java:166)
	at gov.usgs.earthquake.product.io.ObjectProductSource.streamTo(ObjectProductSource.java:62)
	at gov.usgs.earthquake.distribution.FileProductStorage.storeProductSource(FileProductStorage.java:693)
	at gov.usgs.earthquake.distribution.FileProductStorage.storeProduct(FileProductStorage.java:675)
	at gov.usgs.earthquake.indexer.ExternalIndexerListener.storeProduct(ExternalIndexerListener.java:196)
	at gov.usgs.earthquake.indexer.ExternalIndexerListener.onIndexerEvent(ExternalIndexerListener.java:131)
	at gov.usgs.earthquake.indexer.IndexerListenerCallable.call(IndexerListenerCallable.java:36)
	at gov.usgs.earthquake.indexer.IndexerListenerCallable.call(IndexerListenerCallable.java:12)
	at gov.usgs.util.ExecutorTask.run(ExecutorTask.java:183)
	at java.base/java.util.concurrent.Executors$RunnableAdapter.call(Executors.java:515)
	at java.base/java.util.concurrent.FutureTask.run(FutureTask.java:264)
	at java.base/java.util.concurrent.ThreadPoolExecutor.runWorker(ThreadPoolExecutor.java:1128)
	at java.base/java.util.concurrent.ThreadPoolExecutor$Worker.run(ThreadPoolExecutor.java:628)
	at java.base/java.lang.Thread.run(Thread.java:834)
FINE	thread=1026	Exception: Unable to create directory /Users/cbass/Projects/pdl/_test_storage_/disassociate/uno/nc/1565042847462 source=nc, type=disassociate, code=uno, updateTime=Mon Aug 05 16:07:27 MDT 2019
INFO	thread=1026	Exception executing task
java.io.IOException: Unable to create directory /Users/cbass/Projects/pdl/_test_storage_/disassociate/uno/nc/1565042847462
	at gov.usgs.util.StreamUtils.getOutputStream(StreamUtils.java:153)
	at gov.usgs.util.StreamUtils.getOutputStream(StreamUtils.java:183)
	at gov.usgs.earthquake.product.io.DirectoryProductHandler.onEndProduct(DirectoryProductHandler.java:68)
	at gov.usgs.earthquake.product.io.FilterProductHandler.onEndProduct(FilterProductHandler.java:71)
	at gov.usgs.earthquake.distribution.FileProductStorage$StorageProductOutput.onEndProduct(FileProductStorage.java:855)
	at gov.usgs.earthquake.product.io.ObjectProductSource.sendEndProduct(ObjectProductSource.java:166)
	at gov.usgs.earthquake.product.io.ObjectProductSource.streamTo(ObjectProductSource.java:62)
	at gov.usgs.earthquake.distribution.FileProductStorage.storeProductSource(FileProductStorage.java:693)
	at gov.usgs.earthquake.distribution.FileProductStorage.storeProduct(FileProductStorage.java:675)
	at gov.usgs.earthquake.indexer.ExternalIndexerListener.storeProduct(ExternalIndexerListener.java:196)
	at gov.usgs.earthquake.indexer.ExternalIndexerListener.onIndexerEvent(ExternalIndexerListener.java:131)
	at gov.usgs.earthquake.indexer.IndexerListenerCallable.call(IndexerListenerCallable.java:36)
	at gov.usgs.earthquake.indexer.IndexerListenerCallable.call(IndexerListenerCallable.java:12)
	at gov.usgs.util.ExecutorTask.run(ExecutorTask.java:183)
	at java.base/java.util.concurrent.Executors$RunnableAdapter.call(Executors.java:515)
	at java.base/java.util.concurrent.FutureTask.run(FutureTask.java:264)
	at java.base/java.util.concurrent.ThreadPoolExecutor.runWorker(ThreadPoolExecutor.java:1128)
	at java.base/java.util.concurrent.ThreadPoolExecutor$Worker.run(ThreadPoolExecutor.java:628)
	at java.base/java.lang.Thread.run(Thread.java:834)
CONFIG	thread=13	[null] maxTries = 1
CONFIG	thread=13	[null] maxTries = 1
CONFIG	thread=13	[null] timeout = 0ms
CONFIG	thread=13	[null] retry delay = 300000ms
CONFIG	thread=13	[null] process duplicates = false
CONFIG	thread=13	[null] include paths = []
CONFIG	thread=13	[null] exclude paths = []
CONFIG	thread=13	[null] using storage directory /Users/cbass/Projects/pdl/storage
CONFIG	thread=13	[null] loading ArchivePolicy 'testPolicy'
CONFIG	thread=13	[null] archive interval is '500'
CONFIG	thread=13	[null] no indexer modules configured.
CONFIG	thread=13	[null] no indexer listeners configured.
CONFIG	thread=13	[null] Local regions file: regions.json
CONFIG	thread=13	[null] associateUsingCurrentProducts = false
INFO	thread=1039	Archiving disabled
INFO	thread=1039	[null] purged 0 expired events and 0 expired unassociated products.
FINE	thread=13	Eventindexid=1, eventid=usone, latitude=35.0, longitude=-118.0, time=Mon Aug 05 16:07:27 MDT 2019, deleted=false
FINE	thread=13	Eventindexid=1, eventid=usone, latitude=35.0, longitude=-118.0, time=Mon Aug 05 16:07:27 MDT 2019, deleted=false
FINE	thread=13	[null] notifying listeners
INFO	thread=13	[null] indexed product id=urn:usgs-product:us:testproduct:one:1565042847527, status=UPDATE
EVENT_ADDED null => usone
INFO	thread=1043	[null] product already in storage
INFO	thread=1043	[null] running command echo --preferred-eventid=usone --preferred-eventsource=us --preferred-eventsourcecode=one --eventids=usone --preferred-magnitude=null --preferred-latitude=35.0 --preferred-longitude=-118.0 --preferred-depth=null --preferred-eventtime=2019-08-05T22:07:27.527Z --directory=/Users/cbass/Projects/pdl/_test_storage_/testproduct/one/us/1565042847527 --type=testproduct --code=one --source=us --updateTime=2019-08-05T22:07:27.527Z --status=UPDATE --trackerURL=http://localhost/tracker "--property-latitude=35.0" "--property-eventsourcecode=one" "--property-eventtime=2019-08-05T22:07:27.527Z" "--property-eventsource=us" "--property-version=one" "--property-longitude=-118.0" --action=EVENT_ADDED
INFO	thread=1040	[null] running command echo --preferred-eventid=usone --preferred-eventsource=us --preferred-eventsourcecode=one --eventids=usone --preferred-magnitude=null --preferred-latitude=35.0 --preferred-longitude=-118.0 --preferred-depth=null --preferred-eventtime=2019-08-05T22:07:27.527Z --directory=/Users/cbass/Projects/pdl/_test_storage_/testproduct/one/us/1565042847527 --type=testproduct --code=one --source=us --updateTime=2019-08-05T22:07:27.527Z --status=UPDATE --trackerURL=http://localhost/tracker "--property-latitude=35.0" "--property-eventsourcecode=one" "--property-eventtime=2019-08-05T22:07:27.527Z" "--property-eventsource=us" "--property-version=one" "--property-longitude=-118.0" --action=EVENT_ADDED
INFO	thread=1043	[null] command 'echo --preferred-eventid=usone --preferred-eventsource=us --preferred-eventsourcecode=one --eventids=usone --preferred-magnitude=null --preferred-latitude=35.0 --preferred-longitude=-118.0 --preferred-depth=null --preferred-eventtime=2019-08-05T22:07:27.527Z --directory=/Users/cbass/Projects/pdl/_test_storage_/testproduct/one/us/1565042847527 --type=testproduct --code=one --source=us --updateTime=2019-08-05T22:07:27.527Z --status=UPDATE --trackerURL=http://localhost/tracker "--property-latitude=35.0" "--property-eventsourcecode=one" "--property-eventtime=2019-08-05T22:07:27.527Z" "--property-eventsource=us" "--property-version=one" "--property-longitude=-118.0" --action=EVENT_ADDED' exited with status '0'
INFO	thread=1040	[null] command 'echo --preferred-eventid=usone --preferred-eventsource=us --preferred-eventsourcecode=one --eventids=usone --preferred-magnitude=null --preferred-latitude=35.0 --preferred-longitude=-118.0 --preferred-depth=null --preferred-eventtime=2019-08-05T22:07:27.527Z --directory=/Users/cbass/Projects/pdl/_test_storage_/testproduct/one/us/1565042847527 --type=testproduct --code=one --source=us --updateTime=2019-08-05T22:07:27.527Z --status=UPDATE --trackerURL=http://localhost/tracker "--property-latitude=35.0" "--property-eventsourcecode=one" "--property-eventtime=2019-08-05T22:07:27.527Z" "--property-eventsource=us" "--property-version=one" "--property-longitude=-118.0" --action=EVENT_ADDED' exited with status '0'
FINE	thread=13	Eventindexid=1, eventid=usone, latitude=35.0, longitude=-118.0, time=Mon Aug 05 16:07:27 MDT 2019, deleted=false
FINE	thread=13	Eventindexid=1, eventid=ncuno, latitude=35.0, longitude=-118.0, time=Mon Aug 05 16:07:27 MDT 2019, deleted=false
FINE	thread=13	[null] notifying listeners
INFO	thread=13	[null] indexed product id=urn:usgs-product:nc:testproduct:uno:1565042847582, status=UPDATE
EVENT_UPDATED usone => ncuno
WARNING	thread=1040	[null] exception while storing product, removing incomplete product
java.io.IOException: Unable to create directory /Users/cbass/Projects/pdl/_test_storage_/testproduct/uno/nc/1565042847582
	at gov.usgs.util.StreamUtils.getOutputStream(StreamUtils.java:153)
	at gov.usgs.util.StreamUtils.getOutputStream(StreamUtils.java:183)
	at gov.usgs.earthquake.product.io.DirectoryProductHandler.onEndProduct(DirectoryProductHandler.java:68)
	at gov.usgs.earthquake.product.io.FilterProductHandler.onEndProduct(FilterProductHandler.java:71)
	at gov.usgs.earthquake.distribution.FileProductStorage$StorageProductOutput.onEndProduct(FileProductStorage.java:855)
	at gov.usgs.earthquake.product.io.ObjectProductSource.sendEndProduct(ObjectProductSource.java:166)
	at gov.usgs.earthquake.product.io.ObjectProductSource.streamTo(ObjectProductSource.java:62)
	at gov.usgs.earthquake.distribution.FileProductStorage.storeProductSource(FileProductStorage.java:693)
	at gov.usgs.earthquake.distribution.FileProductStorage.storeProduct(FileProductStorage.java:675)
	at gov.usgs.earthquake.indexer.ExternalIndexerListener.storeProduct(ExternalIndexerListener.java:196)
	at gov.usgs.earthquake.indexer.ExternalIndexerListener.onIndexerEvent(ExternalIndexerListener.java:131)
	at gov.usgs.earthquake.indexer.IndexerListenerCallable.call(IndexerListenerCallable.java:36)
	at gov.usgs.earthquake.indexer.IndexerListenerCallable.call(IndexerListenerCallable.java:12)
	at gov.usgs.util.ExecutorTask.run(ExecutorTask.java:183)
	at java.base/java.util.concurrent.Executors$RunnableAdapter.call(Executors.java:515)
	at java.base/java.util.concurrent.FutureTask.run(FutureTask.java:264)
	at java.base/java.util.concurrent.ThreadPoolExecutor.runWorker(ThreadPoolExecutor.java:1128)
	at java.base/java.util.concurrent.ThreadPoolExecutor$Worker.run(ThreadPoolExecutor.java:628)
	at java.base/java.lang.Thread.run(Thread.java:834)
WARNING	thread=1040	[null] listener (null) threw exception, for product id=urn:usgs-product:nc:testproduct:uno:1565042847582
java.io.IOException: Unable to create directory /Users/cbass/Projects/pdl/_test_storage_/testproduct/uno/nc/1565042847582
	at gov.usgs.util.StreamUtils.getOutputStream(StreamUtils.java:153)
	at gov.usgs.util.StreamUtils.getOutputStream(StreamUtils.java:183)
	at gov.usgs.earthquake.product.io.DirectoryProductHandler.onEndProduct(DirectoryProductHandler.java:68)
	at gov.usgs.earthquake.product.io.FilterProductHandler.onEndProduct(FilterProductHandler.java:71)
	at gov.usgs.earthquake.distribution.FileProductStorage$StorageProductOutput.onEndProduct(FileProductStorage.java:855)
	at gov.usgs.earthquake.product.io.ObjectProductSource.sendEndProduct(ObjectProductSource.java:166)
	at gov.usgs.earthquake.product.io.ObjectProductSource.streamTo(ObjectProductSource.java:62)
	at gov.usgs.earthquake.distribution.FileProductStorage.storeProductSource(FileProductStorage.java:693)
	at gov.usgs.earthquake.distribution.FileProductStorage.storeProduct(FileProductStorage.java:675)
	at gov.usgs.earthquake.indexer.ExternalIndexerListener.storeProduct(ExternalIndexerListener.java:196)
	at gov.usgs.earthquake.indexer.ExternalIndexerListener.onIndexerEvent(ExternalIndexerListener.java:131)
	at gov.usgs.earthquake.indexer.IndexerListenerCallable.call(IndexerListenerCallable.java:36)
	at gov.usgs.earthquake.indexer.IndexerListenerCallable.call(IndexerListenerCallable.java:12)
	at gov.usgs.util.ExecutorTask.run(ExecutorTask.java:183)
	at java.base/java.util.concurrent.Executors$RunnableAdapter.call(Executors.java:515)
	at java.base/java.util.concurrent.FutureTask.run(FutureTask.java:264)
	at java.base/java.util.concurrent.ThreadPoolExecutor.runWorker(ThreadPoolExecutor.java:1128)
	at java.base/java.util.concurrent.ThreadPoolExecutor$Worker.run(ThreadPoolExecutor.java:628)
	at java.base/java.lang.Thread.run(Thread.java:834)
FINE	thread=1040	Exception: Unable to create directory /Users/cbass/Projects/pdl/_test_storage_/testproduct/uno/nc/1565042847582 source=nc, type=testproduct, code=uno, updateTime=Mon Aug 05 16:07:27 MDT 2019
INFO	thread=1040	Exception executing task
java.io.IOException: Unable to create directory /Users/cbass/Projects/pdl/_test_storage_/testproduct/uno/nc/1565042847582
	at gov.usgs.util.StreamUtils.getOutputStream(StreamUtils.java:153)
	at gov.usgs.util.StreamUtils.getOutputStream(StreamUtils.java:183)
	at gov.usgs.earthquake.product.io.DirectoryProductHandler.onEndProduct(DirectoryProductHandler.java:68)
	at gov.usgs.earthquake.product.io.FilterProductHandler.onEndProduct(FilterProductHandler.java:71)
	at gov.usgs.earthquake.distribution.FileProductStorage$StorageProductOutput.onEndProduct(FileProductStorage.java:855)
	at gov.usgs.earthquake.product.io.ObjectProductSource.sendEndProduct(ObjectProductSource.java:166)
	at gov.usgs.earthquake.product.io.ObjectProductSource.streamTo(ObjectProductSource.java:62)
	at gov.usgs.earthquake.distribution.FileProductStorage.storeProductSource(FileProductStorage.java:693)
	at gov.usgs.earthquake.distribution.FileProductStorage.storeProduct(FileProductStorage.java:675)
	at gov.usgs.earthquake.indexer.ExternalIndexerListener.storeProduct(ExternalIndexerListener.java:196)
	at gov.usgs.earthquake.indexer.ExternalIndexerListener.onIndexerEvent(ExternalIndexerListener.java:131)
	at gov.usgs.earthquake.indexer.IndexerListenerCallable.call(IndexerListenerCallable.java:36)
	at gov.usgs.earthquake.indexer.IndexerListenerCallable.call(IndexerListenerCallable.java:12)
	at gov.usgs.util.ExecutorTask.run(ExecutorTask.java:183)
	at java.base/java.util.concurrent.Executors$RunnableAdapter.call(Executors.java:515)
	at java.base/java.util.concurrent.FutureTask.run(FutureTask.java:264)
	at java.base/java.util.concurrent.ThreadPoolExecutor.runWorker(ThreadPoolExecutor.java:1128)
	at java.base/java.util.concurrent.ThreadPoolExecutor$Worker.run(ThreadPoolExecutor.java:628)
	at java.base/java.lang.Thread.run(Thread.java:834)
WARNING	thread=1043	[null] listener (null) threw exception, for product id=urn:usgs-product:nc:testproduct:uno:1565042847582
java.lang.NullPointerException
	at gov.usgs.earthquake.product.FileContent.getDirectoryContents(FileContent.java:181)
	at gov.usgs.earthquake.product.FileContent.getDirectoryContents(FileContent.java:158)
	at gov.usgs.earthquake.product.io.DirectoryProductSource.streamTo(DirectoryProductSource.java:91)
	at gov.usgs.earthquake.product.io.ObjectProductHandler.getProduct(ObjectProductHandler.java:172)
	at gov.usgs.earthquake.distribution.FileProductStorage.getProduct(FileProductStorage.java:465)
	at gov.usgs.earthquake.indexer.ExternalIndexerListener.storeProduct(ExternalIndexerListener.java:197)
	at gov.usgs.earthquake.indexer.ExternalIndexerListener.onIndexerEvent(ExternalIndexerListener.java:131)
	at gov.usgs.earthquake.indexer.IndexerListenerCallable.call(IndexerListenerCallable.java:36)
	at gov.usgs.earthquake.indexer.IndexerListenerCallable.call(IndexerListenerCallable.java:12)
	at gov.usgs.util.ExecutorTask.run(ExecutorTask.java:183)
	at java.base/java.util.concurrent.Executors$RunnableAdapter.call(Executors.java:515)
	at java.base/java.util.concurrent.FutureTask.run(FutureTask.java:264)
	at java.base/java.util.concurrent.ThreadPoolExecutor.runWorker(ThreadPoolExecutor.java:1128)
	at java.base/java.util.concurrent.ThreadPoolExecutor$Worker.run(ThreadPoolExecutor.java:628)
	at java.base/java.lang.Thread.run(Thread.java:834)
FINE	thread=1043	Exception: null source=nc, type=testproduct, code=uno, updateTime=Mon Aug 05 16:07:27 MDT 2019
INFO	thread=1043	Exception executing task
java.lang.NullPointerException
	at gov.usgs.earthquake.product.FileContent.getDirectoryContents(FileContent.java:181)
	at gov.usgs.earthquake.product.FileContent.getDirectoryContents(FileContent.java:158)
	at gov.usgs.earthquake.product.io.DirectoryProductSource.streamTo(DirectoryProductSource.java:91)
	at gov.usgs.earthquake.product.io.ObjectProductHandler.getProduct(ObjectProductHandler.java:172)
	at gov.usgs.earthquake.distribution.FileProductStorage.getProduct(FileProductStorage.java:465)
	at gov.usgs.earthquake.indexer.ExternalIndexerListener.storeProduct(ExternalIndexerListener.java:197)
	at gov.usgs.earthquake.indexer.ExternalIndexerListener.onIndexerEvent(ExternalIndexerListener.java:131)
	at gov.usgs.earthquake.indexer.IndexerListenerCallable.call(IndexerListenerCallable.java:36)
	at gov.usgs.earthquake.indexer.IndexerListenerCallable.call(IndexerListenerCallable.java:12)
	at gov.usgs.util.ExecutorTask.run(ExecutorTask.java:183)
	at java.base/java.util.concurrent.Executors$RunnableAdapter.call(Executors.java:515)
	at java.base/java.util.concurrent.FutureTask.run(FutureTask.java:264)
	at java.base/java.util.concurrent.ThreadPoolExecutor.runWorker(ThreadPoolExecutor.java:1128)
	at java.base/java.util.concurrent.ThreadPoolExecutor$Worker.run(ThreadPoolExecutor.java:628)
	at java.base/java.lang.Thread.run(Thread.java:834)
FINE	thread=13	Eventindexid=1, eventid=ncuno, latitude=35.0, longitude=-118.0, time=Mon Aug 05 16:07:27 MDT 2019, deleted=false
FINE	thread=13	Eventindexid=1, eventid=ncuno, latitude=37.7, longitude=-122.4, time=Mon Aug 05 16:07:27 MDT 2019, deleted=false
FINE	thread=13	Eventindexid=null, eventid=usone, latitude=35.0, longitude=-118.0, time=Mon Aug 05 16:07:27 MDT 2019, deleted=false
FINE	thread=13	[null] notifying listeners
INFO	thread=13	[null] indexed product id=urn:usgs-product:nc:testproduct:uno:1565042847643, status=UPDATE
EVENT_UPDATED ncuno => ncuno
EVENT_SPLIT null => usone
WARNING	thread=1040	[null] exception while storing product, removing incomplete product
java.io.IOException: Unable to create directory /Users/cbass/Projects/pdl/_test_storage_/testproduct/uno/nc/1565042847643
	at gov.usgs.util.StreamUtils.getOutputStream(StreamUtils.java:153)
	at gov.usgs.util.StreamUtils.getOutputStream(StreamUtils.java:183)
	at gov.usgs.earthquake.product.io.DirectoryProductHandler.onEndProduct(DirectoryProductHandler.java:68)
	at gov.usgs.earthquake.product.io.FilterProductHandler.onEndProduct(FilterProductHandler.java:71)
	at gov.usgs.earthquake.distribution.FileProductStorage$StorageProductOutput.onEndProduct(FileProductStorage.java:855)
	at gov.usgs.earthquake.product.io.ObjectProductSource.sendEndProduct(ObjectProductSource.java:166)
	at gov.usgs.earthquake.product.io.ObjectProductSource.streamTo(ObjectProductSource.java:62)
	at gov.usgs.earthquake.distribution.FileProductStorage.storeProductSource(FileProductStorage.java:693)
	at gov.usgs.earthquake.distribution.FileProductStorage.storeProduct(FileProductStorage.java:675)
	at gov.usgs.earthquake.indexer.ExternalIndexerListener.storeProduct(ExternalIndexerListener.java:196)
	at gov.usgs.earthquake.indexer.ExternalIndexerListener.onIndexerEvent(ExternalIndexerListener.java:131)
	at gov.usgs.earthquake.indexer.IndexerListenerCallable.call(IndexerListenerCallable.java:36)
	at gov.usgs.earthquake.indexer.IndexerListenerCallable.call(IndexerListenerCallable.java:12)
	at gov.usgs.util.ExecutorTask.run(ExecutorTask.java:183)
	at java.base/java.util.concurrent.Executors$RunnableAdapter.call(Executors.java:515)
	at java.base/java.util.concurrent.FutureTask.run(FutureTask.java:264)
	at java.base/java.util.concurrent.ThreadPoolExecutor.runWorker(ThreadPoolExecutor.java:1128)
	at java.base/java.util.concurrent.ThreadPoolExecutor$Worker.run(ThreadPoolExecutor.java:628)
	at java.base/java.lang.Thread.run(Thread.java:834)
WARNING	thread=1040	[null] listener (null) threw exception, for product id=urn:usgs-product:nc:testproduct:uno:1565042847643
java.io.IOException: Unable to create directory /Users/cbass/Projects/pdl/_test_storage_/testproduct/uno/nc/1565042847643
	at gov.usgs.util.StreamUtils.getOutputStream(StreamUtils.java:153)
	at gov.usgs.util.StreamUtils.getOutputStream(StreamUtils.java:183)
	at gov.usgs.earthquake.product.io.DirectoryProductHandler.onEndProduct(DirectoryProductHandler.java:68)
	at gov.usgs.earthquake.product.io.FilterProductHandler.onEndProduct(FilterProductHandler.java:71)
	at gov.usgs.earthquake.distribution.FileProductStorage$StorageProductOutput.onEndProduct(FileProductStorage.java:855)
	at gov.usgs.earthquake.product.io.ObjectProductSource.sendEndProduct(ObjectProductSource.java:166)
	at gov.usgs.earthquake.product.io.ObjectProductSource.streamTo(ObjectProductSource.java:62)
	at gov.usgs.earthquake.distribution.FileProductStorage.storeProductSource(FileProductStorage.java:693)
	at gov.usgs.earthquake.distribution.FileProductStorage.storeProduct(FileProductStorage.java:675)
	at gov.usgs.earthquake.indexer.ExternalIndexerListener.storeProduct(ExternalIndexerListener.java:196)
	at gov.usgs.earthquake.indexer.ExternalIndexerListener.onIndexerEvent(ExternalIndexerListener.java:131)
	at gov.usgs.earthquake.indexer.IndexerListenerCallable.call(IndexerListenerCallable.java:36)
	at gov.usgs.earthquake.indexer.IndexerListenerCallable.call(IndexerListenerCallable.java:12)
	at gov.usgs.util.ExecutorTask.run(ExecutorTask.java:183)
	at java.base/java.util.concurrent.Executors$RunnableAdapter.call(Executors.java:515)
	at java.base/java.util.concurrent.FutureTask.run(FutureTask.java:264)
	at java.base/java.util.concurrent.ThreadPoolExecutor.runWorker(ThreadPoolExecutor.java:1128)
	at java.base/java.util.concurrent.ThreadPoolExecutor$Worker.run(ThreadPoolExecutor.java:628)
	at java.base/java.lang.Thread.run(Thread.java:834)
FINE	thread=1040	Exception: Unable to create directory /Users/cbass/Projects/pdl/_test_storage_/testproduct/uno/nc/1565042847643 source=nc, type=testproduct, code=uno, updateTime=Mon Aug 05 16:07:27 MDT 2019
INFO	thread=1040	Exception executing task
java.io.IOException: Unable to create directory /Users/cbass/Projects/pdl/_test_storage_/testproduct/uno/nc/1565042847643
	at gov.usgs.util.StreamUtils.getOutputStream(StreamUtils.java:153)
	at gov.usgs.util.StreamUtils.getOutputStream(StreamUtils.java:183)
	at gov.usgs.earthquake.product.io.DirectoryProductHandler.onEndProduct(DirectoryProductHandler.java:68)
	at gov.usgs.earthquake.product.io.FilterProductHandler.onEndProduct(FilterProductHandler.java:71)
	at gov.usgs.earthquake.distribution.FileProductStorage$StorageProductOutput.onEndProduct(FileProductStorage.java:855)
	at gov.usgs.earthquake.product.io.ObjectProductSource.sendEndProduct(ObjectProductSource.java:166)
	at gov.usgs.earthquake.product.io.ObjectProductSource.streamTo(ObjectProductSource.java:62)
	at gov.usgs.earthquake.distribution.FileProductStorage.storeProductSource(FileProductStorage.java:693)
	at gov.usgs.earthquake.distribution.FileProductStorage.storeProduct(FileProductStorage.java:675)
	at gov.usgs.earthquake.indexer.ExternalIndexerListener.storeProduct(ExternalIndexerListener.java:196)
	at gov.usgs.earthquake.indexer.ExternalIndexerListener.onIndexerEvent(ExternalIndexerListener.java:131)
	at gov.usgs.earthquake.indexer.IndexerListenerCallable.call(IndexerListenerCallable.java:36)
	at gov.usgs.earthquake.indexer.IndexerListenerCallable.call(IndexerListenerCallable.java:12)
	at gov.usgs.util.ExecutorTask.run(ExecutorTask.java:183)
	at java.base/java.util.concurrent.Executors$RunnableAdapter.call(Executors.java:515)
	at java.base/java.util.concurrent.FutureTask.run(FutureTask.java:264)
	at java.base/java.util.concurrent.ThreadPoolExecutor.runWorker(ThreadPoolExecutor.java:1128)
	at java.base/java.util.concurrent.ThreadPoolExecutor$Worker.run(ThreadPoolExecutor.java:628)
	at java.base/java.lang.Thread.run(Thread.java:834)
WARNING	thread=1043	[null] listener (null) threw exception, for product id=urn:usgs-product:nc:testproduct:uno:1565042847643
java.lang.NullPointerException
	at gov.usgs.earthquake.product.FileContent.getDirectoryContents(FileContent.java:181)
	at gov.usgs.earthquake.product.FileContent.getDirectoryContents(FileContent.java:158)
	at gov.usgs.earthquake.product.io.DirectoryProductSource.streamTo(DirectoryProductSource.java:91)
	at gov.usgs.earthquake.product.io.ObjectProductHandler.getProduct(ObjectProductHandler.java:172)
	at gov.usgs.earthquake.distribution.FileProductStorage.getProduct(FileProductStorage.java:465)
	at gov.usgs.earthquake.indexer.ExternalIndexerListener.storeProduct(ExternalIndexerListener.java:197)
	at gov.usgs.earthquake.indexer.ExternalIndexerListener.onIndexerEvent(ExternalIndexerListener.java:131)
	at gov.usgs.earthquake.indexer.IndexerListenerCallable.call(IndexerListenerCallable.java:36)
	at gov.usgs.earthquake.indexer.IndexerListenerCallable.call(IndexerListenerCallable.java:12)
	at gov.usgs.util.ExecutorTask.run(ExecutorTask.java:183)
	at java.base/java.util.concurrent.Executors$RunnableAdapter.call(Executors.java:515)
	at java.base/java.util.concurrent.FutureTask.run(FutureTask.java:264)
	at java.base/java.util.concurrent.ThreadPoolExecutor.runWorker(ThreadPoolExecutor.java:1128)
	at java.base/java.util.concurrent.ThreadPoolExecutor$Worker.run(ThreadPoolExecutor.java:628)
	at java.base/java.lang.Thread.run(Thread.java:834)
FINE	thread=1043	Exception: null source=nc, type=testproduct, code=uno, updateTime=Mon Aug 05 16:07:27 MDT 2019
INFO	thread=1043	Exception executing task
java.lang.NullPointerException
	at gov.usgs.earthquake.product.FileContent.getDirectoryContents(FileContent.java:181)
	at gov.usgs.earthquake.product.FileContent.getDirectoryContents(FileContent.java:158)
	at gov.usgs.earthquake.product.io.DirectoryProductSource.streamTo(DirectoryProductSource.java:91)
	at gov.usgs.earthquake.product.io.ObjectProductHandler.getProduct(ObjectProductHandler.java:172)
	at gov.usgs.earthquake.distribution.FileProductStorage.getProduct(FileProductStorage.java:465)
	at gov.usgs.earthquake.indexer.ExternalIndexerListener.storeProduct(ExternalIndexerListener.java:197)
	at gov.usgs.earthquake.indexer.ExternalIndexerListener.onIndexerEvent(ExternalIndexerListener.java:131)
	at gov.usgs.earthquake.indexer.IndexerListenerCallable.call(IndexerListenerCallable.java:36)
	at gov.usgs.earthquake.indexer.IndexerListenerCallable.call(IndexerListenerCallable.java:12)
	at gov.usgs.util.ExecutorTask.run(ExecutorTask.java:183)
	at java.base/java.util.concurrent.Executors$RunnableAdapter.call(Executors.java:515)
	at java.base/java.util.concurrent.FutureTask.run(FutureTask.java:264)
	at java.base/java.util.concurrent.ThreadPoolExecutor.runWorker(ThreadPoolExecutor.java:1128)
	at java.base/java.util.concurrent.ThreadPoolExecutor$Worker.run(ThreadPoolExecutor.java:628)
	at java.base/java.lang.Thread.run(Thread.java:834)
CONFIG	thread=13	[null] maxTries = 1
CONFIG	thread=13	[null] maxTries = 1
CONFIG	thread=13	[null] timeout = 0ms
CONFIG	thread=13	[null] retry delay = 300000ms
CONFIG	thread=13	[null] process duplicates = false
CONFIG	thread=13	[null] include paths = []
CONFIG	thread=13	[null] exclude paths = []
CONFIG	thread=13	[null] using storage directory /Users/cbass/Projects/pdl/storage
CONFIG	thread=13	[null] loading ArchivePolicy 'testPolicy'
CONFIG	thread=13	[null] archive interval is '500'
CONFIG	thread=13	[null] no indexer modules configured.
CONFIG	thread=13	[null] no indexer listeners configured.
CONFIG	thread=13	[null] Local regions file: regions.json
CONFIG	thread=13	[null] associateUsingCurrentProducts = false
FINE	thread=13	Eventindexid=1, eventid=usone, latitude=0.0, longitude=0.0, time=Mon Aug 05 16:07:27 MDT 2019, deleted=false
FINE	thread=13	Eventindexid=1, eventid=usone, latitude=0.0, longitude=0.0, time=Mon Aug 05 16:07:27 MDT 2019, deleted=false
FINE	thread=13	[null] notifying listeners
INFO	thread=13	[null] indexed product id=urn:usgs-product:us:testproduct:one:1565042847709, status=UPDATE
EVENT_ADDED null => usone
INFO	thread=1055	Archiving disabled
INFO	thread=1055	[null] purged 0 expired events and 0 expired unassociated products.
WARNING	thread=1056	[null] exception while storing product, removing incomplete product
java.io.IOException: Unable to create directory /Users/cbass/Projects/pdl/_test_storage_/testproduct/one/us/1565042847709
	at gov.usgs.util.StreamUtils.getOutputStream(StreamUtils.java:153)
	at gov.usgs.util.StreamUtils.getOutputStream(StreamUtils.java:183)
	at gov.usgs.earthquake.product.io.DirectoryProductHandler.onEndProduct(DirectoryProductHandler.java:68)
	at gov.usgs.earthquake.product.io.FilterProductHandler.onEndProduct(FilterProductHandler.java:71)
	at gov.usgs.earthquake.distribution.FileProductStorage$StorageProductOutput.onEndProduct(FileProductStorage.java:855)
	at gov.usgs.earthquake.product.io.ObjectProductSource.sendEndProduct(ObjectProductSource.java:166)
	at gov.usgs.earthquake.product.io.ObjectProductSource.streamTo(ObjectProductSource.java:62)
	at gov.usgs.earthquake.distribution.FileProductStorage.storeProductSource(FileProductStorage.java:693)
	at gov.usgs.earthquake.distribution.FileProductStorage.storeProduct(FileProductStorage.java:675)
	at gov.usgs.earthquake.indexer.ExternalIndexerListener.storeProduct(ExternalIndexerListener.java:196)
	at gov.usgs.earthquake.indexer.ExternalIndexerListener.onIndexerEvent(ExternalIndexerListener.java:131)
	at gov.usgs.earthquake.indexer.IndexerListenerCallable.call(IndexerListenerCallable.java:36)
	at gov.usgs.earthquake.indexer.IndexerListenerCallable.call(IndexerListenerCallable.java:12)
	at gov.usgs.util.ExecutorTask.run(ExecutorTask.java:183)
	at java.base/java.util.concurrent.Executors$RunnableAdapter.call(Executors.java:515)
	at java.base/java.util.concurrent.FutureTask.run(FutureTask.java:264)
	at java.base/java.util.concurrent.ThreadPoolExecutor.runWorker(ThreadPoolExecutor.java:1128)
	at java.base/java.util.concurrent.ThreadPoolExecutor$Worker.run(ThreadPoolExecutor.java:628)
	at java.base/java.lang.Thread.run(Thread.java:834)
WARNING	thread=1056	[null] listener (null) threw exception, for product id=urn:usgs-product:us:testproduct:one:1565042847709
java.io.IOException: Unable to create directory /Users/cbass/Projects/pdl/_test_storage_/testproduct/one/us/1565042847709
	at gov.usgs.util.StreamUtils.getOutputStream(StreamUtils.java:153)
	at gov.usgs.util.StreamUtils.getOutputStream(StreamUtils.java:183)
	at gov.usgs.earthquake.product.io.DirectoryProductHandler.onEndProduct(DirectoryProductHandler.java:68)
	at gov.usgs.earthquake.product.io.FilterProductHandler.onEndProduct(FilterProductHandler.java:71)
	at gov.usgs.earthquake.distribution.FileProductStorage$StorageProductOutput.onEndProduct(FileProductStorage.java:855)
	at gov.usgs.earthquake.product.io.ObjectProductSource.sendEndProduct(ObjectProductSource.java:166)
	at gov.usgs.earthquake.product.io.ObjectProductSource.streamTo(ObjectProductSource.java:62)
	at gov.usgs.earthquake.distribution.FileProductStorage.storeProductSource(FileProductStorage.java:693)
	at gov.usgs.earthquake.distribution.FileProductStorage.storeProduct(FileProductStorage.java:675)
	at gov.usgs.earthquake.indexer.ExternalIndexerListener.storeProduct(ExternalIndexerListener.java:196)
	at gov.usgs.earthquake.indexer.ExternalIndexerListener.onIndexerEvent(ExternalIndexerListener.java:131)
	at gov.usgs.earthquake.indexer.IndexerListenerCallable.call(IndexerListenerCallable.java:36)
	at gov.usgs.earthquake.indexer.IndexerListenerCallable.call(IndexerListenerCallable.java:12)
	at gov.usgs.util.ExecutorTask.run(ExecutorTask.java:183)
	at java.base/java.util.concurrent.Executors$RunnableAdapter.call(Executors.java:515)
	at java.base/java.util.concurrent.FutureTask.run(FutureTask.java:264)
	at java.base/java.util.concurrent.ThreadPoolExecutor.runWorker(ThreadPoolExecutor.java:1128)
	at java.base/java.util.concurrent.ThreadPoolExecutor$Worker.run(ThreadPoolExecutor.java:628)
	at java.base/java.lang.Thread.run(Thread.java:834)
FINE	thread=1056	Exception: Unable to create directory /Users/cbass/Projects/pdl/_test_storage_/testproduct/one/us/1565042847709 source=us, type=testproduct, code=one, updateTime=Mon Aug 05 16:07:27 MDT 2019
INFO	thread=1056	Exception executing task
java.io.IOException: Unable to create directory /Users/cbass/Projects/pdl/_test_storage_/testproduct/one/us/1565042847709
	at gov.usgs.util.StreamUtils.getOutputStream(StreamUtils.java:153)
	at gov.usgs.util.StreamUtils.getOutputStream(StreamUtils.java:183)
	at gov.usgs.earthquake.product.io.DirectoryProductHandler.onEndProduct(DirectoryProductHandler.java:68)
	at gov.usgs.earthquake.product.io.FilterProductHandler.onEndProduct(FilterProductHandler.java:71)
	at gov.usgs.earthquake.distribution.FileProductStorage$StorageProductOutput.onEndProduct(FileProductStorage.java:855)
	at gov.usgs.earthquake.product.io.ObjectProductSource.sendEndProduct(ObjectProductSource.java:166)
	at gov.usgs.earthquake.product.io.ObjectProductSource.streamTo(ObjectProductSource.java:62)
	at gov.usgs.earthquake.distribution.FileProductStorage.storeProductSource(FileProductStorage.java:693)
	at gov.usgs.earthquake.distribution.FileProductStorage.storeProduct(FileProductStorage.java:675)
	at gov.usgs.earthquake.indexer.ExternalIndexerListener.storeProduct(ExternalIndexerListener.java:196)
	at gov.usgs.earthquake.indexer.ExternalIndexerListener.onIndexerEvent(ExternalIndexerListener.java:131)
	at gov.usgs.earthquake.indexer.IndexerListenerCallable.call(IndexerListenerCallable.java:36)
	at gov.usgs.earthquake.indexer.IndexerListenerCallable.call(IndexerListenerCallable.java:12)
	at gov.usgs.util.ExecutorTask.run(ExecutorTask.java:183)
	at java.base/java.util.concurrent.Executors$RunnableAdapter.call(Executors.java:515)
	at java.base/java.util.concurrent.FutureTask.run(FutureTask.java:264)
	at java.base/java.util.concurrent.ThreadPoolExecutor.runWorker(ThreadPoolExecutor.java:1128)
	at java.base/java.util.concurrent.ThreadPoolExecutor$Worker.run(ThreadPoolExecutor.java:628)
	at java.base/java.lang.Thread.run(Thread.java:834)
WARNING	thread=1057	[null] listener (null) threw exception, for product id=urn:usgs-product:us:testproduct:one:1565042847709
java.lang.NullPointerException
	at gov.usgs.earthquake.product.FileContent.getDirectoryContents(FileContent.java:181)
	at gov.usgs.earthquake.product.FileContent.getDirectoryContents(FileContent.java:158)
	at gov.usgs.earthquake.product.io.DirectoryProductSource.streamTo(DirectoryProductSource.java:91)
	at gov.usgs.earthquake.product.io.ObjectProductHandler.getProduct(ObjectProductHandler.java:172)
	at gov.usgs.earthquake.distribution.FileProductStorage.getProduct(FileProductStorage.java:465)
	at gov.usgs.earthquake.indexer.ExternalIndexerListener.storeProduct(ExternalIndexerListener.java:197)
	at gov.usgs.earthquake.indexer.ExternalIndexerListener.onIndexerEvent(ExternalIndexerListener.java:131)
	at gov.usgs.earthquake.indexer.IndexerListenerCallable.call(IndexerListenerCallable.java:36)
	at gov.usgs.earthquake.indexer.IndexerListenerCallable.call(IndexerListenerCallable.java:12)
	at gov.usgs.util.ExecutorTask.run(ExecutorTask.java:183)
	at java.base/java.util.concurrent.Executors$RunnableAdapter.call(Executors.java:515)
	at java.base/java.util.concurrent.FutureTask.run(FutureTask.java:264)
	at java.base/java.util.concurrent.ThreadPoolExecutor.runWorker(ThreadPoolExecutor.java:1128)
	at java.base/java.util.concurrent.ThreadPoolExecutor$Worker.run(ThreadPoolExecutor.java:628)
	at java.base/java.lang.Thread.run(Thread.java:834)
FINE	thread=1057	Exception: null source=us, type=testproduct, code=one, updateTime=Mon Aug 05 16:07:27 MDT 2019
INFO	thread=1057	Exception executing task
java.lang.NullPointerException
	at gov.usgs.earthquake.product.FileContent.getDirectoryContents(FileContent.java:181)
	at gov.usgs.earthquake.product.FileContent.getDirectoryContents(FileContent.java:158)
	at gov.usgs.earthquake.product.io.DirectoryProductSource.streamTo(DirectoryProductSource.java:91)
	at gov.usgs.earthquake.product.io.ObjectProductHandler.getProduct(ObjectProductHandler.java:172)
	at gov.usgs.earthquake.distribution.FileProductStorage.getProduct(FileProductStorage.java:465)
	at gov.usgs.earthquake.indexer.ExternalIndexerListener.storeProduct(ExternalIndexerListener.java:197)
	at gov.usgs.earthquake.indexer.ExternalIndexerListener.onIndexerEvent(ExternalIndexerListener.java:131)
	at gov.usgs.earthquake.indexer.IndexerListenerCallable.call(IndexerListenerCallable.java:36)
	at gov.usgs.earthquake.indexer.IndexerListenerCallable.call(IndexerListenerCallable.java:12)
	at gov.usgs.util.ExecutorTask.run(ExecutorTask.java:183)
	at java.base/java.util.concurrent.Executors$RunnableAdapter.call(Executors.java:515)
	at java.base/java.util.concurrent.FutureTask.run(FutureTask.java:264)
	at java.base/java.util.concurrent.ThreadPoolExecutor.runWorker(ThreadPoolExecutor.java:1128)
	at java.base/java.util.concurrent.ThreadPoolExecutor$Worker.run(ThreadPoolExecutor.java:628)
	at java.base/java.lang.Thread.run(Thread.java:834)
FINE	thread=13	Eventindexid=1, eventid=usone, latitude=0.0, longitude=0.0, time=Mon Aug 05 16:07:27 MDT 2019, deleted=false
FINE	thread=13	Eventindexid=1, eventid=usone, latitude=0.0, longitude=0.0, time=Mon Aug 05 16:07:27 MDT 2019, deleted=false
FINE	thread=13	[null] notifying listeners
INFO	thread=13	[null] indexed product id=urn:usgs-product:nc:testproduct:uno:1565042847768, status=UPDATE
EVENT_UPDATED usone => usone
WARNING	thread=1056	[null] exception while storing product, removing incomplete product
java.io.IOException: Unable to create directory /Users/cbass/Projects/pdl/_test_storage_/testproduct/uno/nc/1565042847768
	at gov.usgs.util.StreamUtils.getOutputStream(StreamUtils.java:153)
	at gov.usgs.util.StreamUtils.getOutputStream(StreamUtils.java:183)
	at gov.usgs.earthquake.product.io.DirectoryProductHandler.onEndProduct(DirectoryProductHandler.java:68)
	at gov.usgs.earthquake.product.io.FilterProductHandler.onEndProduct(FilterProductHandler.java:71)
	at gov.usgs.earthquake.distribution.FileProductStorage$StorageProductOutput.onEndProduct(FileProductStorage.java:855)
	at gov.usgs.earthquake.product.io.ObjectProductSource.sendEndProduct(ObjectProductSource.java:166)
	at gov.usgs.earthquake.product.io.ObjectProductSource.streamTo(ObjectProductSource.java:62)
	at gov.usgs.earthquake.distribution.FileProductStorage.storeProductSource(FileProductStorage.java:693)
	at gov.usgs.earthquake.distribution.FileProductStorage.storeProduct(FileProductStorage.java:675)
	at gov.usgs.earthquake.indexer.ExternalIndexerListener.storeProduct(ExternalIndexerListener.java:196)
	at gov.usgs.earthquake.indexer.ExternalIndexerListener.onIndexerEvent(ExternalIndexerListener.java:131)
	at gov.usgs.earthquake.indexer.IndexerListenerCallable.call(IndexerListenerCallable.java:36)
	at gov.usgs.earthquake.indexer.IndexerListenerCallable.call(IndexerListenerCallable.java:12)
	at gov.usgs.util.ExecutorTask.run(ExecutorTask.java:183)
	at java.base/java.util.concurrent.Executors$RunnableAdapter.call(Executors.java:515)
	at java.base/java.util.concurrent.FutureTask.run(FutureTask.java:264)
	at java.base/java.util.concurrent.ThreadPoolExecutor.runWorker(ThreadPoolExecutor.java:1128)
	at java.base/java.util.concurrent.ThreadPoolExecutor$Worker.run(ThreadPoolExecutor.java:628)
	at java.base/java.lang.Thread.run(Thread.java:834)
WARNING	thread=1056	[null] listener (null) threw exception, for product id=urn:usgs-product:nc:testproduct:uno:1565042847768
java.io.IOException: Unable to create directory /Users/cbass/Projects/pdl/_test_storage_/testproduct/uno/nc/1565042847768
	at gov.usgs.util.StreamUtils.getOutputStream(StreamUtils.java:153)
	at gov.usgs.util.StreamUtils.getOutputStream(StreamUtils.java:183)
	at gov.usgs.earthquake.product.io.DirectoryProductHandler.onEndProduct(DirectoryProductHandler.java:68)
	at gov.usgs.earthquake.product.io.FilterProductHandler.onEndProduct(FilterProductHandler.java:71)
	at gov.usgs.earthquake.distribution.FileProductStorage$StorageProductOutput.onEndProduct(FileProductStorage.java:855)
	at gov.usgs.earthquake.product.io.ObjectProductSource.sendEndProduct(ObjectProductSource.java:166)
	at gov.usgs.earthquake.product.io.ObjectProductSource.streamTo(ObjectProductSource.java:62)
	at gov.usgs.earthquake.distribution.FileProductStorage.storeProductSource(FileProductStorage.java:693)
	at gov.usgs.earthquake.distribution.FileProductStorage.storeProduct(FileProductStorage.java:675)
	at gov.usgs.earthquake.indexer.ExternalIndexerListener.storeProduct(ExternalIndexerListener.java:196)
	at gov.usgs.earthquake.indexer.ExternalIndexerListener.onIndexerEvent(ExternalIndexerListener.java:131)
	at gov.usgs.earthquake.indexer.IndexerListenerCallable.call(IndexerListenerCallable.java:36)
	at gov.usgs.earthquake.indexer.IndexerListenerCallable.call(IndexerListenerCallable.java:12)
	at gov.usgs.util.ExecutorTask.run(ExecutorTask.java:183)
	at java.base/java.util.concurrent.Executors$RunnableAdapter.call(Executors.java:515)
	at java.base/java.util.concurrent.FutureTask.run(FutureTask.java:264)
	at java.base/java.util.concurrent.ThreadPoolExecutor.runWorker(ThreadPoolExecutor.java:1128)
	at java.base/java.util.concurrent.ThreadPoolExecutor$Worker.run(ThreadPoolExecutor.java:628)
	at java.base/java.lang.Thread.run(Thread.java:834)
FINE	thread=1056	Exception: Unable to create directory /Users/cbass/Projects/pdl/_test_storage_/testproduct/uno/nc/1565042847768 source=nc, type=testproduct, code=uno, updateTime=Mon Aug 05 16:07:27 MDT 2019
INFO	thread=1056	Exception executing task
java.io.IOException: Unable to create directory /Users/cbass/Projects/pdl/_test_storage_/testproduct/uno/nc/1565042847768
	at gov.usgs.util.StreamUtils.getOutputStream(StreamUtils.java:153)
	at gov.usgs.util.StreamUtils.getOutputStream(StreamUtils.java:183)
	at gov.usgs.earthquake.product.io.DirectoryProductHandler.onEndProduct(DirectoryProductHandler.java:68)
	at gov.usgs.earthquake.product.io.FilterProductHandler.onEndProduct(FilterProductHandler.java:71)
	at gov.usgs.earthquake.distribution.FileProductStorage$StorageProductOutput.onEndProduct(FileProductStorage.java:855)
	at gov.usgs.earthquake.product.io.ObjectProductSource.sendEndProduct(ObjectProductSource.java:166)
	at gov.usgs.earthquake.product.io.ObjectProductSource.streamTo(ObjectProductSource.java:62)
	at gov.usgs.earthquake.distribution.FileProductStorage.storeProductSource(FileProductStorage.java:693)
	at gov.usgs.earthquake.distribution.FileProductStorage.storeProduct(FileProductStorage.java:675)
	at gov.usgs.earthquake.indexer.ExternalIndexerListener.storeProduct(ExternalIndexerListener.java:196)
	at gov.usgs.earthquake.indexer.ExternalIndexerListener.onIndexerEvent(ExternalIndexerListener.java:131)
	at gov.usgs.earthquake.indexer.IndexerListenerCallable.call(IndexerListenerCallable.java:36)
	at gov.usgs.earthquake.indexer.IndexerListenerCallable.call(IndexerListenerCallable.java:12)
	at gov.usgs.util.ExecutorTask.run(ExecutorTask.java:183)
	at java.base/java.util.concurrent.Executors$RunnableAdapter.call(Executors.java:515)
	at java.base/java.util.concurrent.FutureTask.run(FutureTask.java:264)
	at java.base/java.util.concurrent.ThreadPoolExecutor.runWorker(ThreadPoolExecutor.java:1128)
	at java.base/java.util.concurrent.ThreadPoolExecutor$Worker.run(ThreadPoolExecutor.java:628)
	at java.base/java.lang.Thread.run(Thread.java:834)
WARNING	thread=1057	[null] listener (null) threw exception, for product id=urn:usgs-product:nc:testproduct:uno:1565042847768
java.lang.NullPointerException
	at gov.usgs.earthquake.product.FileContent.getDirectoryContents(FileContent.java:181)
	at gov.usgs.earthquake.product.FileContent.getDirectoryContents(FileContent.java:158)
	at gov.usgs.earthquake.product.io.DirectoryProductSource.streamTo(DirectoryProductSource.java:91)
	at gov.usgs.earthquake.product.io.ObjectProductHandler.getProduct(ObjectProductHandler.java:172)
	at gov.usgs.earthquake.distribution.FileProductStorage.getProduct(FileProductStorage.java:465)
	at gov.usgs.earthquake.indexer.ExternalIndexerListener.storeProduct(ExternalIndexerListener.java:197)
	at gov.usgs.earthquake.indexer.ExternalIndexerListener.onIndexerEvent(ExternalIndexerListener.java:131)
	at gov.usgs.earthquake.indexer.IndexerListenerCallable.call(IndexerListenerCallable.java:36)
	at gov.usgs.earthquake.indexer.IndexerListenerCallable.call(IndexerListenerCallable.java:12)
	at gov.usgs.util.ExecutorTask.run(ExecutorTask.java:183)
	at java.base/java.util.concurrent.Executors$RunnableAdapter.call(Executors.java:515)
	at java.base/java.util.concurrent.FutureTask.run(FutureTask.java:264)
	at java.base/java.util.concurrent.ThreadPoolExecutor.runWorker(ThreadPoolExecutor.java:1128)
	at java.base/java.util.concurrent.ThreadPoolExecutor$Worker.run(ThreadPoolExecutor.java:628)
	at java.base/java.lang.Thread.run(Thread.java:834)
FINE	thread=1057	Exception: null source=nc, type=testproduct, code=uno, updateTime=Mon Aug 05 16:07:27 MDT 2019
INFO	thread=1057	Exception executing task
java.lang.NullPointerException
	at gov.usgs.earthquake.product.FileContent.getDirectoryContents(FileContent.java:181)
	at gov.usgs.earthquake.product.FileContent.getDirectoryContents(FileContent.java:158)
	at gov.usgs.earthquake.product.io.DirectoryProductSource.streamTo(DirectoryProductSource.java:91)
	at gov.usgs.earthquake.product.io.ObjectProductHandler.getProduct(ObjectProductHandler.java:172)
	at gov.usgs.earthquake.distribution.FileProductStorage.getProduct(FileProductStorage.java:465)
	at gov.usgs.earthquake.indexer.ExternalIndexerListener.storeProduct(ExternalIndexerListener.java:197)
	at gov.usgs.earthquake.indexer.ExternalIndexerListener.onIndexerEvent(ExternalIndexerListener.java:131)
	at gov.usgs.earthquake.indexer.IndexerListenerCallable.call(IndexerListenerCallable.java:36)
	at gov.usgs.earthquake.indexer.IndexerListenerCallable.call(IndexerListenerCallable.java:12)
	at gov.usgs.util.ExecutorTask.run(ExecutorTask.java:183)
	at java.base/java.util.concurrent.Executors$RunnableAdapter.call(Executors.java:515)
	at java.base/java.util.concurrent.FutureTask.run(FutureTask.java:264)
	at java.base/java.util.concurrent.ThreadPoolExecutor.runWorker(ThreadPoolExecutor.java:1128)
	at java.base/java.util.concurrent.ThreadPoolExecutor$Worker.run(ThreadPoolExecutor.java:628)
	at java.base/java.lang.Thread.run(Thread.java:834)
FINE	thread=13	Eventindexid=1, eventid=usone, latitude=0.0, longitude=0.0, time=Mon Aug 05 16:07:27 MDT 2019, deleted=false
FINE	thread=13	Eventindexid=1, eventid=usone, latitude=0.0, longitude=0.0, time=Mon Aug 05 16:07:27 MDT 2019, deleted=false
FINE	thread=13	[null] notifying listeners
INFO	thread=13	[null] indexed product id=urn:usgs-product:ci:testproduct:ein:1565042847829, status=UPDATE
EVENT_UPDATED usone => usone
WARNING	thread=1057	[null] exception while storing product, removing incomplete product
java.io.IOException: Unable to create directory /Users/cbass/Projects/pdl/_test_storage_/testproduct/ein/ci/1565042847829
	at gov.usgs.util.StreamUtils.getOutputStream(StreamUtils.java:153)
	at gov.usgs.util.StreamUtils.getOutputStream(StreamUtils.java:183)
	at gov.usgs.earthquake.product.io.DirectoryProductHandler.onEndProduct(DirectoryProductHandler.java:68)
	at gov.usgs.earthquake.product.io.FilterProductHandler.onEndProduct(FilterProductHandler.java:71)
	at gov.usgs.earthquake.distribution.FileProductStorage$StorageProductOutput.onEndProduct(FileProductStorage.java:855)
	at gov.usgs.earthquake.product.io.ObjectProductSource.sendEndProduct(ObjectProductSource.java:166)
	at gov.usgs.earthquake.product.io.ObjectProductSource.streamTo(ObjectProductSource.java:62)
	at gov.usgs.earthquake.distribution.FileProductStorage.storeProductSource(FileProductStorage.java:693)
	at gov.usgs.earthquake.distribution.FileProductStorage.storeProduct(FileProductStorage.java:675)
	at gov.usgs.earthquake.indexer.ExternalIndexerListener.storeProduct(ExternalIndexerListener.java:196)
	at gov.usgs.earthquake.indexer.ExternalIndexerListener.onIndexerEvent(ExternalIndexerListener.java:131)
	at gov.usgs.earthquake.indexer.IndexerListenerCallable.call(IndexerListenerCallable.java:36)
	at gov.usgs.earthquake.indexer.IndexerListenerCallable.call(IndexerListenerCallable.java:12)
	at gov.usgs.util.ExecutorTask.run(ExecutorTask.java:183)
	at java.base/java.util.concurrent.Executors$RunnableAdapter.call(Executors.java:515)
	at java.base/java.util.concurrent.FutureTask.run(FutureTask.java:264)
	at java.base/java.util.concurrent.ThreadPoolExecutor.runWorker(ThreadPoolExecutor.java:1128)
	at java.base/java.util.concurrent.ThreadPoolExecutor$Worker.run(ThreadPoolExecutor.java:628)
	at java.base/java.lang.Thread.run(Thread.java:834)
WARNING	thread=1057	[null] listener (null) threw exception, for product id=urn:usgs-product:ci:testproduct:ein:1565042847829
java.io.IOException: Unable to create directory /Users/cbass/Projects/pdl/_test_storage_/testproduct/ein/ci/1565042847829
	at gov.usgs.util.StreamUtils.getOutputStream(StreamUtils.java:153)
	at gov.usgs.util.StreamUtils.getOutputStream(StreamUtils.java:183)
	at gov.usgs.earthquake.product.io.DirectoryProductHandler.onEndProduct(DirectoryProductHandler.java:68)
	at gov.usgs.earthquake.product.io.FilterProductHandler.onEndProduct(FilterProductHandler.java:71)
	at gov.usgs.earthquake.distribution.FileProductStorage$StorageProductOutput.onEndProduct(FileProductStorage.java:855)
	at gov.usgs.earthquake.product.io.ObjectProductSource.sendEndProduct(ObjectProductSource.java:166)
	at gov.usgs.earthquake.product.io.ObjectProductSource.streamTo(ObjectProductSource.java:62)
	at gov.usgs.earthquake.distribution.FileProductStorage.storeProductSource(FileProductStorage.java:693)
	at gov.usgs.earthquake.distribution.FileProductStorage.storeProduct(FileProductStorage.java:675)
	at gov.usgs.earthquake.indexer.ExternalIndexerListener.storeProduct(ExternalIndexerListener.java:196)
	at gov.usgs.earthquake.indexer.ExternalIndexerListener.onIndexerEvent(ExternalIndexerListener.java:131)
	at gov.usgs.earthquake.indexer.IndexerListenerCallable.call(IndexerListenerCallable.java:36)
	at gov.usgs.earthquake.indexer.IndexerListenerCallable.call(IndexerListenerCallable.java:12)
	at gov.usgs.util.ExecutorTask.run(ExecutorTask.java:183)
	at java.base/java.util.concurrent.Executors$RunnableAdapter.call(Executors.java:515)
	at java.base/java.util.concurrent.FutureTask.run(FutureTask.java:264)
	at java.base/java.util.concurrent.ThreadPoolExecutor.runWorker(ThreadPoolExecutor.java:1128)
	at java.base/java.util.concurrent.ThreadPoolExecutor$Worker.run(ThreadPoolExecutor.java:628)
	at java.base/java.lang.Thread.run(Thread.java:834)
FINE	thread=1057	Exception: Unable to create directory /Users/cbass/Projects/pdl/_test_storage_/testproduct/ein/ci/1565042847829 source=ci, type=testproduct, code=ein, updateTime=Mon Aug 05 16:07:27 MDT 2019
INFO	thread=1057	Exception executing task
java.io.IOException: Unable to create directory /Users/cbass/Projects/pdl/_test_storage_/testproduct/ein/ci/1565042847829
	at gov.usgs.util.StreamUtils.getOutputStream(StreamUtils.java:153)
	at gov.usgs.util.StreamUtils.getOutputStream(StreamUtils.java:183)
	at gov.usgs.earthquake.product.io.DirectoryProductHandler.onEndProduct(DirectoryProductHandler.java:68)
	at gov.usgs.earthquake.product.io.FilterProductHandler.onEndProduct(FilterProductHandler.java:71)
	at gov.usgs.earthquake.distribution.FileProductStorage$StorageProductOutput.onEndProduct(FileProductStorage.java:855)
	at gov.usgs.earthquake.product.io.ObjectProductSource.sendEndProduct(ObjectProductSource.java:166)
	at gov.usgs.earthquake.product.io.ObjectProductSource.streamTo(ObjectProductSource.java:62)
	at gov.usgs.earthquake.distribution.FileProductStorage.storeProductSource(FileProductStorage.java:693)
	at gov.usgs.earthquake.distribution.FileProductStorage.storeProduct(FileProductStorage.java:675)
	at gov.usgs.earthquake.indexer.ExternalIndexerListener.storeProduct(ExternalIndexerListener.java:196)
	at gov.usgs.earthquake.indexer.ExternalIndexerListener.onIndexerEvent(ExternalIndexerListener.java:131)
	at gov.usgs.earthquake.indexer.IndexerListenerCallable.call(IndexerListenerCallable.java:36)
	at gov.usgs.earthquake.indexer.IndexerListenerCallable.call(IndexerListenerCallable.java:12)
	at gov.usgs.util.ExecutorTask.run(ExecutorTask.java:183)
	at java.base/java.util.concurrent.Executors$RunnableAdapter.call(Executors.java:515)
	at java.base/java.util.concurrent.FutureTask.run(FutureTask.java:264)
	at java.base/java.util.concurrent.ThreadPoolExecutor.runWorker(ThreadPoolExecutor.java:1128)
	at java.base/java.util.concurrent.ThreadPoolExecutor$Worker.run(ThreadPoolExecutor.java:628)
	at java.base/java.lang.Thread.run(Thread.java:834)
INFO	thread=1056	[null] running command echo --preferred-eventid=usone --preferred-eventsource=us --preferred-eventsourcecode=one --eventids=ncuno,ciein,usone --preferred-magnitude=null --preferred-latitude=0.0 --preferred-longitude=0.0 --preferred-depth=null --preferred-eventtime=2019-08-05T22:07:27.708Z --type=testproduct --code=ein --source=ci --updateTime=2019-08-05T22:07:27.829Z --status=UPDATE --trackerURL=http://localhost/tracker/ "--property-latitude=0.89992700575953924013816731530823744833469390869140625" "--property-eventsourcecode=ein" "--property-eventtime=2019-08-05T22:07:27.708Z" "--property-eventsource=ci" "--property-version=one" "--property-longitude=0.89992700575953924013816731530823744833469390869140625" --action=EVENT_UPDATED
INFO	thread=1056	[null] command 'echo --preferred-eventid=usone --preferred-eventsource=us --preferred-eventsourcecode=one --eventids=ncuno,ciein,usone --preferred-magnitude=null --preferred-latitude=0.0 --preferred-longitude=0.0 --preferred-depth=null --preferred-eventtime=2019-08-05T22:07:27.708Z --type=testproduct --code=ein --source=ci --updateTime=2019-08-05T22:07:27.829Z --status=UPDATE --trackerURL=http://localhost/tracker/ "--property-latitude=0.89992700575953924013816731530823744833469390869140625" "--property-eventsourcecode=ein" "--property-eventtime=2019-08-05T22:07:27.708Z" "--property-eventsource=ci" "--property-version=one" "--property-longitude=0.89992700575953924013816731530823744833469390869140625" --action=EVENT_UPDATED' exited with status '0'
FINE	thread=13	Eventindexid=1, eventid=usone, latitude=0.0, longitude=0.0, time=Mon Aug 05 16:07:27 MDT 2019, deleted=false
FINE	thread=13	Eventindexid=1, eventid=usone, latitude=10.0, longitude=10.0, time=Mon Aug 05 16:07:27 MDT 2019, deleted=false
FINE	thread=13	Eventindexid=null, eventid=ciein, latitude=0.89992700575953924013816731530823744833469390869140625, longitude=0.89992700575953924013816731530823744833469390869140625, time=Mon Aug 05 16:07:27 MDT 2019, deleted=false
FINE	thread=13	Eventindexid=null, eventid=ncuno, latitude=-0.89992700575953924013816731530823744833469390869140625, longitude=-0.89992700575953924013816731530823744833469390869140625, time=Mon Aug 05 16:07:27 MDT 2019, deleted=false
FINE	thread=13	[null] notifying listeners
INFO	thread=13	[null] indexed product id=urn:usgs-product:us:testproduct:one:1565042847889, status=UPDATE
EVENT_UPDATED usone => usone
EVENT_SPLIT null => ciein
EVENT_SPLIT null => ncuno
WARNING	thread=1056	[null] exception while storing product, removing incomplete product
java.io.IOException: Unable to create directory /Users/cbass/Projects/pdl/_test_storage_/testproduct/one/us/1565042847889
	at gov.usgs.util.StreamUtils.getOutputStream(StreamUtils.java:153)
	at gov.usgs.util.StreamUtils.getOutputStream(StreamUtils.java:183)
	at gov.usgs.earthquake.product.io.DirectoryProductHandler.onEndProduct(DirectoryProductHandler.java:68)
	at gov.usgs.earthquake.product.io.FilterProductHandler.onEndProduct(FilterProductHandler.java:71)
	at gov.usgs.earthquake.distribution.FileProductStorage$StorageProductOutput.onEndProduct(FileProductStorage.java:855)
	at gov.usgs.earthquake.product.io.ObjectProductSource.sendEndProduct(ObjectProductSource.java:166)
	at gov.usgs.earthquake.product.io.ObjectProductSource.streamTo(ObjectProductSource.java:62)
	at gov.usgs.earthquake.distribution.FileProductStorage.storeProductSource(FileProductStorage.java:693)
	at gov.usgs.earthquake.distribution.FileProductStorage.storeProduct(FileProductStorage.java:675)
	at gov.usgs.earthquake.indexer.ExternalIndexerListener.storeProduct(ExternalIndexerListener.java:196)
	at gov.usgs.earthquake.indexer.ExternalIndexerListener.onIndexerEvent(ExternalIndexerListener.java:131)
	at gov.usgs.earthquake.indexer.IndexerListenerCallable.call(IndexerListenerCallable.java:36)
	at gov.usgs.earthquake.indexer.IndexerListenerCallable.call(IndexerListenerCallable.java:12)
	at gov.usgs.util.ExecutorTask.run(ExecutorTask.java:183)
	at java.base/java.util.concurrent.Executors$RunnableAdapter.call(Executors.java:515)
	at java.base/java.util.concurrent.FutureTask.run(FutureTask.java:264)
	at java.base/java.util.concurrent.ThreadPoolExecutor.runWorker(ThreadPoolExecutor.java:1128)
	at java.base/java.util.concurrent.ThreadPoolExecutor$Worker.run(ThreadPoolExecutor.java:628)
	at java.base/java.lang.Thread.run(Thread.java:834)
WARNING	thread=1056	[null] listener (null) threw exception, for product id=urn:usgs-product:us:testproduct:one:1565042847889
java.io.IOException: Unable to create directory /Users/cbass/Projects/pdl/_test_storage_/testproduct/one/us/1565042847889
	at gov.usgs.util.StreamUtils.getOutputStream(StreamUtils.java:153)
	at gov.usgs.util.StreamUtils.getOutputStream(StreamUtils.java:183)
	at gov.usgs.earthquake.product.io.DirectoryProductHandler.onEndProduct(DirectoryProductHandler.java:68)
	at gov.usgs.earthquake.product.io.FilterProductHandler.onEndProduct(FilterProductHandler.java:71)
	at gov.usgs.earthquake.distribution.FileProductStorage$StorageProductOutput.onEndProduct(FileProductStorage.java:855)
	at gov.usgs.earthquake.product.io.ObjectProductSource.sendEndProduct(ObjectProductSource.java:166)
	at gov.usgs.earthquake.product.io.ObjectProductSource.streamTo(ObjectProductSource.java:62)
	at gov.usgs.earthquake.distribution.FileProductStorage.storeProductSource(FileProductStorage.java:693)
	at gov.usgs.earthquake.distribution.FileProductStorage.storeProduct(FileProductStorage.java:675)
	at gov.usgs.earthquake.indexer.ExternalIndexerListener.storeProduct(ExternalIndexerListener.java:196)
	at gov.usgs.earthquake.indexer.ExternalIndexerListener.onIndexerEvent(ExternalIndexerListener.java:131)
	at gov.usgs.earthquake.indexer.IndexerListenerCallable.call(IndexerListenerCallable.java:36)
	at gov.usgs.earthquake.indexer.IndexerListenerCallable.call(IndexerListenerCallable.java:12)
	at gov.usgs.util.ExecutorTask.run(ExecutorTask.java:183)
	at java.base/java.util.concurrent.Executors$RunnableAdapter.call(Executors.java:515)
	at java.base/java.util.concurrent.FutureTask.run(FutureTask.java:264)
	at java.base/java.util.concurrent.ThreadPoolExecutor.runWorker(ThreadPoolExecutor.java:1128)
	at java.base/java.util.concurrent.ThreadPoolExecutor$Worker.run(ThreadPoolExecutor.java:628)
	at java.base/java.lang.Thread.run(Thread.java:834)
FINE	thread=1056	Exception: Unable to create directory /Users/cbass/Projects/pdl/_test_storage_/testproduct/one/us/1565042847889 source=us, type=testproduct, code=one, updateTime=Mon Aug 05 16:07:27 MDT 2019
INFO	thread=1056	Exception executing task
java.io.IOException: Unable to create directory /Users/cbass/Projects/pdl/_test_storage_/testproduct/one/us/1565042847889
	at gov.usgs.util.StreamUtils.getOutputStream(StreamUtils.java:153)
	at gov.usgs.util.StreamUtils.getOutputStream(StreamUtils.java:183)
	at gov.usgs.earthquake.product.io.DirectoryProductHandler.onEndProduct(DirectoryProductHandler.java:68)
	at gov.usgs.earthquake.product.io.FilterProductHandler.onEndProduct(FilterProductHandler.java:71)
	at gov.usgs.earthquake.distribution.FileProductStorage$StorageProductOutput.onEndProduct(FileProductStorage.java:855)
	at gov.usgs.earthquake.product.io.ObjectProductSource.sendEndProduct(ObjectProductSource.java:166)
	at gov.usgs.earthquake.product.io.ObjectProductSource.streamTo(ObjectProductSource.java:62)
	at gov.usgs.earthquake.distribution.FileProductStorage.storeProductSource(FileProductStorage.java:693)
	at gov.usgs.earthquake.distribution.FileProductStorage.storeProduct(FileProductStorage.java:675)
	at gov.usgs.earthquake.indexer.ExternalIndexerListener.storeProduct(ExternalIndexerListener.java:196)
	at gov.usgs.earthquake.indexer.ExternalIndexerListener.onIndexerEvent(ExternalIndexerListener.java:131)
	at gov.usgs.earthquake.indexer.IndexerListenerCallable.call(IndexerListenerCallable.java:36)
	at gov.usgs.earthquake.indexer.IndexerListenerCallable.call(IndexerListenerCallable.java:12)
	at gov.usgs.util.ExecutorTask.run(ExecutorTask.java:183)
	at java.base/java.util.concurrent.Executors$RunnableAdapter.call(Executors.java:515)
	at java.base/java.util.concurrent.FutureTask.run(FutureTask.java:264)
	at java.base/java.util.concurrent.ThreadPoolExecutor.runWorker(ThreadPoolExecutor.java:1128)
	at java.base/java.util.concurrent.ThreadPoolExecutor$Worker.run(ThreadPoolExecutor.java:628)
	at java.base/java.lang.Thread.run(Thread.java:834)
WARNING	thread=1057	[null] listener (null) threw exception, for product id=urn:usgs-product:us:testproduct:one:1565042847889
java.lang.NullPointerException
	at gov.usgs.earthquake.product.FileContent.getDirectoryContents(FileContent.java:181)
	at gov.usgs.earthquake.product.FileContent.getDirectoryContents(FileContent.java:158)
	at gov.usgs.earthquake.product.io.DirectoryProductSource.streamTo(DirectoryProductSource.java:91)
	at gov.usgs.earthquake.product.io.ObjectProductHandler.getProduct(ObjectProductHandler.java:172)
	at gov.usgs.earthquake.distribution.FileProductStorage.getProduct(FileProductStorage.java:465)
	at gov.usgs.earthquake.indexer.ExternalIndexerListener.storeProduct(ExternalIndexerListener.java:197)
	at gov.usgs.earthquake.indexer.ExternalIndexerListener.onIndexerEvent(ExternalIndexerListener.java:131)
	at gov.usgs.earthquake.indexer.IndexerListenerCallable.call(IndexerListenerCallable.java:36)
	at gov.usgs.earthquake.indexer.IndexerListenerCallable.call(IndexerListenerCallable.java:12)
	at gov.usgs.util.ExecutorTask.run(ExecutorTask.java:183)
	at java.base/java.util.concurrent.Executors$RunnableAdapter.call(Executors.java:515)
	at java.base/java.util.concurrent.FutureTask.run(FutureTask.java:264)
	at java.base/java.util.concurrent.ThreadPoolExecutor.runWorker(ThreadPoolExecutor.java:1128)
	at java.base/java.util.concurrent.ThreadPoolExecutor$Worker.run(ThreadPoolExecutor.java:628)
	at java.base/java.lang.Thread.run(Thread.java:834)
FINE	thread=1057	Exception: null source=us, type=testproduct, code=one, updateTime=Mon Aug 05 16:07:27 MDT 2019
INFO	thread=1057	Exception executing task
java.lang.NullPointerException
	at gov.usgs.earthquake.product.FileContent.getDirectoryContents(FileContent.java:181)
	at gov.usgs.earthquake.product.FileContent.getDirectoryContents(FileContent.java:158)
	at gov.usgs.earthquake.product.io.DirectoryProductSource.streamTo(DirectoryProductSource.java:91)
	at gov.usgs.earthquake.product.io.ObjectProductHandler.getProduct(ObjectProductHandler.java:172)
	at gov.usgs.earthquake.distribution.FileProductStorage.getProduct(FileProductStorage.java:465)
	at gov.usgs.earthquake.indexer.ExternalIndexerListener.storeProduct(ExternalIndexerListener.java:197)
	at gov.usgs.earthquake.indexer.ExternalIndexerListener.onIndexerEvent(ExternalIndexerListener.java:131)
	at gov.usgs.earthquake.indexer.IndexerListenerCallable.call(IndexerListenerCallable.java:36)
	at gov.usgs.earthquake.indexer.IndexerListenerCallable.call(IndexerListenerCallable.java:12)
	at gov.usgs.util.ExecutorTask.run(ExecutorTask.java:183)
	at java.base/java.util.concurrent.Executors$RunnableAdapter.call(Executors.java:515)
	at java.base/java.util.concurrent.FutureTask.run(FutureTask.java:264)
	at java.base/java.util.concurrent.ThreadPoolExecutor.runWorker(ThreadPoolExecutor.java:1128)
	at java.base/java.util.concurrent.ThreadPoolExecutor$Worker.run(ThreadPoolExecutor.java:628)
	at java.base/java.lang.Thread.run(Thread.java:834)
CONFIG	thread=13	[null] maxTries = 1
CONFIG	thread=13	[null] maxTries = 1
CONFIG	thread=13	[null] timeout = 0ms
CONFIG	thread=13	[null] retry delay = 300000ms
CONFIG	thread=13	[null] process duplicates = false
CONFIG	thread=13	[null] include paths = []
CONFIG	thread=13	[null] exclude paths = []
CONFIG	thread=13	[null] using storage directory /Users/cbass/Projects/pdl/storage
CONFIG	thread=13	[null] loading ArchivePolicy 'testPolicy'
CONFIG	thread=13	[null] archive interval is '500'
CONFIG	thread=13	[null] no indexer modules configured.
CONFIG	thread=13	[null] no indexer listeners configured.
CONFIG	thread=13	[null] Local regions file: regions.json
CONFIG	thread=13	[null] associateUsingCurrentProducts = false
INFO	thread=1073	Archiving disabled
INFO	thread=1073	[null] purged 0 expired events and 0 expired unassociated products.
FINE	thread=13	Digest='9C4r+OT+DLxQzS7LS8Uy5745EIc=' , 2ms
FINE	thread=13	Eventindexid=1, eventid=usabcd1234, latitude=0.0, longitude=0.0, time=Mon Aug 05 16:07:27 MDT 2019, deleted=false
FINE	thread=13	Eventindexid=1, eventid=usabcd1234, latitude=0.0, longitude=0.0, time=Mon Aug 05 16:07:27 MDT 2019, deleted=false
FINE	thread=13	[null] notifying listeners
INFO	thread=13	[null] indexed product id=urn:usgs-product:us:shakemap:abcd1234:1565042847951, status=UPDATE
EVENT_ADDED null => usabcd1234
INFO	thread=1074	[null] running command echo --preferred-eventid=usabcd1234 --preferred-eventsource=us --preferred-eventsourcecode=abcd1234 --eventids=usabcd1234 --preferred-magnitude=null --preferred-latitude=0.0 --preferred-longitude=0.0 --preferred-depth=null --preferred-eventtime=2019-08-05T22:07:27.953Z --directory=/Users/cbass/Projects/pdl/_test_storage_/shakemap/abcd1234/us/1565042847951 --type=shakemap --code=abcd1234 --source=us --updateTime=2019-08-05T22:07:27.951Z --status=UPDATE --trackerURL=http://localhost/tracker "--property-testprop=testvalue" "--property-latitude=0.0" "--property-eventsourcecode=abcd1234" "--property-eventtime=2019-08-05T22:07:27.953Z" "--property-eventsource=us" "--property-longitude=0.0" --link-testrelation=http://google.com/ --content --contentType=text/html --signature=MCwCFCpOAdzqL/PimqQRsZkBso9CfI2kAhRGxUDXWGGnIMzzIAOMnCCJpW3fOg== --action=EVENT_ADDED
INFO	thread=1075	[null] running command echo --preferred-eventid=usabcd1234 --preferred-eventsource=us --preferred-eventsourcecode=abcd1234 --eventids=usabcd1234 --preferred-magnitude=null --preferred-latitude=0.0 --preferred-longitude=0.0 --preferred-depth=null --preferred-eventtime=2019-08-05T22:07:27.953Z --directory=/Users/cbass/Projects/pdl/_test_storage_/shakemap/abcd1234/us/1565042847951 --type=shakemap --code=abcd1234 --source=us --updateTime=2019-08-05T22:07:27.951Z --status=UPDATE --trackerURL=http://localhost/tracker "--property-testprop=testvalue" "--property-latitude=0.0" "--property-eventsourcecode=abcd1234" "--property-eventtime=2019-08-05T22:07:27.953Z" "--property-eventsource=us" "--property-longitude=0.0" --link-testrelation=http://google.com/ --content --contentType=text/html --signature=MCwCFCpOAdzqL/PimqQRsZkBso9CfI2kAhRGxUDXWGGnIMzzIAOMnCCJpW3fOg== --action=EVENT_ADDED
INFO	thread=1074	[null] command 'echo --preferred-eventid=usabcd1234 --preferred-eventsource=us --preferred-eventsourcecode=abcd1234 --eventids=usabcd1234 --preferred-magnitude=null --preferred-latitude=0.0 --preferred-longitude=0.0 --preferred-depth=null --preferred-eventtime=2019-08-05T22:07:27.953Z --directory=/Users/cbass/Projects/pdl/_test_storage_/shakemap/abcd1234/us/1565042847951 --type=shakemap --code=abcd1234 --source=us --updateTime=2019-08-05T22:07:27.951Z --status=UPDATE --trackerURL=http://localhost/tracker "--property-testprop=testvalue" "--property-latitude=0.0" "--property-eventsourcecode=abcd1234" "--property-eventtime=2019-08-05T22:07:27.953Z" "--property-eventsource=us" "--property-longitude=0.0" --link-testrelation=http://google.com/ --content --contentType=text/html --signature=MCwCFCpOAdzqL/PimqQRsZkBso9CfI2kAhRGxUDXWGGnIMzzIAOMnCCJpW3fOg== --action=EVENT_ADDED' exited with status '0'
INFO	thread=1075	[null] command 'echo --preferred-eventid=usabcd1234 --preferred-eventsource=us --preferred-eventsourcecode=abcd1234 --eventids=usabcd1234 --preferred-magnitude=null --preferred-latitude=0.0 --preferred-longitude=0.0 --preferred-depth=null --preferred-eventtime=2019-08-05T22:07:27.953Z --directory=/Users/cbass/Projects/pdl/_test_storage_/shakemap/abcd1234/us/1565042847951 --type=shakemap --code=abcd1234 --source=us --updateTime=2019-08-05T22:07:27.951Z --status=UPDATE --trackerURL=http://localhost/tracker "--property-testprop=testvalue" "--property-latitude=0.0" "--property-eventsourcecode=abcd1234" "--property-eventtime=2019-08-05T22:07:27.953Z" "--property-eventsource=us" "--property-longitude=0.0" --link-testrelation=http://google.com/ --content --contentType=text/html --signature=MCwCFCpOAdzqL/PimqQRsZkBso9CfI2kAhRGxUDXWGGnIMzzIAOMnCCJpW3fOg== --action=EVENT_ADDED' exited with status '0'
Mon Aug 05 16:07:28 MDT 2019
FINE	thread=13	Digest='PhSwsuvPOeCWNNUH1jHbWsIjk3I=' , 2ms
FINE	thread=13	Eventindexid=1, eventid=usabcd1234, latitude=0.0, longitude=0.0, time=Mon Aug 05 16:07:27 MDT 2019, deleted=false
FINE	thread=13	Eventindexid=1, eventid=usabcd1234, latitude=0.0, longitude=0.0, time=Mon Aug 05 16:07:27 MDT 2019, deleted=false
FINE	thread=13	[null] notifying listeners
INFO	thread=13	[null] indexed product id=urn:usgs-product:us:pager:abcd1234:1565042848016, status=UPDATE
EVENT_UPDATED usabcd1234 => usabcd1234
INFO	thread=1075	[null] running command echo --preferred-eventid=usabcd1234 --preferred-eventsource=us --preferred-eventsourcecode=abcd1234 --eventids=usabcd1234 --preferred-magnitude=null --preferred-latitude=0.0 --preferred-longitude=0.0 --preferred-depth=null --preferred-eventtime=2019-08-05T22:07:27.953Z --directory=/Users/cbass/Projects/pdl/_test_storage_/pager/abcd1234/us/1565042848016 --type=pager --code=abcd1234 --source=us --updateTime=2019-08-05T22:07:28.016Z --status=UPDATE --trackerURL=http://localhost/tracker "--property-eventsourcecode=abcd1234" "--property-eventsource=us" "--property-testprop=testvalue" --link-testrelation=http://google.com/ --content --contentType=text/html --signature=MCwCFHyTJKjf8zASmggY+h1pEwL4FZCoAhQiI7xixDAo+hyNPnM3bfw/MWsYzA== --action=EVENT_UPDATED
INFO	thread=1075	[null] command 'echo --preferred-eventid=usabcd1234 --preferred-eventsource=us --preferred-eventsourcecode=abcd1234 --eventids=usabcd1234 --preferred-magnitude=null --preferred-latitude=0.0 --preferred-longitude=0.0 --preferred-depth=null --preferred-eventtime=2019-08-05T22:07:27.953Z --directory=/Users/cbass/Projects/pdl/_test_storage_/pager/abcd1234/us/1565042848016 --type=pager --code=abcd1234 --source=us --updateTime=2019-08-05T22:07:28.016Z --status=UPDATE --trackerURL=http://localhost/tracker "--property-eventsourcecode=abcd1234" "--property-eventsource=us" "--property-testprop=testvalue" --link-testrelation=http://google.com/ --content --contentType=text/html --signature=MCwCFHyTJKjf8zASmggY+h1pEwL4FZCoAhQiI7xixDAo+hyNPnM3bfw/MWsYzA== --action=EVENT_UPDATED' exited with status '0'
FINE	thread=13	Digest='Hc1+anW7WcU+Y2r4xuVD9LfTJXo=' , 1ms
FINE	thread=13	Eventindexid=1, eventid=usabcd1234, latitude=0.0, longitude=0.0, time=Mon Aug 05 16:07:27 MDT 2019, deleted=false
FINE	thread=13	Eventindexid=1, eventid=usabcd1234, latitude=0.0, longitude=0.0, time=Mon Aug 05 16:07:27 MDT 2019, deleted=false
FINE	thread=13	[null] notifying listeners
INFO	thread=13	[null] indexed product id=urn:usgs-product:us:pager:abcd1234:1565042848079, status=UPDATE
EVENT_UPDATED usabcd1234 => usabcd1234
WARNING	thread=1074	[null] exception while storing product, removing incomplete product
java.io.IOException: Written file length (90) does not match non-zero content length (90)
	at gov.usgs.earthquake.product.FileContent.<init>(FileContent.java:123)
	at gov.usgs.earthquake.product.io.DirectoryProductHandler.onContent(DirectoryProductHandler.java:51)
	at gov.usgs.earthquake.product.io.FilterProductHandler.onContent(FilterProductHandler.java:64)
	at gov.usgs.earthquake.product.io.ObjectProductSource.sendContents(ObjectProductSource.java:141)
	at gov.usgs.earthquake.product.io.ObjectProductSource.streamTo(ObjectProductSource.java:60)
	at gov.usgs.earthquake.distribution.FileProductStorage.storeProductSource(FileProductStorage.java:693)
	at gov.usgs.earthquake.distribution.FileProductStorage.storeProduct(FileProductStorage.java:675)
	at gov.usgs.earthquake.indexer.ExternalIndexerListener.storeProduct(ExternalIndexerListener.java:196)
	at gov.usgs.earthquake.indexer.ExternalIndexerListener.onIndexerEvent(ExternalIndexerListener.java:131)
	at gov.usgs.earthquake.indexer.IndexerListenerCallable.call(IndexerListenerCallable.java:36)
	at gov.usgs.earthquake.indexer.IndexerListenerCallable.call(IndexerListenerCallable.java:12)
	at gov.usgs.util.ExecutorTask.run(ExecutorTask.java:183)
	at java.base/java.util.concurrent.Executors$RunnableAdapter.call(Executors.java:515)
	at java.base/java.util.concurrent.FutureTask.run(FutureTask.java:264)
	at java.base/java.util.concurrent.ThreadPoolExecutor.runWorker(ThreadPoolExecutor.java:1128)
	at java.base/java.util.concurrent.ThreadPoolExecutor$Worker.run(ThreadPoolExecutor.java:628)
	at java.base/java.lang.Thread.run(Thread.java:834)
WARNING	thread=1074	[null] listener (null) threw exception, for product id=urn:usgs-product:us:pager:abcd1234:1565042848079
java.io.IOException: Written file length (90) does not match non-zero content length (90)
	at gov.usgs.earthquake.product.FileContent.<init>(FileContent.java:123)
	at gov.usgs.earthquake.product.io.DirectoryProductHandler.onContent(DirectoryProductHandler.java:51)
	at gov.usgs.earthquake.product.io.FilterProductHandler.onContent(FilterProductHandler.java:64)
	at gov.usgs.earthquake.product.io.ObjectProductSource.sendContents(ObjectProductSource.java:141)
	at gov.usgs.earthquake.product.io.ObjectProductSource.streamTo(ObjectProductSource.java:60)
	at gov.usgs.earthquake.distribution.FileProductStorage.storeProductSource(FileProductStorage.java:693)
	at gov.usgs.earthquake.distribution.FileProductStorage.storeProduct(FileProductStorage.java:675)
	at gov.usgs.earthquake.indexer.ExternalIndexerListener.storeProduct(ExternalIndexerListener.java:196)
	at gov.usgs.earthquake.indexer.ExternalIndexerListener.onIndexerEvent(ExternalIndexerListener.java:131)
	at gov.usgs.earthquake.indexer.IndexerListenerCallable.call(IndexerListenerCallable.java:36)
	at gov.usgs.earthquake.indexer.IndexerListenerCallable.call(IndexerListenerCallable.java:12)
	at gov.usgs.util.ExecutorTask.run(ExecutorTask.java:183)
	at java.base/java.util.concurrent.Executors$RunnableAdapter.call(Executors.java:515)
	at java.base/java.util.concurrent.FutureTask.run(FutureTask.java:264)
	at java.base/java.util.concurrent.ThreadPoolExecutor.runWorker(ThreadPoolExecutor.java:1128)
	at java.base/java.util.concurrent.ThreadPoolExecutor$Worker.run(ThreadPoolExecutor.java:628)
	at java.base/java.lang.Thread.run(Thread.java:834)
FINE	thread=1074	Exception: Written file length (90) does not match non-zero content length (90) source=us, type=pager, code=abcd1234, updateTime=Mon Aug 05 16:07:28 MDT 2019
INFO	thread=1074	Exception executing task
java.io.IOException: Written file length (90) does not match non-zero content length (90)
	at gov.usgs.earthquake.product.FileContent.<init>(FileContent.java:123)
	at gov.usgs.earthquake.product.io.DirectoryProductHandler.onContent(DirectoryProductHandler.java:51)
	at gov.usgs.earthquake.product.io.FilterProductHandler.onContent(FilterProductHandler.java:64)
	at gov.usgs.earthquake.product.io.ObjectProductSource.sendContents(ObjectProductSource.java:141)
	at gov.usgs.earthquake.product.io.ObjectProductSource.streamTo(ObjectProductSource.java:60)
	at gov.usgs.earthquake.distribution.FileProductStorage.storeProductSource(FileProductStorage.java:693)
	at gov.usgs.earthquake.distribution.FileProductStorage.storeProduct(FileProductStorage.java:675)
	at gov.usgs.earthquake.indexer.ExternalIndexerListener.storeProduct(ExternalIndexerListener.java:196)
	at gov.usgs.earthquake.indexer.ExternalIndexerListener.onIndexerEvent(ExternalIndexerListener.java:131)
	at gov.usgs.earthquake.indexer.IndexerListenerCallable.call(IndexerListenerCallable.java:36)
	at gov.usgs.earthquake.indexer.IndexerListenerCallable.call(IndexerListenerCallable.java:12)
	at gov.usgs.util.ExecutorTask.run(ExecutorTask.java:183)
	at java.base/java.util.concurrent.Executors$RunnableAdapter.call(Executors.java:515)
	at java.base/java.util.concurrent.FutureTask.run(FutureTask.java:264)
	at java.base/java.util.concurrent.ThreadPoolExecutor.runWorker(ThreadPoolExecutor.java:1128)
	at java.base/java.util.concurrent.ThreadPoolExecutor$Worker.run(ThreadPoolExecutor.java:628)
	at java.base/java.lang.Thread.run(Thread.java:834)
INFO	thread=1075	[null] running command echo --preferred-eventid=usabcd1234 --preferred-eventsource=us --preferred-eventsourcecode=abcd1234 --eventids=usabcd1234 --preferred-magnitude=null --preferred-latitude=0.0 --preferred-longitude=0.0 --preferred-depth=null --preferred-eventtime=2019-08-05T22:07:27.953Z --type=pager --code=abcd1234 --source=us --updateTime=2019-08-05T22:07:28.079Z --status=UPDATE --trackerURL=http://localhost/tracker "--property-eventsourcecode=abcd1234" "--property-eventsource=us" "--property-testprop=testvalue" --link-testrelation=http://google.com/ --action=EVENT_UPDATED
INFO	thread=1075	[null] command 'echo --preferred-eventid=usabcd1234 --preferred-eventsource=us --preferred-eventsourcecode=abcd1234 --eventids=usabcd1234 --preferred-magnitude=null --preferred-latitude=0.0 --preferred-longitude=0.0 --preferred-depth=null --preferred-eventtime=2019-08-05T22:07:27.953Z --type=pager --code=abcd1234 --source=us --updateTime=2019-08-05T22:07:28.079Z --status=UPDATE --trackerURL=http://localhost/tracker "--property-eventsourcecode=abcd1234" "--property-eventsource=us" "--property-testprop=testvalue" --link-testrelation=http://google.com/ --action=EVENT_UPDATED' exited with status '0'
Enabling archive policy
FINE	thread=1073	[null] running event archive policy (null)
INFO	thread=1073	[null] archiving event usabcd1234
FINE	thread=1073	Eventindexid=1, eventid=usabcd1234, latitude=0.0, longitude=0.0, time=Mon Aug 05 16:07:27 MDT 2019, deleted=false
FINE	thread=1073	[null] event summary was null. This probably means the archive policy is notifying of an archived event.
FINE	thread=1074	Exception retreiving product from storage, probably archiving
java.lang.NullPointerException
	at gov.usgs.earthquake.indexer.ExternalIndexerListener.getProductSummaryCommand(ExternalIndexerListener.java:318)
	at gov.usgs.earthquake.indexer.ExternalIndexerListener.getProductSummaryCommand(ExternalIndexerListener.java:287)
	at gov.usgs.earthquake.indexer.ExternalIndexerListener.onIndexerEvent(ExternalIndexerListener.java:143)
	at gov.usgs.earthquake.indexer.IndexerListenerCallable.call(IndexerListenerCallable.java:36)
	at gov.usgs.earthquake.indexer.IndexerListenerCallable.call(IndexerListenerCallable.java:12)
	at gov.usgs.util.ExecutorTask.run(ExecutorTask.java:183)
	at java.base/java.util.concurrent.Executors$RunnableAdapter.call(Executors.java:515)
	at java.base/java.util.concurrent.FutureTask.run(FutureTask.java:264)
	at java.base/java.util.concurrent.ThreadPoolExecutor.runWorker(ThreadPoolExecutor.java:1128)
	at java.base/java.util.concurrent.ThreadPoolExecutor$Worker.run(ThreadPoolExecutor.java:628)
	at java.base/java.lang.Thread.run(Thread.java:834)
INFO	thread=1073	[null] purged 1 expired events and 0 expired unassociated products.
INFO	thread=1074	[null] running command echo --preferred-eventid=usabcd1234 --preferred-eventsource=us --preferred-eventsourcecode=abcd1234 --eventids=usabcd1234 --preferred-magnitude=null --preferred-latitude=0.0 --preferred-longitude=0.0 --preferred-depth=null --preferred-eventtime=2019-08-05T22:07:27.953Z --action=EVENT_ARCHIVED
FINE	thread=1075	Exception retreiving product from storage, probably archiving
java.lang.NullPointerException
	at gov.usgs.earthquake.indexer.ExternalIndexerListener.getProductSummaryCommand(ExternalIndexerListener.java:318)
	at gov.usgs.earthquake.indexer.ExternalIndexerListener.getProductSummaryCommand(ExternalIndexerListener.java:287)
	at gov.usgs.earthquake.indexer.ExternalIndexerListener.onIndexerEvent(ExternalIndexerListener.java:143)
	at gov.usgs.earthquake.indexer.IndexerListenerCallable.call(IndexerListenerCallable.java:36)
	at gov.usgs.earthquake.indexer.IndexerListenerCallable.call(IndexerListenerCallable.java:12)
	at gov.usgs.util.ExecutorTask.run(ExecutorTask.java:183)
	at java.base/java.util.concurrent.Executors$RunnableAdapter.call(Executors.java:515)
	at java.base/java.util.concurrent.FutureTask.run(FutureTask.java:264)
	at java.base/java.util.concurrent.ThreadPoolExecutor.runWorker(ThreadPoolExecutor.java:1128)
	at java.base/java.util.concurrent.ThreadPoolExecutor$Worker.run(ThreadPoolExecutor.java:628)
	at java.base/java.lang.Thread.run(Thread.java:834)
INFO	thread=1075	[null] running command echo --preferred-eventid=usabcd1234 --preferred-eventsource=us --preferred-eventsourcecode=abcd1234 --eventids=usabcd1234 --preferred-magnitude=null --preferred-latitude=0.0 --preferred-longitude=0.0 --preferred-depth=null --preferred-eventtime=2019-08-05T22:07:27.953Z --action=EVENT_ARCHIVED
INFO	thread=1074	[null] command 'echo --preferred-eventid=usabcd1234 --preferred-eventsource=us --preferred-eventsourcecode=abcd1234 --eventids=usabcd1234 --preferred-magnitude=null --preferred-latitude=0.0 --preferred-longitude=0.0 --preferred-depth=null --preferred-eventtime=2019-08-05T22:07:27.953Z --action=EVENT_ARCHIVED' exited with status '0'
INFO	thread=1075	[null] command 'echo --preferred-eventid=usabcd1234 --preferred-eventsource=us --preferred-eventsourcecode=abcd1234 --eventids=usabcd1234 --preferred-magnitude=null --preferred-latitude=0.0 --preferred-longitude=0.0 --preferred-depth=null --preferred-eventtime=2019-08-05T22:07:27.953Z --action=EVENT_ARCHIVED' exited with status '0'
Done archiving
]]></system-err>
</testsuite>
