<?xml version="1.0" encoding="UTF-8"?>
<testsuite name="gov.usgs.util.CryptoUtilsTest" tests="7" skipped="0" failures="0" errors="0" timestamp="2019-08-05T22:07:30" hostname="igskcicgwsgm015" time="0.269">
  <properties/>
  <testcase name="readRSAKeyPair" classname="gov.usgs.util.CryptoUtilsTest" time="0.01"/>
  <testcase name="generateDSAKeyPair" classname="gov.usgs.util.CryptoUtilsTest" time="0.002"/>
  <testcase name="readOpenSSHDSAKeyPair" classname="gov.usgs.util.CryptoUtilsTest" time="0.002"/>
  <testcase name="readDSAKeyPair" classname="gov.usgs.util.CryptoUtilsTest" time="0.001"/>
  <testcase name="generateRSAKeyPair" classname="gov.usgs.util.CryptoUtilsTest" time="0.233"/>
  <testcase name="generateAESKey" classname="gov.usgs.util.CryptoUtilsTest" time="0.001"/>
  <testcase name="readOpenSSHRSAKeyPair" classname="gov.usgs.util.CryptoUtilsTest" time="0.02"/>
  <system-out><![CDATA[]]></system-out>
  <system-err><![CDATA[]]></system-err>
</testsuite>
