<?xml version="1.0" encoding="UTF-8"?>
<testsuite name="gov.usgs.earthquake.tectonicsummary.TectonicSummaryIndexerModuleTest" tests="5" skipped="0" failures="0" errors="0" timestamp="2019-08-05T22:07:30" hostname="igskcicgwsgm015" time="0.024">
  <properties/>
  <testcase name="getUnsupportedProductLevel" classname="gov.usgs.earthquake.tectonicsummary.TectonicSummaryIndexerModuleTest" time="0.021"/>
  <testcase name="testTectonicSummaryWeightUnder" classname="gov.usgs.earthquake.tectonicsummary.TectonicSummaryIndexerModuleTest" time="0.0"/>
  <testcase name="testTectonicSummaryWeightOver" classname="gov.usgs.earthquake.tectonicsummary.TectonicSummaryIndexerModuleTest" time="0.0"/>
  <testcase name="getSupportedProductLevel" classname="gov.usgs.earthquake.tectonicsummary.TectonicSummaryIndexerModuleTest" time="0.001"/>
  <testcase name="getProductSummary" classname="gov.usgs.earthquake.tectonicsummary.TectonicSummaryIndexerModuleTest" time="0.001"/>
  <system-out><![CDATA[]]></system-out>
  <system-err><![CDATA[]]></system-err>
</testsuite>
