<?xml version="1.0" encoding="UTF-8"?>
<testsuite name="gov.usgs.earthquake.distribution.URLNotificationTest" tests="1" skipped="0" failures="0" errors="0" timestamp="2019-08-05T22:07:13" hostname="igskcicgwsgm015" time="0.003">
  <properties/>
  <testcase name="testXMLFormat" classname="gov.usgs.earthquake.distribution.URLNotificationTest" time="0.003"/>
  <system-out><![CDATA[]]></system-out>
  <system-err><![CDATA[<?xml version="1.0"?>
<notification xmlns="http://earthquake.usgs.gov/distribution/product" id="urn:usgs-product:testsource:testtype:testcode:1565042833827" updated="2019-08-05T22:07:13.827Z" trackerURL="http://earthquake.usgs.gov/tracker" expires="2019-08-05T22:17:18.627Z" url="http://earthquake.usgs.gov/someProduct.xml"/>
]]></system-err>
</testsuite>
