<?xml version="1.0" encoding="UTF-8"?>
<testsuite name="gov.usgs.earthquake.eids.EIDSInputWedgeTest" tests="3" skipped="0" failures="0" errors="0" timestamp="2019-08-05T22:07:14" hostname="igskcicgwsgm015" time="0.096">
  <properties/>
  <testcase name="sendScenarioProduct" classname="gov.usgs.earthquake.eids.EIDSInputWedgeTest" time="0.046"/>
  <testcase name="sendInternalProduct" classname="gov.usgs.earthquake.eids.EIDSInputWedgeTest" time="0.026"/>
  <testcase name="sendOneProduct" classname="gov.usgs.earthquake.eids.EIDSInputWedgeTest" time="0.023"/>
  <system-out><![CDATA[urn:usgs-product:ci:origin-scenario:ci09082344:1565042834435
urn:usgs-product:ci:internal-origin:ci09082344:1565042834462
urn:usgs-product:ci:origin:ci09082344:1565042834488
]]></system-out>
  <system-err><![CDATA[
###
Mon Aug 05 16:07:14 MDT 2019
FINE	thread=13	Digest='VK5yqAOZ9qVxXqa0gziHA+B96HY=' , 1ms
FINE	thread=13	Product Created source=ci, type=origin-scenario, code=ci09082344, updateTime=Mon Aug 05 16:07:14 MDT 2019
INFO	thread=13	[null] sending product to Socket[addr=localhost/127.0.0.1,port=11235,localport=49813]
FINE	thread=13	[null] using protocol version v0.1
There are 1 active/queued socket connections
INFO	thread=532	[test_receiver] accepted connection Socket[addr=/127.0.0.1,port=49813,localport=11235]
FINE	thread=532	[test_receiver] protocol version 'v0.1' Socket[addr=/127.0.0.1,port=49813,localport=11235]
FINE	thread=532	Product Received source=ci, type=origin-scenario, code=ci09082344, updateTime=Mon Aug 05 16:07:14 MDT 2019
FINE	thread=532	[test_receiver] listener (test_listener) has 0 queued notifications
INFO	thread=532	[test_receiver] received product 'urn:usgs-product:ci:origin-scenario:ci09082344:1565042834435'
 from Socket[addr=/127.0.0.1,port=49813,localport=11235]
INFO	thread=532	[test_receiver] closed connection Socket[addr=/127.0.0.1,port=49813,localport=11235]
INFO	thread=13	[null] send complete Socket[addr=localhost/127.0.0.1,port=11235,localport=49813] response="[test_receiver] received product 'urn:usgs-product:ci:origin-scenario:ci09082344:1565042834435'
"
INFO	thread=13	Generated 1 products: 1 sent, 0 partially sent, 0 failed to send
listener received urn:usgs-product:ci:origin-scenario:ci09082344:1565042834435
FINE	thread=13	Digest='VK5yqAOZ9qVxXqa0gziHA+B96HY=' , 1ms

###
Mon Aug 05 16:07:14 MDT 2019
FINE	thread=13	SAXParserFactory instance: {0}
FINE	thread=13	Digest='ww+7L/RDzl4wUXDTy7T5fXx+Fho=' , 1ms
FINE	thread=13	Product Created source=ci, type=internal-origin, code=ci09082344, updateTime=Mon Aug 05 16:07:14 MDT 2019
INFO	thread=13	[null] sending product to Socket[addr=localhost/127.0.0.1,port=11235,localport=49814]
FINE	thread=13	[null] using protocol version v0.1
There are 1 active/queued socket connections
INFO	thread=540	[test_receiver] accepted connection Socket[addr=/127.0.0.1,port=49814,localport=11235]
FINE	thread=540	[test_receiver] protocol version 'v0.1' Socket[addr=/127.0.0.1,port=49814,localport=11235]
FINE	thread=540	Product Received source=ci, type=internal-origin, code=ci09082344, updateTime=Mon Aug 05 16:07:14 MDT 2019
FINE	thread=540	[test_receiver] listener (test_listener) has 0 queued notifications
INFO	thread=540	[test_receiver] received product 'urn:usgs-product:ci:internal-origin:ci09082344:1565042834462'
 from Socket[addr=/127.0.0.1,port=49814,localport=11235]
INFO	thread=540	[test_receiver] closed connection Socket[addr=/127.0.0.1,port=49814,localport=11235]
INFO	thread=13	[null] send complete Socket[addr=localhost/127.0.0.1,port=11235,localport=49814] response="[test_receiver] received product 'urn:usgs-product:ci:internal-origin:ci09082344:1565042834462'
"
INFO	thread=13	Generated 1 products: 1 sent, 0 partially sent, 0 failed to send
listener received urn:usgs-product:ci:internal-origin:ci09082344:1565042834462
FINE	thread=13	Digest='ww+7L/RDzl4wUXDTy7T5fXx+Fho=' , 0ms

###
Mon Aug 05 16:07:14 MDT 2019
FINE	thread=13	SAXParserFactory instance: {0}
FINE	thread=13	Digest='t6lAV4oVdwlVGUEEk8xg51ddQSg=' , 1ms
FINE	thread=13	Product Created source=ci, type=origin, code=ci09082344, updateTime=Mon Aug 05 16:07:14 MDT 2019
INFO	thread=13	[null] sending product to Socket[addr=localhost/127.0.0.1,port=11235,localport=49815]
FINE	thread=13	[null] using protocol version v0.1
There are 1 active/queued socket connections
INFO	thread=548	[test_receiver] accepted connection Socket[addr=/127.0.0.1,port=49815,localport=11235]
FINE	thread=548	[test_receiver] protocol version 'v0.1' Socket[addr=/127.0.0.1,port=49815,localport=11235]
FINE	thread=548	Product Received source=ci, type=origin, code=ci09082344, updateTime=Mon Aug 05 16:07:14 MDT 2019
FINE	thread=548	[test_receiver] listener (test_listener) has 0 queued notifications
INFO	thread=548	[test_receiver] received product 'urn:usgs-product:ci:origin:ci09082344:1565042834488'
 from Socket[addr=/127.0.0.1,port=49815,localport=11235]
INFO	thread=548	[test_receiver] closed connection Socket[addr=/127.0.0.1,port=49815,localport=11235]
INFO	thread=13	[null] send complete Socket[addr=localhost/127.0.0.1,port=11235,localport=49815] response="[test_receiver] received product 'urn:usgs-product:ci:origin:ci09082344:1565042834488'
"
INFO	thread=13	Generated 1 products: 1 sent, 0 partially sent, 0 failed to send
listener received urn:usgs-product:ci:origin:ci09082344:1565042834488
FINE	thread=13	Digest='t6lAV4oVdwlVGUEEk8xg51ddQSg=' , 1ms
]]></system-err>
</testsuite>
