<?xml version="1.0" encoding="UTF-8"?>
<testsuite name="gov.usgs.earthquake.dyfi.DYFIIndexerModuleTest" tests="2" skipped="0" failures="0" errors="0" timestamp="2019-08-05T22:07:13" hostname="igskcicgwsgm015" time="0.509">
  <properties/>
  <testcase name="testSupportLevel" classname="gov.usgs.earthquake.dyfi.DYFIIndexerModuleTest" time="0.007"/>
  <testcase name="testSummary" classname="gov.usgs.earthquake.dyfi.DYFIIndexerModuleTest" time="0.501"/>
  <system-out><![CDATA[]]></system-out>
  <system-err><![CDATA[]]></system-err>
</testsuite>
