<?xml version="1.0" encoding="UTF-8"?>
<testsuite name="gov.usgs.earthquake.indexer.ReliableIndexerListenerTest" tests="3" skipped="0" failures="0" errors="0" timestamp="2019-08-05T22:07:28" hostname="igskcicgwsgm015" time="1.005">
  <properties/>
  <testcase name="queryTest" classname="gov.usgs.earthquake.indexer.ReliableIndexerListenerTest" time="1.002"/>
  <testcase name="indexTest" classname="gov.usgs.earthquake.indexer.ReliableIndexerListenerTest" time="0.001"/>
  <testcase name="synchronizeTest" classname="gov.usgs.earthquake.indexer.ReliableIndexerListenerTest" time="0.002"/>
  <system-out><![CDATA[]]></system-out>
  <system-err><![CDATA[FINEST	thread=13	[null] done being notified
FINEST	thread=1131	[null] preparing to process product 9
FINEST	thread=1131	[null] determining if we can process product 9
FINEST	thread=1131	[null] attempting to process product 9
Mon Aug 05 16:07:29 MDT 2019
FINER	thread=287	[null] running listener cleanup
FINEST	thread=13	[null] trying to shut down...
FINE	thread=1131	[null] was told to stop, or something went wrong
FINEST	thread=13	[null] done being notified
FINEST	thread=1132	[null] done waiting for products.
FINEST	thread=1132	[null] preparing to process product 8
FINEST	thread=1132	[null] determining if we can process product 8
FINEST	thread=1132	[null] attempting to process product 8
FINE	thread=1132	[null] processing product urn:usgs-product:test:test:test:1565042849828
FINEST	thread=1132	[null] done waiting for products.
FINEST	thread=13	[null] trying to shut down...
FINE	thread=1132	[null] was told to stop, or something went wrong
FINEST	thread=13	[null] trying to shut down...
FINEST	thread=1134	[null] waiting for products...
FINEST	thread=1134	[null] done waiting for products.
FINEST	thread=1134	[null] preparing to process product 7
FINEST	thread=1134	[null] determining if we can process product 7
FINEST	thread=1134	[null] attempting to process product 7
FINE	thread=1134	[null] processing product urn:usgs-product:test:test:test:1565042849830
FINEST	thread=1134	[null] done waiting for products.
FINEST	thread=1135	[null] done being notified
FINEST	thread=1134	[null] done waiting for products.
FINEST	thread=13	[null] trying to shut down...
FINE	thread=1134	[null] was told to stop, or something went wrong
]]></system-err>
</testsuite>
