<?xml version="1.0" encoding="UTF-8"?>
<testsuite name="gov.usgs.earthquake.product.io.IOTest" tests="4" skipped="0" failures="0" errors="0" timestamp="2019-08-05T22:07:29" hostname="igskcicgwsgm015" time="0.124">
  <properties/>
  <testcase name="directoryWriteThenRead" classname="gov.usgs.earthquake.product.io.IOTest" time="0.022"/>
  <testcase name="zipWriteThenRead" classname="gov.usgs.earthquake.product.io.IOTest" time="0.05"/>
  <testcase name="binaryWriteThenRead" classname="gov.usgs.earthquake.product.io.IOTest" time="0.019"/>
  <testcase name="xmlWriteThenRead" classname="gov.usgs.earthquake.product.io.IOTest" time="0.026"/>
  <system-out><![CDATA[]]></system-out>
  <system-err><![CDATA[FINE	thread=13	Digest='j0Ctl4uybWWvfg8LrXBhzSwVnLk=' , 2ms
FINE	thread=13	Digest='7grfiKDrPtnxW+yoM8sNaM6TFD8=' , 3ms
FINE	thread=13	Digest='1oajceXstpDkOsnW14R2rgRsy5Q=' , 1ms
FINE	thread=13	Digest='FqblLuk7n8NoBlLSYpqgUTfD04Y=' , 2ms
]]></system-err>
</testsuite>
