<?xml version="1.0" encoding="UTF-8"?>
<testsuite name="gov.usgs.earthquake.distribution.SocketProductReceiverTest" tests="5" skipped="0" failures="0" errors="0" timestamp="2019-08-05T22:07:07" hostname="igskcicgwsgm015" time="0.472">
  <properties/>
  <testcase name="testReceiveXmlWithDeflate" classname="gov.usgs.earthquake.distribution.SocketProductReceiverTest" time="0.073"/>
  <testcase name="testReceiveXmlNoDeflate" classname="gov.usgs.earthquake.distribution.SocketProductReceiverTest" time="0.19"/>
  <testcase name="testReceiveBinaryWithDeflate" classname="gov.usgs.earthquake.distribution.SocketProductReceiverTest" time="0.046"/>
  <testcase name="testReceiveExistingProduct" classname="gov.usgs.earthquake.distribution.SocketProductReceiverTest" time="0.006"/>
  <testcase name="testReceiveBinaryNoDeflate" classname="gov.usgs.earthquake.distribution.SocketProductReceiverTest" time="0.147"/>
  <system-out><![CDATA[]]></system-out>
  <system-err><![CDATA[There are 1 active/queued socket connections
Mon Aug 05 16:07:07 MDT 2019
INFO	thread=464	[null] accepted connection Socket[addr=/127.0.0.1,port=49798,localport=1984]
INFO	thread=464	[null] received product 'urn:usgs-product:us:shakemap:abcd1234:1565042827702'
 from Socket[addr=/127.0.0.1,port=49798,localport=1984]
INFO	thread=464	[null] closed connection Socket[addr=/127.0.0.1,port=49798,localport=1984]
There are 1 active/queued socket connections
INFO	thread=475	[null] accepted connection Socket[addr=/127.0.0.1,port=49799,localport=1984]
INFO	thread=475	[null] received product 'urn:usgs-product:us:shakemap:abcd1234:1565042827778'
 from Socket[addr=/127.0.0.1,port=49799,localport=1984]
INFO	thread=475	[null] closed connection Socket[addr=/127.0.0.1,port=49799,localport=1984]
There are 1 active/queued socket connections
INFO	thread=486	[null] accepted connection Socket[addr=/127.0.0.1,port=49800,localport=1984]
Mon Aug 05 16:07:08 MDT 2019
INFO	thread=486	[null] received product 'urn:usgs-product:us:shakemap:abcd1234:1565042827970'
 from Socket[addr=/127.0.0.1,port=49800,localport=1984]
INFO	thread=486	[null] closed connection Socket[addr=/127.0.0.1,port=49800,localport=1984]
INFO	thread=13	[null] sending product to Socket[addr=localhost/127.0.0.1,port=1984,localport=49801]
There are 1 active/queued socket connections
INFO	thread=497	[null] accepted connection Socket[addr=/127.0.0.1,port=49801,localport=1984]
INFO	thread=13	[null] send complete Socket[addr=localhost/127.0.0.1,port=1984,localport=49801] response="Already have product"
INFO	thread=497	[null] closed connection Socket[addr=/127.0.0.1,port=49801,localport=1984]
There are 1 active/queued socket connections
INFO	thread=501	[null] accepted connection Socket[addr=/127.0.0.1,port=49802,localport=1984]
INFO	thread=501	[null] received product 'urn:usgs-product:us:shakemap:abcd1234:1565042828028'
 from Socket[addr=/127.0.0.1,port=49802,localport=1984]
INFO	thread=501	[null] closed connection Socket[addr=/127.0.0.1,port=49802,localport=1984]
]]></system-err>
</testsuite>
