<?xml version="1.0" encoding="UTF-8"?>
<testsuite name="gov.usgs.earthquake.distribution.DefaultNotificationListenerTest" tests="1" skipped="0" failures="0" errors="0" timestamp="2019-08-05T22:06:34" hostname="igskcicgwsgm015" time="0.035">
  <properties/>
  <testcase name="testDuplicateHandling" classname="gov.usgs.earthquake.distribution.DefaultNotificationListenerTest" time="0.035"/>
  <system-out><![CDATA[]]></system-out>
  <system-err><![CDATA[
###
Mon Aug 05 16:06:34 MDT 2019
FINER	thread=260	[listener] running listener cleanup
INFO	thread=13	[receiver] requeueing notification index 'null'
INFO	thread=13	Done finding existing notifications
INFO	thread=13	All notifications queued
FINE	thread=13	Digest='/Zr/qIsyHpjleeQgU0LIaeWe3eY=' , 4ms
FINER	thread=13	[null] product stored id=urn:usgs-product:us:shakemap:abcd1234:1565042794125, status=UPDATE
FINE	thread=13	Notification Received source=us, type=shakemap, code=abcd1234, updateTime=Mon Aug 05 16:06:34 MDT 2019
FINE	thread=13	[receiver] listener (listener) has 0 queued notifications
FINER	thread=265	[listener] processing notification for id=urn:usgs-product:us:shakemap:abcd1234:1565042794125
FINER	thread=265	[listener] processing product for id=urn:usgs-product:us:shakemap:abcd1234:1565042794125
FINE	thread=13	Notification Received source=us, type=shakemap, code=abcd1234, updateTime=Mon Aug 05 16:06:34 MDT 2019
FINE	thread=13	[receiver] listener (listener) has 1 queued notifications
FINER	thread=265	[listener] skipping existing product urn:usgs-product:us:shakemap:abcd1234:1565042794125
FINE	thread=13	Notification Received source=us, type=shakemap, code=abcd1234, updateTime=Mon Aug 05 16:06:34 MDT 2019
FINE	thread=13	[receiver] listener (listener) has 1 queued notifications
FINER	thread=265	[listener] processing notification for id=urn:usgs-product:us:shakemap:abcd1234:1565042794125
FINER	thread=265	[listener] processing product for id=urn:usgs-product:us:shakemap:abcd1234:1565042794125
]]></system-err>
</testsuite>
