<?xml version="1.0" encoding="UTF-8"?>
<testsuite name="gov.usgs.earthquake.distribution.ProductClientTest" tests="2" skipped="0" failures="0" errors="0" timestamp="2019-08-05T22:07:02" hostname="igskcicgwsgm015" time="0.09">
  <properties/>
  <testcase name="testClientReceivedNotification" classname="gov.usgs.earthquake.distribution.ProductClientTest" time="0.089"/>
  <testcase name="testProductClientConfig" classname="gov.usgs.earthquake.distribution.ProductClientTest" time="0.001"/>
  <system-out><![CDATA[
NEW MESSAGE

Last message id: urn:usgs-product:us:shakemap:abcd1234:1565042822523
]]></system-out>
  <system-err><![CDATA[]]></system-err>
</testsuite>
