<?xml version="1.0" encoding="UTF-8"?>
<testsuite name="gov.usgs.earthquake.distribution.CommandTest" tests="4" skipped="0" failures="0" errors="0" timestamp="2019-08-05T22:06:31" hostname="igskcicgwsgm015" time="1.569">
  <properties/>
  <testcase name="testTimeout" classname="gov.usgs.earthquake.distribution.CommandTest" time="0.527"/>
  <testcase name="testError" classname="gov.usgs.earthquake.distribution.CommandTest" time="0.011"/>
  <testcase name="testOutput" classname="gov.usgs.earthquake.distribution.CommandTest" time="0.015"/>
  <testcase name="testSuccess" classname="gov.usgs.earthquake.distribution.CommandTest" time="1.015"/>
  <system-out><![CDATA[]]></system-out>
  <system-err><![CDATA[grep: notfound: No such file or directory

total 208
drwxr-xr-x  30 cbass  cbass   1020 Aug  5 16:06 .
drwxr-xr-x  13 cbass  cbass    442 Jul 31 13:52 ..
-rw-r--r--   1 cbass  cbass    833 Jun 24 10:32 .classpath
drwxr-xr-x  15 cbass  cbass    510 Aug  5 15:58 .git
-rw-r--r--   1 cbass  cbass    193 Aug  5 11:14 .gitignore
drwx------  11 cbass  cbass    374 Jul 31 10:10 .gradle
drwxr-xr-x   7 cbass  cbass    238 Aug  5 16:03 .idea
-rw-r--r--   1 cbass  cbass    558 Jun 24 10:32 .project
drwxr-xr-x   4 cbass  cbass    136 Aug  5 11:14 .settings
-rw-r--r--   1 cbass  cbass   1631 Aug  5 11:14 .travis.yml
drwxr-xr-x   3 cbass  cbass    102 Jun 24 13:57 .vscode
-rw-r--r--   1 cbass  cbass   1876 Jun 24 10:32 LICENSE.md
-rw-r--r--   1 cbass  cbass   1408 Jun 24 10:32 README.md
drwxr-xr-x   9 cbass  cbass    306 Jul 29 10:54 build
-rw-r--r--   1 cbass  cbass   4283 Aug  5 11:14 build.gradle
-rwxr-xr-x   1 cbass  cbass   7654 Jun 24 10:32 build.xml
-rw-r--r--   1 cbass  cbass    975 Jun 24 10:32 code.json
drwxr-xr-x   7 cbass  cbass    238 Jun 24 10:32 docs
drwxr-xr-x   6 cbass  cbass    204 Jul  3 09:26 etc
drwxr-xr-x   3 cbass  cbass    102 Jun 24 10:32 gradle
-rwxr-xr-x   1 cbass  cbass   5296 Jun 24 10:32 gradlew
-rw-r--r--   1 cbass  cbass   2260 Jun 24 10:32 gradlew.bat
drwxr-xr-x   8 cbass  cbass    272 Jun 24 10:32 lib
drwxr-xr-x   3 cbass  cbass    102 Jul 11 10:22 out
-rw-r--r--   1 cbass  cbass   4783 Aug  5 16:06 out.txt
-rw-r--r--   1 cbass  cbass    442 Aug  5 11:14 pdl.iml
-rw-r--r--   1 cbass  cbass  23868 Aug  5 11:14 pmd-ruleset.xml
-rw-r--r--   1 cbass  cbass   6241 Aug  5 16:05 regions.json
-rw-r--r--   1 cbass  cbass    350 Jun 24 10:32 settings.gradle
drwxr-xr-x   4 cbass  cbass    136 Jun 24 10:32 src

]]></system-err>
</testsuite>
