<?xml version="1.0" encoding="UTF-8"?>
<testsuite name="gov.usgs.earthquake.indexer.SearchXMLTest" tests="6" skipped="0" failures="0" errors="0" timestamp="2019-08-05T22:07:29" hostname="igskcicgwsgm015" time="0.038">
  <properties/>
  <testcase name="testEventDetailSearchResponse" classname="gov.usgs.earthquake.indexer.SearchXMLTest" time="0.006"/>
  <testcase name="testProductSummarySearchResponse" classname="gov.usgs.earthquake.indexer.SearchXMLTest" time="0.001"/>
  <testcase name="testSearchRequest" classname="gov.usgs.earthquake.indexer.SearchXMLTest" time="0.003"/>
  <testcase name="testSearchSocket" classname="gov.usgs.earthquake.indexer.SearchXMLTest" time="0.011"/>
  <testcase name="testEventSummarySearchResponse" classname="gov.usgs.earthquake.indexer.SearchXMLTest" time="0.001"/>
  <testcase name="testProductDetailSearchResponse" classname="gov.usgs.earthquake.indexer.SearchXMLTest" time="0.016"/>
  <system-out><![CDATA[]]></system-out>
  <system-err><![CDATA[FINE	thread=13	Digest='xgYFsVpT+ngFAG1KMY3aU4UF1S8=' , 2ms
FINE	thread=13	Digest='x1SZh+vHPu4zlqJSIjpPWjb3BIw=' , 2ms
FINE	thread=13	Digest='cxP3aEEXynlmzXcjVziQaf8owug=' , 1ms
FINE	thread=13	Digest='fmj5cofIyQ942KVCnutElnfY9ko=' , 1ms
FINE	thread=13	Digest='nEJiWWgaHJt9uELWYBA94om1nug=' , 1ms
FINE	thread=13	Digest='EqqTmFPw5Gamm9ihc7Il0L/1vL4=' , 1ms
FINE	thread=13	Digest='NR5l1/nYc/hGqnhy9+HTiZGwo6Y=' , 1ms
FINE	thread=13	Digest='sAsevyqYXMm0/oWOzBhZPCZDsyA=' , 1ms
There are 1 active/queued socket connections
INFO	thread=1138	[null] accepted search connection Socket[addr=/136.177.31.14,port=49824,localport=12345]
INFO	thread=1138	[null] closed search connection Socket[addr=/136.177.31.14,port=49824,localport=12345]
FINEST	thread=1139	[null] acquiring write lock for product id=urn:usgs-product:us:shakemap:abcd1234:1565042849836
FINEST	thread=1139	[null] acquired write lock for product id=urn:usgs-product:us:shakemap:abcd1234:1565042849836
FINEST	thread=1139	[null] acquiring read lock for product id=urn:usgs-product:us:shakemap:abcd1234:1565042849836
FINEST	thread=1139	[null] acquired read lock for product id=urn:usgs-product:us:shakemap:abcd1234:1565042849836
FINEST	thread=1139	[null] releasing read lock for product id=urn:usgs-product:us:shakemap:abcd1234:1565042849836
FINEST	thread=1139	[null] released read lock for product id=urn:usgs-product:us:shakemap:abcd1234:1565042849836
FINER	thread=1139	[null] product stored id=urn:usgs-product:us:shakemap:abcd1234:1565042849836, status=UPDATE
FINEST	thread=1139	[null] releasing write lock for product id=urn:usgs-product:us:shakemap:abcd1234:1565042849836
FINEST	thread=1139	[null] released write lock for product id=urn:usgs-product:us:shakemap:abcd1234:1565042849836
FINEST	thread=1139	[null] acquiring read lock for product id=urn:usgs-product:us:shakemap:abcd1234:1565042849836
FINEST	thread=1139	[null] acquired read lock for product id=urn:usgs-product:us:shakemap:abcd1234:1565042849836
FINEST	thread=1139	[null] releasing read lock for product id=urn:usgs-product:us:shakemap:abcd1234:1565042849836
FINEST	thread=1139	[null] released read lock for product id=urn:usgs-product:us:shakemap:abcd1234:1565042849836
]]></system-err>
</testsuite>
