<?xml version="1.0" encoding="UTF-8"?>
<testsuite name="gov.usgs.earthquake.indexer.DefaultIndexerModuleTest" tests="5" skipped="0" failures="0" errors="0" timestamp="2019-08-05T22:07:20" hostname="igskcicgwsgm015" time="0.0">
  <properties/>
  <testcase name="testDefaultAuthoritativeSummaryWeight" classname="gov.usgs.earthquake.indexer.DefaultIndexerModuleTest" time="0.0"/>
  <testcase name="testSameSourceWeight" classname="gov.usgs.earthquake.indexer.DefaultIndexerModuleTest" time="0.0"/>
  <testcase name="testNonAuthoritativeSummaryWeight" classname="gov.usgs.earthquake.indexer.DefaultIndexerModuleTest" time="0.0"/>
  <testcase name="testBaseProductType" classname="gov.usgs.earthquake.indexer.DefaultIndexerModuleTest" time="0.0"/>
  <testcase name="testAuthoritativeSummaryWeight" classname="gov.usgs.earthquake.indexer.DefaultIndexerModuleTest" time="0.0"/>
  <system-out><![CDATA[]]></system-out>
  <system-err><![CDATA[]]></system-err>
</testsuite>
