<?xml version="1.0" encoding="UTF-8"?>
<testsuite name="gov.usgs.earthquake.eids.EIDSOutputWedgeTest" tests="3" skipped="0" failures="0" errors="0" timestamp="2019-08-05T22:07:14" hostname="igskcicgwsgm015" time="0.268">
  <properties/>
  <testcase name="conversionTests" classname="gov.usgs.earthquake.eids.EIDSOutputWedgeTest" time="0.203"/>
  <testcase name="noEqxmlTest" classname="gov.usgs.earthquake.eids.EIDSOutputWedgeTest" time="0.029"/>
  <testcase name="basicUsageTest" classname="gov.usgs.earthquake.eids.EIDSOutputWedgeTest" time="0.035"/>
  <system-out><![CDATA[]]></system-out>
  <system-err><![CDATA[]]></system-err>
</testsuite>
