<?xml version="1.0" encoding="UTF-8"?>
<testsuite name="gov.usgs.earthquake.dyfi.DYFILegacyStorageTest" tests="4" skipped="0" failures="0" errors="0" timestamp="2019-08-05T22:07:14" hostname="igskcicgwsgm015" time="0.052">
  <properties/>
  <testcase name="testGetPath" classname="gov.usgs.earthquake.dyfi.DYFILegacyStorageTest" time="0.011"/>
  <testcase name="testAddDuplicateProduct" classname="gov.usgs.earthquake.dyfi.DYFILegacyStorageTest" time="0.014"/>
  <testcase name="testGetFilePath" classname="gov.usgs.earthquake.dyfi.DYFILegacyStorageTest" time="0.0"/>
  <testcase name="testHasProduct" classname="gov.usgs.earthquake.dyfi.DYFILegacyStorageTest" time="0.026"/>
  <system-out><![CDATA[]]></system-out>
  <system-err><![CDATA[]]></system-err>
</testsuite>
