<?xml version="1.0" encoding="UTF-8"?>
<testsuite name="gov.usgs.earthquake.indexer.JDBCProductIndexTest" tests="7" skipped="0" failures="0" errors="0" timestamp="2019-08-05T22:07:28" hostname="igskcicgwsgm015" time="0.14">
  <properties/>
  <testcase name="getProductsTest" classname="gov.usgs.earthquake.indexer.JDBCProductIndexTest" time="0.017"/>
  <testcase name="addSummaryTest" classname="gov.usgs.earthquake.indexer.JDBCProductIndexTest" time="0.008"/>
  <testcase name="addEventTest" classname="gov.usgs.earthquake.indexer.JDBCProductIndexTest" time="0.002"/>
  <testcase name="addNormailizedSummaryTest" classname="gov.usgs.earthquake.indexer.JDBCProductIndexTest" time="0.009"/>
  <testcase name="getEventsTest" classname="gov.usgs.earthquake.indexer.JDBCProductIndexTest" time="0.002"/>
  <testcase name="getUnassociatedProductTest" classname="gov.usgs.earthquake.indexer.JDBCProductIndexTest" time="0.076"/>
  <testcase name="addAssociationTest" classname="gov.usgs.earthquake.indexer.JDBCProductIndexTest" time="0.026"/>
  <system-out><![CDATA[]]></system-out>
  <system-err><![CDATA[FINE	thread=13	Digest='YqTlKD4rNeRPoTPzccG1aakOAYk=' , 1ms
FINE	thread=13	Digest='ZIM/iEI0LQZzsR7olKAfogwthmU=' , 1ms
FINE	thread=13	Digest='RnumUgw2s7dWbnHMky416hm3yc8=' , 1ms
FINE	thread=13	Digest='AU7tBYqJhKXXVOc07lnUqECg9jg=' , 1ms
FINE	thread=13	Digest='6TDhGs1hE1JWESHMIPE57oNwmNo=' , 2ms
]]></system-err>
</testsuite>
