<?xml version="1.0" encoding="UTF-8"?>
<testsuite name="gov.usgs.earthquake.distribution.HeartbeatInfoTest" tests="2" skipped="0" failures="0" errors="0" timestamp="2019-08-05T22:06:46" hostname="igskcicgwsgm015" time="0.003">
  <properties/>
  <testcase name="testHeartbeatInfoNotExpired" classname="gov.usgs.earthquake.distribution.HeartbeatInfoTest" time="0.002"/>
  <testcase name="testHeartbeatInfoExpired" classname="gov.usgs.earthquake.distribution.HeartbeatInfoTest" time="0.001"/>
  <system-out><![CDATA[Test successful: HeartbeatInfo NOT expired
Test successful: HeartbeatInfo expired
]]></system-out>
  <system-err><![CDATA[]]></system-err>
</testsuite>
