<?xml version="1.0" encoding="UTF-8"?>
<testsuite name="gov.usgs.earthquake.distribution.HeartbeatStatusTest" tests="4" skipped="0" failures="0" errors="0" timestamp="2019-08-05T22:06:52" hostname="igskcicgwsgm015" time="0.006">
  <properties/>
  <testcase name="testPurgeTimeHeartbeatStatus" classname="gov.usgs.earthquake.distribution.HeartbeatStatusTest" time="0.0"/>
  <testcase name="testNonPurgeTimeHeartbeatStatus" classname="gov.usgs.earthquake.distribution.HeartbeatStatusTest" time="0.0"/>
  <testcase name="testBasicHeartbeatTime" classname="gov.usgs.earthquake.distribution.HeartbeatStatusTest" time="0.002"/>
  <testcase name="testBasicHeartbeatStatus" classname="gov.usgs.earthquake.distribution.HeartbeatStatusTest" time="0.0"/>
  <system-out><![CDATA[Test successful: all map entries purged
Test successful: no map entries purged
Test Timestamp key1=Mon Aug 05 16:06:52 MDT 2019
Test Timestamp key2=Mon Aug 05 16:06:52 MDT 2019
Test Timestamp key3=Mon Aug 05 16:06:52 MDT 2019
Test storage/retrieval value1=value1
Test storage/retrieval value2=value2
Test storage/retrieval value3=value3
]]></system-out>
  <system-err><![CDATA[]]></system-err>
</testsuite>
