<?xml version="1.0" encoding="UTF-8"?>
<testsuite name="gov.usgs.earthquake.shakemap.ShakeMapIndexerModuleTest" tests="5" skipped="0" failures="0" errors="0" timestamp="2019-08-05T22:07:30" hostname="igskcicgwsgm015" time="0.307">
  <properties/>
  <testcase name="getUnsupportedProductLevel" classname="gov.usgs.earthquake.shakemap.ShakeMapIndexerModuleTest" time="0.028"/>
  <testcase name="preferShakeMapAtlas" classname="gov.usgs.earthquake.shakemap.ShakeMapIndexerModuleTest" time="0.001"/>
  <testcase name="getSupportedProductLevel" classname="gov.usgs.earthquake.shakemap.ShakeMapIndexerModuleTest" time="0.059"/>
  <testcase name="preferMapCenteredOnEpicenter" classname="gov.usgs.earthquake.shakemap.ShakeMapIndexerModuleTest" time="0.127"/>
  <testcase name="getProductSummary" classname="gov.usgs.earthquake.shakemap.ShakeMapIndexerModuleTest" time="0.092"/>
  <system-out><![CDATA[]]></system-out>
  <system-err><![CDATA[FINER	thread=287	[null] running listener cleanup
FINE	thread=13	The ShakeMap property value: "2017-04-20T23:02:14Z" does not match the product value: "2017-04-20T23:02:14.000Z".
FINE	thread=13	The ShakeMap property value: "3.0" does not match the product value: "3".
FINE	thread=13	The ShakeMap property value: "2017-04-20T05:07:03Z" does not match the product value: "2017-04-20T05:07:03.000Z".
FINE	thread=13	The ShakeMap property value: "2017-04-20T19:51:53Z" does not match the product value: "2017-04-20T19:51:53.000Z".
FINE	thread=13	The ShakeMap property value: "3.0" does not match the product value: "3".
FINE	thread=13	The ShakeMap property value: "2017-04-20T05:07:03Z" does not match the product value: "2017-04-20T05:07:03.000Z".
FINEST	thread=13	overlay width=720, overlay height=716
]]></system-err>
</testsuite>
