<?xml version="1.0" encoding="UTF-8"?>
<testsuite name="gov.usgs.earthquake.indexer.ProductSummaryTest" tests="3" skipped="0" failures="0" errors="0" timestamp="2019-08-05T22:07:28" hostname="igskcicgwsgm015" time="0.006">
  <properties/>
  <testcase name="testAddLink" classname="gov.usgs.earthquake.indexer.ProductSummaryTest" time="0.002"/>
  <testcase name="testCopyConstructor" classname="gov.usgs.earthquake.indexer.ProductSummaryTest" time="0.002"/>
  <testcase name="testProductConstructor" classname="gov.usgs.earthquake.indexer.ProductSummaryTest" time="0.002"/>
  <system-out><![CDATA[]]></system-out>
  <system-err><![CDATA[FINE	thread=13	Digest='5QuRVI9HDWJhDUaqeKuZzoUkGoc=' , 2ms
FINE	thread=13	Digest='ctzbx/1jZgyDedeptbreb1AZSyo=' , 1ms
FINE	thread=13	Digest='gzlwuoJZLxxUPfu/HMO0ew00kwM=' , 1ms
]]></system-err>
</testsuite>
