<?xml version="1.0" encoding="UTF-8"?>
<testsuite name="gov.usgs.earthquake.indexer.IndexerSplitAfterDeleteWithoutIDTest" tests="1" skipped="0" failures="0" errors="0" timestamp="2019-08-05T22:07:20" hostname="igskcicgwsgm015" time="0.112">
  <properties/>
  <testcase name="testSplitAfterDeleteWithoutID" classname="gov.usgs.earthquake.indexer.IndexerSplitAfterDeleteWithoutIDTest" time="0.112"/>
  <system-out><![CDATA[]]></system-out>
  <system-err><![CDATA[
###
Mon Aug 05 16:07:20 MDT 2019
INFO	thread=13	[null] indexed product id=urn:usgs-product:us:dyfi:at00maxjbo:1348617830165, status=UPDATE
EVENT_ADDED null => at00maxjbo
INFO	thread=13	[null] indexed product id=urn:usgs-product:us:dyfi:at00maxjbo:1348617988866, status=DELETE
EVENT_DELETED at00maxjbo => at00maxjbo
INFO	thread=13	[null] indexed product id=urn:usgs-product:us:dyfi:usc000cw0l:1348618020200, status=UPDATE
EVENT_UPDATED at00maxjbo => usc000cw0l
]]></system-err>
</testsuite>
