<?xml version="1.0" encoding="UTF-8"?>
<testsuite name="gov.usgs.earthquake.distribution.DeflateComparisonTest" tests="3" skipped="0" failures="0" errors="0" timestamp="2019-08-05T22:06:34" hostname="igskcicgwsgm015" time="6.154">
  <properties/>
  <testcase name="testPager" classname="gov.usgs.earthquake.distribution.DeflateComparisonTest" time="2.011"/>
  <testcase name="testLargeQuakeml" classname="gov.usgs.earthquake.distribution.DeflateComparisonTest" time="0.99"/>
  <testcase name="testShakemap" classname="gov.usgs.earthquake.distribution.DeflateComparisonTest" time="3.152"/>
  <system-out><![CDATA[]]></system-out>
  <system-err><![CDATA[/Users/cbass/Projects/pdl/etc/test_products/usa00040xz/us_losspager_usa00040xz_1287260989064.bin, length = 1138903 bytes
no compression
	0.000s, 0.0% reduction (0 fewer bytes)
default compression (-1)
	0.661s, 30.6% reduction (349043 fewer bytes)
best speed (1)
	0.644s, 29.6% reduction (336890 fewer bytes)
best compression (9)
	0.682s, 30.8% reduction (350982 fewer bytes)
/Users/cbass/Projects/pdl/etc/test_products/quakeml/pde20100314080803960_32.xml, length = 611853 bytes
no compression
	0.001s, 0.0% reduction (0 fewer bytes)
default compression (-1)
	0.329s, 94.3% reduction (576916 fewer bytes)
best speed (1)
	0.324s, 93.4% reduction (571463 fewer bytes)
best compression (9)
	0.333s, 94.6% reduction (578911 fewer bytes)
/Users/cbass/Projects/pdl/etc/test_products/usa00040xz/us_shakemap_usa00040xz_1287260900624.bin, length = 1802615 bytes
no compression
	0.000s, 0.0% reduction (0 fewer bytes)
default compression (-1)
	1.034s, 22.3% reduction (401349 fewer bytes)
best speed (1)
	1.050s, 20.9% reduction (377278 fewer bytes)
best compression (9)
	1.064s, 22.3% reduction (402851 fewer bytes)
]]></system-err>
</testsuite>
