<?xml version="1.0" encoding="UTF-8"?>
<testsuite name="gov.usgs.earthquake.eidsutil.EIDSClientTest" tests="1" skipped="0" failures="0" errors="0" timestamp="2019-08-05T22:07:15" hostname="igskcicgwsgm015" time="4.59">
  <properties/>
  <testcase name="testConnection" classname="gov.usgs.earthquake.eidsutil.EIDSClientTest" time="4.59"/>
  <system-out><![CDATA[[Info] Connecting to server at 'prod01-pdl01.cr.usgs.gov:39977'
[Info] Connection verified to server:  "prod01-pdl01.cr.usgs.gov" (prod01-pdl01.cr.usgs.gov:39977)
]]></system-out>
  <system-err><![CDATA[Received message prod01-pdl01.cr.usgs.gov:8540743: <?xml version="1.0" encoding="UTF-8"?>
<notification xmlns="http://earthquake.usgs.gov/distribution/product" id="urn:usgs-product:us:shakemap:ci38457679:1564783629659" updated="2019-08-02T22:07:09.659Z" trackerURL="http://ehppdl1.cr.usgs.gov/tracker/" expires="2019-08-09T22:07:26.740Z" url="https://prod01-pdl01.cr.usgs.gov/products/us_shakemap_ci38457679_1564783629659.bin" />

]]></system-err>
</testsuite>
