<?xml version="1.0" encoding="UTF-8"?>
<testsuite name="gov.usgs.earthquake.momenttensor.MTIndexerModuleTest" tests="5" skipped="0" failures="0" errors="0" timestamp="2019-08-05T22:07:29" hostname="igskcicgwsgm015" time="0.001">
  <properties/>
  <testcase name="neicMwcInNeicAuthoritativeRegion" classname="gov.usgs.earthquake.momenttensor.MTIndexerModuleTest" time="0.001"/>
  <testcase name="neicMwwInNeicAuthoritativeRegion" classname="gov.usgs.earthquake.momenttensor.MTIndexerModuleTest" time="0.0"/>
  <testcase name="neicMwbOutsideRange" classname="gov.usgs.earthquake.momenttensor.MTIndexerModuleTest" time="0.0"/>
  <testcase name="neicMwbInsideRange" classname="gov.usgs.earthquake.momenttensor.MTIndexerModuleTest" time="0.0"/>
  <testcase name="gcmtMwcInNeicAuthoritativeRegion" classname="gov.usgs.earthquake.momenttensor.MTIndexerModuleTest" time="0.0"/>
  <system-out><![CDATA[]]></system-out>
  <system-err><![CDATA[]]></system-err>
</testsuite>
