<?xml version="1.0" encoding="UTF-8"?>
<testsuite name="gov.usgs.earthquake.indexer.DefaultAssociatorTest" tests="10" skipped="0" failures="0" errors="0" timestamp="2019-08-05T22:07:20" hostname="igskcicgwsgm015" time="0.023">
  <properties/>
  <testcase name="testAssociationOrder" classname="gov.usgs.earthquake.indexer.DefaultAssociatorTest" time="0.004"/>
  <testcase name="testChooseMostSimilar" classname="gov.usgs.earthquake.indexer.DefaultAssociatorTest" time="0.002"/>
  <testcase name="testDifferentEventCodesFromSameSource" classname="gov.usgs.earthquake.indexer.DefaultAssociatorTest" time="0.0"/>
  <testcase name="testNearEquator" classname="gov.usgs.earthquake.indexer.DefaultAssociatorTest" time="0.012"/>
  <testcase name="testAlertMultipleAssociations" classname="gov.usgs.earthquake.indexer.DefaultAssociatorTest" time="0.001"/>
  <testcase name="testSameEventCodeFromSameSource" classname="gov.usgs.earthquake.indexer.DefaultAssociatorTest" time="0.0"/>
  <testcase name="testAtSouthPole" classname="gov.usgs.earthquake.indexer.DefaultAssociatorTest" time="0.001"/>
  <testcase name="testChooseEventWithoutSummarySourceCode" classname="gov.usgs.earthquake.indexer.DefaultAssociatorTest" time="0.0"/>
  <testcase name="testNorthernLatitude" classname="gov.usgs.earthquake.indexer.DefaultAssociatorTest" time="0.001"/>
  <testcase name="testDateTimeLine" classname="gov.usgs.earthquake.indexer.DefaultAssociatorTest" time="0.002"/>
  <system-out><![CDATA[]]></system-out>
  <system-err><![CDATA[WARNING	thread=13	Potential merge, product id=urn:usgs-product:us:origin:c0001234:1565042840053, nearby events: [nc11112222, ciaaaa2222, uw00005555]
]]></system-err>
</testsuite>
