<?xml version="1.0" encoding="UTF-8"?>
<testsuite name="gov.usgs.earthquake.shakemap.GridXMLHandlerTest" tests="1" skipped="0" failures="0" errors="0" timestamp="2019-08-05T22:07:30" hostname="igskcicgwsgm015" time="0.001">
  <properties/>
  <testcase name="testParseMethod" classname="gov.usgs.earthquake.shakemap.GridXMLHandlerTest" time="0.001"/>
  <system-out><![CDATA[]]></system-out>
  <system-err><![CDATA[]]></system-err>
</testsuite>
