<?xml version="1.0" encoding="UTF-8"?>
<testsuite name="gov.usgs.earthquake.distribution.CLIProductBuilderTest" tests="2" skipped="0" failures="0" errors="0" timestamp="2019-08-05T22:06:31" hostname="igskcicgwsgm015" time="0.089">
  <properties/>
  <testcase name="buildProduct" classname="gov.usgs.earthquake.distribution.CLIProductBuilderTest" time="0.079"/>
  <testcase name="buildIncompleteProduct" classname="gov.usgs.earthquake.distribution.CLIProductBuilderTest" time="0.01"/>
  <system-out><![CDATA[]]></system-out>
  <system-err><![CDATA[Aug 05, 2019 4:06:31 PM gov.usgs.earthquake.distribution.CLIProductBuilder buildProduct
INFO: Reading content on standard input
]]></system-err>
</testsuite>
