<?xml version="1.0" encoding="UTF-8"?>
<testsuite name="gov.usgs.earthquake.eids.EIDSProductBuilderTest" tests="2" skipped="0" failures="0" errors="0" timestamp="2019-08-05T22:07:14" hostname="igskcicgwsgm015" time="0.068">
  <properties/>
  <testcase name="testEQXMLEvent" classname="gov.usgs.earthquake.eids.EIDSProductBuilderTest" time="0.066"/>
  <testcase name="testEQXMLDelete" classname="gov.usgs.earthquake.eids.EIDSProductBuilderTest" time="0.002"/>
  <system-out><![CDATA[]]></system-out>
  <system-err><![CDATA[]]></system-err>
</testsuite>
