<?xml version="1.0" encoding="UTF-8"?>
<testsuite name="gov.usgs.earthquake.distribution.HeartbeatListenerTest" tests="4" skipped="0" failures="0" errors="0" timestamp="2019-08-05T22:06:46" hostname="igskcicgwsgm015" time="6.032">
  <properties/>
  <testcase name="testAutoClearHeartbeat" classname="gov.usgs.earthquake.distribution.HeartbeatListenerTest" time="5.024"/>
  <testcase name="testJSONHeartbeatListener" classname="gov.usgs.earthquake.distribution.HeartbeatListenerTest" time="0.004"/>
  <testcase name="testManualClearHeartbeat" classname="gov.usgs.earthquake.distribution.HeartbeatListenerTest" time="1.001"/>
  <testcase name="testWriteHeartbeat" classname="gov.usgs.earthquake.distribution.HeartbeatListenerTest" time="0.003"/>
  <system-out><![CDATA[Test scheduled heartbeat data clearing, JSON={}
Test sendHeartbeatMessage and JSON={"TestComponent1":{"key13":{"message":"value13","date":"1565042811119"},"key12":{"message":"value12","date":"1565042811119"},"key11":{"message":"value11","date":"1565042811119"}},"TestComponent2":{"key23":{"message":"value23","date":"1565042811119"},"key22":{"message":"value22","date":"1565042811119"},"key21":{"message":"value21","date":"1565042811119"}}}
Manual test heartbeat data cleared, JSON={}
]]></system-out>
  <system-err><![CDATA[CONFIG	thread=13	[null] maxTries = 1
CONFIG	thread=13	[null] maxTries = 1
CONFIG	thread=13	[null] timeout = 0ms
CONFIG	thread=13	[null] retry delay = 300000ms
CONFIG	thread=13	[null] process duplicates = false
CONFIG	thread=13	[null] include paths = []
CONFIG	thread=13	[null] exclude paths = []
CONFIG	thread=13	[null] heartbeat file = /Users/cbass/Projects/pdl/heartbeat.dat
CONFIG	thread=13	[null] heartbeat timeout = 100ms
FINER	thread=287	[null] running listener cleanup
Mon Aug 05 16:06:47 MDT 2019
FINER	thread=287	[null] running listener cleanup
Mon Aug 05 16:06:48 MDT 2019
FINER	thread=287	[null] running listener cleanup
Mon Aug 05 16:06:49 MDT 2019
FINER	thread=287	[null] running listener cleanup
Mon Aug 05 16:06:50 MDT 2019
FINER	thread=287	[null] running listener cleanup
Mon Aug 05 16:06:51 MDT 2019
FINER	thread=287	[null] running listener cleanup
CONFIG	thread=13	[null] maxTries = 1
CONFIG	thread=13	[null] maxTries = 1
CONFIG	thread=13	[null] timeout = 0ms
CONFIG	thread=13	[null] retry delay = 300000ms
CONFIG	thread=13	[null] process duplicates = false
CONFIG	thread=13	[null] include paths = []
CONFIG	thread=13	[null] exclude paths = []
CONFIG	thread=13	[null] heartbeat file = /Users/cbass/Projects/pdl/heartbeat.dat
CONFIG	thread=13	[null] heartbeat timeout = 1800000ms
CONFIG	thread=13	[null] maxTries = 1
CONFIG	thread=13	[null] maxTries = 1
CONFIG	thread=13	[null] timeout = 0ms
CONFIG	thread=13	[null] retry delay = 300000ms
CONFIG	thread=13	[null] process duplicates = false
CONFIG	thread=13	[null] include paths = []
CONFIG	thread=13	[null] exclude paths = []
CONFIG	thread=13	[null] heartbeat file = /Users/cbass/Projects/pdl/heartbeat.dat
CONFIG	thread=13	[null] heartbeat timeout = 100ms
Mon Aug 05 16:06:52 MDT 2019
FINER	thread=287	[null] running listener cleanup
FINER	thread=13	[null] running listener cleanup
CONFIG	thread=13	[null] maxTries = 1
CONFIG	thread=13	[null] maxTries = 1
CONFIG	thread=13	[null] timeout = 0ms
CONFIG	thread=13	[null] retry delay = 300000ms
CONFIG	thread=13	[null] process duplicates = false
CONFIG	thread=13	[null] include paths = []
CONFIG	thread=13	[null] exclude paths = []
CONFIG	thread=13	[null] heartbeat file = /Users/cbass/Projects/pdl/heartbeat.dat
CONFIG	thread=13	[null] heartbeat timeout = 1800000ms
]]></system-err>
</testsuite>
