<?xml version="1.0" encoding="UTF-8"?>
<testsuite name="gov.usgs.earthquake.distribution.EIDSProductSignatureTest" tests="1" skipped="0" failures="0" errors="0" timestamp="2019-08-05T22:06:45" hostname="igskcicgwsgm015" time="0.51">
  <properties/>
  <testcase name="testSignedProduct" classname="gov.usgs.earthquake.distribution.EIDSProductSignatureTest" time="0.51"/>
  <system-out><![CDATA[]]></system-out>
  <system-err><![CDATA[
###
Mon Aug 05 16:06:45 MDT 2019
FINE	thread=13	Resolved classes from context path: {0}
FINE	thread=13	Checking system property {0}
FINE	thread=13	  not found
FINE	thread=13	Checking system property {0}
FINE	thread=13	  not found
FINE	thread=13	Checking system property {0}
FINE	thread=13	  not found
FINE	thread=13	Searching META-INF/services
FINE	thread=13	Configured factorty class:{0}
FINE	thread=13	Property com.sun.xml.bind.XmlAccessorFactoryis not active.  Using JAXB's implementation
FINE	thread=13	SAXParserFactory instance: {0}
FINER	thread=13	SAXConnector.startDocument
FINER	thread=13	SAXConnector.startPrefixMapping: {0}:{1}
FINER	thread=13	SAXConnector.startElement: {0}:{1}:{2}, attrs: {3}
FINEST	thread=13	State.push
FINEST	thread=13	SAXConnector.characters: {0}
FINER	thread=13	SAXConnector.startElement: {0}:{1}:{2}, attrs: {3}
FINEST	thread=13	State.push
FINEST	thread=13	SAXConnector.characters: {0}
FINER	thread=13	SAXConnector.startElement: {0}:{1}:{2}
FINEST	thread=13	State.pop
FINEST	thread=13	SAXConnector.characters: {0}
FINER	thread=13	SAXConnector.startElement: {0}:{1}:{2}, attrs: {3}
FINEST	thread=13	State.push
FINEST	thread=13	SAXConnector.characters: {0}
FINER	thread=13	SAXConnector.startElement: {0}:{1}:{2}
FINEST	thread=13	State.pop
FINEST	thread=13	SAXConnector.characters: {0}
FINER	thread=13	SAXConnector.startElement: {0}:{1}:{2}, attrs: {3}
FINEST	thread=13	State.push
FINEST	thread=13	SAXConnector.characters: {0}
FINER	thread=13	SAXConnector.startElement: {0}:{1}:{2}
FINEST	thread=13	State.pop
FINEST	thread=13	SAXConnector.characters: {0}
FINER	thread=13	SAXConnector.startElement: {0}:{1}:{2}, attrs: {3}
FINEST	thread=13	State.push
FINEST	thread=13	SAXConnector.characters: {0}
FINER	thread=13	SAXConnector.startElement: {0}:{1}:{2}, attrs: {3}
FINEST	thread=13	State.push
FINEST	thread=13	SAXConnector.characters: {0}
FINER	thread=13	SAXConnector.startElement: {0}:{1}:{2}
FINEST	thread=13	State.pop
FINEST	thread=13	SAXConnector.characters: {0}
FINER	thread=13	SAXConnector.startElement: {0}:{1}:{2}, attrs: {3}
FINEST	thread=13	State.push
FINEST	thread=13	SAXConnector.characters: {0}
FINER	thread=13	SAXConnector.startElement: {0}:{1}:{2}
FINEST	thread=13	State.pop
FINEST	thread=13	SAXConnector.characters: {0}
FINER	thread=13	SAXConnector.startElement: {0}:{1}:{2}, attrs: {3}
FINEST	thread=13	State.push
FINEST	thread=13	SAXConnector.characters: {0}
FINER	thread=13	SAXConnector.startElement: {0}:{1}:{2}
FINEST	thread=13	State.pop
FINEST	thread=13	SAXConnector.characters: {0}
FINER	thread=13	SAXConnector.startElement: {0}:{1}:{2}, attrs: {3}
FINEST	thread=13	State.push
FINEST	thread=13	SAXConnector.characters: {0}
FINER	thread=13	SAXConnector.startElement: {0}:{1}:{2}
FINEST	thread=13	State.pop
FINEST	thread=13	SAXConnector.characters: {0}
FINER	thread=13	SAXConnector.startElement: {0}:{1}:{2}, attrs: {3}
FINEST	thread=13	State.push
FINEST	thread=13	SAXConnector.characters: {0}
FINER	thread=13	SAXConnector.startElement: {0}:{1}:{2}
FINEST	thread=13	State.pop
FINEST	thread=13	SAXConnector.characters: {0}
FINER	thread=13	SAXConnector.startElement: {0}:{1}:{2}, attrs: {3}
FINEST	thread=13	State.push
FINEST	thread=13	SAXConnector.characters: {0}
FINER	thread=13	SAXConnector.startElement: {0}:{1}:{2}
FINEST	thread=13	State.pop
FINEST	thread=13	SAXConnector.characters: {0}
FINER	thread=13	SAXConnector.startElement: {0}:{1}:{2}, attrs: {3}
FINEST	thread=13	State.push
FINEST	thread=13	SAXConnector.characters: {0}
FINER	thread=13	SAXConnector.startElement: {0}:{1}:{2}
FINEST	thread=13	State.pop
FINEST	thread=13	SAXConnector.characters: {0}
FINER	thread=13	SAXConnector.startElement: {0}:{1}:{2}, attrs: {3}
FINEST	thread=13	State.push
FINEST	thread=13	SAXConnector.characters: {0}
FINER	thread=13	SAXConnector.startElement: {0}:{1}:{2}, attrs: {3}
FINEST	thread=13	State.push
FINEST	thread=13	SAXConnector.characters: {0}
FINER	thread=13	SAXConnector.startElement: {0}:{1}:{2}
FINEST	thread=13	State.pop
FINEST	thread=13	SAXConnector.characters: {0}
FINER	thread=13	SAXConnector.startElement: {0}:{1}:{2}, attrs: {3}
FINEST	thread=13	State.push
FINEST	thread=13	SAXConnector.characters: {0}
FINER	thread=13	SAXConnector.startElement: {0}:{1}:{2}
FINEST	thread=13	State.pop
FINEST	thread=13	SAXConnector.characters: {0}
FINER	thread=13	SAXConnector.startElement: {0}:{1}:{2}, attrs: {3}
FINEST	thread=13	State.push
FINEST	thread=13	SAXConnector.characters: {0}
FINER	thread=13	SAXConnector.startElement: {0}:{1}:{2}
FINEST	thread=13	State.pop
FINEST	thread=13	SAXConnector.characters: {0}
FINER	thread=13	SAXConnector.startElement: {0}:{1}:{2}, attrs: {3}
FINEST	thread=13	State.push
FINEST	thread=13	SAXConnector.characters: {0}
FINER	thread=13	SAXConnector.startElement: {0}:{1}:{2}
FINEST	thread=13	State.pop
FINEST	thread=13	SAXConnector.characters: {0}
FINER	thread=13	SAXConnector.startElement: {0}:{1}:{2}, attrs: {3}
FINEST	thread=13	State.push
FINEST	thread=13	SAXConnector.characters: {0}
FINER	thread=13	SAXConnector.startElement: {0}:{1}:{2}
FINEST	thread=13	State.pop
FINEST	thread=13	SAXConnector.characters: {0}
FINER	thread=13	SAXConnector.startElement: {0}:{1}:{2}, attrs: {3}
FINEST	thread=13	State.push
FINEST	thread=13	SAXConnector.characters: {0}
FINER	thread=13	SAXConnector.startElement: {0}:{1}:{2}
FINEST	thread=13	State.pop
FINEST	thread=13	SAXConnector.characters: {0}
FINER	thread=13	SAXConnector.startElement: {0}:{1}:{2}, attrs: {3}
FINEST	thread=13	State.push
FINEST	thread=13	SAXConnector.characters: {0}
FINER	thread=13	SAXConnector.startElement: {0}:{1}:{2}
FINEST	thread=13	State.pop
FINEST	thread=13	SAXConnector.characters: {0}
FINER	thread=13	SAXConnector.startElement: {0}:{1}:{2}, attrs: {3}
FINEST	thread=13	State.push
FINEST	thread=13	SAXConnector.characters: {0}
FINER	thread=13	SAXConnector.startElement: {0}:{1}:{2}
FINEST	thread=13	State.pop
FINEST	thread=13	SAXConnector.characters: {0}
FINER	thread=13	SAXConnector.startElement: {0}:{1}:{2}, attrs: {3}
FINEST	thread=13	State.push
FINEST	thread=13	SAXConnector.characters: {0}
FINER	thread=13	SAXConnector.startElement: {0}:{1}:{2}
FINEST	thread=13	State.pop
FINEST	thread=13	SAXConnector.characters: {0}
FINER	thread=13	SAXConnector.startElement: {0}:{1}:{2}, attrs: {3}
FINEST	thread=13	State.push
FINEST	thread=13	SAXConnector.characters: {0}
FINER	thread=13	SAXConnector.startElement: {0}:{1}:{2}
FINEST	thread=13	State.pop
FINEST	thread=13	SAXConnector.characters: {0}
FINER	thread=13	SAXConnector.startElement: {0}:{1}:{2}, attrs: {3}
FINEST	thread=13	State.push
FINEST	thread=13	SAXConnector.characters: {0}
FINER	thread=13	SAXConnector.startElement: {0}:{1}:{2}
FINEST	thread=13	State.pop
FINEST	thread=13	SAXConnector.characters: {0}
FINER	thread=13	SAXConnector.startElement: {0}:{1}:{2}, attrs: {3}
FINEST	thread=13	State.push
FINEST	thread=13	SAXConnector.characters: {0}
FINER	thread=13	SAXConnector.startElement: {0}:{1}:{2}
FINEST	thread=13	State.pop
FINEST	thread=13	SAXConnector.characters: {0}
FINER	thread=13	SAXConnector.startElement: {0}:{1}:{2}, attrs: {3}
FINEST	thread=13	State.push
FINEST	thread=13	SAXConnector.characters: {0}
FINER	thread=13	SAXConnector.startElement: {0}:{1}:{2}, attrs: {3}
FINEST	thread=13	State.push
FINEST	thread=13	SAXConnector.characters: {0}
FINER	thread=13	SAXConnector.startElement: {0}:{1}:{2}
FINEST	thread=13	State.pop
FINEST	thread=13	SAXConnector.characters: {0}
FINER	thread=13	SAXConnector.startElement: {0}:{1}:{2}, attrs: {3}
FINEST	thread=13	State.push
FINEST	thread=13	SAXConnector.characters: {0}
FINER	thread=13	SAXConnector.startElement: {0}:{1}:{2}
FINEST	thread=13	State.pop
FINEST	thread=13	SAXConnector.characters: {0}
FINER	thread=13	SAXConnector.startElement: {0}:{1}:{2}, attrs: {3}
FINEST	thread=13	State.push
FINEST	thread=13	SAXConnector.characters: {0}
FINER	thread=13	SAXConnector.startElement: {0}:{1}:{2}
FINEST	thread=13	State.pop
FINEST	thread=13	SAXConnector.characters: {0}
FINER	thread=13	SAXConnector.startElement: {0}:{1}:{2}, attrs: {3}
FINEST	thread=13	State.push
FINEST	thread=13	SAXConnector.characters: {0}
FINER	thread=13	SAXConnector.startElement: {0}:{1}:{2}
FINEST	thread=13	State.pop
FINEST	thread=13	SAXConnector.characters: {0}
FINER	thread=13	SAXConnector.startElement: {0}:{1}:{2}, attrs: {3}
FINEST	thread=13	State.push
FINEST	thread=13	SAXConnector.characters: {0}
FINER	thread=13	SAXConnector.startElement: {0}:{1}:{2}
FINEST	thread=13	State.pop
FINEST	thread=13	SAXConnector.characters: {0}
FINER	thread=13	SAXConnector.startElement: {0}:{1}:{2}, attrs: {3}
FINEST	thread=13	State.push
FINEST	thread=13	SAXConnector.characters: {0}
FINER	thread=13	SAXConnector.startElement: {0}:{1}:{2}, attrs: {3}
FINEST	thread=13	State.push
FINEST	thread=13	SAXConnector.characters: {0}
FINER	thread=13	SAXConnector.startElement: {0}:{1}:{2}
FINEST	thread=13	State.pop
FINEST	thread=13	SAXConnector.characters: {0}
FINER	thread=13	SAXConnector.startElement: {0}:{1}:{2}, attrs: {3}
FINEST	thread=13	State.push
FINEST	thread=13	SAXConnector.characters: {0}
FINER	thread=13	SAXConnector.startElement: {0}:{1}:{2}
FINEST	thread=13	State.pop
FINEST	thread=13	SAXConnector.characters: {0}
FINER	thread=13	SAXConnector.startElement: {0}:{1}:{2}
FINEST	thread=13	State.pop
FINEST	thread=13	SAXConnector.characters: {0}
FINER	thread=13	SAXConnector.startElement: {0}:{1}:{2}
FINEST	thread=13	State.pop
FINEST	thread=13	SAXConnector.characters: {0}
FINER	thread=13	SAXConnector.startElement: {0}:{1}:{2}, attrs: {3}
FINEST	thread=13	State.push
FINEST	thread=13	SAXConnector.characters: {0}
FINER	thread=13	SAXConnector.startElement: {0}:{1}:{2}, attrs: {3}
FINEST	thread=13	State.push
FINEST	thread=13	SAXConnector.characters: {0}
FINER	thread=13	SAXConnector.startElement: {0}:{1}:{2}
FINEST	thread=13	State.pop
FINEST	thread=13	SAXConnector.characters: {0}
FINER	thread=13	SAXConnector.startElement: {0}:{1}:{2}, attrs: {3}
FINEST	thread=13	State.push
FINEST	thread=13	SAXConnector.characters: {0}
FINER	thread=13	SAXConnector.startElement: {0}:{1}:{2}
FINEST	thread=13	State.pop
FINEST	thread=13	SAXConnector.characters: {0}
FINER	thread=13	SAXConnector.startElement: {0}:{1}:{2}, attrs: {3}
FINEST	thread=13	State.push
FINEST	thread=13	SAXConnector.characters: {0}
FINER	thread=13	SAXConnector.startElement: {0}:{1}:{2}, attrs: {3}
FINEST	thread=13	State.push
FINEST	thread=13	SAXConnector.characters: {0}
FINER	thread=13	SAXConnector.startElement: {0}:{1}:{2}
FINEST	thread=13	State.pop
FINEST	thread=13	SAXConnector.characters: {0}
FINER	thread=13	SAXConnector.startElement: {0}:{1}:{2}, attrs: {3}
FINEST	thread=13	State.push
FINEST	thread=13	SAXConnector.characters: {0}
FINER	thread=13	SAXConnector.startElement: {0}:{1}:{2}
FINEST	thread=13	State.pop
FINEST	thread=13	SAXConnector.characters: {0}
FINER	thread=13	SAXConnector.startElement: {0}:{1}:{2}
FINEST	thread=13	State.pop
FINEST	thread=13	SAXConnector.characters: {0}
FINER	thread=13	SAXConnector.startElement: {0}:{1}:{2}
FINEST	thread=13	State.pop
FINEST	thread=13	SAXConnector.characters: {0}
FINER	thread=13	SAXConnector.startElement: {0}:{1}:{2}
FINEST	thread=13	State.pop
FINEST	thread=13	SAXConnector.characters: {0}
FINER	thread=13	SAXConnector.startElement: {0}:{1}:{2}
FINEST	thread=13	State.pop
FINEST	thread=13	SAXConnector.characters: {0}
FINER	thread=13	SAXConnector.startElement: {0}:{1}:{2}
FINEST	thread=13	State.pop
FINER	thread=13	SAXConnector.endPrefixMapping: {0}
FINER	thread=13	SAXConnector.endDocument
FINE	thread=13	Digest='9fMaLqLSb7XaVcRWi3xufjYfMAs=' , 0ms
FINEST	thread=13	[null] acquiring write lock for product id=urn:usgs-product:nc:origin:nc71377396:1288828669344
FINEST	thread=13	[null] acquired write lock for product id=urn:usgs-product:nc:origin:nc71377396:1288828669344
FINEST	thread=13	[null] acquiring read lock for product id=urn:usgs-product:nc:origin:nc71377396:1288828669344
FINEST	thread=13	[null] acquired read lock for product id=urn:usgs-product:nc:origin:nc71377396:1288828669344
FINEST	thread=13	[null] releasing read lock for product id=urn:usgs-product:nc:origin:nc71377396:1288828669344
FINEST	thread=13	[null] released read lock for product id=urn:usgs-product:nc:origin:nc71377396:1288828669344
FINER	thread=13	[null] product stored id=urn:usgs-product:nc:origin:nc71377396:1288828669344, status=UPDATE
FINEST	thread=13	[null] acquiring read lock for product id=urn:usgs-product:nc:origin:nc71377396:1288828669344
FINEST	thread=13	[null] acquired read lock for product id=urn:usgs-product:nc:origin:nc71377396:1288828669344
FINEST	thread=13	[null] releasing read lock for product id=urn:usgs-product:nc:origin:nc71377396:1288828669344
FINEST	thread=13	[null] released read lock for product id=urn:usgs-product:nc:origin:nc71377396:1288828669344
FINER	thread=13	[null] number of candidate keys=1
FINE	thread=13	Digest='9fMaLqLSb7XaVcRWi3xufjYfMAs=' , 1ms
FINE	thread=13	[null] signature verified=true, id=urn:usgs-product:nc:origin:nc71377396:1288828669344
FINEST	thread=13	[null] releasing write lock for product id=urn:usgs-product:nc:origin:nc71377396:1288828669344
FINEST	thread=13	[null] released write lock for product id=urn:usgs-product:nc:origin:nc71377396:1288828669344
FINEST	thread=13	[null] acquiring read lock for product id=urn:usgs-product:nc:origin:nc71377396:1288828669344
FINEST	thread=13	[null] acquired read lock for product id=urn:usgs-product:nc:origin:nc71377396:1288828669344
FINEST	thread=13	[null] acquiring read lock for product id=urn:usgs-product:nc:origin:nc71377396:1288828669344
FINEST	thread=13	[null] acquired read lock for product id=urn:usgs-product:nc:origin:nc71377396:1288828669344
FINEST	thread=13	[null] releasing read lock for product id=urn:usgs-product:nc:origin:nc71377396:1288828669344
FINEST	thread=13	[null] released read lock for product id=urn:usgs-product:nc:origin:nc71377396:1288828669344
FINEST	thread=13	[null] releasing read lock for product id=urn:usgs-product:nc:origin:nc71377396:1288828669344
FINEST	thread=13	[null] released read lock for product id=urn:usgs-product:nc:origin:nc71377396:1288828669344
FINEST	thread=13	[null] acquiring read lock for product id=urn:usgs-product:nc:origin:nc71377396:1288828669344
FINEST	thread=13	[null] acquired read lock for product id=urn:usgs-product:nc:origin:nc71377396:1288828669344
FINEST	thread=13	[null] releasing read lock for product id=urn:usgs-product:nc:origin:nc71377396:1288828669344
FINEST	thread=13	[null] released read lock for product id=urn:usgs-product:nc:origin:nc71377396:1288828669344
]]></system-err>
</testsuite>
