<?xml version="1.0" encoding="UTF-8"?>
<testsuite name="gov.usgs.earthquake.product.AbstractListenerTest" tests="7" skipped="0" failures="0" errors="0" timestamp="2019-08-05T22:07:29" hostname="igskcicgwsgm015" time="0.0">
  <properties/>
  <testcase name="acceptIncludeInternals" classname="gov.usgs.earthquake.product.AbstractListenerTest" time="0.0"/>
  <testcase name="acceptsValidID" classname="gov.usgs.earthquake.product.AbstractListenerTest" time="0.0"/>
  <testcase name="acceptIncludeScenarioswithIncludeActualsOff" classname="gov.usgs.earthquake.product.AbstractListenerTest" time="0.0"/>
  <testcase name="acceptIncludeActuals" classname="gov.usgs.earthquake.product.AbstractListenerTest" time="0.0"/>
  <testcase name="acceptIncludeScenarios" classname="gov.usgs.earthquake.product.AbstractListenerTest" time="0.0"/>
  <testcase name="acceptIncludeDevelopment" classname="gov.usgs.earthquake.product.AbstractListenerTest" time="0.0"/>
  <testcase name="configuresIncludeActualsCorrectly" classname="gov.usgs.earthquake.product.AbstractListenerTest" time="0.0"/>
  <system-out><![CDATA[]]></system-out>
  <system-err><![CDATA[FINER	thread=13	[null] product type was internal. Not included.
FINER	thread=13	[null] product type was scenario. Not included.
FINER	thread=13	[null] product type was development version. Not included.
FINER	thread=13	[null] product type was internal. Not included.
FINER	thread=13	[null] product type was actual. Not included.
FINER	thread=13	[null] product type was actual. Not included.
FINER	thread=13	[null] product type was scenario. Not included.
FINER	thread=13	[null] product type was development version. Not included.
CONFIG	thread=13	[null] includeActuals = false
CONFIG	thread=13	[null] maxTries = 1
CONFIG	thread=13	[null] maxTries = 1
CONFIG	thread=13	[null] timeout = 0ms
CONFIG	thread=13	[null] retry delay = 300000ms
FINER	thread=13	[null] product type was actual. Not included.
CONFIG	thread=13	[null] includeActuals = false
CONFIG	thread=13	[null] maxTries = 1
CONFIG	thread=13	[null] maxTries = 1
CONFIG	thread=13	[null] timeout = 0ms
CONFIG	thread=13	[null] retry delay = 300000ms
FINER	thread=13	[null] product type was actual. Not included.
]]></system-err>
</testsuite>
