<?xml version="1.0" encoding="UTF-8"?>
<testsuite name="gov.usgs.earthquake.product.ProductTest" tests="2" skipped="0" failures="0" errors="0" timestamp="2019-08-05T22:07:30" hostname="igskcicgwsgm015" time="0.028">
  <properties/>
  <testcase name="testCopyConstructor" classname="gov.usgs.earthquake.product.ProductTest" time="0.017"/>
  <testcase name="testSignature" classname="gov.usgs.earthquake.product.ProductTest" time="0.011"/>
  <system-out><![CDATA[]]></system-out>
  <system-err><![CDATA[Mon Aug 05 16:07:30 MDT 2019
FINE	thread=13	Digest='QU9PDXgR0K4JCKKZND3lk58IAQI=' , 1ms
FINE	thread=13	Digest='tDskhOF0P3r3MCJ7FvGrjWG9VSQ=' , 1ms
FINE	thread=13	Digest='tDskhOF0P3r3MCJ7FvGrjWG9VSQ=' , 2ms
FINE	thread=13	Digest='tDskhOF0P3r3MCJ7FvGrjWG9VSQ=' , 2ms
FINE	thread=13	Digest='tDskhOF0P3r3MCJ7FvGrjWG9VSQ=' , 1ms
FINE	thread=13	Digest='WZYeTZedSr2JrL/vvBaT2FphQNk=' , 1ms
]]></system-err>
</testsuite>
