<?xml version="1.0" encoding="UTF-8"?>
<testsuite name="gov.usgs.earthquake.dyfi.DYFIIndexerWedgeTest" tests="4" skipped="0" failures="0" errors="0" timestamp="2019-08-05T22:07:14" hostname="igskcicgwsgm015" time="0.005">
  <properties/>
  <testcase name="testCorrectIncludeTypes" classname="gov.usgs.earthquake.dyfi.DYFIIndexerWedgeTest" time="0.001"/>
  <testcase name="testConfiguration" classname="gov.usgs.earthquake.dyfi.DYFIIndexerWedgeTest" time="0.001"/>
  <testcase name="testProductCommand" classname="gov.usgs.earthquake.dyfi.DYFIIndexerWedgeTest" time="0.003"/>
  <testcase name="testConstruct" classname="gov.usgs.earthquake.dyfi.DYFIIndexerWedgeTest" time="0.0"/>
  <system-out><![CDATA[]]></system-out>
  <system-err><![CDATA[]]></system-err>
</testsuite>
