<?xml version="1.0" encoding="UTF-8"?>
<testsuite name="gov.usgs.earthquake.indexer.ArchivePolicyTest" tests="8" skipped="0" failures="0" errors="0" timestamp="2019-08-05T22:07:20" hostname="igskcicgwsgm015" time="0.005">
  <properties/>
  <testcase name="mixingConfigurationsThrowsException" classname="gov.usgs.earthquake.indexer.ArchivePolicyTest" time="0.002"/>
  <testcase name="ageSequenceSuccess" classname="gov.usgs.earthquake.indexer.ArchivePolicyTest" time="0.0"/>
  <testcase name="timeSequenceSuccess" classname="gov.usgs.earthquake.indexer.ArchivePolicyTest" time="0.0"/>
  <testcase name="ageAndTimeIgnoresAge" classname="gov.usgs.earthquake.indexer.ArchivePolicyTest" time="0.002"/>
  <testcase name="ageSequenceThrowsException" classname="gov.usgs.earthquake.indexer.ArchivePolicyTest" time="0.0"/>
  <testcase name="minAgeSameAsMaxEventAge" classname="gov.usgs.earthquake.indexer.ArchivePolicyTest" time="0.0"/>
  <testcase name="timeSequenceThrowsException" classname="gov.usgs.earthquake.indexer.ArchivePolicyTest" time="0.0"/>
  <testcase name="maxAgeSameAsMinEventAge" classname="gov.usgs.earthquake.indexer.ArchivePolicyTest" time="0.0"/>
  <system-out><![CDATA[]]></system-out>
  <system-err><![CDATA[]]></system-err>
</testsuite>
