<?xml version="1.0" encoding="UTF-8"?>
<testsuite name="gov.usgs.earthquake.distribution.JDBCNotificationIndexTest" tests="7" skipped="0" failures="0" errors="0" timestamp="2019-08-05T22:06:52" hostname="igskcicgwsgm015" time="0.476">
  <properties/>
  <testcase name="testRemoveNotifications" classname="gov.usgs.earthquake.distribution.JDBCNotificationIndexTest" time="0.055"/>
  <testcase name="testFindNotificationsByData" classname="gov.usgs.earthquake.distribution.JDBCNotificationIndexTest" time="0.06"/>
  <testcase name="testAddNotifications" classname="gov.usgs.earthquake.distribution.JDBCNotificationIndexTest" time="0.035"/>
  <testcase name="testThreadSafety" classname="gov.usgs.earthquake.distribution.JDBCNotificationIndexTest" time="0.042"/>
  <testcase name="testFindNotificationsByDataLists" classname="gov.usgs.earthquake.distribution.JDBCNotificationIndexTest" time="0.178"/>
  <testcase name="testFindNotificationById" classname="gov.usgs.earthquake.distribution.JDBCNotificationIndexTest" time="0.057"/>
  <testcase name="testRemoveExpiredNotifications" classname="gov.usgs.earthquake.distribution.JDBCNotificationIndexTest" time="0.048"/>
  <system-out><![CDATA[]]></system-out>
  <system-err><![CDATA[CONFIG	thread=13	Notification index database is '/Users/cbass/Projects/pdl/test-index.db'
CONFIG	thread=13	Notification index database is '/Users/cbass/Projects/pdl/test-index.db'
CONFIG	thread=13	Notification index database is '/Users/cbass/Projects/pdl/test-index.db'
CONFIG	thread=13	Notification index database is '/Users/cbass/Projects/pdl/test-index.db'
CONFIG	thread=13	Notification index database is '/Users/cbass/Projects/pdl/test-index.db'
CONFIG	thread=13	Notification index database is '/Users/cbass/Projects/pdl/test-index.db'
CONFIG	thread=13	Notification index database is '/Users/cbass/Projects/pdl/test-index.db'
]]></system-err>
</testsuite>
