<?xml version="1.0" encoding="UTF-8"?>
<testsuite name="gov.usgs.util.ObjectLockTest" tests="3" skipped="0" failures="0" errors="0" timestamp="2019-08-05T22:07:31" hostname="igskcicgwsgm015" time="11.35">
  <properties/>
  <testcase name="testWithoutLocks" classname="gov.usgs.util.ObjectLockTest" time="0.122"/>
  <testcase name="readLockBlocksUntilWriteLockIsReleased" classname="gov.usgs.util.ObjectLockTest" time="10.909"/>
  <testcase name="testWithLocks" classname="gov.usgs.util.ObjectLockTest" time="0.319"/>
  <system-out><![CDATA[The below numbers should be strictly increasing, but need not be sequential. However the displayed logic statements should (at least periodically) evaluate to false.
1 == 4
5 == 7
8 == 10
The below numbers should be strictly increasing, but need not be sequential. However the displayed logic statements should always evaluate to true.
1 == 1
3 == 3
4 == 4
5 == 5
6 == 6
7 == 7
8 == 8
9 == 9
]]></system-out>
  <system-err><![CDATA[Mon Aug 05 16:07:31 MDT 2019
FINER	thread=287	[null] running listener cleanup
Starting threads
thread 1414 acquiring read lock
thread 1414 acquired read lock
thread 1416 acquiring write lock
thread 1415 acquiring read lock
thread 1417 acquiring write lock
thread 1414 releasing read lock
thread 1414 released read lock
thread 1414 acquiring read lock
thread 1416 acquired write lock
thread 1416 releasing write lock
thread 1416 released write lock
thread 1416 acquiring write lock
thread 1415 acquired read lock
thread 1415 releasing read lock
thread 1415 released read lock
thread 1415 acquiring read lock
thread 1417 acquired write lock
thread 1417 releasing write lock
thread 1417 released write lock
thread 1417 acquiring write lock
thread 1414 acquired read lock
thread 1414 releasing read lock
thread 1414 released read lock
thread 1416 acquired write lock
thread 1414 acquiring read lock
thread 1416 releasing write lock
thread 1416 released write lock
thread 1416 acquiring write lock
thread 1415 acquired read lock
thread 1415 releasing read lock
thread 1415 released read lock
thread 1415 acquiring read lock
thread 1417 acquired write lock
thread 1417 releasing write lock
thread 1417 released write lock
thread 1417 acquiring write lock
thread 1414 acquired read lock
thread 1414 releasing read lock
thread 1414 released read lock
thread 1414 acquiring read lock
thread 1416 acquired write lock
thread 1416 releasing write lock
thread 1416 released write lock
thread 1416 acquiring write lock
thread 1415 acquired read lock
thread 1415 releasing read lock
thread 1415 released read lock
thread 1415 acquiring read lock
thread 1417 acquired write lock
thread 1417 releasing write lock
thread 1417 released write lock
thread 1417 acquiring write lock
thread 1414 acquired read lock
Mon Aug 05 16:07:32 MDT 2019
FINER	thread=287	[null] running listener cleanup
thread 1414 releasing read lock
thread 1414 released read lock
thread 1414 acquiring read lock
thread 1416 acquired write lock
thread 1416 releasing write lock
thread 1416 released write lock
thread 1416 acquiring write lock
thread 1415 acquired read lock
thread 1415 releasing read lock
thread 1415 released read lock
thread 1415 acquiring read lock
thread 1417 acquired write lock
thread 1417 releasing write lock
thread 1417 released write lock
thread 1417 acquiring write lock
thread 1414 acquired read lock
thread 1414 releasing read lock
thread 1414 released read lock
thread 1414 acquiring read lock
thread 1416 acquired write lock
thread 1416 releasing write lock
thread 1416 released write lock
thread 1416 acquiring write lock
thread 1415 acquired read lock
thread 1415 releasing read lock
thread 1415 released read lock
thread 1415 acquiring read lock
thread 1417 acquired write lock
thread 1417 releasing write lock
thread 1417 released write lock
thread 1417 acquiring write lock
thread 1414 acquired read lock
thread 1414 releasing read lock
thread 1414 released read lock
thread 1414 acquiring read lock
thread 1416 acquired write lock
thread 1416 releasing write lock
thread 1416 released write lock
thread 1416 acquiring write lock
thread 1415 acquired read lock
thread 1415 releasing read lock
thread 1415 released read lock
thread 1415 acquiring read lock
thread 1417 acquired write lock
thread 1417 releasing write lock
thread 1417 released write lock
thread 1417 acquiring write lock
thread 1414 acquired read lock
thread 1414 releasing read lock
thread 1414 released read lock
thread 1414 acquiring read lock
thread 1416 acquired write lock
thread 1416 releasing write lock
thread 1416 released write lock
thread 1416 acquiring write lock
thread 1415 acquired read lock
thread 1415 releasing read lock
thread 1415 released read lock
thread 1415 acquiring read lock
thread 1417 acquired write lock
thread 1417 releasing write lock
thread 1417 released write lock
thread 1417 acquiring write lock
thread 1414 acquired read lock
thread 1414 releasing read lock
thread 1414 released read lock
thread 1414 acquiring read lock
thread 1416 acquired write lock
thread 1416 releasing write lock
thread 1416 released write lock
thread 1416 acquiring write lock
thread 1415 acquired read lock
thread 1415 releasing read lock
thread 1415 released read lock
thread 1415 acquiring read lock
thread 1417 acquired write lock
thread 1417 releasing write lock
thread 1417 released write lock
thread 1417 acquiring write lock
thread 1414 acquired read lock
thread 1414 releasing read lock
thread 1414 released read lock
thread 1414 acquiring read lock
thread 1416 acquired write lock
thread 1416 releasing write lock
thread 1416 released write lock
thread 1416 acquiring write lock
thread 1415 acquired read lock
thread 1415 releasing read lock
thread 1415 released read lock
thread 1415 acquiring read lock
thread 1417 acquired write lock
Mon Aug 05 16:07:33 MDT 2019
FINER	thread=287	[null] running listener cleanup
thread 1417 releasing write lock
thread 1417 released write lock
thread 1417 acquiring write lock
thread 1414 acquired read lock
thread 1414 releasing read lock
thread 1414 released read lock
thread 1414 acquiring read lock
thread 1416 acquired write lock
thread 1416 releasing write lock
thread 1416 released write lock
thread 1416 acquiring write lock
thread 1415 acquired read lock
thread 1415 releasing read lock
thread 1415 released read lock
thread 1415 acquiring read lock
thread 1417 acquired write lock
thread 1417 releasing write lock
thread 1417 released write lock
thread 1417 acquiring write lock
thread 1414 acquired read lock
thread 1414 releasing read lock
thread 1414 released read lock
thread 1414 acquiring read lock
thread 1416 acquired write lock
thread 1416 releasing write lock
thread 1416 released write lock
thread 1416 acquiring write lock
thread 1415 acquired read lock
thread 1415 releasing read lock
thread 1415 released read lock
thread 1415 acquiring read lock
thread 1417 acquired write lock
thread 1417 releasing write lock
thread 1417 released write lock
thread 1417 acquiring write lock
thread 1414 acquired read lock
thread 1414 releasing read lock
thread 1414 released read lock
thread 1414 acquiring read lock
thread 1416 acquired write lock
thread 1416 releasing write lock
thread 1416 released write lock
thread 1416 acquiring write lock
thread 1415 acquired read lock
thread 1415 releasing read lock
thread 1415 released read lock
thread 1415 acquiring read lock
thread 1417 acquired write lock
thread 1417 releasing write lock
thread 1417 released write lock
thread 1417 acquiring write lock
thread 1414 acquired read lock
thread 1414 releasing read lock
thread 1416 acquired write lock
thread 1414 released read lock
thread 1414 acquiring read lock
thread 1416 releasing write lock
thread 1416 released write lock
thread 1416 acquiring write lock
thread 1415 acquired read lock
thread 1415 releasing read lock
thread 1415 released read lock
thread 1415 acquiring read lock
thread 1417 acquired write lock
thread 1417 releasing write lock
thread 1417 released write lock
thread 1417 acquiring write lock
thread 1414 acquired read lock
thread 1414 releasing read lock
thread 1414 released read lock
thread 1414 acquiring read lock
thread 1416 acquired write lock
thread 1416 releasing write lock
thread 1416 released write lock
thread 1416 acquiring write lock
thread 1415 acquired read lock
Mon Aug 05 16:07:34 MDT 2019
FINER	thread=287	[null] running listener cleanup
thread 1415 releasing read lock
thread 1415 released read lock
thread 1415 acquiring read lock
thread 1417 acquired write lock
thread 1417 releasing write lock
thread 1417 released write lock
thread 1417 acquiring write lock
thread 1414 acquired read lock
thread 1414 releasing read lock
thread 1414 released read lock
thread 1414 acquiring read lock
thread 1416 acquired write lock
thread 1416 releasing write lock
thread 1416 released write lock
thread 1416 acquiring write lock
thread 1415 acquired read lock
thread 1415 releasing read lock
thread 1415 released read lock
thread 1415 acquiring read lock
thread 1417 acquired write lock
thread 1417 releasing write lock
thread 1417 released write lock
thread 1417 acquiring write lock
thread 1414 acquired read lock
thread 1414 releasing read lock
thread 1414 released read lock
thread 1414 acquiring read lock
thread 1416 acquired write lock
thread 1416 releasing write lock
thread 1416 released write lock
thread 1416 acquiring write lock
thread 1415 acquired read lock
thread 1415 releasing read lock
thread 1415 released read lock
thread 1415 acquiring read lock
thread 1417 acquired write lock
thread 1417 releasing write lock
thread 1417 released write lock
thread 1414 acquired read lock
thread 1417 acquiring write lock
thread 1414 releasing read lock
thread 1414 released read lock
thread 1414 acquiring read lock
thread 1416 acquired write lock
thread 1416 releasing write lock
thread 1416 released write lock
thread 1416 acquiring write lock
thread 1415 acquired read lock
thread 1415 releasing read lock
thread 1417 acquired write lock
thread 1415 released read lock
thread 1415 acquiring read lock
thread 1417 releasing write lock
thread 1417 released write lock
thread 1417 acquiring write lock
thread 1414 acquired read lock
thread 1414 releasing read lock
thread 1414 released read lock
thread 1414 acquiring read lock
thread 1416 acquired write lock
thread 1416 releasing write lock
thread 1416 released write lock
thread 1416 acquiring write lock
thread 1415 acquired read lock
thread 1415 releasing read lock
thread 1415 released read lock
thread 1415 acquiring read lock
thread 1417 acquired write lock
thread 1417 releasing write lock
thread 1417 released write lock
thread 1417 acquiring write lock
thread 1414 acquired read lock
thread 1414 releasing read lock
thread 1414 released read lock
thread 1414 acquiring read lock
thread 1416 acquired write lock
Mon Aug 05 16:07:35 MDT 2019
FINER	thread=287	[null] running listener cleanup
thread 1416 releasing write lock
thread 1416 released write lock
thread 1416 acquiring write lock
thread 1415 acquired read lock
thread 1415 releasing read lock
thread 1415 released read lock
thread 1415 acquiring read lock
thread 1417 acquired write lock
thread 1417 releasing write lock
thread 1417 released write lock
thread 1417 acquiring write lock
thread 1414 acquired read lock
thread 1414 releasing read lock
thread 1414 released read lock
thread 1414 acquiring read lock
thread 1416 acquired write lock
thread 1416 releasing write lock
thread 1416 released write lock
thread 1416 acquiring write lock
thread 1415 acquired read lock
thread 1415 releasing read lock
thread 1415 released read lock
thread 1415 acquiring read lock
thread 1417 acquired write lock
thread 1417 releasing write lock
thread 1417 released write lock
thread 1417 acquiring write lock
thread 1414 acquired read lock
thread 1414 releasing read lock
thread 1414 released read lock
thread 1416 acquired write lock
thread 1414 acquiring read lock
thread 1416 releasing write lock
thread 1416 released write lock
thread 1416 acquiring write lock
thread 1415 acquired read lock
thread 1415 releasing read lock
thread 1415 released read lock
thread 1415 acquiring read lock
thread 1417 acquired write lock
thread 1417 releasing write lock
thread 1417 released write lock
thread 1417 acquiring write lock
thread 1414 acquired read lock
thread 1414 releasing read lock
thread 1414 released read lock
thread 1414 acquiring read lock
thread 1416 acquired write lock
thread 1416 releasing write lock
thread 1416 released write lock
thread 1416 acquiring write lock
thread 1415 acquired read lock
thread 1415 releasing read lock
thread 1415 released read lock
thread 1415 acquiring read lock
thread 1417 acquired write lock
thread 1417 releasing write lock
thread 1417 released write lock
thread 1417 acquiring write lock
thread 1414 acquired read lock
thread 1414 releasing read lock
thread 1414 released read lock
thread 1414 acquiring read lock
thread 1416 acquired write lock
thread 1416 releasing write lock
thread 1416 released write lock
thread 1416 acquiring write lock
thread 1415 acquired read lock
thread 1415 releasing read lock
thread 1415 released read lock
thread 1415 acquiring read lock
thread 1417 acquired write lock
thread 1417 releasing write lock
thread 1417 released write lock
thread 1417 acquiring write lock
thread 1414 acquired read lock
thread 1414 releasing read lock
thread 1414 released read lock
thread 1414 acquiring read lock
thread 1416 acquired write lock
Mon Aug 05 16:07:36 MDT 2019
FINER	thread=287	[null] running listener cleanup
thread 1416 releasing write lock
thread 1416 released write lock
thread 1416 acquiring write lock
thread 1415 acquired read lock
thread 1415 releasing read lock
thread 1415 released read lock
thread 1415 acquiring read lock
thread 1417 acquired write lock
thread 1417 releasing write lock
thread 1417 released write lock
thread 1417 acquiring write lock
thread 1414 acquired read lock
thread 1414 releasing read lock
thread 1414 released read lock
thread 1414 acquiring read lock
thread 1416 acquired write lock
thread 1416 releasing write lock
thread 1416 released write lock
thread 1416 acquiring write lock
thread 1415 acquired read lock
thread 1415 releasing read lock
thread 1415 released read lock
thread 1415 acquiring read lock
thread 1417 acquired write lock
thread 1417 releasing write lock
thread 1417 released write lock
thread 1417 acquiring write lock
thread 1414 acquired read lock
thread 1414 releasing read lock
thread 1414 released read lock
thread 1416 acquired write lock
thread 1414 acquiring read lock
thread 1416 releasing write lock
thread 1416 released write lock
thread 1416 acquiring write lock
thread 1415 acquired read lock
thread 1415 releasing read lock
thread 1415 released read lock
thread 1415 acquiring read lock
thread 1417 acquired write lock
thread 1417 releasing write lock
thread 1417 released write lock
thread 1417 acquiring write lock
thread 1414 acquired read lock
thread 1414 releasing read lock
thread 1414 released read lock
thread 1414 acquiring read lock
thread 1416 acquired write lock
thread 1416 releasing write lock
thread 1416 released write lock
thread 1416 acquiring write lock
thread 1415 acquired read lock
thread 1415 releasing read lock
thread 1415 released read lock
thread 1415 acquiring read lock
thread 1417 acquired write lock
thread 1417 releasing write lock
thread 1417 released write lock
thread 1417 acquiring write lock
thread 1414 acquired read lock
thread 1414 releasing read lock
thread 1414 released read lock
thread 1414 acquiring read lock
thread 1416 acquired write lock
thread 1416 releasing write lock
thread 1416 released write lock
thread 1416 acquiring write lock
thread 1415 acquired read lock
thread 1415 releasing read lock
thread 1415 released read lock
thread 1415 acquiring read lock
thread 1417 acquired write lock
Mon Aug 05 16:07:37 MDT 2019
FINER	thread=287	[null] running listener cleanup
thread 1417 releasing write lock
thread 1417 released write lock
thread 1417 acquiring write lock
thread 1414 acquired read lock
thread 1414 releasing read lock
thread 1414 released read lock
thread 1414 acquiring read lock
thread 1416 acquired write lock
thread 1416 releasing write lock
thread 1416 released write lock
thread 1416 acquiring write lock
thread 1415 acquired read lock
thread 1415 releasing read lock
thread 1415 released read lock
thread 1415 acquiring read lock
thread 1417 acquired write lock
thread 1417 releasing write lock
thread 1417 released write lock
thread 1417 acquiring write lock
thread 1414 acquired read lock
thread 1414 releasing read lock
thread 1414 released read lock
thread 1414 acquiring read lock
thread 1416 acquired write lock
thread 1416 releasing write lock
thread 1416 released write lock
thread 1416 acquiring write lock
thread 1415 acquired read lock
thread 1415 releasing read lock
thread 1415 released read lock
thread 1415 acquiring read lock
thread 1417 acquired write lock
thread 1417 releasing write lock
thread 1417 released write lock
thread 1417 acquiring write lock
thread 1414 acquired read lock
thread 1414 releasing read lock
thread 1414 released read lock
thread 1416 acquired write lock
thread 1414 acquiring read lock
thread 1416 releasing write lock
thread 1416 released write lock
thread 1416 acquiring write lock
thread 1415 acquired read lock
thread 1415 releasing read lock
thread 1415 released read lock
thread 1415 acquiring read lock
thread 1417 acquired write lock
thread 1417 releasing write lock
thread 1417 released write lock
thread 1417 acquiring write lock
thread 1414 acquired read lock
thread 1414 releasing read lock
thread 1414 released read lock
thread 1414 acquiring read lock
thread 1416 acquired write lock
thread 1416 releasing write lock
thread 1416 released write lock
thread 1416 acquiring write lock
thread 1415 acquired read lock
thread 1415 releasing read lock
thread 1415 released read lock
thread 1415 acquiring read lock
thread 1417 acquired write lock
thread 1417 releasing write lock
thread 1417 released write lock
thread 1417 acquiring write lock
thread 1414 acquired read lock
thread 1414 releasing read lock
thread 1414 released read lock
thread 1414 acquiring read lock
thread 1416 acquired write lock
thread 1416 releasing write lock
thread 1416 released write lock
thread 1416 acquiring write lock
thread 1415 acquired read lock
thread 1415 releasing read lock
thread 1415 released read lock
thread 1415 acquiring read lock
thread 1417 acquired write lock
thread 1417 releasing write lock
thread 1417 released write lock
thread 1417 acquiring write lock
thread 1414 acquired read lock
thread 1414 releasing read lock
thread 1414 released read lock
thread 1416 acquired write lock
thread 1414 acquiring read lock
thread 1416 releasing write lock
thread 1416 released write lock
thread 1416 acquiring write lock
thread 1415 acquired read lock
Mon Aug 05 16:07:38 MDT 2019
FINER	thread=287	[null] running listener cleanup
thread 1415 releasing read lock
thread 1415 released read lock
thread 1415 acquiring read lock
thread 1417 acquired write lock
thread 1417 releasing write lock
thread 1417 released write lock
thread 1417 acquiring write lock
thread 1414 acquired read lock
thread 1414 releasing read lock
thread 1414 released read lock
thread 1414 acquiring read lock
thread 1416 acquired write lock
thread 1416 releasing write lock
thread 1416 released write lock
thread 1416 acquiring write lock
thread 1415 acquired read lock
thread 1415 releasing read lock
thread 1415 released read lock
thread 1415 acquiring read lock
thread 1417 acquired write lock
thread 1417 releasing write lock
thread 1417 released write lock
thread 1417 acquiring write lock
thread 1414 acquired read lock
thread 1414 releasing read lock
thread 1414 released read lock
thread 1414 acquiring read lock
thread 1416 acquired write lock
thread 1416 releasing write lock
thread 1416 released write lock
thread 1416 acquiring write lock
thread 1415 acquired read lock
thread 1415 releasing read lock
thread 1415 released read lock
thread 1415 acquiring read lock
thread 1417 acquired write lock
thread 1417 releasing write lock
thread 1417 released write lock
thread 1417 acquiring write lock
thread 1414 acquired read lock
thread 1414 releasing read lock
thread 1414 released read lock
thread 1414 acquiring read lock
thread 1416 acquired write lock
thread 1416 releasing write lock
thread 1416 released write lock
thread 1416 acquiring write lock
thread 1415 acquired read lock
thread 1415 releasing read lock
thread 1415 released read lock
thread 1415 acquiring read lock
thread 1417 acquired write lock
Mon Aug 05 16:07:39 MDT 2019
FINER	thread=287	[null] running listener cleanup
thread 1417 releasing write lock
thread 1417 released write lock
thread 1417 acquiring write lock
thread 1414 acquired read lock
thread 1414 releasing read lock
thread 1414 released read lock
thread 1414 acquiring read lock
thread 1416 acquired write lock
thread 1416 releasing write lock
thread 1416 released write lock
thread 1416 acquiring write lock
thread 1415 acquired read lock
thread 1415 releasing read lock
thread 1415 released read lock
thread 1415 acquiring read lock
thread 1417 acquired write lock
thread 1417 releasing write lock
thread 1417 released write lock
thread 1417 acquiring write lock
thread 1414 acquired read lock
thread 1414 releasing read lock
thread 1414 released read lock
thread 1414 acquiring read lock
thread 1416 acquired write lock
thread 1416 releasing write lock
thread 1416 released write lock
thread 1416 acquiring write lock
thread 1415 acquired read lock
thread 1415 releasing read lock
thread 1415 released read lock
thread 1415 acquiring read lock
thread 1417 acquired write lock
thread 1417 releasing write lock
thread 1417 released write lock
thread 1417 acquiring write lock
thread 1414 acquired read lock
thread 1414 releasing read lock
thread 1414 released read lock
thread 1414 acquiring read lock
thread 1416 acquired write lock
thread 1416 releasing write lock
thread 1416 released write lock
thread 1416 acquiring write lock
thread 1415 acquired read lock
thread 1415 releasing read lock
thread 1415 released read lock
thread 1415 acquiring read lock
thread 1417 acquired write lock
thread 1417 releasing write lock
thread 1417 released write lock
thread 1417 acquiring write lock
thread 1414 acquired read lock
thread 1414 releasing read lock
thread 1414 released read lock
thread 1414 acquiring read lock
thread 1416 acquired write lock
thread 1416 releasing write lock
thread 1416 released write lock
thread 1416 acquiring write lock
thread 1415 acquired read lock
thread 1415 releasing read lock
thread 1415 released read lock
thread 1415 acquiring read lock
thread 1417 acquired write lock
Mon Aug 05 16:07:40 MDT 2019
FINER	thread=287	[null] running listener cleanup
thread 1417 releasing write lock
thread 1417 released write lock
thread 1417 acquiring write lock
thread 1414 acquired read lock
thread 1414 releasing read lock
thread 1414 released read lock
thread 1414 acquiring read lock
thread 1416 acquired write lock
thread 1416 releasing write lock
thread 1416 released write lock
thread 1415 acquired read lock
thread 1416 acquiring write lock
thread 1415 releasing read lock
thread 1415 released read lock
thread 1415 acquiring read lock
thread 1417 acquired write lock
thread 1417 releasing write lock
thread 1417 released write lock
thread 1417 acquiring write lock
thread 1414 acquired read lock
thread 1414 releasing read lock
thread 1414 released read lock
thread 1414 acquiring read lock
thread 1416 acquired write lock
thread 1416 releasing write lock
thread 1416 released write lock
thread 1416 acquiring write lock
thread 1415 acquired read lock
thread 1415 releasing read lock
thread 1415 released read lock
thread 1415 acquiring read lock
thread 1417 acquired write lock
thread 1417 releasing write lock
thread 1417 released write lock
thread 1417 acquiring write lock
thread 1414 acquired read lock
thread 1414 releasing read lock
thread 1414 released read lock
thread 1414 acquiring read lock
thread 1416 acquired write lock
thread 1416 releasing write lock
thread 1416 released write lock
thread 1416 acquiring write lock
thread 1415 acquired read lock
thread 1415 releasing read lock
thread 1415 released read lock
thread 1415 acquiring read lock
thread 1417 acquired write lock
thread 1417 releasing write lock
thread 1417 released write lock
thread 1417 acquiring write lock
thread 1414 acquired read lock
thread 1414 releasing read lock
thread 1414 released read lock
thread 1414 acquiring read lock
thread 1416 acquired write lock
thread 1416 releasing write lock
thread 1416 released write lock
thread 1416 acquiring write lock
thread 1415 acquired read lock
thread 1415 releasing read lock
thread 1415 released read lock
thread 1415 acquiring read lock
thread 1417 acquired write lock
thread 1417 releasing write lock
thread 1417 released write lock
thread 1417 acquiring write lock
thread 1414 acquired read lock
thread 1414 releasing read lock
thread 1414 released read lock
thread 1414 acquiring read lock
thread 1416 acquired write lock
thread 1416 releasing write lock
thread 1416 released write lock
thread 1416 acquiring write lock
thread 1415 acquired read lock
thread 1415 releasing read lock
thread 1415 released read lock
thread 1415 acquiring read lock
thread 1417 acquired write lock
thread 1417 releasing write lock
thread 1417 released write lock
thread 1417 acquiring write lock
thread 1414 acquired read lock
Mon Aug 05 16:07:41 MDT 2019
FINER	thread=287	[null] running listener cleanup
thread 1414 releasing read lock
thread 1414 released read lock
thread 1414 acquiring read lock
thread 1416 acquired write lock
thread 1416 releasing write lock
thread 1416 released write lock
thread 1416 acquiring write lock
thread 1415 acquired read lock
thread 1415 releasing read lock
thread 1415 released read lock
thread 1415 acquiring read lock
thread 1417 acquired write lock
thread 1417 releasing write lock
thread 1417 released write lock
thread 1417 acquiring write lock
thread 1414 acquired read lock
thread 1414 releasing read lock
thread 1416 acquired write lock
thread 1414 released read lock
thread 1414 acquiring read lock
thread 1416 releasing write lock
thread 1416 released write lock
thread 1416 acquiring write lock
thread 1415 acquired read lock
thread 1415 releasing read lock
thread 1415 released read lock
thread 1415 acquiring read lock
thread 1417 acquired write lock
thread 1417 releasing write lock
thread 1417 released write lock
thread 1417 acquiring write lock
thread 1414 acquired read lock
thread 1414 releasing read lock
thread 1414 released read lock
thread 1414 acquiring read lock
thread 1416 acquired write lock
thread 1416 releasing write lock
thread 1416 released write lock
thread 1416 acquiring write lock
thread 1415 acquired read lock
thread 1415 releasing read lock
thread 1415 released read lock
thread 1415 acquiring read lock
thread 1417 acquired write lock
thread 1417 releasing write lock
thread 1417 released write lock
thread 1417 acquiring write lock
thread 1414 acquired read lock
thread 1414 releasing read lock
thread 1414 released read lock
thread 1416 acquired write lock
thread 1416 releasing write lock
thread 1416 released write lock
thread 1415 acquired read lock
thread 1415 releasing read lock
thread 1415 released read lock
thread 1417 acquired write lock
thread 1417 releasing write lock
thread 1417 released write lock
Mon Aug 05 16:07:42 MDT 2019
FINER	thread=287	[null] running listener cleanup
]]></system-err>
</testsuite>
